Testing with size 16000
Timing is on.
SELECT
Time: 92311.363 ms
CREATE INDEX
Time: 10623.436 ms
CREATE INDEX
Time: 39615.607 ms
CREATE INDEX
Time: 10340.863 ms
CREATE INDEX
Time: 9669.292 ms
ANALYZE
Time: 1013.472 ms
                                                                                                            QUERY PLAN                                                                                                             
-----------------------------------------------------------------------------------------------------------------------------------------------------------------------------------------------------------------------------------
 Unique  (cost=132685.22..132689.65 rows=197 width=52) (actual time=2381.362..2384.619 rows=949 loops=1)
   ->  Sort  (cost=132685.22..132685.71 rows=197 width=52) (actual time=2381.359..2382.434 rows=1114 loops=1)
         Sort Key: a1_.primaryidentifier, a2_.secondaryidentifier, a4_.intermine_start, a4_.intermine_end, a4_.strand, a1_.id, a2_.id, a4_.id
         Sort Method:  quicksort  Memory: 136kB
         ->  Nested Loop  (cost=110192.11..132677.71 rows=197 width=52) (actual time=2319.417..2378.834 rows=1114 loops=1)
               ->  Nested Loop  (cost=110192.11..132138.87 rows=200 width=42) (actual time=2319.342..2360.756 rows=1114 loops=1)
                     ->  Hash Join  (cost=110192.11..132070.27 rows=200 width=24) (actual time=2319.233..2346.552 rows=1114 loops=1)
                           Hash Cond: (indirect1.bioentities = a2_.id)
                           ->  Nested Loop  (cost=0.00..21594.87 rows=37505 width=4) (actual time=0.291..14.407 rows=4248 loops=1)
                                 ->  Seq Scan on dataset a3_  (cost=0.00..23.93 rows=1 width=4) (actual time=0.202..0.452 rows=1 loops=1)
                                       Filter: (lower(title) ~~ '5'' race (mixed-stage embryos)'::text)
                                 ->  Index Scan using bioentitiesdatasets__datasets on bioentitiesdatasets indirect1  (cost=0.00..21102.12 rows=37505 width=8) (actual time=0.083..5.443 rows=4248 loops=1)
                                       Index Cond: (indirect1.datasets = a3_.id)
                           ->  Hash  (cost=109774.99..109774.99 rows=33370 width=28) (actual time=2318.911..2318.911 rows=83765 loops=1)
                                 ->  Hash Join  (cost=108315.05..109774.99 rows=33370 width=28) (actual time=1849.212..2206.811 rows=83765 loops=1)
                                       Hash Cond: (l2.subjectid = a2_.id)
                                       ->  HashAggregate  (cost=105521.96..105855.66 rows=33370 width=24) (actual time=1666.545..1776.149 rows=83765 loops=1)
                                             ->  Merge Join  (cost=97837.87..105021.41 rows=33370 width=24) (actual time=431.675..1501.885 rows=106157 loops=1)
                                                   Merge Cond: ((l1.bin = l2.bin) AND (l1.objectid = l2.objectid))
                                                   Join Filter: ((l1.intermine_start <= l2.intermine_end) AND (l2.intermine_start <= l1.intermine_end))
                                                   ->  Sort  (cost=43868.98..44010.99 rows=56804 width=20) (actual time=189.158..248.457 rows=57518 loops=1)
                                                         Sort Key: l1.bin, l1.objectid
                                                         Sort Method:  quicksort  Memory: 6030kB
                                                         ->  Index Scan using locationbin16000__subjectobjectbin on locationbin16000 l1  (cost=0.00..39383.25 rows=56804 width=20) (actual time=0.132..88.296 rows=57518 loops=1)
                                                               Index Cond: (subjecttype = 'org.intermine.model.bio.Gene'::text)
                                                   ->  Sort  (cost=53968.88..54154.55 rows=74268 width=20) (actual time=242.492..621.978 rows=388811 loops=1)
                                                         Sort Key: l2.bin, l2.objectid
                                                         Sort Method:  quicksort  Memory: 8831kB
                                                         ->  Index Scan using locationbin16000__subjectobjectbin on locationbin16000 l2  (cost=0.00..47960.44 rows=74268 width=20) (actual time=0.109..113.201 rows=73715 loops=1)
                                                               Index Cond: (subjecttype = 'org.intermine.model.bio.MRNA'::text)
                                       ->  Hash  (cost=1898.04..1898.04 rows=71604 width=20) (actual time=182.628..182.628 rows=71604 loops=1)
                                             ->  Seq Scan on mrna a2_  (cost=0.00..1898.04 rows=71604 width=20) (actual time=0.015..95.304 rows=71604 loops=1)
                     ->  Index Scan using gene_pkey on gene a1_  (cost=0.00..0.33 rows=1 width=22) (actual time=0.007..0.008 rows=1 loops=1114)
                           Index Cond: (a1_.id = l1.subjectid)
               ->  Index Scan using location_pkey on location a4_  (cost=0.00..2.68 rows=1 width=14) (actual time=0.011..0.012 rows=1 loops=1114)
                     Index Cond: (a4_.id = a1_.chromosomelocationid)
 Total runtime: 2385.913 ms
(37 rows)

Time: 2405.925 ms
                                                                                                            QUERY PLAN                                                                                                             
-----------------------------------------------------------------------------------------------------------------------------------------------------------------------------------------------------------------------------------
 Unique  (cost=132685.22..132689.65 rows=197 width=52) (actual time=2335.979..2339.215 rows=949 loops=1)
   ->  Sort  (cost=132685.22..132685.71 rows=197 width=52) (actual time=2335.976..2337.050 rows=1114 loops=1)
         Sort Key: a1_.primaryidentifier, a2_.secondaryidentifier, a4_.intermine_start, a4_.intermine_end, a4_.strand, a1_.id, a2_.id, a4_.id
         Sort Method:  quicksort  Memory: 136kB
         ->  Nested Loop  (cost=110192.11..132677.71 rows=197 width=52) (actual time=2287.430..2333.541 rows=1114 loops=1)
               ->  Nested Loop  (cost=110192.11..132138.87 rows=200 width=42) (actual time=2287.414..2323.320 rows=1114 loops=1)
                     ->  Hash Join  (cost=110192.11..132070.27 rows=200 width=24) (actual time=2287.378..2313.592 rows=1114 loops=1)
                           Hash Cond: (indirect1.bioentities = a2_.id)
                           ->  Nested Loop  (cost=0.00..21594.87 rows=37505 width=4) (actual time=0.113..13.696 rows=4248 loops=1)
                                 ->  Seq Scan on dataset a3_  (cost=0.00..23.93 rows=1 width=4) (actual time=0.080..0.218 rows=1 loops=1)
                                       Filter: (lower(title) ~~ '5'' race (mixed-stage embryos)'::text)
                                 ->  Index Scan using bioentitiesdatasets__datasets on bioentitiesdatasets indirect1  (cost=0.00..21102.12 rows=37505 width=8) (actual time=0.029..5.114 rows=4248 loops=1)
                                       Index Cond: (indirect1.datasets = a3_.id)
                           ->  Hash  (cost=109774.99..109774.99 rows=33370 width=28) (actual time=2287.236..2287.236 rows=83765 loops=1)
                                 ->  Hash Join  (cost=108315.05..109774.99 rows=33370 width=28) (actual time=1818.466..2175.174 rows=83765 loops=1)
                                       Hash Cond: (l2.subjectid = a2_.id)
                                       ->  HashAggregate  (cost=105521.96..105855.66 rows=33370 width=24) (actual time=1641.574..1750.054 rows=83765 loops=1)
                                             ->  Merge Join  (cost=97837.87..105021.41 rows=33370 width=24) (actual time=409.876..1478.367 rows=106157 loops=1)
                                                   Merge Cond: ((l1.bin = l2.bin) AND (l1.objectid = l2.objectid))
                                                   Join Filter: ((l1.intermine_start <= l2.intermine_end) AND (l2.intermine_start <= l1.intermine_end))
                                                   ->  Sort  (cost=43868.98..44010.99 rows=56804 width=20) (actual time=179.995..238.683 rows=57518 loops=1)
                                                         Sort Key: l1.bin, l1.objectid
                                                         Sort Method:  quicksort  Memory: 6030kB
                                                         ->  Index Scan using locationbin16000__subjectobjectbin on locationbin16000 l1  (cost=0.00..39383.25 rows=56804 width=20) (actual time=0.032..81.292 rows=57518 loops=1)
                                                               Index Cond: (subjecttype = 'org.intermine.model.bio.Gene'::text)
                                                   ->  Sort  (cost=53968.88..54154.55 rows=74268 width=20) (actual time=229.856..608.413 rows=388811 loops=1)
                                                         Sort Key: l2.bin, l2.objectid
                                                         Sort Method:  quicksort  Memory: 8831kB
                                                         ->  Index Scan using locationbin16000__subjectobjectbin on locationbin16000 l2  (cost=0.00..47960.44 rows=74268 width=20) (actual time=0.048..101.128 rows=73715 loops=1)
                                                               Index Cond: (subjecttype = 'org.intermine.model.bio.MRNA'::text)
                                       ->  Hash  (cost=1898.04..1898.04 rows=71604 width=20) (actual time=176.855..176.855 rows=71604 loops=1)
                                             ->  Seq Scan on mrna a2_  (cost=0.00..1898.04 rows=71604 width=20) (actual time=0.003..90.137 rows=71604 loops=1)
                     ->  Index Scan using gene_pkey on gene a1_  (cost=0.00..0.33 rows=1 width=22) (actual time=0.003..0.004 rows=1 loops=1114)
                           Index Cond: (a1_.id = l1.subjectid)
               ->  Index Scan using location_pkey on location a4_  (cost=0.00..2.68 rows=1 width=14) (actual time=0.004..0.005 rows=1 loops=1114)
                     Index Cond: (a4_.id = a1_.chromosomelocationid)
 Total runtime: 2340.470 ms
(37 rows)

Time: 2347.345 ms
                                                                                                               QUERY PLAN                                                                                                                
-----------------------------------------------------------------------------------------------------------------------------------------------------------------------------------------------------------------------------------------
 Limit  (cost=132685.22..132689.65 rows=197 width=52) (actual time=2339.048..2341.669 rows=500 loops=1)
   ->  Unique  (cost=132685.22..132689.65 rows=197 width=52) (actual time=2339.045..2340.727 rows=500 loops=1)
         ->  Sort  (cost=132685.22..132685.71 rows=197 width=52) (actual time=2339.041..2339.597 rows=577 loops=1)
               Sort Key: a1_.primaryidentifier, a2_.secondaryidentifier, a4_.intermine_start, a4_.intermine_end, a4_.strand, a1_.id, a2_.id, a4_.id
               Sort Method:  quicksort  Memory: 136kB
               ->  Nested Loop  (cost=110192.11..132677.71 rows=197 width=52) (actual time=2290.181..2336.594 rows=1114 loops=1)
                     ->  Nested Loop  (cost=110192.11..132138.87 rows=200 width=42) (actual time=2290.165..2326.279 rows=1114 loops=1)
                           ->  Hash Join  (cost=110192.11..132070.27 rows=200 width=24) (actual time=2290.129..2316.514 rows=1114 loops=1)
                                 Hash Cond: (indirect1.bioentities = a2_.id)
                                 ->  Nested Loop  (cost=0.00..21594.87 rows=37505 width=4) (actual time=0.114..13.786 rows=4248 loops=1)
                                       ->  Seq Scan on dataset a3_  (cost=0.00..23.93 rows=1 width=4) (actual time=0.079..0.217 rows=1 loops=1)
                                             Filter: (lower(title) ~~ '5'' race (mixed-stage embryos)'::text)
                                       ->  Index Scan using bioentitiesdatasets__datasets on bioentitiesdatasets indirect1  (cost=0.00..21102.12 rows=37505 width=8) (actual time=0.029..5.051 rows=4248 loops=1)
                                             Index Cond: (indirect1.datasets = a3_.id)
                                 ->  Hash  (cost=109774.99..109774.99 rows=33370 width=28) (actual time=2289.986..2289.986 rows=83765 loops=1)
                                       ->  Hash Join  (cost=108315.05..109774.99 rows=33370 width=28) (actual time=1818.726..2176.824 rows=83765 loops=1)
                                             Hash Cond: (l2.subjectid = a2_.id)
                                             ->  HashAggregate  (cost=105521.96..105855.66 rows=33370 width=24) (actual time=1641.719..1750.409 rows=83765 loops=1)
                                                   ->  Merge Join  (cost=97837.87..105021.41 rows=33370 width=24) (actual time=411.656..1478.674 rows=106157 loops=1)
                                                         Merge Cond: ((l1.bin = l2.bin) AND (l1.objectid = l2.objectid))
                                                         Join Filter: ((l1.intermine_start <= l2.intermine_end) AND (l2.intermine_start <= l1.intermine_end))
                                                         ->  Sort  (cost=43868.98..44010.99 rows=56804 width=20) (actual time=178.677..237.416 rows=57518 loops=1)
                                                               Sort Key: l1.bin, l1.objectid
                                                               Sort Method:  quicksort  Memory: 6030kB
                                                               ->  Index Scan using locationbin16000__subjectobjectbin on locationbin16000 l1  (cost=0.00..39383.25 rows=56804 width=20) (actual time=0.033..78.963 rows=57518 loops=1)
                                                                     Index Cond: (subjecttype = 'org.intermine.model.bio.Gene'::text)
                                                         ->  Sort  (cost=53968.88..54154.55 rows=74268 width=20) (actual time=232.955..611.712 rows=388811 loops=1)
                                                               Sort Key: l2.bin, l2.objectid
                                                               Sort Method:  quicksort  Memory: 8831kB
                                                               ->  Index Scan using locationbin16000__subjectobjectbin on locationbin16000 l2  (cost=0.00..47960.44 rows=74268 width=20) (actual time=0.042..104.540 rows=73715 loops=1)
                                                                     Index Cond: (subjecttype = 'org.intermine.model.bio.MRNA'::text)
                                             ->  Hash  (cost=1898.04..1898.04 rows=71604 width=20) (actual time=176.969..176.969 rows=71604 loops=1)
                                                   ->  Seq Scan on mrna a2_  (cost=0.00..1898.04 rows=71604 width=20) (actual time=0.003..90.656 rows=71604 loops=1)
                           ->  Index Scan using gene_pkey on gene a1_  (cost=0.00..0.33 rows=1 width=22) (actual time=0.003..0.004 rows=1 loops=1114)
                                 Index Cond: (a1_.id = l1.subjectid)
                     ->  Index Scan using location_pkey on location a4_  (cost=0.00..2.68 rows=1 width=14) (actual time=0.004..0.005 rows=1 loops=1114)
                           Index Cond: (a4_.id = a1_.chromosomelocationid)
 Total runtime: 2344.017 ms
(38 rows)

Time: 2349.909 ms
                                                                                                               QUERY PLAN                                                                                                                
-----------------------------------------------------------------------------------------------------------------------------------------------------------------------------------------------------------------------------------------
 Limit  (cost=132685.22..132689.65 rows=197 width=52) (actual time=2334.462..2337.141 rows=500 loops=1)
   ->  Unique  (cost=132685.22..132689.65 rows=197 width=52) (actual time=2334.460..2336.130 rows=500 loops=1)
         ->  Sort  (cost=132685.22..132685.71 rows=197 width=52) (actual time=2334.457..2335.011 rows=577 loops=1)
               Sort Key: a1_.primaryidentifier, a2_.secondaryidentifier, a4_.intermine_start, a4_.intermine_end, a4_.strand, a1_.id, a2_.id, a4_.id
               Sort Method:  quicksort  Memory: 136kB
               ->  Nested Loop  (cost=110192.11..132677.71 rows=197 width=52) (actual time=2285.656..2332.040 rows=1114 loops=1)
                     ->  Nested Loop  (cost=110192.11..132138.87 rows=200 width=42) (actual time=2285.641..2321.741 rows=1114 loops=1)
                           ->  Hash Join  (cost=110192.11..132070.27 rows=200 width=24) (actual time=2285.605..2311.944 rows=1114 loops=1)
                                 Hash Cond: (indirect1.bioentities = a2_.id)
                                 ->  Nested Loop  (cost=0.00..21594.87 rows=37505 width=4) (actual time=0.114..13.730 rows=4248 loops=1)
                                       ->  Seq Scan on dataset a3_  (cost=0.00..23.93 rows=1 width=4) (actual time=0.080..0.218 rows=1 loops=1)
                                             Filter: (lower(title) ~~ '5'' race (mixed-stage embryos)'::text)
                                       ->  Index Scan using bioentitiesdatasets__datasets on bioentitiesdatasets indirect1  (cost=0.00..21102.12 rows=37505 width=8) (actual time=0.029..5.072 rows=4248 loops=1)
                                             Index Cond: (indirect1.datasets = a3_.id)
                                 ->  Hash  (cost=109774.99..109774.99 rows=33370 width=28) (actual time=2285.464..2285.464 rows=83765 loops=1)
                                       ->  Hash Join  (cost=108315.05..109774.99 rows=33370 width=28) (actual time=1816.264..2173.815 rows=83765 loops=1)
                                             Hash Cond: (l2.subjectid = a2_.id)
                                             ->  HashAggregate  (cost=105521.96..105855.66 rows=33370 width=24) (actual time=1639.476..1748.751 rows=83765 loops=1)
                                                   ->  Merge Join  (cost=97837.87..105021.41 rows=33370 width=24) (actual time=409.003..1478.767 rows=106157 loops=1)
                                                         Merge Cond: ((l1.bin = l2.bin) AND (l1.objectid = l2.objectid))
                                                         Join Filter: ((l1.intermine_start <= l2.intermine_end) AND (l2.intermine_start <= l1.intermine_end))
                                                         ->  Sort  (cost=43868.98..44010.99 rows=56804 width=20) (actual time=179.682..238.756 rows=57518 loops=1)
                                                               Sort Key: l1.bin, l1.objectid
                                                               Sort Method:  quicksort  Memory: 6030kB
                                                               ->  Index Scan using locationbin16000__subjectobjectbin on locationbin16000 l1  (cost=0.00..39383.25 rows=56804 width=20) (actual time=0.032..78.855 rows=57518 loops=1)
                                                                     Index Cond: (subjecttype = 'org.intermine.model.bio.Gene'::text)
                                                         ->  Sort  (cost=53968.88..54154.55 rows=74268 width=20) (actual time=229.294..608.309 rows=388811 loops=1)
                                                               Sort Key: l2.bin, l2.objectid
                                                               Sort Method:  quicksort  Memory: 8831kB
                                                               ->  Index Scan using locationbin16000__subjectobjectbin on locationbin16000 l2  (cost=0.00..47960.44 rows=74268 width=20) (actual time=0.046..100.383 rows=73715 loops=1)
                                                                     Index Cond: (subjecttype = 'org.intermine.model.bio.MRNA'::text)
                                             ->  Hash  (cost=1898.04..1898.04 rows=71604 width=20) (actual time=176.752..176.752 rows=71604 loops=1)
                                                   ->  Seq Scan on mrna a2_  (cost=0.00..1898.04 rows=71604 width=20) (actual time=0.003..90.348 rows=71604 loops=1)
                           ->  Index Scan using gene_pkey on gene a1_  (cost=0.00..0.33 rows=1 width=22) (actual time=0.003..0.004 rows=1 loops=1114)
                                 Index Cond: (a1_.id = l1.subjectid)
                     ->  Index Scan using location_pkey on location a4_  (cost=0.00..2.68 rows=1 width=14) (actual time=0.004..0.005 rows=1 loops=1114)
                           Index Cond: (a4_.id = a1_.chromosomelocationid)
 Total runtime: 2337.968 ms
(38 rows)

Time: 2344.938 ms
                                                                                                              QUERY PLAN                                                                                                              
--------------------------------------------------------------------------------------------------------------------------------------------------------------------------------------------------------------------------------------
 Unique  (cost=84428.65..84430.47 rows=66 width=66) (actual time=1599.137..1619.402 rows=6492 loops=1)
   ->  Sort  (cost=84428.65..84428.82 rows=66 width=66) (actual time=1599.133..1605.576 rows=6492 loops=1)
         Sort Key: a1_.primaryidentifier, a2_.secondaryidentifier, a4_.intermine_start, a4_.intermine_end, a4_.strand, a5_.primaryidentifier, a1_.id, a2_.id, a4_.id, a5_.id
         Sort Method:  quicksort  Memory: 1105kB
         ->  Nested Loop  (cost=83877.87..84426.66 rows=66 width=66) (actual time=1301.773..1580.091 rows=6492 loops=1)
               ->  Nested Loop  (cost=83877.87..84301.65 rows=66 width=55) (actual time=1301.704..1523.797 rows=6492 loops=1)
                     ->  Nested Loop  (cost=83877.87..84218.16 rows=66 width=45) (actual time=1301.679..1457.694 rows=6492 loops=1)
                           ->  Nested Loop  (cost=83877.87..84198.38 rows=68 width=31) (actual time=1301.664..1400.753 rows=6499 loops=1)
                                 ->  Merge Join  (cost=83877.87..84123.26 rows=68 width=12) (actual time=1301.544..1330.948 rows=6499 loops=1)
                                       Merge Cond: (indirect1.bioentities = l.lid2)
                                       ->  Sort  (cost=24444.27..24538.03 rows=37505 width=4) (actual time=18.256..22.617 rows=4248 loops=1)
                                             Sort Key: indirect1.bioentities
                                             Sort Method:  quicksort  Memory: 392kB
                                             ->  Nested Loop  (cost=0.00..21594.87 rows=37505 width=4) (actual time=0.109..13.486 rows=4248 loops=1)
                                                   ->  Seq Scan on dataset a3_  (cost=0.00..23.93 rows=1 width=4) (actual time=0.077..0.200 rows=1 loops=1)
                                                         Filter: (lower(title) ~~ '5'' race (mixed-stage embryos)'::text)
                                                   ->  Index Scan using bioentitiesdatasets__datasets on bioentitiesdatasets indirect1  (cost=0.00..21102.12 rows=37505 width=8) (actual time=0.026..4.949 rows=4248 loops=1)
                                                         Index Cond: (indirect1.datasets = a3_.id)
                                       ->  Sort  (cost=59433.60..59462.19 rows=11437 width=8) (actual time=1275.043..1285.625 rows=9818 loops=1)
                                             Sort Key: l.lid2
                                             Sort Method:  quicksort  Memory: 3480kB
                                             ->  Subquery Scan l  (cost=58433.92..58662.66 rows=11437 width=8) (actual time=1080.471..1212.689 rows=41453 loops=1)
                                                   ->  HashAggregate  (cost=58433.92..58548.29 rows=11437 width=24) (actual time=1080.468..1132.631 rows=41453 loops=1)
                                                         ->  Nested Loop  (cost=0.00..58262.37 rows=11437 width=24) (actual time=0.148..1011.501 rows=41791 loops=1)
                                                               Join Filter: ((l1.intermine_start <= l2.intermine_end) AND (l2.intermine_start <= l1.intermine_end))
                                                               ->  Index Scan using locationbin16000__subjectobjectbin on locationbin16000 l2  (cost=0.00..5182.83 rows=5837 width=20) (actual time=0.079..18.278 rows=12672 loops=1)
                                                                     Index Cond: (subjecttype = 'org.intermine.model.bio.EST'::text)
                                                               ->  Index Scan using locationbin16000__subjectobjectbin on locationbin16000 l1  (cost=0.00..8.97 rows=6 width=20) (actual time=0.013..0.044 rows=26 loops=12672)
                                                                     Index Cond: ((l1.subjecttype = 'org.intermine.model.bio.Exon'::text) AND (l1.objectid = l2.objectid) AND (l1.bin = l2.bin))
                                 ->  Index Scan using exon_pkey on exon a1_  (cost=0.00..1.09 rows=1 width=23) (actual time=0.005..0.006 rows=1 loops=6499)
                                       Index Cond: (a1_.id = l.lid1)
                           ->  Index Scan using gene_pkey on gene a5_  (cost=0.00..0.28 rows=1 width=18) (actual time=0.003..0.004 rows=1 loops=6499)
                                 Index Cond: (a5_.id = a1_.geneid)
                     ->  Index Scan using location_pkey on location a4_  (cost=0.00..1.25 rows=1 width=14) (actual time=0.005..0.006 rows=1 loops=6492)
                           Index Cond: (a4_.id = a1_.chromosomelocationid)
               ->  Index Scan using est_pkey on est a2_  (cost=0.00..1.88 rows=1 width=19) (actual time=0.003..0.004 rows=1 loops=6492)
                     Index Cond: (a2_.id = l.lid2)
 Total runtime: 1625.771 ms
(38 rows)

Time: 1632.087 ms
                                                                                                              QUERY PLAN                                                                                                              
--------------------------------------------------------------------------------------------------------------------------------------------------------------------------------------------------------------------------------------
 Unique  (cost=84428.65..84430.47 rows=66 width=66) (actual time=1544.978..1565.352 rows=6492 loops=1)
   ->  Sort  (cost=84428.65..84428.82 rows=66 width=66) (actual time=1544.975..1551.368 rows=6492 loops=1)
         Sort Key: a1_.primaryidentifier, a2_.secondaryidentifier, a4_.intermine_start, a4_.intermine_end, a4_.strand, a5_.primaryidentifier, a1_.id, a2_.id, a4_.id, a5_.id
         Sort Method:  quicksort  Memory: 1105kB
         ->  Nested Loop  (cost=83877.87..84426.66 rows=66 width=66) (actual time=1264.651..1528.188 rows=6492 loops=1)
               ->  Nested Loop  (cost=83877.87..84301.65 rows=66 width=55) (actual time=1264.637..1472.240 rows=6492 loops=1)
                     ->  Nested Loop  (cost=83877.87..84218.16 rows=66 width=45) (actual time=1264.621..1411.084 rows=6492 loops=1)
                           ->  Nested Loop  (cost=83877.87..84198.38 rows=68 width=31) (actual time=1264.607..1355.081 rows=6499 loops=1)
                                 ->  Merge Join  (cost=83877.87..84123.26 rows=68 width=12) (actual time=1264.576..1293.834 rows=6499 loops=1)
                                       Merge Cond: (indirect1.bioentities = l.lid2)
                                       ->  Sort  (cost=24444.27..24538.03 rows=37505 width=4) (actual time=18.253..22.628 rows=4248 loops=1)
                                             Sort Key: indirect1.bioentities
                                             Sort Method:  quicksort  Memory: 392kB
                                             ->  Nested Loop  (cost=0.00..21594.87 rows=37505 width=4) (actual time=0.106..13.491 rows=4248 loops=1)
                                                   ->  Seq Scan on dataset a3_  (cost=0.00..23.93 rows=1 width=4) (actual time=0.076..0.198 rows=1 loops=1)
                                                         Filter: (lower(title) ~~ '5'' race (mixed-stage embryos)'::text)
                                                   ->  Index Scan using bioentitiesdatasets__datasets on bioentitiesdatasets indirect1  (cost=0.00..21102.12 rows=37505 width=8) (actual time=0.026..4.941 rows=4248 loops=1)
                                                         Index Cond: (indirect1.datasets = a3_.id)
                                       ->  Sort  (cost=59433.60..59462.19 rows=11437 width=8) (actual time=1238.018..1248.546 rows=9818 loops=1)
                                             Sort Key: l.lid2
                                             Sort Method:  quicksort  Memory: 3480kB
                                             ->  Subquery Scan l  (cost=58433.92..58662.66 rows=11437 width=8) (actual time=1042.742..1174.861 rows=41453 loops=1)
                                                   ->  HashAggregate  (cost=58433.92..58548.29 rows=11437 width=24) (actual time=1042.738..1094.818 rows=41453 loops=1)
                                                         ->  Nested Loop  (cost=0.00..58262.37 rows=11437 width=24) (actual time=0.053..975.593 rows=41791 loops=1)
                                                               Join Filter: ((l1.intermine_start <= l2.intermine_end) AND (l2.intermine_start <= l1.intermine_end))
                                                               ->  Index Scan using locationbin16000__subjectobjectbin on locationbin16000 l2  (cost=0.00..5182.83 rows=5837 width=20) (actual time=0.017..16.356 rows=12672 loops=1)
                                                                     Index Cond: (subjecttype = 'org.intermine.model.bio.EST'::text)
                                                               ->  Index Scan using locationbin16000__subjectobjectbin on locationbin16000 l1  (cost=0.00..8.97 rows=6 width=20) (actual time=0.011..0.040 rows=26 loops=12672)
                                                                     Index Cond: ((l1.subjecttype = 'org.intermine.model.bio.Exon'::text) AND (l1.objectid = l2.objectid) AND (l1.bin = l2.bin))
                                 ->  Index Scan using exon_pkey on exon a1_  (cost=0.00..1.09 rows=1 width=23) (actual time=0.004..0.005 rows=1 loops=6499)
                                       Index Cond: (a1_.id = l.lid1)
                           ->  Index Scan using gene_pkey on gene a5_  (cost=0.00..0.28 rows=1 width=18) (actual time=0.003..0.004 rows=1 loops=6499)
                                 Index Cond: (a5_.id = a1_.geneid)
                     ->  Index Scan using location_pkey on location a4_  (cost=0.00..1.25 rows=1 width=14) (actual time=0.004..0.005 rows=1 loops=6492)
                           Index Cond: (a4_.id = a1_.chromosomelocationid)
               ->  Index Scan using est_pkey on est a2_  (cost=0.00..1.88 rows=1 width=19) (actual time=0.003..0.004 rows=1 loops=6492)
                     Index Cond: (a2_.id = l.lid2)
 Total runtime: 1571.805 ms
(38 rows)

Time: 1576.682 ms
                                                                                                                 QUERY PLAN                                                                                                                 
--------------------------------------------------------------------------------------------------------------------------------------------------------------------------------------------------------------------------------------------
 Limit  (cost=84428.65..84430.47 rows=66 width=66) (actual time=1522.750..1525.281 rows=500 loops=1)
   ->  Unique  (cost=84428.65..84430.47 rows=66 width=66) (actual time=1522.747..1524.330 rows=500 loops=1)
         ->  Sort  (cost=84428.65..84428.82 rows=66 width=66) (actual time=1522.744..1523.234 rows=500 loops=1)
               Sort Key: a1_.primaryidentifier, a2_.secondaryidentifier, a4_.intermine_start, a4_.intermine_end, a4_.strand, a5_.primaryidentifier, a1_.id, a2_.id, a4_.id, a5_.id
               Sort Method:  quicksort  Memory: 1105kB
               ->  Nested Loop  (cost=83877.87..84426.66 rows=66 width=66) (actual time=1245.456..1505.941 rows=6492 loops=1)
                     ->  Nested Loop  (cost=83877.87..84301.65 rows=66 width=55) (actual time=1245.442..1450.968 rows=6492 loops=1)
                           ->  Nested Loop  (cost=83877.87..84218.16 rows=66 width=45) (actual time=1245.426..1390.697 rows=6492 loops=1)
                                 ->  Nested Loop  (cost=83877.87..84198.38 rows=68 width=31) (actual time=1245.412..1335.239 rows=6499 loops=1)
                                       ->  Merge Join  (cost=83877.87..84123.26 rows=68 width=12) (actual time=1245.383..1274.702 rows=6499 loops=1)
                                             Merge Cond: (indirect1.bioentities = l.lid2)
                                             ->  Sort  (cost=24444.27..24538.03 rows=37505 width=4) (actual time=18.249..22.633 rows=4248 loops=1)
                                                   Sort Key: indirect1.bioentities
                                                   Sort Method:  quicksort  Memory: 392kB
                                                   ->  Nested Loop  (cost=0.00..21594.87 rows=37505 width=4) (actual time=0.107..13.461 rows=4248 loops=1)
                                                         ->  Seq Scan on dataset a3_  (cost=0.00..23.93 rows=1 width=4) (actual time=0.076..0.198 rows=1 loops=1)
                                                               Filter: (lower(title) ~~ '5'' race (mixed-stage embryos)'::text)
                                                         ->  Index Scan using bioentitiesdatasets__datasets on bioentitiesdatasets indirect1  (cost=0.00..21102.12 rows=37505 width=8) (actual time=0.026..4.938 rows=4248 loops=1)
                                                               Index Cond: (indirect1.datasets = a3_.id)
                                             ->  Sort  (cost=59433.60..59462.19 rows=11437 width=8) (actual time=1218.879..1229.332 rows=9818 loops=1)
                                                   Sort Key: l.lid2
                                                   Sort Method:  quicksort  Memory: 3480kB
                                                   ->  Subquery Scan l  (cost=58433.92..58662.66 rows=11437 width=8) (actual time=1024.326..1156.290 rows=41453 loops=1)
                                                         ->  HashAggregate  (cost=58433.92..58548.29 rows=11437 width=24) (actual time=1024.323..1076.330 rows=41453 loops=1)
                                                               ->  Nested Loop  (cost=0.00..58262.37 rows=11437 width=24) (actual time=0.052..957.301 rows=41791 loops=1)
                                                                     Join Filter: ((l1.intermine_start <= l2.intermine_end) AND (l2.intermine_start <= l1.intermine_end))
                                                                     ->  Index Scan using locationbin16000__subjectobjectbin on locationbin16000 l2  (cost=0.00..5182.83 rows=5837 width=20) (actual time=0.017..16.156 rows=12672 loops=1)
                                                                           Index Cond: (subjecttype = 'org.intermine.model.bio.EST'::text)
                                                                     ->  Index Scan using locationbin16000__subjectobjectbin on locationbin16000 l1  (cost=0.00..8.97 rows=6 width=20) (actual time=0.011..0.040 rows=26 loops=12672)
                                                                           Index Cond: ((l1.subjecttype = 'org.intermine.model.bio.Exon'::text) AND (l1.objectid = l2.objectid) AND (l1.bin = l2.bin))
                                       ->  Index Scan using exon_pkey on exon a1_  (cost=0.00..1.09 rows=1 width=23) (actual time=0.004..0.005 rows=1 loops=6499)
                                             Index Cond: (a1_.id = l.lid1)
                                 ->  Index Scan using gene_pkey on gene a5_  (cost=0.00..0.28 rows=1 width=18) (actual time=0.003..0.004 rows=1 loops=6499)
                                       Index Cond: (a5_.id = a1_.geneid)
                           ->  Index Scan using location_pkey on location a4_  (cost=0.00..1.25 rows=1 width=14) (actual time=0.004..0.005 rows=1 loops=6492)
                                 Index Cond: (a4_.id = a1_.chromosomelocationid)
                     ->  Index Scan using est_pkey on est a2_  (cost=0.00..1.88 rows=1 width=19) (actual time=0.003..0.004 rows=1 loops=6492)
                           Index Cond: (a2_.id = l.lid2)
 Total runtime: 1525.975 ms
(39 rows)

Time: 1530.624 ms
                                                                                                                 QUERY PLAN                                                                                                                 
--------------------------------------------------------------------------------------------------------------------------------------------------------------------------------------------------------------------------------------------
 Limit  (cost=84428.65..84430.47 rows=66 width=66) (actual time=1529.293..1531.802 rows=500 loops=1)
   ->  Unique  (cost=84428.65..84430.47 rows=66 width=66) (actual time=1529.289..1530.836 rows=500 loops=1)
         ->  Sort  (cost=84428.65..84428.82 rows=66 width=66) (actual time=1529.286..1529.760 rows=500 loops=1)
               Sort Key: a1_.primaryidentifier, a2_.secondaryidentifier, a4_.intermine_start, a4_.intermine_end, a4_.strand, a5_.primaryidentifier, a1_.id, a2_.id, a4_.id, a5_.id
               Sort Method:  quicksort  Memory: 1105kB
               ->  Nested Loop  (cost=83877.87..84426.66 rows=66 width=66) (actual time=1251.205..1512.420 rows=6492 loops=1)
                     ->  Nested Loop  (cost=83877.87..84301.65 rows=66 width=55) (actual time=1251.191..1457.024 rows=6492 loops=1)
                           ->  Nested Loop  (cost=83877.87..84218.16 rows=66 width=45) (actual time=1251.175..1396.601 rows=6492 loops=1)
                                 ->  Nested Loop  (cost=83877.87..84198.38 rows=68 width=31) (actual time=1251.160..1340.969 rows=6499 loops=1)
                                       ->  Merge Join  (cost=83877.87..84123.26 rows=68 width=12) (actual time=1251.127..1280.385 rows=6499 loops=1)
                                             Merge Cond: (indirect1.bioentities = l.lid2)
                                             ->  Sort  (cost=24444.27..24538.03 rows=37505 width=4) (actual time=18.265..22.639 rows=4248 loops=1)
                                                   Sort Key: indirect1.bioentities
                                                   Sort Method:  quicksort  Memory: 392kB
                                                   ->  Nested Loop  (cost=0.00..21594.87 rows=37505 width=4) (actual time=0.107..13.472 rows=4248 loops=1)
                                                         ->  Seq Scan on dataset a3_  (cost=0.00..23.93 rows=1 width=4) (actual time=0.076..0.198 rows=1 loops=1)
                                                               Filter: (lower(title) ~~ '5'' race (mixed-stage embryos)'::text)
                                                         ->  Index Scan using bioentitiesdatasets__datasets on bioentitiesdatasets indirect1  (cost=0.00..21102.12 rows=37505 width=8) (actual time=0.026..4.919 rows=4248 loops=1)
                                                               Index Cond: (indirect1.datasets = a3_.id)
                                             ->  Sort  (cost=59433.60..59462.19 rows=11437 width=8) (actual time=1224.563..1235.022 rows=9818 loops=1)
                                                   Sort Key: l.lid2
                                                   Sort Method:  quicksort  Memory: 3480kB
                                                   ->  Subquery Scan l  (cost=58433.92..58662.66 rows=11437 width=8) (actual time=1029.587..1162.238 rows=41453 loops=1)
                                                         ->  HashAggregate  (cost=58433.92..58548.29 rows=11437 width=24) (actual time=1029.583..1081.494 rows=41453 loops=1)
                                                               ->  Nested Loop  (cost=0.00..58262.37 rows=11437 width=24) (actual time=0.053..962.403 rows=41791 loops=1)
                                                                     Join Filter: ((l1.intermine_start <= l2.intermine_end) AND (l2.intermine_start <= l1.intermine_end))
                                                                     ->  Index Scan using locationbin16000__subjectobjectbin on locationbin16000 l2  (cost=0.00..5182.83 rows=5837 width=20) (actual time=0.016..16.329 rows=12672 loops=1)
                                                                           Index Cond: (subjecttype = 'org.intermine.model.bio.EST'::text)
                                                                     ->  Index Scan using locationbin16000__subjectobjectbin on locationbin16000 l1  (cost=0.00..8.97 rows=6 width=20) (actual time=0.011..0.041 rows=26 loops=12672)
                                                                           Index Cond: ((l1.subjecttype = 'org.intermine.model.bio.Exon'::text) AND (l1.objectid = l2.objectid) AND (l1.bin = l2.bin))
                                       ->  Index Scan using exon_pkey on exon a1_  (cost=0.00..1.09 rows=1 width=23) (actual time=0.004..0.005 rows=1 loops=6499)
                                             Index Cond: (a1_.id = l.lid1)
                                 ->  Index Scan using gene_pkey on gene a5_  (cost=0.00..0.28 rows=1 width=18) (actual time=0.003..0.004 rows=1 loops=6499)
                                       Index Cond: (a5_.id = a1_.geneid)
                           ->  Index Scan using location_pkey on location a4_  (cost=0.00..1.25 rows=1 width=14) (actual time=0.004..0.005 rows=1 loops=6492)
                                 Index Cond: (a4_.id = a1_.chromosomelocationid)
                     ->  Index Scan using est_pkey on est a2_  (cost=0.00..1.88 rows=1 width=19) (actual time=0.003..0.004 rows=1 loops=6492)
                           Index Cond: (a2_.id = l.lid2)
 Total runtime: 1532.501 ms
(39 rows)

Time: 1537.126 ms
                                                                                                       QUERY PLAN                                                                                                       
------------------------------------------------------------------------------------------------------------------------------------------------------------------------------------------------------------------------
 Unique  (cost=363838.58..363876.07 rows=2999 width=46) (actual time=18602.496..18625.289 rows=7408 loops=1)
   ->  Sort  (cost=363838.58..363846.08 rows=2999 width=46) (actual time=18602.493..18609.849 rows=7408 loops=1)
         Sort Key: a4_.primaryidentifier, a2_.secondaryidentifier, a2_.id, a4_.id
         Sort Method:  quicksort  Memory: 1228kB
         ->  Nested Loop  (cost=349686.50..363665.39 rows=2999 width=46) (actual time=14707.998..18584.951 rows=7408 loops=1)
               ->  Nested Loop  (cost=349686.50..362691.50 rows=2999 width=32) (actual time=14707.983..18507.580 rows=7408 loops=1)
                     ->  Hash Join  (cost=349686.50..361617.15 rows=2999 width=32) (actual time=14707.695..17764.599 rows=85984 loops=1)
                           Hash Cond: (l2.subjectid = a2_.id)
                           ->  HashAggregate  (cost=323374.71..328385.50 rows=501079 width=24) (actual time=14386.369..15936.067 rows=1119997 loops=1)
                                 ->  Merge Join  (cost=152291.51..315858.52 rows=501079 width=24) (actual time=2225.045..12347.307 rows=1211008 loops=1)
                                       Merge Cond: ((l2.objectid = l1.objectid) AND (l2.bin = l1.bin))
                                       Join Filter: ((l1.intermine_start <= l2.intermine_end) AND (l2.intermine_start <= l1.intermine_end))
                                       ->  Index Scan using locationbin16000__subjectobjectbin on locationbin16000 l2  (cost=0.00..61560.34 rows=107634 width=20) (actual time=0.077..163.460 rows=107855 loops=1)
                                             Index Cond: (subjecttype = 'org.intermine.model.bio.ProteinBindingSite'::text)
                                       ->  Sort  (cost=152291.51..153762.86 rows=588540 width=20) (actual time=2224.947..6113.756 rows=4021975 loops=1)
                                             Sort Key: l1.objectid, l1.bin
                                             Sort Method:  quicksort  Memory: 70707kB
                                             ->  Index Scan using locationbin16000__subjecttypeid on locationbin16000 l1  (cost=0.00..95889.43 rows=588540 width=20) (actual time=0.077..1068.209 rows=590469 loops=1)
                                                   Index Cond: (subjecttype = 'org.intermine.model.bio.GeneFlankingRegion'::text)
                           ->  Hash  (cost=26304.05..26304.05 rows=619 width=32) (actual time=321.261..321.261 rows=6562 loops=1)
                                 ->  Hash Join  (cost=4327.95..26304.05 rows=619 width=32) (actual time=271.997..312.037 rows=6562 loops=1)
                                       Hash Cond: (indirect1.bioentities = a2_.id)
                                       ->  Nested Loop  (cost=0.00..21594.87 rows=37505 width=4) (actual time=0.203..21.561 rows=6562 loops=1)
                                             ->  Seq Scan on dataset a3_  (cost=0.00..23.93 rows=1 width=4) (actual time=0.106..0.238 rows=1 loops=1)
                                                   Filter: (lower(title) ~~ 'adultmale_h3k4me3'::text)
                                             ->  Index Scan using bioentitiesdatasets__datasets on bioentitiesdatasets indirect1  (cost=0.00..21102.12 rows=37505 width=8) (actual time=0.092..8.235 rows=6562 loops=1)
                                                   Index Cond: (indirect1.datasets = a3_.id)
                                       ->  Hash  (cost=3036.31..3036.31 rows=103331 width=28) (actual time=271.730..271.730 rows=103331 loops=1)
                                             ->  Seq Scan on proteinbindingsite a2_  (cost=0.00..3036.31 rows=103331 width=28) (actual time=0.015..138.429 rows=103331 loops=1)
                     ->  Index Scan using geneflankingregion_pkey on geneflankingregion a1_  (cost=0.00..0.35 rows=1 width=8) (actual time=0.006..0.006 rows=0 loops=85984)
                           Index Cond: (a1_.id = l1.subjectid)
                           Filter: ((lower(a1_.distance) ~~ '2.0kb'::text) AND (lower(a1_.direction) ~~ 'upstream'::text))
               ->  Index Scan using gene_pkey on gene a4_  (cost=0.00..0.31 rows=1 width=18) (actual time=0.005..0.006 rows=1 loops=7408)
                     Index Cond: (a4_.id = a1_.geneid)
 Total runtime: 18654.450 ms
(35 rows)

Time: 18660.330 ms
                                                                                                       QUERY PLAN                                                                                                       
------------------------------------------------------------------------------------------------------------------------------------------------------------------------------------------------------------------------
 Unique  (cost=363838.58..363876.07 rows=2999 width=46) (actual time=18419.209..18442.124 rows=7408 loops=1)
   ->  Sort  (cost=363838.58..363846.08 rows=2999 width=46) (actual time=18419.205..18426.564 rows=7408 loops=1)
         Sort Key: a4_.primaryidentifier, a2_.secondaryidentifier, a2_.id, a4_.id
         Sort Method:  quicksort  Memory: 1228kB
         ->  Nested Loop  (cost=349686.50..363665.39 rows=2999 width=46) (actual time=14578.529..18401.880 rows=7408 loops=1)
               ->  Nested Loop  (cost=349686.50..362691.50 rows=2999 width=32) (actual time=14578.516..18325.830 rows=7408 loops=1)
                     ->  Hash Join  (cost=349686.50..361617.15 rows=2999 width=32) (actual time=14578.363..17616.889 rows=85984 loops=1)
                           Hash Cond: (l2.subjectid = a2_.id)
                           ->  HashAggregate  (cost=323374.71..328385.50 rows=501079 width=24) (actual time=14265.959..15808.473 rows=1119997 loops=1)
                                 ->  Merge Join  (cost=152291.51..315858.52 rows=501079 width=24) (actual time=2122.846..12231.341 rows=1211008 loops=1)
                                       Merge Cond: ((l2.objectid = l1.objectid) AND (l2.bin = l1.bin))
                                       Join Filter: ((l1.intermine_start <= l2.intermine_end) AND (l2.intermine_start <= l1.intermine_end))
                                       ->  Index Scan using locationbin16000__subjectobjectbin on locationbin16000 l2  (cost=0.00..61560.34 rows=107634 width=20) (actual time=0.041..148.020 rows=107855 loops=1)
                                             Index Cond: (subjecttype = 'org.intermine.model.bio.ProteinBindingSite'::text)
                                       ->  Sort  (cost=152291.51..153762.86 rows=588540 width=20) (actual time=2122.784..6011.424 rows=4021975 loops=1)
                                             Sort Key: l1.objectid, l1.bin
                                             Sort Method:  quicksort  Memory: 70707kB
                                             ->  Index Scan using locationbin16000__subjecttypeid on locationbin16000 l1  (cost=0.00..95889.43 rows=588540 width=20) (actual time=0.051..961.970 rows=590469 loops=1)
                                                   Index Cond: (subjecttype = 'org.intermine.model.bio.GeneFlankingRegion'::text)
                           ->  Hash  (cost=26304.05..26304.05 rows=619 width=32) (actual time=312.338..312.338 rows=6562 loops=1)
                                 ->  Hash Join  (cost=4327.95..26304.05 rows=619 width=32) (actual time=263.867..303.881 rows=6562 loops=1)
                                       Hash Cond: (indirect1.bioentities = a2_.id)
                                       ->  Nested Loop  (cost=0.00..21594.87 rows=37505 width=4) (actual time=0.169..21.425 rows=6562 loops=1)
                                             ->  Seq Scan on dataset a3_  (cost=0.00..23.93 rows=1 width=4) (actual time=0.079..0.208 rows=1 loops=1)
                                                   Filter: (lower(title) ~~ 'adultmale_h3k4me3'::text)
                                             ->  Index Scan using bioentitiesdatasets__datasets on bioentitiesdatasets indirect1  (cost=0.00..21102.12 rows=37505 width=8) (actual time=0.084..8.137 rows=6562 loops=1)
                                                   Index Cond: (indirect1.datasets = a3_.id)
                                       ->  Hash  (cost=3036.31..3036.31 rows=103331 width=28) (actual time=263.634..263.634 rows=103331 loops=1)
                                             ->  Seq Scan on proteinbindingsite a2_  (cost=0.00..3036.31 rows=103331 width=28) (actual time=0.015..135.101 rows=103331 loops=1)
                     ->  Index Scan using geneflankingregion_pkey on geneflankingregion a1_  (cost=0.00..0.35 rows=1 width=8) (actual time=0.006..0.006 rows=0 loops=85984)
                           Index Cond: (a1_.id = l1.subjectid)
                           Filter: ((lower(a1_.distance) ~~ '2.0kb'::text) AND (lower(a1_.direction) ~~ 'upstream'::text))
               ->  Index Scan using gene_pkey on gene a4_  (cost=0.00..0.31 rows=1 width=18) (actual time=0.005..0.006 rows=1 loops=7408)
                     Index Cond: (a4_.id = a1_.geneid)
 Total runtime: 18472.145 ms
(35 rows)

Time: 18476.461 ms
                                                                                                          QUERY PLAN                                                                                                          
------------------------------------------------------------------------------------------------------------------------------------------------------------------------------------------------------------------------------
 Limit  (cost=363838.58..363844.83 rows=500 width=46) (actual time=18385.463..18387.946 rows=500 loops=1)
   ->  Unique  (cost=363838.58..363876.07 rows=2999 width=46) (actual time=18385.461..18386.983 rows=500 loops=1)
         ->  Sort  (cost=363838.58..363846.08 rows=2999 width=46) (actual time=18385.457..18385.957 rows=500 loops=1)
               Sort Key: a4_.primaryidentifier, a2_.secondaryidentifier, a2_.id, a4_.id
               Sort Method:  quicksort  Memory: 1228kB
               ->  Nested Loop  (cost=349686.50..363665.39 rows=2999 width=46) (actual time=14542.659..18368.078 rows=7408 loops=1)
                     ->  Nested Loop  (cost=349686.50..362691.50 rows=2999 width=32) (actual time=14542.645..18292.180 rows=7408 loops=1)
                           ->  Hash Join  (cost=349686.50..361617.15 rows=2999 width=32) (actual time=14542.491..17583.536 rows=85984 loops=1)
                                 Hash Cond: (l2.subjectid = a2_.id)
                                 ->  HashAggregate  (cost=323374.71..328385.50 rows=501079 width=24) (actual time=14238.042..15778.548 rows=1119997 loops=1)
                                       ->  Merge Join  (cost=152291.51..315858.52 rows=501079 width=24) (actual time=2088.170..12197.018 rows=1211008 loops=1)
                                             Merge Cond: ((l2.objectid = l1.objectid) AND (l2.bin = l1.bin))
                                             Join Filter: ((l1.intermine_start <= l2.intermine_end) AND (l2.intermine_start <= l1.intermine_end))
                                             ->  Index Scan using locationbin16000__subjectobjectbin on locationbin16000 l2  (cost=0.00..61560.34 rows=107634 width=20) (actual time=0.029..148.978 rows=107855 loops=1)
                                                   Index Cond: (subjecttype = 'org.intermine.model.bio.ProteinBindingSite'::text)
                                             ->  Sort  (cost=152291.51..153762.86 rows=588540 width=20) (actual time=2088.121..5975.745 rows=4021975 loops=1)
                                                   Sort Key: l1.objectid, l1.bin
                                                   Sort Method:  quicksort  Memory: 70707kB
                                                   ->  Index Scan using locationbin16000__subjecttypeid on locationbin16000 l1  (cost=0.00..95889.43 rows=588540 width=20) (actual time=0.016..925.095 rows=590469 loops=1)
                                                         Index Cond: (subjecttype = 'org.intermine.model.bio.GeneFlankingRegion'::text)
                                 ->  Hash  (cost=26304.05..26304.05 rows=619 width=32) (actual time=304.384..304.384 rows=6562 loops=1)
                                       ->  Hash Join  (cost=4327.95..26304.05 rows=619 width=32) (actual time=256.235..295.848 rows=6562 loops=1)
                                             Hash Cond: (indirect1.bioentities = a2_.id)
                                             ->  Nested Loop  (cost=0.00..21594.87 rows=37505 width=4) (actual time=0.139..21.171 rows=6562 loops=1)
                                                   ->  Seq Scan on dataset a3_  (cost=0.00..23.93 rows=1 width=4) (actual time=0.107..0.232 rows=1 loops=1)
                                                         Filter: (lower(title) ~~ 'adultmale_h3k4me3'::text)
                                                   ->  Index Scan using bioentitiesdatasets__datasets on bioentitiesdatasets indirect1  (cost=0.00..21102.12 rows=37505 width=8) (actual time=0.026..7.798 rows=6562 loops=1)
                                                         Index Cond: (indirect1.datasets = a3_.id)
                                             ->  Hash  (cost=3036.31..3036.31 rows=103331 width=28) (actual time=256.033..256.033 rows=103331 loops=1)
                                                   ->  Seq Scan on proteinbindingsite a2_  (cost=0.00..3036.31 rows=103331 width=28) (actual time=0.003..129.436 rows=103331 loops=1)
                           ->  Index Scan using geneflankingregion_pkey on geneflankingregion a1_  (cost=0.00..0.35 rows=1 width=8) (actual time=0.006..0.006 rows=0 loops=85984)
                                 Index Cond: (a1_.id = l1.subjectid)
                                 Filter: ((lower(a1_.distance) ~~ '2.0kb'::text) AND (lower(a1_.direction) ~~ 'upstream'::text))
                     ->  Index Scan using gene_pkey on gene a4_  (cost=0.00..0.31 rows=1 width=18) (actual time=0.005..0.006 rows=1 loops=7408)
                           Index Cond: (a4_.id = a1_.geneid)
 Total runtime: 18411.342 ms
(36 rows)

Time: 18415.700 ms
                                                                                                          QUERY PLAN                                                                                                          
------------------------------------------------------------------------------------------------------------------------------------------------------------------------------------------------------------------------------
 Limit  (cost=363838.58..363844.83 rows=500 width=46) (actual time=18321.649..18324.138 rows=500 loops=1)
   ->  Unique  (cost=363838.58..363876.07 rows=2999 width=46) (actual time=18321.647..18323.189 rows=500 loops=1)
         ->  Sort  (cost=363838.58..363846.08 rows=2999 width=46) (actual time=18321.643..18322.134 rows=500 loops=1)
               Sort Key: a4_.primaryidentifier, a2_.secondaryidentifier, a2_.id, a4_.id
               Sort Method:  quicksort  Memory: 1228kB
               ->  Nested Loop  (cost=349686.50..363665.39 rows=2999 width=46) (actual time=14537.110..18304.165 rows=7408 loops=1)
                     ->  Nested Loop  (cost=349686.50..362691.50 rows=2999 width=32) (actual time=14537.096..18228.642 rows=7408 loops=1)
                           ->  Hash Join  (cost=349686.50..361617.15 rows=2999 width=32) (actual time=14536.943..17526.909 rows=85984 loops=1)
                                 Hash Cond: (l2.subjectid = a2_.id)
                                 ->  HashAggregate  (cost=323374.71..328385.50 rows=501079 width=24) (actual time=14231.925..15750.837 rows=1119997 loops=1)
                                       ->  Merge Join  (cost=152291.51..315858.52 rows=501079 width=24) (actual time=2091.210..12196.980 rows=1211008 loops=1)
                                             Merge Cond: ((l2.objectid = l1.objectid) AND (l2.bin = l1.bin))
                                             Join Filter: ((l1.intermine_start <= l2.intermine_end) AND (l2.intermine_start <= l1.intermine_end))
                                             ->  Index Scan using locationbin16000__subjectobjectbin on locationbin16000 l2  (cost=0.00..61560.34 rows=107634 width=20) (actual time=0.029..148.839 rows=107855 loops=1)
                                                   Index Cond: (subjecttype = 'org.intermine.model.bio.ProteinBindingSite'::text)
                                             ->  Sort  (cost=152291.51..153762.86 rows=588540 width=20) (actual time=2091.161..5978.014 rows=4021975 loops=1)
                                                   Sort Key: l1.objectid, l1.bin
                                                   Sort Method:  quicksort  Memory: 70707kB
                                                   ->  Index Scan using locationbin16000__subjecttypeid on locationbin16000 l1  (cost=0.00..95889.43 rows=588540 width=20) (actual time=0.016..929.252 rows=590469 loops=1)
                                                         Index Cond: (subjecttype = 'org.intermine.model.bio.GeneFlankingRegion'::text)
                                 ->  Hash  (cost=26304.05..26304.05 rows=619 width=32) (actual time=304.924..304.924 rows=6562 loops=1)
                                       ->  Hash Join  (cost=4327.95..26304.05 rows=619 width=32) (actual time=256.753..296.358 rows=6562 loops=1)
                                             Hash Cond: (indirect1.bioentities = a2_.id)
                                             ->  Nested Loop  (cost=0.00..21594.87 rows=37505 width=4) (actual time=0.110..21.076 rows=6562 loops=1)
                                                   ->  Seq Scan on dataset a3_  (cost=0.00..23.93 rows=1 width=4) (actual time=0.079..0.205 rows=1 loops=1)
                                                         Filter: (lower(title) ~~ 'adultmale_h3k4me3'::text)
                                                   ->  Index Scan using bioentitiesdatasets__datasets on bioentitiesdatasets indirect1  (cost=0.00..21102.12 rows=37505 width=8) (actual time=0.027..7.813 rows=6562 loops=1)
                                                         Index Cond: (indirect1.datasets = a3_.id)
                                             ->  Hash  (cost=3036.31..3036.31 rows=103331 width=28) (actual time=256.580..256.580 rows=103331 loops=1)
                                                   ->  Seq Scan on proteinbindingsite a2_  (cost=0.00..3036.31 rows=103331 width=28) (actual time=0.003..129.395 rows=103331 loops=1)
                           ->  Index Scan using geneflankingregion_pkey on geneflankingregion a1_  (cost=0.00..0.35 rows=1 width=8) (actual time=0.006..0.006 rows=0 loops=85984)
                                 Index Cond: (a1_.id = l1.subjectid)
                                 Filter: ((lower(a1_.distance) ~~ '2.0kb'::text) AND (lower(a1_.direction) ~~ 'upstream'::text))
                     ->  Index Scan using gene_pkey on gene a4_  (cost=0.00..0.31 rows=1 width=18) (actual time=0.005..0.006 rows=1 loops=7408)
                           Index Cond: (a4_.id = a1_.geneid)
 Total runtime: 18347.495 ms
(36 rows)

Time: 18351.833 ms
                                                                                                           QUERY PLAN                                                                                                           
--------------------------------------------------------------------------------------------------------------------------------------------------------------------------------------------------------------------------------
 Unique  (cost=113546.54..113548.58 rows=163 width=37) (actual time=3328.632..3329.669 rows=341 loops=1)
   ->  Sort  (cost=113546.54..113546.95 rows=163 width=37) (actual time=3328.630..3328.958 rows=341 loops=1)
         Sort Key: a4_.primaryidentifier, a2_.secondaryidentifier, a2_.id, a4_.id
         Sort Method:  quicksort  Memory: 51kB
         ->  Nested Loop  (cost=112798.70..113540.55 rows=163 width=37) (actual time=3298.673..3327.988 rows=341 loops=1)
               ->  Nested Loop  (cost=112798.70..113353.92 rows=163 width=26) (actual time=3298.629..3324.988 rows=341 loops=1)
                     ->  Nested Loop  (cost=112798.70..113301.10 rows=163 width=12) (actual time=3298.616..3321.856 rows=341 loops=1)
                           ->  Merge Join  (cost=112798.70..113123.72 rows=163 width=12) (actual time=3298.520..3306.240 rows=2193 loops=1)
                                 Merge Cond: (indirect1.bioentities = l.lid2)
                                 ->  Sort  (cost=24444.27..24538.03 rows=37505 width=4) (actual time=2.662..3.198 rows=546 loops=1)
                                       Sort Key: indirect1.bioentities
                                       Sort Method:  quicksort  Memory: 50kB
                                       ->  Nested Loop  (cost=0.00..21594.87 rows=37505 width=4) (actual time=0.127..2.046 rows=546 loops=1)
                                             ->  Seq Scan on dataset a3_  (cost=0.00..23.93 rows=1 width=4) (actual time=0.072..0.200 rows=1 loops=1)
                                                   Filter: (lower(title) ~~ 'dmg3 rtpcr'::text)
                                             ->  Index Scan using bioentitiesdatasets__datasets on bioentitiesdatasets indirect1  (cost=0.00..21102.12 rows=37505 width=8) (actual time=0.051..0.682 rows=546 loops=1)
                                                   Index Cond: (indirect1.datasets = a3_.id)
                                 ->  Sort  (cost=88354.43..88422.36 rows=27174 width=8) (actual time=3181.880..3240.337 rows=55850 loops=1)
                                       Sort Key: l.lid2
                                       Sort Method:  quicksort  Memory: 13659kB
                                       ->  Subquery Scan l  (cost=85809.59..86353.07 rows=27174 width=8) (actual time=2413.925..2927.515 rows=160316 loops=1)
                                             ->  HashAggregate  (cost=85809.59..86081.33 rows=27174 width=24) (actual time=2413.922..2618.254 rows=160316 loops=1)
                                                   ->  Nested Loop  (cost=0.00..85401.98 rows=27174 width=24) (actual time=0.077..2137.309 rows=166548 loops=1)
                                                         Join Filter: ((l1.intermine_start <= l2.intermine_end) AND (l2.intermine_start <= l1.intermine_end))
                                                         ->  Index Scan using locationbin16000__subjectobjectbin on locationbin16000 l2  (cost=0.00..5182.83 rows=5837 width=20) (actual time=0.016..16.749 rows=12672 loops=1)
                                                               Index Cond: (subjecttype = 'org.intermine.model.bio.EST'::text)
                                                         ->  Index Scan using locationbin16000__subjectobjectbin on locationbin16000 l1  (cost=0.00..13.44 rows=15 width=20) (actual time=0.016..0.087 rows=58 loops=12672)
                                                               Index Cond: ((l1.subjecttype = 'org.intermine.model.bio.GeneFlankingRegion'::text) AND (l1.objectid = l2.objectid) AND (l1.bin = l2.bin))
                           ->  Index Scan using geneflankingregion_pkey on geneflankingregion a1_  (cost=0.00..1.08 rows=1 width=8) (actual time=0.005..0.005 rows=0 loops=2193)
                                 Index Cond: (a1_.id = l.lid1)
                                 Filter: ((lower(a1_.distance) ~~ '5.0kb'::text) AND (lower(a1_.direction) ~~ 'downstream'::text))
                     ->  Index Scan using gene_pkey on gene a4_  (cost=0.00..0.31 rows=1 width=18) (actual time=0.004..0.005 rows=1 loops=341)
                           Index Cond: (a4_.id = a1_.geneid)
               ->  Index Scan using est_pkey on est a2_  (cost=0.00..1.13 rows=1 width=19) (actual time=0.003..0.005 rows=1 loops=341)
                     Index Cond: (a2_.id = l.lid2)
 Total runtime: 3330.240 ms
(36 rows)

Time: 3333.863 ms
                                                                                                           QUERY PLAN                                                                                                           
--------------------------------------------------------------------------------------------------------------------------------------------------------------------------------------------------------------------------------
 Unique  (cost=113546.54..113548.58 rows=163 width=37) (actual time=3297.212..3298.236 rows=341 loops=1)
   ->  Sort  (cost=113546.54..113546.95 rows=163 width=37) (actual time=3297.209..3297.535 rows=341 loops=1)
         Sort Key: a4_.primaryidentifier, a2_.secondaryidentifier, a2_.id, a4_.id
         Sort Method:  quicksort  Memory: 51kB
         ->  Nested Loop  (cost=112798.70..113540.55 rows=163 width=37) (actual time=3267.250..3296.584 rows=341 loops=1)
               ->  Nested Loop  (cost=112798.70..113353.92 rows=163 width=26) (actual time=3267.236..3293.645 rows=341 loops=1)
                     ->  Nested Loop  (cost=112798.70..113301.10 rows=163 width=12) (actual time=3267.222..3290.494 rows=341 loops=1)
                           ->  Merge Join  (cost=112798.70..113123.72 rows=163 width=12) (actual time=3267.122..3274.938 rows=2193 loops=1)
                                 Merge Cond: (indirect1.bioentities = l.lid2)
                                 ->  Sort  (cost=24444.27..24538.03 rows=37505 width=4) (actual time=2.522..3.068 rows=546 loops=1)
                                       Sort Key: indirect1.bioentities
                                       Sort Method:  quicksort  Memory: 50kB
                                       ->  Nested Loop  (cost=0.00..21594.87 rows=37505 width=4) (actual time=0.098..1.915 rows=546 loops=1)
                                             ->  Seq Scan on dataset a3_  (cost=0.00..23.93 rows=1 width=4) (actual time=0.073..0.199 rows=1 loops=1)
                                                   Filter: (lower(title) ~~ 'dmg3 rtpcr'::text)
                                             ->  Index Scan using bioentitiesdatasets__datasets on bioentitiesdatasets indirect1  (cost=0.00..21102.12 rows=37505 width=8) (actual time=0.020..0.644 rows=546 loops=1)
                                                   Index Cond: (indirect1.datasets = a3_.id)
                                 ->  Sort  (cost=88354.43..88422.36 rows=27174 width=8) (actual time=3150.556..3209.046 rows=55850 loops=1)
                                       Sort Key: l.lid2
                                       Sort Method:  quicksort  Memory: 13659kB
                                       ->  Subquery Scan l  (cost=85809.59..86353.07 rows=27174 width=8) (actual time=2388.425..2901.746 rows=160316 loops=1)
                                             ->  HashAggregate  (cost=85809.59..86081.33 rows=27174 width=24) (actual time=2388.422..2591.940 rows=160316 loops=1)
                                                   ->  Nested Loop  (cost=0.00..85401.98 rows=27174 width=24) (actual time=0.065..2113.139 rows=166548 loops=1)
                                                         Join Filter: ((l1.intermine_start <= l2.intermine_end) AND (l2.intermine_start <= l1.intermine_end))
                                                         ->  Index Scan using locationbin16000__subjectobjectbin on locationbin16000 l2  (cost=0.00..5182.83 rows=5837 width=20) (actual time=0.013..16.461 rows=12672 loops=1)
                                                               Index Cond: (subjecttype = 'org.intermine.model.bio.EST'::text)
                                                         ->  Index Scan using locationbin16000__subjectobjectbin on locationbin16000 l1  (cost=0.00..13.44 rows=15 width=20) (actual time=0.016..0.086 rows=58 loops=12672)
                                                               Index Cond: ((l1.subjecttype = 'org.intermine.model.bio.GeneFlankingRegion'::text) AND (l1.objectid = l2.objectid) AND (l1.bin = l2.bin))
                           ->  Index Scan using geneflankingregion_pkey on geneflankingregion a1_  (cost=0.00..1.08 rows=1 width=8) (actual time=0.005..0.005 rows=0 loops=2193)
                                 Index Cond: (a1_.id = l.lid1)
                                 Filter: ((lower(a1_.distance) ~~ '5.0kb'::text) AND (lower(a1_.direction) ~~ 'downstream'::text))
                     ->  Index Scan using gene_pkey on gene a4_  (cost=0.00..0.31 rows=1 width=18) (actual time=0.004..0.005 rows=1 loops=341)
                           Index Cond: (a4_.id = a1_.geneid)
               ->  Index Scan using est_pkey on est a2_  (cost=0.00..1.13 rows=1 width=19) (actual time=0.003..0.004 rows=1 loops=341)
                     Index Cond: (a2_.id = l.lid2)
 Total runtime: 3298.803 ms
(36 rows)

Time: 3302.353 ms
                                                                                                              QUERY PLAN                                                                                                              
--------------------------------------------------------------------------------------------------------------------------------------------------------------------------------------------------------------------------------------
 Limit  (cost=113546.54..113548.58 rows=163 width=37) (actual time=3295.300..3296.992 rows=341 loops=1)
   ->  Unique  (cost=113546.54..113548.58 rows=163 width=37) (actual time=3295.297..3296.333 rows=341 loops=1)
         ->  Sort  (cost=113546.54..113546.95 rows=163 width=37) (actual time=3295.294..3295.631 rows=341 loops=1)
               Sort Key: a4_.primaryidentifier, a2_.secondaryidentifier, a2_.id, a4_.id
               Sort Method:  quicksort  Memory: 51kB
               ->  Nested Loop  (cost=112798.70..113540.55 rows=163 width=37) (actual time=3265.458..3294.685 rows=341 loops=1)
                     ->  Nested Loop  (cost=112798.70..113353.92 rows=163 width=26) (actual time=3265.444..3291.757 rows=341 loops=1)
                           ->  Nested Loop  (cost=112798.70..113301.10 rows=163 width=12) (actual time=3265.431..3288.643 rows=341 loops=1)
                                 ->  Merge Join  (cost=112798.70..113123.72 rows=163 width=12) (actual time=3265.336..3273.112 rows=2193 loops=1)
                                       Merge Cond: (indirect1.bioentities = l.lid2)
                                       ->  Sort  (cost=24444.27..24538.03 rows=37505 width=4) (actual time=2.552..3.098 rows=546 loops=1)
                                             Sort Key: indirect1.bioentities
                                             Sort Method:  quicksort  Memory: 50kB
                                             ->  Nested Loop  (cost=0.00..21594.87 rows=37505 width=4) (actual time=0.095..1.940 rows=546 loops=1)
                                                   ->  Seq Scan on dataset a3_  (cost=0.00..23.93 rows=1 width=4) (actual time=0.071..0.196 rows=1 loops=1)
                                                         Filter: (lower(title) ~~ 'dmg3 rtpcr'::text)
                                                   ->  Index Scan using bioentitiesdatasets__datasets on bioentitiesdatasets indirect1  (cost=0.00..21102.12 rows=37505 width=8) (actual time=0.019..0.647 rows=546 loops=1)
                                                         Index Cond: (indirect1.datasets = a3_.id)
                                       ->  Sort  (cost=88354.43..88422.36 rows=27174 width=8) (actual time=3149.950..3208.636 rows=55850 loops=1)
                                             Sort Key: l.lid2
                                             Sort Method:  quicksort  Memory: 13659kB
                                             ->  Subquery Scan l  (cost=85809.59..86353.07 rows=27174 width=8) (actual time=2390.519..2902.927 rows=160316 loops=1)
                                                   ->  HashAggregate  (cost=85809.59..86081.33 rows=27174 width=24) (actual time=2390.516..2593.818 rows=160316 loops=1)
                                                         ->  Nested Loop  (cost=0.00..85401.98 rows=27174 width=24) (actual time=0.065..2115.469 rows=166548 loops=1)
                                                               Join Filter: ((l1.intermine_start <= l2.intermine_end) AND (l2.intermine_start <= l1.intermine_end))
                                                               ->  Index Scan using locationbin16000__subjectobjectbin on locationbin16000 l2  (cost=0.00..5182.83 rows=5837 width=20) (actual time=0.014..16.723 rows=12672 loops=1)
                                                                     Index Cond: (subjecttype = 'org.intermine.model.bio.EST'::text)
                                                               ->  Index Scan using locationbin16000__subjectobjectbin on locationbin16000 l1  (cost=0.00..13.44 rows=15 width=20) (actual time=0.016..0.086 rows=58 loops=12672)
                                                                     Index Cond: ((l1.subjecttype = 'org.intermine.model.bio.GeneFlankingRegion'::text) AND (l1.objectid = l2.objectid) AND (l1.bin = l2.bin))
                                 ->  Index Scan using geneflankingregion_pkey on geneflankingregion a1_  (cost=0.00..1.08 rows=1 width=8) (actual time=0.005..0.005 rows=0 loops=2193)
                                       Index Cond: (a1_.id = l.lid1)
                                       Filter: ((lower(a1_.distance) ~~ '5.0kb'::text) AND (lower(a1_.direction) ~~ 'downstream'::text))
                           ->  Index Scan using gene_pkey on gene a4_  (cost=0.00..0.31 rows=1 width=18) (actual time=0.004..0.005 rows=1 loops=341)
                                 Index Cond: (a4_.id = a1_.geneid)
                     ->  Index Scan using est_pkey on est a2_  (cost=0.00..1.13 rows=1 width=19) (actual time=0.003..0.004 rows=1 loops=341)
                           Index Cond: (a2_.id = l.lid2)
 Total runtime: 3297.562 ms
(37 rows)

Time: 3301.097 ms
                                                                                                              QUERY PLAN                                                                                                              
--------------------------------------------------------------------------------------------------------------------------------------------------------------------------------------------------------------------------------------
 Limit  (cost=113546.54..113548.58 rows=163 width=37) (actual time=3299.151..3300.797 rows=341 loops=1)
   ->  Unique  (cost=113546.54..113548.58 rows=163 width=37) (actual time=3299.148..3300.164 rows=341 loops=1)
         ->  Sort  (cost=113546.54..113546.95 rows=163 width=37) (actual time=3299.145..3299.474 rows=341 loops=1)
               Sort Key: a4_.primaryidentifier, a2_.secondaryidentifier, a2_.id, a4_.id
               Sort Method:  quicksort  Memory: 51kB
               ->  Nested Loop  (cost=112798.70..113540.55 rows=163 width=37) (actual time=3269.297..3298.509 rows=341 loops=1)
                     ->  Nested Loop  (cost=112798.70..113353.92 rows=163 width=26) (actual time=3269.282..3295.612 rows=341 loops=1)
                           ->  Nested Loop  (cost=112798.70..113301.10 rows=163 width=12) (actual time=3269.269..3292.503 rows=341 loops=1)
                                 ->  Merge Join  (cost=112798.70..113123.72 rows=163 width=12) (actual time=3269.177..3276.886 rows=2193 loops=1)
                                       Merge Cond: (indirect1.bioentities = l.lid2)
                                       ->  Sort  (cost=24444.27..24538.03 rows=37505 width=4) (actual time=2.534..3.087 rows=546 loops=1)
                                             Sort Key: indirect1.bioentities
                                             Sort Method:  quicksort  Memory: 50kB
                                             ->  Nested Loop  (cost=0.00..21594.87 rows=37505 width=4) (actual time=0.098..1.927 rows=546 loops=1)
                                                   ->  Seq Scan on dataset a3_  (cost=0.00..23.93 rows=1 width=4) (actual time=0.072..0.197 rows=1 loops=1)
                                                         Filter: (lower(title) ~~ 'dmg3 rtpcr'::text)
                                                   ->  Index Scan using bioentitiesdatasets__datasets on bioentitiesdatasets indirect1  (cost=0.00..21102.12 rows=37505 width=8) (actual time=0.020..0.647 rows=546 loops=1)
                                                         Index Cond: (indirect1.datasets = a3_.id)
                                       ->  Sort  (cost=88354.43..88422.36 rows=27174 width=8) (actual time=3154.013..3212.541 rows=55850 loops=1)
                                             Sort Key: l.lid2
                                             Sort Method:  quicksort  Memory: 13659kB
                                             ->  Subquery Scan l  (cost=85809.59..86353.07 rows=27174 width=8) (actual time=2392.468..2905.807 rows=160316 loops=1)
                                                   ->  HashAggregate  (cost=85809.59..86081.33 rows=27174 width=24) (actual time=2392.465..2596.241 rows=160316 loops=1)
                                                         ->  Nested Loop  (cost=0.00..85401.98 rows=27174 width=24) (actual time=0.088..2115.856 rows=166548 loops=1)
                                                               Join Filter: ((l1.intermine_start <= l2.intermine_end) AND (l2.intermine_start <= l1.intermine_end))
                                                               ->  Index Scan using locationbin16000__subjectobjectbin on locationbin16000 l2  (cost=0.00..5182.83 rows=5837 width=20) (actual time=0.013..16.773 rows=12672 loops=1)
                                                                     Index Cond: (subjecttype = 'org.intermine.model.bio.EST'::text)
                                                               ->  Index Scan using locationbin16000__subjectobjectbin on locationbin16000 l1  (cost=0.00..13.44 rows=15 width=20) (actual time=0.016..0.086 rows=58 loops=12672)
                                                                     Index Cond: ((l1.subjecttype = 'org.intermine.model.bio.GeneFlankingRegion'::text) AND (l1.objectid = l2.objectid) AND (l1.bin = l2.bin))
                                 ->  Index Scan using geneflankingregion_pkey on geneflankingregion a1_  (cost=0.00..1.08 rows=1 width=8) (actual time=0.005..0.005 rows=0 loops=2193)
                                       Index Cond: (a1_.id = l.lid1)
                                       Filter: ((lower(a1_.distance) ~~ '5.0kb'::text) AND (lower(a1_.direction) ~~ 'downstream'::text))
                           ->  Index Scan using gene_pkey on gene a4_  (cost=0.00..0.31 rows=1 width=18) (actual time=0.004..0.005 rows=1 loops=341)
                                 Index Cond: (a4_.id = a1_.geneid)
                     ->  Index Scan using est_pkey on est a2_  (cost=0.00..1.13 rows=1 width=19) (actual time=0.003..0.004 rows=1 loops=341)
                           Index Cond: (a2_.id = l.lid2)
 Total runtime: 3301.358 ms
(37 rows)

Time: 3304.909 ms
                                                                                                        QUERY PLAN                                                                                                        
--------------------------------------------------------------------------------------------------------------------------------------------------------------------------------------------------------------------------
 Unique  (cost=2295128.83..2296422.73 rows=47051 width=82) (actual time=203861.643..203993.460 rows=39884 loops=1)
   ->  Sort  (cost=2295128.83..2295246.46 rows=47051 width=82) (actual time=203861.638..203904.820 rows=39884 loops=1)
         Sort Key: a1_.primaryidentifier, a2_.secondaryidentifier, a4_.intermine_start, a4_.intermine_end, a4_.strand, a5_.primaryidentifier, a1_.id, a2_.id, a4_.id, a5_.id
         Sort Method:  quicksort  Memory: 7145kB
         ->  Hash Join  (cost=2096621.98..2291477.22 rows=47051 width=82) (actual time=187282.316..203730.004 rows=39884 loops=1)
               Hash Cond: (a1_.geneid = a5_.id)
               ->  Hash Join  (cost=2094656.11..2288556.11 rows=48473 width=68) (actual time=187158.660..203468.998 rows=40032 loops=1)
                     Hash Cond: (l1.subjectid = a1_.id)
                     ->  Hash Join  (cost=2054402.80..2247212.15 rows=48473 width=39) (actual time=183856.354..200003.993 rows=40032 loops=1)
                           Hash Cond: (l2.subjectid = a2_.id)
                           ->  HashAggregate  (cost=2012300.05..2093278.84 rows=8097879 width=24) (actual time=183210.822..190336.206 rows=4677887 loops=1)
                                 ->  Nested Loop  (cost=0.00..1890831.87 rows=8097879 width=24) (actual time=0.156..174913.463 rows=4764114 loops=1)
                                       Join Filter: ((l1.intermine_start <= l2.intermine_end) AND (l2.intermine_start <= l1.intermine_end))
                                       ->  Index Scan using locationbin16000__subjectobjectbin on locationbin16000 l1  (cost=0.00..82684.70 rows=247715 width=20) (actual time=0.039..355.579 rows=252703 loops=1)
                                             Index Cond: (subjecttype = 'org.intermine.model.bio.Exon'::text)
                                       ->  Index Scan using locationbin16000__subjectobjectbin on locationbin16000 l2  (cost=0.00..5.24 rows=103 width=20) (actual time=0.018..0.370 rows=276 loops=252703)
                                             Index Cond: ((l2.subjecttype = 'org.intermine.model.bio.TranscriptRegion'::text) AND (l2.objectid = l1.objectid) AND (l2.bin = l1.bin))
                           ->  Hash  (cost=41801.57..41801.57 rows=24094 width=39) (actual time=644.073..644.073 rows=48827 loops=1)
                                 ->  Nested Loop  (cost=0.00..41801.57 rows=24094 width=39) (actual time=0.243..573.063 rows=48827 loops=1)
                                       ->  Nested Loop  (cost=0.00..21594.87 rows=37505 width=4) (actual time=0.190..157.127 rows=48827 loops=1)
                                             ->  Seq Scan on dataset a3_  (cost=0.00..23.93 rows=1 width=4) (actual time=0.136..0.213 rows=1 loops=1)
                                                   Filter: (lower(title) ~~ 'dm_s2rp_totalrna_p200_020-022-024_38bp'::text)
                                             ->  Index Scan using bioentitiesdatasets__datasets on bioentitiesdatasets indirect1  (cost=0.00..21102.12 rows=37505 width=8) (actual time=0.046..58.829 rows=48827 loops=1)
                                                   Index Cond: (indirect1.datasets = a3_.id)
                                       ->  Index Scan using transcriptregion_pkey on transcriptregion a2_  (cost=0.00..0.53 rows=1 width=35) (actual time=0.003..0.004 rows=1 loops=48827)
                                             Index Cond: (a2_.id = indirect1.bioentities)
                     ->  Hash  (cost=37148.49..37148.49 rows=248386 width=33) (actual time=3302.196..3302.196 rows=248386 loops=1)
                           ->  Merge Join  (cost=5.54..37148.49 rows=248386 width=33) (actual time=24.278..2923.596 rows=248386 loops=1)
                                 Merge Cond: (a1_.chromosomelocationid = a4_.id)
                                 ->  Index Scan using exon__chromosomelocation on exon a1_  (cost=0.00..11148.20 rows=248386 width=23) (actual time=24.237..409.224 rows=248386 loops=1)
                                 ->  Index Scan using location_pkey on location a4_  (cost=0.00..183381.32 rows=5584404 width=14) (actual time=0.025..1190.523 rows=645798 loops=1)
               ->  Hash  (cost=1357.61..1357.61 rows=48661 width=18) (actual time=123.618..123.618 rows=48661 loops=1)
                     ->  Seq Scan on gene a5_  (cost=0.00..1357.61 rows=48661 width=18) (actual time=0.047..62.923 rows=48661 loops=1)
 Total runtime: 204074.606 ms
(34 rows)

Time: 204149.908 ms
                                                                                                        QUERY PLAN                                                                                                        
--------------------------------------------------------------------------------------------------------------------------------------------------------------------------------------------------------------------------
 Unique  (cost=2295128.83..2296422.73 rows=47051 width=82) (actual time=203106.695..203237.334 rows=39884 loops=1)
   ->  Sort  (cost=2295128.83..2295246.46 rows=47051 width=82) (actual time=203106.689..203149.735 rows=39884 loops=1)
         Sort Key: a1_.primaryidentifier, a2_.secondaryidentifier, a4_.intermine_start, a4_.intermine_end, a4_.strand, a5_.primaryidentifier, a1_.id, a2_.id, a4_.id, a5_.id
         Sort Method:  quicksort  Memory: 7145kB
         ->  Hash Join  (cost=2096621.98..2291477.22 rows=47051 width=82) (actual time=186515.635..202974.232 rows=39884 loops=1)
               Hash Cond: (a1_.geneid = a5_.id)
               ->  Hash Join  (cost=2094656.11..2288556.11 rows=48473 width=68) (actual time=186392.121..202712.555 rows=40032 loops=1)
                     Hash Cond: (l1.subjectid = a1_.id)
                     ->  Hash Join  (cost=2054402.80..2247212.15 rows=48473 width=39) (actual time=183546.902..199704.765 rows=40032 loops=1)
                           Hash Cond: (l2.subjectid = a2_.id)
                           ->  HashAggregate  (cost=2012300.05..2093278.84 rows=8097879 width=24) (actual time=182900.318..190023.861 rows=4677887 loops=1)
                                 ->  Nested Loop  (cost=0.00..1890831.87 rows=8097879 width=24) (actual time=0.169..174604.913 rows=4764114 loops=1)
                                       Join Filter: ((l1.intermine_start <= l2.intermine_end) AND (l2.intermine_start <= l1.intermine_end))
                                       ->  Index Scan using locationbin16000__subjectobjectbin on locationbin16000 l1  (cost=0.00..82684.70 rows=247715 width=20) (actual time=0.048..354.561 rows=252703 loops=1)
                                             Index Cond: (subjecttype = 'org.intermine.model.bio.Exon'::text)
                                       ->  Index Scan using locationbin16000__subjectobjectbin on locationbin16000 l2  (cost=0.00..5.24 rows=103 width=20) (actual time=0.017..0.370 rows=276 loops=252703)
                                             Index Cond: ((l2.subjecttype = 'org.intermine.model.bio.TranscriptRegion'::text) AND (l2.objectid = l1.objectid) AND (l2.bin = l1.bin))
                           ->  Hash  (cost=41801.57..41801.57 rows=24094 width=39) (actual time=645.109..645.109 rows=48827 loops=1)
                                 ->  Nested Loop  (cost=0.00..41801.57 rows=24094 width=39) (actual time=0.312..573.949 rows=48827 loops=1)
                                       ->  Nested Loop  (cost=0.00..21594.87 rows=37505 width=4) (actual time=0.267..157.488 rows=48827 loops=1)
                                             ->  Seq Scan on dataset a3_  (cost=0.00..23.93 rows=1 width=4) (actual time=0.209..0.323 rows=1 loops=1)
                                                   Filter: (lower(title) ~~ 'dm_s2rp_totalrna_p200_020-022-024_38bp'::text)
                                             ->  Index Scan using bioentitiesdatasets__datasets on bioentitiesdatasets indirect1  (cost=0.00..21102.12 rows=37505 width=8) (actual time=0.051..58.919 rows=48827 loops=1)
                                                   Index Cond: (indirect1.datasets = a3_.id)
                                       ->  Index Scan using transcriptregion_pkey on transcriptregion a2_  (cost=0.00..0.53 rows=1 width=35) (actual time=0.003..0.004 rows=1 loops=48827)
                                             Index Cond: (a2_.id = indirect1.bioentities)
                     ->  Hash  (cost=37148.49..37148.49 rows=248386 width=33) (actual time=2845.087..2845.087 rows=248386 loops=1)
                           ->  Merge Join  (cost=5.54..37148.49 rows=248386 width=33) (actual time=0.113..2464.836 rows=248386 loops=1)
                                 Merge Cond: (a1_.chromosomelocationid = a4_.id)
                                 ->  Index Scan using exon__chromosomelocation on exon a1_  (cost=0.00..11148.20 rows=248386 width=23) (actual time=0.060..322.628 rows=248386 loops=1)
                                 ->  Index Scan using location_pkey on location a4_  (cost=0.00..183381.32 rows=5584404 width=14) (actual time=0.044..824.013 rows=645798 loops=1)
               ->  Hash  (cost=1357.61..1357.61 rows=48661 width=18) (actual time=123.474..123.474 rows=48661 loops=1)
                     ->  Seq Scan on gene a5_  (cost=0.00..1357.61 rows=48661 width=18) (actual time=0.034..62.476 rows=48661 loops=1)
 Total runtime: 203333.081 ms
(34 rows)

Time: 203407.803 ms
                                                                                                           QUERY PLAN                                                                                                           
--------------------------------------------------------------------------------------------------------------------------------------------------------------------------------------------------------------------------------
 Limit  (cost=2295128.83..2295142.58 rows=500 width=82) (actual time=203324.175..203326.776 rows=500 loops=1)
   ->  Unique  (cost=2295128.83..2296422.73 rows=47051 width=82) (actual time=203324.171..203325.834 rows=500 loops=1)
         ->  Sort  (cost=2295128.83..2295246.46 rows=47051 width=82) (actual time=203324.167..203324.715 rows=500 loops=1)
               Sort Key: a1_.primaryidentifier, a2_.secondaryidentifier, a4_.intermine_start, a4_.intermine_end, a4_.strand, a5_.primaryidentifier, a1_.id, a2_.id, a4_.id, a5_.id
               Sort Method:  quicksort  Memory: 7145kB
               ->  Hash Join  (cost=2096621.98..2291477.22 rows=47051 width=82) (actual time=186738.428..203192.083 rows=39884 loops=1)
                     Hash Cond: (a1_.geneid = a5_.id)
                     ->  Hash Join  (cost=2094656.11..2288556.11 rows=48473 width=68) (actual time=186614.952..202929.466 rows=40032 loops=1)
                           Hash Cond: (l1.subjectid = a1_.id)
                           ->  Hash Join  (cost=2054402.80..2247212.15 rows=48473 width=39) (actual time=183771.042..199923.599 rows=40032 loops=1)
                                 Hash Cond: (l2.subjectid = a2_.id)
                                 ->  HashAggregate  (cost=2012300.05..2093278.84 rows=8097879 width=24) (actual time=183123.100..190248.923 rows=4677887 loops=1)
                                       ->  Nested Loop  (cost=0.00..1890831.87 rows=8097879 width=24) (actual time=0.173..174809.492 rows=4764114 loops=1)
                                             Join Filter: ((l1.intermine_start <= l2.intermine_end) AND (l2.intermine_start <= l1.intermine_end))
                                             ->  Index Scan using locationbin16000__subjectobjectbin on locationbin16000 l1  (cost=0.00..82684.70 rows=247715 width=20) (actual time=0.052..356.633 rows=252703 loops=1)
                                                   Index Cond: (subjecttype = 'org.intermine.model.bio.Exon'::text)
                                             ->  Index Scan using locationbin16000__subjectobjectbin on locationbin16000 l2  (cost=0.00..5.24 rows=103 width=20) (actual time=0.017..0.370 rows=276 loops=252703)
                                                   Index Cond: ((l2.subjecttype = 'org.intermine.model.bio.TranscriptRegion'::text) AND (l2.objectid = l1.objectid) AND (l2.bin = l1.bin))
                                 ->  Hash  (cost=41801.57..41801.57 rows=24094 width=39) (actual time=646.473..646.473 rows=48827 loops=1)
                                       ->  Nested Loop  (cost=0.00..41801.57 rows=24094 width=39) (actual time=0.319..574.266 rows=48827 loops=1)
                                             ->  Nested Loop  (cost=0.00..21594.87 rows=37505 width=4) (actual time=0.276..157.278 rows=48827 loops=1)
                                                   ->  Seq Scan on dataset a3_  (cost=0.00..23.93 rows=1 width=4) (actual time=0.216..0.333 rows=1 loops=1)
                                                         Filter: (lower(title) ~~ 'dm_s2rp_totalrna_p200_020-022-024_38bp'::text)
                                                   ->  Index Scan using bioentitiesdatasets__datasets on bioentitiesdatasets indirect1  (cost=0.00..21102.12 rows=37505 width=8) (actual time=0.051..59.000 rows=48827 loops=1)
                                                         Index Cond: (indirect1.datasets = a3_.id)
                                             ->  Index Scan using transcriptregion_pkey on transcriptregion a2_  (cost=0.00..0.53 rows=1 width=35) (actual time=0.003..0.004 rows=1 loops=48827)
                                                   Index Cond: (a2_.id = indirect1.bioentities)
                           ->  Hash  (cost=37148.49..37148.49 rows=248386 width=33) (actual time=2843.788..2843.788 rows=248386 loops=1)
                                 ->  Merge Join  (cost=5.54..37148.49 rows=248386 width=33) (actual time=0.107..2466.560 rows=248386 loops=1)
                                       Merge Cond: (a1_.chromosomelocationid = a4_.id)
                                       ->  Index Scan using exon__chromosomelocation on exon a1_  (cost=0.00..11148.20 rows=248386 width=23) (actual time=0.054..320.909 rows=248386 loops=1)
                                       ->  Index Scan using location_pkey on location a4_  (cost=0.00..183381.32 rows=5584404 width=14) (actual time=0.042..823.691 rows=645798 loops=1)
                     ->  Hash  (cost=1357.61..1357.61 rows=48661 width=18) (actual time=123.436..123.436 rows=48661 loops=1)
                           ->  Seq Scan on gene a5_  (cost=0.00..1357.61 rows=48661 width=18) (actual time=0.034..62.929 rows=48661 loops=1)
 Total runtime: 203384.881 ms
(35 rows)

Time: 203459.512 ms
                                                                                                           QUERY PLAN                                                                                                           
--------------------------------------------------------------------------------------------------------------------------------------------------------------------------------------------------------------------------------
 Limit  (cost=2295128.83..2295142.58 rows=500 width=82) (actual time=203630.355..203632.974 rows=500 loops=1)
   ->  Unique  (cost=2295128.83..2296422.73 rows=47051 width=82) (actual time=203630.351..203632.021 rows=500 loops=1)
         ->  Sort  (cost=2295128.83..2295246.46 rows=47051 width=82) (actual time=203630.346..203630.897 rows=500 loops=1)
               Sort Key: a1_.primaryidentifier, a2_.secondaryidentifier, a4_.intermine_start, a4_.intermine_end, a4_.strand, a5_.primaryidentifier, a1_.id, a2_.id, a4_.id, a5_.id
               Sort Method:  quicksort  Memory: 7145kB
               ->  Hash Join  (cost=2096621.98..2291477.22 rows=47051 width=82) (actual time=187029.109..203498.077 rows=39884 loops=1)
                     Hash Cond: (a1_.geneid = a5_.id)
                     ->  Hash Join  (cost=2094656.11..2288556.11 rows=48473 width=68) (actual time=186905.905..203236.344 rows=40032 loops=1)
                           Hash Cond: (l1.subjectid = a1_.id)
                           ->  Hash Join  (cost=2054402.80..2247212.15 rows=48473 width=39) (actual time=184064.860..200233.358 rows=40032 loops=1)
                                 Hash Cond: (l2.subjectid = a2_.id)
                                 ->  HashAggregate  (cost=2012300.05..2093278.84 rows=8097879 width=24) (actual time=183417.397..190542.481 rows=4677887 loops=1)
                                       ->  Nested Loop  (cost=0.00..1890831.87 rows=8097879 width=24) (actual time=0.172..175123.609 rows=4764114 loops=1)
                                             Join Filter: ((l1.intermine_start <= l2.intermine_end) AND (l2.intermine_start <= l1.intermine_end))
                                             ->  Index Scan using locationbin16000__subjectobjectbin on locationbin16000 l1  (cost=0.00..82684.70 rows=247715 width=20) (actual time=0.050..356.561 rows=252703 loops=1)
                                                   Index Cond: (subjecttype = 'org.intermine.model.bio.Exon'::text)
                                             ->  Index Scan using locationbin16000__subjectobjectbin on locationbin16000 l2  (cost=0.00..5.24 rows=103 width=20) (actual time=0.018..0.371 rows=276 loops=252703)
                                                   Index Cond: ((l2.subjecttype = 'org.intermine.model.bio.TranscriptRegion'::text) AND (l2.objectid = l1.objectid) AND (l2.bin = l1.bin))
                                 ->  Hash  (cost=41801.57..41801.57 rows=24094 width=39) (actual time=646.000..646.000 rows=48827 loops=1)
                                       ->  Nested Loop  (cost=0.00..41801.57 rows=24094 width=39) (actual time=0.320..574.220 rows=48827 loops=1)
                                             ->  Nested Loop  (cost=0.00..21594.87 rows=37505 width=4) (actual time=0.277..156.038 rows=48827 loops=1)
                                                   ->  Seq Scan on dataset a3_  (cost=0.00..23.93 rows=1 width=4) (actual time=0.218..0.338 rows=1 loops=1)
                                                         Filter: (lower(title) ~~ 'dm_s2rp_totalrna_p200_020-022-024_38bp'::text)
                                                   ->  Index Scan using bioentitiesdatasets__datasets on bioentitiesdatasets indirect1  (cost=0.00..21102.12 rows=37505 width=8) (actual time=0.052..58.276 rows=48827 loops=1)
                                                         Index Cond: (indirect1.datasets = a3_.id)
                                             ->  Index Scan using transcriptregion_pkey on transcriptregion a2_  (cost=0.00..0.53 rows=1 width=35) (actual time=0.003..0.004 rows=1 loops=48827)
                                                   Index Cond: (a2_.id = indirect1.bioentities)
                           ->  Hash  (cost=37148.49..37148.49 rows=248386 width=33) (actual time=2840.929..2840.929 rows=248386 loops=1)
                                 ->  Merge Join  (cost=5.54..37148.49 rows=248386 width=33) (actual time=0.108..2462.395 rows=248386 loops=1)
                                       Merge Cond: (a1_.chromosomelocationid = a4_.id)
                                       ->  Index Scan using exon__chromosomelocation on exon a1_  (cost=0.00..11148.20 rows=248386 width=23) (actual time=0.056..319.865 rows=248386 loops=1)
                                       ->  Index Scan using location_pkey on location a4_  (cost=0.00..183381.32 rows=5584404 width=14) (actual time=0.042..820.127 rows=645798 loops=1)
                     ->  Hash  (cost=1357.61..1357.61 rows=48661 width=18) (actual time=123.165..123.165 rows=48661 loops=1)
                           ->  Seq Scan on gene a5_  (cost=0.00..1357.61 rows=48661 width=18) (actual time=0.035..62.119 rows=48661 loops=1)
 Total runtime: 203691.049 ms
(35 rows)

Time: 203765.828 ms
                                                                                                     QUERY PLAN                                                                                                     
--------------------------------------------------------------------------------------------------------------------------------------------------------------------------------------------------------------------
 Unique  (cost=4810049.62..4811489.18 rows=115165 width=53) (actual time=557179.254..557235.433 rows=17651 loops=1)
   ->  Sort  (cost=4810049.62..4810337.53 rows=115165 width=53) (actual time=557179.249..557197.815 rows=17651 loops=1)
         Sort Key: a4_.primaryidentifier, a2_.secondaryidentifier, a2_.id, a4_.id
         Sort Method:  quicksort  Memory: 3247kB
         ->  Hash Join  (cost=4339973.73..4800368.07 rows=115165 width=53) (actual time=454196.578..557107.448 rows=17651 loops=1)
               Hash Cond: (l1.subjectid = a1_.id)
               ->  Hash Join  (cost=4324105.77..4782196.81 rows=115165 width=39) (actual time=453630.796..555920.870 rows=301900 loops=1)
                     Hash Cond: (l2.subjectid = a2_.id)
                     ->  HashAggregate  (cost=4282003.03..4474398.56 rows=19239553 width=24) (actual time=452980.140..499059.644 rows=29345747 loops=1)
                           ->  Nested Loop  (cost=0.00..3993409.73 rows=19239553 width=24) (actual time=0.176..399030.045 rows=30053421 loops=1)
                                 Join Filter: ((l1.intermine_start <= l2.intermine_end) AND (l2.intermine_start <= l1.intermine_end))
                                 ->  Index Scan using locationbin16000__subjecttypeid on locationbin16000 l1  (cost=0.00..95889.43 rows=588540 width=20) (actual time=0.056..1045.421 rows=590469 loops=1)
                                       Index Cond: (subjecttype = 'org.intermine.model.bio.GeneFlankingRegion'::text)
                                 ->  Index Scan using locationbin16000__subjectobjectbin on locationbin16000 l2  (cost=0.00..4.56 rows=103 width=20) (actual time=0.017..0.344 rows=253 loops=590469)
                                       Index Cond: ((l2.subjecttype = 'org.intermine.model.bio.TranscriptRegion'::text) AND (l2.objectid = l1.objectid) AND (l2.bin = l1.bin))
                     ->  Hash  (cost=41801.57..41801.57 rows=24094 width=39) (actual time=650.513..650.513 rows=48827 loops=1)
                           ->  Nested Loop  (cost=0.00..41801.57 rows=24094 width=39) (actual time=0.311..578.680 rows=48827 loops=1)
                                 ->  Nested Loop  (cost=0.00..21594.87 rows=37505 width=4) (actual time=0.267..157.377 rows=48827 loops=1)
                                       ->  Seq Scan on dataset a3_  (cost=0.00..23.93 rows=1 width=4) (actual time=0.206..0.321 rows=1 loops=1)
                                             Filter: (lower(title) ~~ 'dm_s2rp_totalrna_p200_020-022-024_38bp'::text)
                                       ->  Index Scan using bioentitiesdatasets__datasets on bioentitiesdatasets indirect1  (cost=0.00..21102.12 rows=37505 width=8) (actual time=0.053..57.796 rows=48827 loops=1)
                                             Index Cond: (indirect1.datasets = a3_.id)
                                 ->  Index Scan using transcriptregion_pkey on transcriptregion a2_  (cost=0.00..0.53 rows=1 width=35) (actual time=0.003..0.004 rows=1 loops=48827)
                                       Index Cond: (a2_.id = indirect1.bioentities)
               ->  Hash  (cost=15269.67..15269.67 rows=47863 width=22) (actual time=552.543..552.543 rows=47985 loops=1)
                     ->  Hash Join  (cost=3225.65..15269.67 rows=47863 width=22) (actual time=139.790..485.379 rows=47985 loops=1)
                           Hash Cond: (a1_.geneid = a4_.id)
                           ->  Bitmap Heap Scan on geneflankingregion a1_  (cost=1259.78..12346.54 rows=47863 width=8) (actual time=15.505..221.894 rows=47985 loops=1)
                                 Filter: ((lower(distance) ~~ '2.0kb'::text) AND (lower(direction) ~~ 'upstream'::text))
                                 ->  Bitmap Index Scan on geneflankingregion__distance_like  (cost=0.00..1247.81 rows=95938 width=0) (actual time=13.703..13.703 rows=95970 loops=1)
                                       Index Cond: (lower(distance) = '2.0kb'::text)
                           ->  Hash  (cost=1357.61..1357.61 rows=48661 width=18) (actual time=124.238..124.238 rows=48661 loops=1)
                                 ->  Seq Scan on gene a4_  (cost=0.00..1357.61 rows=48661 width=18) (actual time=0.016..62.742 rows=48661 loops=1)
 Total runtime: 557487.918 ms
(34 rows)

Time: 557840.618 ms
                                                                                                     QUERY PLAN                                                                                                     
--------------------------------------------------------------------------------------------------------------------------------------------------------------------------------------------------------------------
 Unique  (cost=4810049.62..4811489.18 rows=115165 width=53) (actual time=556772.374..556829.158 rows=17651 loops=1)
   ->  Sort  (cost=4810049.62..4810337.53 rows=115165 width=53) (actual time=556772.370..556791.222 rows=17651 loops=1)
         Sort Key: a4_.primaryidentifier, a2_.secondaryidentifier, a2_.id, a4_.id
         Sort Method:  quicksort  Memory: 3247kB
         ->  Hash Join  (cost=4339973.73..4800368.07 rows=115165 width=53) (actual time=454194.273..556693.807 rows=17651 loops=1)
               Hash Cond: (l1.subjectid = a1_.id)
               ->  Hash Join  (cost=4324105.77..4782196.81 rows=115165 width=39) (actual time=453633.510..555517.572 rows=301900 loops=1)
                     Hash Cond: (l2.subjectid = a2_.id)
                     ->  HashAggregate  (cost=4282003.03..4474398.56 rows=19239553 width=24) (actual time=452985.107..498727.946 rows=29345747 loops=1)
                           ->  Nested Loop  (cost=0.00..3993409.73 rows=19239553 width=24) (actual time=0.171..399263.772 rows=30053421 loops=1)
                                 Join Filter: ((l1.intermine_start <= l2.intermine_end) AND (l2.intermine_start <= l1.intermine_end))
                                 ->  Index Scan using locationbin16000__subjecttypeid on locationbin16000 l1  (cost=0.00..95889.43 rows=588540 width=20) (actual time=0.054..1046.383 rows=590469 loops=1)
                                       Index Cond: (subjecttype = 'org.intermine.model.bio.GeneFlankingRegion'::text)
                                 ->  Index Scan using locationbin16000__subjectobjectbin on locationbin16000 l2  (cost=0.00..4.56 rows=103 width=20) (actual time=0.017..0.344 rows=253 loops=590469)
                                       Index Cond: ((l2.subjecttype = 'org.intermine.model.bio.TranscriptRegion'::text) AND (l2.objectid = l1.objectid) AND (l2.bin = l1.bin))
                     ->  Hash  (cost=41801.57..41801.57 rows=24094 width=39) (actual time=648.264..648.264 rows=48827 loops=1)
                           ->  Nested Loop  (cost=0.00..41801.57 rows=24094 width=39) (actual time=0.308..576.696 rows=48827 loops=1)
                                 ->  Nested Loop  (cost=0.00..21594.87 rows=37505 width=4) (actual time=0.266..156.764 rows=48827 loops=1)
                                       ->  Seq Scan on dataset a3_  (cost=0.00..23.93 rows=1 width=4) (actual time=0.205..0.321 rows=1 loops=1)
                                             Filter: (lower(title) ~~ 'dm_s2rp_totalrna_p200_020-022-024_38bp'::text)
                                       ->  Index Scan using bioentitiesdatasets__datasets on bioentitiesdatasets indirect1  (cost=0.00..21102.12 rows=37505 width=8) (actual time=0.052..58.652 rows=48827 loops=1)
                                             Index Cond: (indirect1.datasets = a3_.id)
                                 ->  Index Scan using transcriptregion_pkey on transcriptregion a2_  (cost=0.00..0.53 rows=1 width=35) (actual time=0.003..0.004 rows=1 loops=48827)
                                       Index Cond: (a2_.id = indirect1.bioentities)
               ->  Hash  (cost=15269.67..15269.67 rows=47863 width=22) (actual time=547.589..547.589 rows=47985 loops=1)
                     ->  Hash Join  (cost=3225.65..15269.67 rows=47863 width=22) (actual time=139.976..480.975 rows=47985 loops=1)
                           Hash Cond: (a1_.geneid = a4_.id)
                           ->  Bitmap Heap Scan on geneflankingregion a1_  (cost=1259.78..12346.54 rows=47863 width=8) (actual time=15.618..218.157 rows=47985 loops=1)
                                 Filter: ((lower(distance) ~~ '2.0kb'::text) AND (lower(direction) ~~ 'upstream'::text))
                                 ->  Bitmap Index Scan on geneflankingregion__distance_like  (cost=0.00..1247.81 rows=95938 width=0) (actual time=13.805..13.805 rows=95970 loops=1)
                                       Index Cond: (lower(distance) = '2.0kb'::text)
                           ->  Hash  (cost=1357.61..1357.61 rows=48661 width=18) (actual time=124.315..124.315 rows=48661 loops=1)
                                 ->  Seq Scan on gene a4_  (cost=0.00..1357.61 rows=48661 width=18) (actual time=0.016..62.610 rows=48661 loops=1)
 Total runtime: 557081.051 ms
(34 rows)

Time: 557421.593 ms
                                                                                                        QUERY PLAN                                                                                                        
--------------------------------------------------------------------------------------------------------------------------------------------------------------------------------------------------------------------------
 Limit  (cost=4808409.92..4808411.17 rows=500 width=53) (actual time=557587.659..557589.089 rows=500 loops=1)
   ->  Sort  (cost=4808409.92..4808697.83 rows=115165 width=53) (actual time=557587.655..557588.145 rows=500 loops=1)
         Sort Key: a4_.primaryidentifier, a2_.secondaryidentifier, a2_.id, a4_.id
         Sort Method:  top-N heapsort  Memory: 94kB
         ->  HashAggregate  (cost=4801519.72..4802671.37 rows=115165 width=53) (actual time=557538.885..557561.659 rows=17651 loops=1)
               ->  Hash Join  (cost=4339973.73..4800368.07 rows=115165 width=53) (actual time=454417.281..557466.055 rows=17651 loops=1)
                     Hash Cond: (l1.subjectid = a1_.id)
                     ->  Hash Join  (cost=4324105.77..4782196.81 rows=115165 width=39) (actual time=453856.318..556287.952 rows=301900 loops=1)
                           Hash Cond: (l2.subjectid = a2_.id)
                           ->  HashAggregate  (cost=4282003.03..4474398.56 rows=19239553 width=24) (actual time=453208.082..499224.637 rows=29345747 loops=1)
                                 ->  Nested Loop  (cost=0.00..3993409.73 rows=19239553 width=24) (actual time=0.171..399695.564 rows=30053421 loops=1)
                                       Join Filter: ((l1.intermine_start <= l2.intermine_end) AND (l2.intermine_start <= l1.intermine_end))
                                       ->  Index Scan using locationbin16000__subjecttypeid on locationbin16000 l1  (cost=0.00..95889.43 rows=588540 width=20) (actual time=0.054..1049.535 rows=590469 loops=1)
                                             Index Cond: (subjecttype = 'org.intermine.model.bio.GeneFlankingRegion'::text)
                                       ->  Index Scan using locationbin16000__subjectobjectbin on locationbin16000 l2  (cost=0.00..4.56 rows=103 width=20) (actual time=0.017..0.344 rows=253 loops=590469)
                                             Index Cond: ((l2.subjecttype = 'org.intermine.model.bio.TranscriptRegion'::text) AND (l2.objectid = l1.objectid) AND (l2.bin = l1.bin))
                           ->  Hash  (cost=41801.57..41801.57 rows=24094 width=39) (actual time=648.077..648.077 rows=48827 loops=1)
                                 ->  Nested Loop  (cost=0.00..41801.57 rows=24094 width=39) (actual time=0.309..576.298 rows=48827 loops=1)
                                       ->  Nested Loop  (cost=0.00..21594.87 rows=37505 width=4) (actual time=0.267..155.465 rows=48827 loops=1)
                                             ->  Seq Scan on dataset a3_  (cost=0.00..23.93 rows=1 width=4) (actual time=0.208..0.324 rows=1 loops=1)
                                                   Filter: (lower(title) ~~ 'dm_s2rp_totalrna_p200_020-022-024_38bp'::text)
                                             ->  Index Scan using bioentitiesdatasets__datasets on bioentitiesdatasets indirect1  (cost=0.00..21102.12 rows=37505 width=8) (actual time=0.051..57.774 rows=48827 loops=1)
                                                   Index Cond: (indirect1.datasets = a3_.id)
                                       ->  Index Scan using transcriptregion_pkey on transcriptregion a2_  (cost=0.00..0.53 rows=1 width=35) (actual time=0.003..0.004 rows=1 loops=48827)
                                             Index Cond: (a2_.id = indirect1.bioentities)
                     ->  Hash  (cost=15269.67..15269.67 rows=47863 width=22) (actual time=547.759..547.759 rows=47985 loops=1)
                           ->  Hash Join  (cost=3225.65..15269.67 rows=47863 width=22) (actual time=141.106..479.438 rows=47985 loops=1)
                                 Hash Cond: (a1_.geneid = a4_.id)
                                 ->  Bitmap Heap Scan on geneflankingregion a1_  (cost=1259.78..12346.54 rows=47863 width=8) (actual time=15.673..215.585 rows=47985 loops=1)
                                       Filter: ((lower(distance) ~~ '2.0kb'::text) AND (lower(direction) ~~ 'upstream'::text))
                                       ->  Bitmap Index Scan on geneflankingregion__distance_like  (cost=0.00..1247.81 rows=95938 width=0) (actual time=13.824..13.824 rows=95970 loops=1)
                                             Index Cond: (lower(distance) = '2.0kb'::text)
                                 ->  Hash  (cost=1357.61..1357.61 rows=48661 width=18) (actual time=125.384..125.384 rows=48661 loops=1)
                                       ->  Seq Scan on gene a4_  (cost=0.00..1357.61 rows=48661 width=18) (actual time=0.016..62.958 rows=48661 loops=1)
 Total runtime: 557824.641 ms
(35 rows)

Time: 558166.322 ms
                                                                                                        QUERY PLAN                                                                                                        
--------------------------------------------------------------------------------------------------------------------------------------------------------------------------------------------------------------------------
 Limit  (cost=4808409.92..4808411.17 rows=500 width=53) (actual time=557645.298..557646.722 rows=500 loops=1)
   ->  Sort  (cost=4808409.92..4808697.83 rows=115165 width=53) (actual time=557645.294..557645.774 rows=500 loops=1)
         Sort Key: a4_.primaryidentifier, a2_.secondaryidentifier, a2_.id, a4_.id
         Sort Method:  top-N heapsort  Memory: 94kB
         ->  HashAggregate  (cost=4801519.72..4802671.37 rows=115165 width=53) (actual time=557596.440..557619.255 rows=17651 loops=1)
               ->  Hash Join  (cost=4339973.73..4800368.07 rows=115165 width=53) (actual time=454511.903..557523.907 rows=17651 loops=1)
                     Hash Cond: (l1.subjectid = a1_.id)
                     ->  Hash Join  (cost=4324105.77..4782196.81 rows=115165 width=39) (actual time=453950.643..556342.950 rows=301900 loops=1)
                           Hash Cond: (l2.subjectid = a2_.id)
                           ->  HashAggregate  (cost=4282003.03..4474398.56 rows=19239553 width=24) (actual time=453303.457..499288.004 rows=29345747 loops=1)
                                 ->  Nested Loop  (cost=0.00..3993409.73 rows=19239553 width=24) (actual time=0.176..399768.271 rows=30053421 loops=1)
                                       Join Filter: ((l1.intermine_start <= l2.intermine_end) AND (l2.intermine_start <= l1.intermine_end))
                                       ->  Index Scan using locationbin16000__subjecttypeid on locationbin16000 l1  (cost=0.00..95889.43 rows=588540 width=20) (actual time=0.057..1051.100 rows=590469 loops=1)
                                             Index Cond: (subjecttype = 'org.intermine.model.bio.GeneFlankingRegion'::text)
                                       ->  Index Scan using locationbin16000__subjectobjectbin on locationbin16000 l2  (cost=0.00..4.56 rows=103 width=20) (actual time=0.017..0.345 rows=253 loops=590469)
                                             Index Cond: ((l2.subjecttype = 'org.intermine.model.bio.TranscriptRegion'::text) AND (l2.objectid = l1.objectid) AND (l2.bin = l1.bin))
                           ->  Hash  (cost=41801.57..41801.57 rows=24094 width=39) (actual time=647.027..647.027 rows=48827 loops=1)
                                 ->  Nested Loop  (cost=0.00..41801.57 rows=24094 width=39) (actual time=0.307..575.718 rows=48827 loops=1)
                                       ->  Nested Loop  (cost=0.00..21594.87 rows=37505 width=4) (actual time=0.264..156.459 rows=48827 loops=1)
                                             ->  Seq Scan on dataset a3_  (cost=0.00..23.93 rows=1 width=4) (actual time=0.205..0.321 rows=1 loops=1)
                                                   Filter: (lower(title) ~~ 'dm_s2rp_totalrna_p200_020-022-024_38bp'::text)
                                             ->  Index Scan using bioentitiesdatasets__datasets on bioentitiesdatasets indirect1  (cost=0.00..21102.12 rows=37505 width=8) (actual time=0.051..57.976 rows=48827 loops=1)
                                                   Index Cond: (indirect1.datasets = a3_.id)
                                       ->  Index Scan using transcriptregion_pkey on transcriptregion a2_  (cost=0.00..0.53 rows=1 width=35) (actual time=0.003..0.004 rows=1 loops=48827)
                                             Index Cond: (a2_.id = indirect1.bioentities)
                     ->  Hash  (cost=15269.67..15269.67 rows=47863 width=22) (actual time=547.902..547.902 rows=47985 loops=1)
                           ->  Hash Join  (cost=3225.65..15269.67 rows=47863 width=22) (actual time=141.280..480.760 rows=47985 loops=1)
                                 Hash Cond: (a1_.geneid = a4_.id)
                                 ->  Bitmap Heap Scan on geneflankingregion a1_  (cost=1259.78..12346.54 rows=47863 width=8) (actual time=15.676..216.300 rows=47985 loops=1)
                                       Filter: ((lower(distance) ~~ '2.0kb'::text) AND (lower(direction) ~~ 'upstream'::text))
                                       ->  Bitmap Index Scan on geneflankingregion__distance_like  (cost=0.00..1247.81 rows=95938 width=0) (actual time=13.872..13.872 rows=95970 loops=1)
                                             Index Cond: (lower(distance) = '2.0kb'::text)
                                 ->  Hash  (cost=1357.61..1357.61 rows=48661 width=18) (actual time=125.555..125.555 rows=48661 loops=1)
                                       ->  Seq Scan on gene a4_  (cost=0.00..1357.61 rows=48661 width=18) (actual time=0.016..63.062 rows=48661 loops=1)
 Total runtime: 557882.369 ms
(35 rows)

Time: 558224.106 ms
                                                                                 QUERY PLAN                                                                                 
----------------------------------------------------------------------------------------------------------------------------------------------------------------------------
 Sort  (cost=81026.05..81027.96 rows=763 width=4) (actual time=15.751..15.868 rows=118 loops=1)
   Sort Key: a1_.id
   Sort Method:  quicksort  Memory: 30kB
   ->  Nested Loop  (cost=77476.18..80989.52 rows=763 width=4) (actual time=12.284..15.573 rows=118 loops=1)
         ->  HashAggregate  (cost=77476.18..77483.81 rows=763 width=24) (actual time=12.222..12.377 rows=120 loops=1)
               ->  Nested Loop  (cost=53.25..77464.74 rows=763 width=24) (actual time=1.023..11.849 rows=240 loops=1)
                     Join Filter: ((l1.intermine_start <= l2.intermine_end) AND (l2.intermine_start <= l1.intermine_end) AND (l1.objectid = l2.objectid))
                     ->  Index Scan using locationbin16000__subjectid on locationbin16000 l1  (cost=0.00..28.42 rows=14 width=20) (actual time=0.057..0.061 rows=1 loops=1)
                           Index Cond: (232042548 = subjectid)
                     ->  Bitmap Heap Scan on locationbin16000 l2  (cost=53.25..5452.15 rows=3951 width=20) (actual time=0.563..6.557 rows=4481 loops=1)
                           Recheck Cond: (l2.bin = l1.bin)
                           ->  Bitmap Index Scan on locationbin16000__bin  (cost=0.00..52.26 rows=3951 width=0) (actual time=0.531..0.531 rows=4481 loops=1)
                                 Index Cond: (l2.bin = l1.bin)
         ->  Index Scan using locatedsequencefeature_pkey on locatedsequencefeature a1_  (cost=0.00..4.57 rows=1 width=4) (actual time=0.021..0.022 rows=1 loops=120)
               Index Cond: (a1_.id = l2.subjectid)
 Total runtime: 16.063 ms
(16 rows)

Time: 18.085 ms
                                                                                 QUERY PLAN                                                                                 
----------------------------------------------------------------------------------------------------------------------------------------------------------------------------
 Sort  (cost=81026.05..81027.96 rows=763 width=4) (actual time=12.558..12.672 rows=118 loops=1)
   Sort Key: a1_.id
   Sort Method:  quicksort  Memory: 30kB
   ->  Nested Loop  (cost=77476.18..80989.52 rows=763 width=4) (actual time=11.000..12.387 rows=118 loops=1)
         ->  HashAggregate  (cost=77476.18..77483.81 rows=763 width=24) (actual time=10.987..11.119 rows=120 loops=1)
               ->  Nested Loop  (cost=53.25..77464.74 rows=763 width=24) (actual time=0.757..10.670 rows=240 loops=1)
                     Join Filter: ((l1.intermine_start <= l2.intermine_end) AND (l2.intermine_start <= l1.intermine_end) AND (l1.objectid = l2.objectid))
                     ->  Index Scan using locationbin16000__subjectid on locationbin16000 l1  (cost=0.00..28.42 rows=14 width=20) (actual time=0.013..0.014 rows=1 loops=1)
                           Index Cond: (232042548 = subjectid)
                     ->  Bitmap Heap Scan on locationbin16000 l2  (cost=53.25..5452.15 rows=3951 width=20) (actual time=0.438..5.332 rows=4481 loops=1)
                           Recheck Cond: (l2.bin = l1.bin)
                           ->  Bitmap Index Scan on locationbin16000__bin  (cost=0.00..52.26 rows=3951 width=0) (actual time=0.414..0.414 rows=4481 loops=1)
                                 Index Cond: (l2.bin = l1.bin)
         ->  Index Scan using locatedsequencefeature_pkey on locatedsequencefeature a1_  (cost=0.00..4.57 rows=1 width=4) (actual time=0.005..0.006 rows=1 loops=120)
               Index Cond: (a1_.id = l2.subjectid)
 Total runtime: 12.862 ms
(16 rows)

Time: 14.004 ms
                                                                                    QUERY PLAN                                                                                    
----------------------------------------------------------------------------------------------------------------------------------------------------------------------------------
 Limit  (cost=81026.05..81027.30 rows=500 width=4) (actual time=12.632..12.970 rows=118 loops=1)
   ->  Sort  (cost=81026.05..81027.96 rows=763 width=4) (actual time=12.629..12.743 rows=118 loops=1)
         Sort Key: a1_.id
         Sort Method:  quicksort  Memory: 30kB
         ->  Nested Loop  (cost=77476.18..80989.52 rows=763 width=4) (actual time=11.080..12.448 rows=118 loops=1)
               ->  HashAggregate  (cost=77476.18..77483.81 rows=763 width=24) (actual time=11.065..11.201 rows=120 loops=1)
                     ->  Nested Loop  (cost=53.25..77464.74 rows=763 width=24) (actual time=0.863..10.728 rows=240 loops=1)
                           Join Filter: ((l1.intermine_start <= l2.intermine_end) AND (l2.intermine_start <= l1.intermine_end) AND (l1.objectid = l2.objectid))
                           ->  Index Scan using locationbin16000__subjectid on locationbin16000 l1  (cost=0.00..28.42 rows=14 width=20) (actual time=0.012..0.014 rows=1 loops=1)
                                 Index Cond: (232042548 = subjectid)
                           ->  Bitmap Heap Scan on locationbin16000 l2  (cost=53.25..5452.15 rows=3951 width=20) (actual time=0.437..5.384 rows=4481 loops=1)
                                 Recheck Cond: (l2.bin = l1.bin)
                                 ->  Bitmap Index Scan on locationbin16000__bin  (cost=0.00..52.26 rows=3951 width=0) (actual time=0.414..0.414 rows=4481 loops=1)
                                       Index Cond: (l2.bin = l1.bin)
               ->  Index Scan using locatedsequencefeature_pkey on locatedsequencefeature a1_  (cost=0.00..4.57 rows=1 width=4) (actual time=0.005..0.006 rows=1 loops=120)
                     Index Cond: (a1_.id = l2.subjectid)
 Total runtime: 13.161 ms
(17 rows)

Time: 14.305 ms
                                                                                    QUERY PLAN                                                                                    
----------------------------------------------------------------------------------------------------------------------------------------------------------------------------------
 Limit  (cost=81026.05..81027.30 rows=500 width=4) (actual time=12.532..12.869 rows=118 loops=1)
   ->  Sort  (cost=81026.05..81027.96 rows=763 width=4) (actual time=12.529..12.643 rows=118 loops=1)
         Sort Key: a1_.id
         Sort Method:  quicksort  Memory: 30kB
         ->  Nested Loop  (cost=77476.18..80989.52 rows=763 width=4) (actual time=10.985..12.349 rows=118 loops=1)
               ->  HashAggregate  (cost=77476.18..77483.81 rows=763 width=24) (actual time=10.972..11.109 rows=120 loops=1)
                     ->  Nested Loop  (cost=53.25..77464.74 rows=763 width=24) (actual time=0.752..10.656 rows=240 loops=1)
                           Join Filter: ((l1.intermine_start <= l2.intermine_end) AND (l2.intermine_start <= l1.intermine_end) AND (l1.objectid = l2.objectid))
                           ->  Index Scan using locationbin16000__subjectid on locationbin16000 l1  (cost=0.00..28.42 rows=14 width=20) (actual time=0.012..0.014 rows=1 loops=1)
                                 Index Cond: (232042548 = subjectid)
                           ->  Bitmap Heap Scan on locationbin16000 l2  (cost=53.25..5452.15 rows=3951 width=20) (actual time=0.436..5.307 rows=4481 loops=1)
                                 Recheck Cond: (l2.bin = l1.bin)
                                 ->  Bitmap Index Scan on locationbin16000__bin  (cost=0.00..52.26 rows=3951 width=0) (actual time=0.413..0.413 rows=4481 loops=1)
                                       Index Cond: (l2.bin = l1.bin)
               ->  Index Scan using locatedsequencefeature_pkey on locatedsequencefeature a1_  (cost=0.00..4.57 rows=1 width=4) (actual time=0.005..0.006 rows=1 loops=120)
                     Index Cond: (a1_.id = l2.subjectid)
 Total runtime: 13.056 ms
(17 rows)

Time: 14.190 ms
                                                                                             QUERY PLAN                                                                                             
----------------------------------------------------------------------------------------------------------------------------------------------------------------------------------------------------
 Sort  (cost=151461.66..151589.02 rows=50944 width=46) (actual time=3598.680..3735.331 rows=129835 loops=1)
   Sort Key: a1_.primaryidentifier, a2_.primaryidentifier, a1_.id, a2_.id
   Sort Method:  quicksort  Memory: 15320kB
   ->  Hash Join  (cost=144422.06..147478.70 rows=50944 width=46) (actual time=2271.911..3167.201 rows=129835 loops=1)
         Hash Cond: (l2.subjectid = a2_.id)
         ->  Hash Join  (cost=140094.12..142131.88 rows=50944 width=22) (actual time=2007.875..2535.721 rows=129835 loops=1)
               Hash Cond: (l1.subjectid = a1_.id)
               ->  HashAggregate  (cost=138128.24..138637.68 rows=50944 width=24) (actual time=1884.657..2057.973 rows=129835 loops=1)
                     ->  Merge Join  (cost=87380.58..137364.08 rows=50944 width=24) (actual time=416.648..1655.070 rows=141843 loops=1)
                           Merge Cond: ((l1.objectid = l2.objectid) AND (l1.bin = l2.bin))
                           Join Filter: ((l1.intermine_start <= l2.intermine_end) AND (l2.intermine_start <= l1.intermine_end))
                           ->  Index Scan using locationbin16000__subjectobjectbin on locationbin16000 l1  (cost=0.00..39383.25 rows=56804 width=20) (actual time=0.074..27.754 rows=20225 loops=1)
                                 Index Cond: (subjecttype = 'org.intermine.model.bio.Gene'::text)
                           ->  Sort  (cost=87380.58..87664.03 rows=113380 width=20) (actual time=416.552..886.006 rows=482267 loops=1)
                                 Sort Key: l2.objectid, l2.bin
                                 Sort Method:  quicksort  Memory: 12617kB
                                 ->  Bitmap Heap Scan on locationbin16000 l2  (cost=2682.30..77861.87 rows=113380 width=20) (actual time=29.753..181.653 rows=122166 loops=1)
                                       Recheck Cond: (subjecttype = ANY ('{org.intermine.model.bio.ProteinBindingSite,org.intermine.model.bio.HistoneBindingSite}'::text[]))
                                       ->  Bitmap Index Scan on locationbin16000__subjecttypeid  (cost=0.00..2653.95 rows=113380 width=0) (actual time=29.493..29.493 rows=122166 loops=1)
                                             Index Cond: (subjecttype = ANY ('{org.intermine.model.bio.ProteinBindingSite,org.intermine.model.bio.HistoneBindingSite}'::text[]))
               ->  Hash  (cost=1357.61..1357.61 rows=48661 width=18) (actual time=123.163..123.163 rows=48661 loops=1)
                     ->  Seq Scan on gene a1_  (cost=0.00..1357.61 rows=48661 width=18) (actual time=0.014..62.478 rows=48661 loops=1)
         ->  Hash  (cost=3036.31..3036.31 rows=103331 width=28) (actual time=263.985..263.985 rows=103331 loops=1)
               ->  Seq Scan on proteinbindingsite a2_  (cost=0.00..3036.31 rows=103331 width=28) (actual time=0.030..131.418 rows=103331 loops=1)
 Total runtime: 3860.868 ms
(25 rows)

Time: 3862.800 ms
                                                                                             QUERY PLAN                                                                                             
----------------------------------------------------------------------------------------------------------------------------------------------------------------------------------------------------
 Sort  (cost=151461.66..151589.02 rows=50944 width=46) (actual time=3562.223..3697.884 rows=129835 loops=1)
   Sort Key: a1_.primaryidentifier, a2_.primaryidentifier, a1_.id, a2_.id
   Sort Method:  quicksort  Memory: 15320kB
   ->  Hash Join  (cost=144422.06..147478.70 rows=50944 width=46) (actual time=2237.793..3129.139 rows=129835 loops=1)
         Hash Cond: (l2.subjectid = a2_.id)
         ->  Hash Join  (cost=140094.12..142131.88 rows=50944 width=22) (actual time=1982.294..2508.197 rows=129835 loops=1)
               Hash Cond: (l1.subjectid = a1_.id)
               ->  HashAggregate  (cost=138128.24..138637.68 rows=50944 width=24) (actual time=1861.421..2033.894 rows=129835 loops=1)
                     ->  Merge Join  (cost=87380.58..137364.08 rows=50944 width=24) (actual time=395.035..1631.861 rows=141843 loops=1)
                           Merge Cond: ((l1.objectid = l2.objectid) AND (l1.bin = l2.bin))
                           Join Filter: ((l1.intermine_start <= l2.intermine_end) AND (l2.intermine_start <= l1.intermine_end))
                           ->  Index Scan using locationbin16000__subjectobjectbin on locationbin16000 l1  (cost=0.00..39383.25 rows=56804 width=20) (actual time=0.030..26.359 rows=20225 loops=1)
                                 Index Cond: (subjecttype = 'org.intermine.model.bio.Gene'::text)
                           ->  Sort  (cost=87380.58..87664.03 rows=113380 width=20) (actual time=394.983..864.592 rows=482267 loops=1)
                                 Sort Key: l2.objectid, l2.bin
                                 Sort Method:  quicksort  Memory: 12617kB
                                 ->  Bitmap Heap Scan on locationbin16000 l2  (cost=2682.30..77861.87 rows=113380 width=20) (actual time=22.852..170.917 rows=122166 loops=1)
                                       Recheck Cond: (subjecttype = ANY ('{org.intermine.model.bio.ProteinBindingSite,org.intermine.model.bio.HistoneBindingSite}'::text[]))
                                       ->  Bitmap Index Scan on locationbin16000__subjecttypeid  (cost=0.00..2653.95 rows=113380 width=0) (actual time=22.611..22.611 rows=122166 loops=1)
                                             Index Cond: (subjecttype = ANY ('{org.intermine.model.bio.ProteinBindingSite,org.intermine.model.bio.HistoneBindingSite}'::text[]))
               ->  Hash  (cost=1357.61..1357.61 rows=48661 width=18) (actual time=120.821..120.821 rows=48661 loops=1)
                     ->  Seq Scan on gene a1_  (cost=0.00..1357.61 rows=48661 width=18) (actual time=0.004..61.887 rows=48661 loops=1)
         ->  Hash  (cost=3036.31..3036.31 rows=103331 width=28) (actual time=255.420..255.420 rows=103331 loops=1)
               ->  Seq Scan on proteinbindingsite a2_  (cost=0.00..3036.31 rows=103331 width=28) (actual time=0.010..128.977 rows=103331 loops=1)
 Total runtime: 3824.340 ms
(25 rows)

Time: 3826.186 ms
                                                                                                QUERY PLAN                                                                                                
----------------------------------------------------------------------------------------------------------------------------------------------------------------------------------------------------------
 Limit  (cost=150017.19..150018.44 rows=500 width=46) (actual time=3320.036..3321.489 rows=500 loops=1)
   ->  Sort  (cost=150017.19..150144.55 rows=50944 width=46) (actual time=3320.033..3320.515 rows=500 loops=1)
         Sort Key: a1_.primaryidentifier, a2_.primaryidentifier, a1_.id, a2_.id
         Sort Method:  top-N heapsort  Memory: 74kB
         ->  Hash Join  (cost=144422.06..147478.70 rows=50944 width=46) (actual time=2239.239..3137.129 rows=129835 loops=1)
               Hash Cond: (l2.subjectid = a2_.id)
               ->  Hash Join  (cost=140094.12..142131.88 rows=50944 width=22) (actual time=1983.474..2511.488 rows=129835 loops=1)
                     Hash Cond: (l1.subjectid = a1_.id)
                     ->  HashAggregate  (cost=138128.24..138637.68 rows=50944 width=24) (actual time=1862.578..2035.337 rows=129835 loops=1)
                           ->  Merge Join  (cost=87380.58..137364.08 rows=50944 width=24) (actual time=396.355..1634.379 rows=141843 loops=1)
                                 Merge Cond: ((l1.objectid = l2.objectid) AND (l1.bin = l2.bin))
                                 Join Filter: ((l1.intermine_start <= l2.intermine_end) AND (l2.intermine_start <= l1.intermine_end))
                                 ->  Index Scan using locationbin16000__subjectobjectbin on locationbin16000 l1  (cost=0.00..39383.25 rows=56804 width=20) (actual time=0.030..26.590 rows=20225 loops=1)
                                       Index Cond: (subjecttype = 'org.intermine.model.bio.Gene'::text)
                                 ->  Sort  (cost=87380.58..87664.03 rows=113380 width=20) (actual time=396.302..865.979 rows=482267 loops=1)
                                       Sort Key: l2.objectid, l2.bin
                                       Sort Method:  quicksort  Memory: 12617kB
                                       ->  Bitmap Heap Scan on locationbin16000 l2  (cost=2682.30..77861.87 rows=113380 width=20) (actual time=22.717..172.323 rows=122166 loops=1)
                                             Recheck Cond: (subjecttype = ANY ('{org.intermine.model.bio.ProteinBindingSite,org.intermine.model.bio.HistoneBindingSite}'::text[]))
                                             ->  Bitmap Index Scan on locationbin16000__subjecttypeid  (cost=0.00..2653.95 rows=113380 width=0) (actual time=22.475..22.475 rows=122166 loops=1)
                                                   Index Cond: (subjecttype = ANY ('{org.intermine.model.bio.ProteinBindingSite,org.intermine.model.bio.HistoneBindingSite}'::text[]))
                     ->  Hash  (cost=1357.61..1357.61 rows=48661 width=18) (actual time=120.846..120.846 rows=48661 loops=1)
                           ->  Seq Scan on gene a1_  (cost=0.00..1357.61 rows=48661 width=18) (actual time=0.004..61.892 rows=48661 loops=1)
               ->  Hash  (cost=3036.31..3036.31 rows=103331 width=28) (actual time=255.712..255.712 rows=103331 loops=1)
                     ->  Seq Scan on proteinbindingsite a2_  (cost=0.00..3036.31 rows=103331 width=28) (actual time=0.009..129.075 rows=103331 loops=1)
 Total runtime: 3322.251 ms
(26 rows)

Time: 3327.964 ms
                                                                                                QUERY PLAN                                                                                                
----------------------------------------------------------------------------------------------------------------------------------------------------------------------------------------------------------
 Limit  (cost=150017.19..150018.44 rows=500 width=46) (actual time=3325.577..3326.996 rows=500 loops=1)
   ->  Sort  (cost=150017.19..150144.55 rows=50944 width=46) (actual time=3325.575..3326.055 rows=500 loops=1)
         Sort Key: a1_.primaryidentifier, a2_.primaryidentifier, a1_.id, a2_.id
         Sort Method:  top-N heapsort  Memory: 74kB
         ->  Hash Join  (cost=144422.06..147478.70 rows=50944 width=46) (actual time=2248.418..3143.497 rows=129835 loops=1)
               Hash Cond: (l2.subjectid = a2_.id)
               ->  Hash Join  (cost=140094.12..142131.88 rows=50944 width=22) (actual time=1987.669..2513.472 rows=129835 loops=1)
                     Hash Cond: (l1.subjectid = a1_.id)
                     ->  HashAggregate  (cost=138128.24..138637.68 rows=50944 width=24) (actual time=1865.589..2038.345 rows=129835 loops=1)
                           ->  Merge Join  (cost=87380.58..137364.08 rows=50944 width=24) (actual time=404.328..1636.397 rows=141843 loops=1)
                                 Merge Cond: ((l1.objectid = l2.objectid) AND (l1.bin = l2.bin))
                                 Join Filter: ((l1.intermine_start <= l2.intermine_end) AND (l2.intermine_start <= l1.intermine_end))
                                 ->  Index Scan using locationbin16000__subjectobjectbin on locationbin16000 l1  (cost=0.00..39383.25 rows=56804 width=20) (actual time=0.031..26.472 rows=20225 loops=1)
                                       Index Cond: (subjecttype = 'org.intermine.model.bio.Gene'::text)
                                 ->  Sort  (cost=87380.58..87664.03 rows=113380 width=20) (actual time=404.274..873.414 rows=482267 loops=1)
                                       Sort Key: l2.objectid, l2.bin
                                       Sort Method:  quicksort  Memory: 12617kB
                                       ->  Bitmap Heap Scan on locationbin16000 l2  (cost=2682.30..77861.87 rows=113380 width=20) (actual time=22.853..170.786 rows=122166 loops=1)
                                             Recheck Cond: (subjecttype = ANY ('{org.intermine.model.bio.ProteinBindingSite,org.intermine.model.bio.HistoneBindingSite}'::text[]))
                                             ->  Bitmap Index Scan on locationbin16000__subjecttypeid  (cost=0.00..2653.95 rows=113380 width=0) (actual time=22.612..22.612 rows=122166 loops=1)
                                                   Index Cond: (subjecttype = ANY ('{org.intermine.model.bio.ProteinBindingSite,org.intermine.model.bio.HistoneBindingSite}'::text[]))
                     ->  Hash  (cost=1357.61..1357.61 rows=48661 width=18) (actual time=122.028..122.028 rows=48661 loops=1)
                           ->  Seq Scan on gene a1_  (cost=0.00..1357.61 rows=48661 width=18) (actual time=0.004..61.902 rows=48661 loops=1)
               ->  Hash  (cost=3036.31..3036.31 rows=103331 width=28) (actual time=260.697..260.697 rows=103331 loops=1)
                     ->  Seq Scan on proteinbindingsite a2_  (cost=0.00..3036.31 rows=103331 width=28) (actual time=0.009..129.362 rows=103331 loops=1)
 Total runtime: 3327.751 ms
(26 rows)

Time: 3333.480 ms
                                                                                             QUERY PLAN                                                                                             
----------------------------------------------------------------------------------------------------------------------------------------------------------------------------------------------------
 Sort  (cost=980050.96..983686.78 rows=1454326 width=135) (actual time=49962.308..50822.541 rows=800907 loops=1)
   Sort Key: a1_.primaryidentifier, a2_.primaryidentifier, a1_.id, a2_.id
   Sort Method:  quicksort  Memory: 225860kB
   ->  Hash Join  (cost=734837.64..831186.74 rows=1454326 width=135) (actual time=39203.863..45640.936 rows=800907 loops=1)
         Hash Cond: (l2.subjectid = a2_.id)
         ->  Hash Join  (cost=531341.17..594967.93 rows=1454326 width=49) (actual time=28056.297..31579.975 rows=800907 loops=1)
               Hash Cond: (l1.subjectid = a1_.id)
               ->  HashAggregate  (cost=529885.12..544428.38 rows=1454326 width=24) (actual time=27964.209..29125.038 rows=800907 loops=1)
                     ->  Nested Loop  (cost=0.00..508070.23 rows=1454326 width=24) (actual time=0.157..26610.115 rows=809981 loops=1)
                           Join Filter: ((l1.intermine_start <= l2.intermine_end) AND (l2.intermine_start <= l1.intermine_end))
                           ->  Index Scan using locationbin16000__subjectobjectbin on locationbin16000 l1  (cost=0.00..32546.16 rows=44488 width=20) (actual time=0.054..62.641 rows=42238 loops=1)
                                 Index Cond: (subjecttype = 'org.intermine.model.bio.IntergenicRegion'::text)
                           ->  Index Scan using locationbin16000__subjectobjectbin on locationbin16000 l2  (cost=0.00..8.63 rows=103 width=20) (actual time=0.017..0.339 rows=244 loops=42238)
                                 Index Cond: ((l2.subjecttype = 'org.intermine.model.bio.TranscriptRegion'::text) AND (l2.objectid = l1.objectid) AND (l2.bin = l1.bin))
               ->  Hash  (cost=1006.58..1006.58 rows=35958 width=45) (actual time=92.041..92.041 rows=35958 loops=1)
                     ->  Seq Scan on intergenicregion a1_  (cost=0.00..1006.58 rows=35958 width=45) (actual time=0.016..44.943 rows=35958 loops=1)
         ->  Hash  (cost=153182.32..153182.32 rows=4025132 width=90) (actual time=11143.818..11143.818 rows=4025132 loops=1)
               ->  Seq Scan on transcriptregion a2_  (cost=0.00..153182.32 rows=4025132 width=90) (actual time=0.036..5212.334 rows=4025132 loops=1)
 Total runtime: 51691.677 ms
(19 rows)

Time: 51693.914 ms
                                                                                             QUERY PLAN                                                                                             
----------------------------------------------------------------------------------------------------------------------------------------------------------------------------------------------------
 Sort  (cost=980050.96..983686.78 rows=1454326 width=135) (actual time=49792.091..50654.559 rows=800907 loops=1)
   Sort Key: a1_.primaryidentifier, a2_.primaryidentifier, a1_.id, a2_.id
   Sort Method:  quicksort  Memory: 225860kB
   ->  Hash Join  (cost=734837.64..831186.74 rows=1454326 width=135) (actual time=39057.256..45472.049 rows=800907 loops=1)
         Hash Cond: (l2.subjectid = a2_.id)
         ->  Hash Join  (cost=531341.17..594967.93 rows=1454326 width=49) (actual time=27916.270..31420.505 rows=800907 loops=1)
               Hash Cond: (l1.subjectid = a1_.id)
               ->  HashAggregate  (cost=529885.12..544428.38 rows=1454326 width=24) (actual time=27823.452..28970.299 rows=800907 loops=1)
                     ->  Nested Loop  (cost=0.00..508070.23 rows=1454326 width=24) (actual time=0.163..26470.405 rows=809981 loops=1)
                           Join Filter: ((l1.intermine_start <= l2.intermine_end) AND (l2.intermine_start <= l1.intermine_end))
                           ->  Index Scan using locationbin16000__subjectobjectbin on locationbin16000 l1  (cost=0.00..32546.16 rows=44488 width=20) (actual time=0.063..63.060 rows=42238 loops=1)
                                 Index Cond: (subjecttype = 'org.intermine.model.bio.IntergenicRegion'::text)
                           ->  Index Scan using locationbin16000__subjectobjectbin on locationbin16000 l2  (cost=0.00..8.63 rows=103 width=20) (actual time=0.017..0.339 rows=244 loops=42238)
                                 Index Cond: ((l2.subjecttype = 'org.intermine.model.bio.TranscriptRegion'::text) AND (l2.objectid = l1.objectid) AND (l2.bin = l1.bin))
               ->  Hash  (cost=1006.58..1006.58 rows=35958 width=45) (actual time=92.775..92.775 rows=35958 loops=1)
                     ->  Seq Scan on intergenicregion a1_  (cost=0.00..1006.58 rows=35958 width=45) (actual time=0.016..45.647 rows=35958 loops=1)
         ->  Hash  (cost=153182.32..153182.32 rows=4025132 width=90) (actual time=11137.204..11137.204 rows=4025132 loops=1)
               ->  Seq Scan on transcriptregion a2_  (cost=0.00..153182.32 rows=4025132 width=90) (actual time=0.037..5210.276 rows=4025132 loops=1)
 Total runtime: 51522.363 ms
(19 rows)

Time: 51523.985 ms
                                                                                                QUERY PLAN                                                                                                
----------------------------------------------------------------------------------------------------------------------------------------------------------------------------------------------------------
 Limit  (cost=903654.23..903655.48 rows=500 width=135) (actual time=46731.349..46732.771 rows=500 loops=1)
   ->  Sort  (cost=903654.23..907290.05 rows=1454326 width=135) (actual time=46731.344..46731.824 rows=500 loops=1)
         Sort Key: a1_.primaryidentifier, a2_.primaryidentifier, a1_.id, a2_.id
         Sort Method:  top-N heapsort  Memory: 150kB
         ->  Hash Join  (cost=734837.64..831186.74 rows=1454326 width=135) (actual time=39037.287..45489.505 rows=800907 loops=1)
               Hash Cond: (l2.subjectid = a2_.id)
               ->  Hash Join  (cost=531341.17..594967.93 rows=1454326 width=49) (actual time=27910.825..31432.021 rows=800907 loops=1)
                     Hash Cond: (l1.subjectid = a1_.id)
                     ->  HashAggregate  (cost=529885.12..544428.38 rows=1454326 width=24) (actual time=27817.363..28982.263 rows=800907 loops=1)
                           ->  Nested Loop  (cost=0.00..508070.23 rows=1454326 width=24) (actual time=0.162..26467.772 rows=809981 loops=1)
                                 Join Filter: ((l1.intermine_start <= l2.intermine_end) AND (l2.intermine_start <= l1.intermine_end))
                                 ->  Index Scan using locationbin16000__subjectobjectbin on locationbin16000 l1  (cost=0.00..32546.16 rows=44488 width=20) (actual time=0.060..62.961 rows=42238 loops=1)
                                       Index Cond: (subjecttype = 'org.intermine.model.bio.IntergenicRegion'::text)
                                 ->  Index Scan using locationbin16000__subjectobjectbin on locationbin16000 l2  (cost=0.00..8.63 rows=103 width=20) (actual time=0.017..0.338 rows=244 loops=42238)
                                       Index Cond: ((l2.subjecttype = 'org.intermine.model.bio.TranscriptRegion'::text) AND (l2.objectid = l1.objectid) AND (l2.bin = l1.bin))
                     ->  Hash  (cost=1006.58..1006.58 rows=35958 width=45) (actual time=93.415..93.415 rows=35958 loops=1)
                           ->  Seq Scan on intergenicregion a1_  (cost=0.00..1006.58 rows=35958 width=45) (actual time=0.016..45.656 rows=35958 loops=1)
               ->  Hash  (cost=153182.32..153182.32 rows=4025132 width=90) (actual time=11122.701..11122.701 rows=4025132 loops=1)
                     ->  Seq Scan on transcriptregion a2_  (cost=0.00..153182.32 rows=4025132 width=90) (actual time=0.038..5197.229 rows=4025132 loops=1)
 Total runtime: 46829.382 ms
(20 rows)

Time: 46831.027 ms
                                                                                                QUERY PLAN                                                                                                
----------------------------------------------------------------------------------------------------------------------------------------------------------------------------------------------------------
 Limit  (cost=903654.23..903655.48 rows=500 width=135) (actual time=46762.119..46763.551 rows=500 loops=1)
   ->  Sort  (cost=903654.23..907290.05 rows=1454326 width=135) (actual time=46762.116..46762.599 rows=500 loops=1)
         Sort Key: a1_.primaryidentifier, a2_.primaryidentifier, a1_.id, a2_.id
         Sort Method:  top-N heapsort  Memory: 150kB
         ->  Hash Join  (cost=734837.64..831186.74 rows=1454326 width=135) (actual time=39107.255..45522.525 rows=800907 loops=1)
               Hash Cond: (l2.subjectid = a2_.id)
               ->  Hash Join  (cost=531341.17..594967.93 rows=1454326 width=49) (actual time=27932.334..31429.425 rows=800907 loops=1)
                     Hash Cond: (l1.subjectid = a1_.id)
                     ->  HashAggregate  (cost=529885.12..544428.38 rows=1454326 width=24) (actual time=27839.985..28991.674 rows=800907 loops=1)
                           ->  Nested Loop  (cost=0.00..508070.23 rows=1454326 width=24) (actual time=0.164..26486.342 rows=809981 loops=1)
                                 Join Filter: ((l1.intermine_start <= l2.intermine_end) AND (l2.intermine_start <= l1.intermine_end))
                                 ->  Index Scan using locationbin16000__subjectobjectbin on locationbin16000 l1  (cost=0.00..32546.16 rows=44488 width=20) (actual time=0.061..62.678 rows=42238 loops=1)
                                       Index Cond: (subjecttype = 'org.intermine.model.bio.IntergenicRegion'::text)
                                 ->  Index Scan using locationbin16000__subjectobjectbin on locationbin16000 l2  (cost=0.00..8.63 rows=103 width=20) (actual time=0.017..0.339 rows=244 loops=42238)
                                       Index Cond: ((l2.subjecttype = 'org.intermine.model.bio.TranscriptRegion'::text) AND (l2.objectid = l1.objectid) AND (l2.bin = l1.bin))
                     ->  Hash  (cost=1006.58..1006.58 rows=35958 width=45) (actual time=92.304..92.304 rows=35958 loops=1)
                           ->  Seq Scan on intergenicregion a1_  (cost=0.00..1006.58 rows=35958 width=45) (actual time=0.017..45.030 rows=35958 loops=1)
               ->  Hash  (cost=153182.32..153182.32 rows=4025132 width=90) (actual time=11171.143..11171.143 rows=4025132 loops=1)
                     ->  Seq Scan on transcriptregion a2_  (cost=0.00..153182.32 rows=4025132 width=90) (actual time=0.035..5219.580 rows=4025132 loops=1)
 Total runtime: 46860.081 ms
(20 rows)

Time: 46861.732 ms
