Testing with size 8000
Timing is on.
SELECT
Time: 107157.686 ms
CREATE INDEX
Time: 12299.232 ms
CREATE INDEX
Time: 47931.951 ms
CREATE INDEX
Time: 12202.373 ms
CREATE INDEX
Time: 11544.007 ms
ANALYZE
Time: 1105.014 ms
                                                                                                           QUERY PLAN                                                                                                            
---------------------------------------------------------------------------------------------------------------------------------------------------------------------------------------------------------------------------------
 Unique  (cost=152144.68..152148.14 rows=154 width=52) (actual time=2377.522..2380.769 rows=949 loops=1)
   ->  Sort  (cost=152144.68..152145.06 rows=154 width=52) (actual time=2377.518..2378.589 rows=1114 loops=1)
         Sort Key: a1_.primaryidentifier, a2_.secondaryidentifier, a4_.intermine_start, a4_.intermine_end, a4_.strand, a1_.id, a2_.id, a4_.id
         Sort Method:  quicksort  Memory: 136kB
         ->  Nested Loop  (cost=129831.84..152139.08 rows=154 width=52) (actual time=2315.878..2375.008 rows=1114 loops=1)
               ->  Nested Loop  (cost=129831.84..151718.78 rows=156 width=42) (actual time=2315.808..2357.128 rows=1114 loops=1)
                     ->  Hash Join  (cost=129831.84..151662.68 rows=156 width=24) (actual time=2315.709..2343.048 rows=1114 loops=1)
                           Hash Cond: (indirect1.bioentities = a2_.id)
                           ->  Nested Loop  (cost=0.00..21594.87 rows=37505 width=4) (actual time=0.288..14.426 rows=4248 loops=1)
                                 ->  Seq Scan on dataset a3_  (cost=0.00..23.93 rows=1 width=4) (actual time=0.159..0.424 rows=1 loops=1)
                                       Filter: (lower(title) ~~ '5'' race (mixed-stage embryos)'::text)
                                 ->  Index Scan using bioentitiesdatasets__datasets on bioentitiesdatasets indirect1  (cost=0.00..21102.12 rows=37505 width=8) (actual time=0.094..5.499 rows=4248 loops=1)
                                       Index Cond: (indirect1.datasets = a3_.id)
                           ->  Hash  (cost=129505.07..129505.07 rows=26142 width=28) (actual time=2315.387..2315.387 rows=83765 loops=1)
                                 ->  Hash Join  (cost=128361.36..129505.07 rows=26142 width=28) (actual time=1817.988..2200.647 rows=83765 loops=1)
                                       Hash Cond: (l2.subjectid = a2_.id)
                                       ->  HashAggregate  (cost=125568.27..125829.69 rows=26142 width=24) (actual time=1633.518..1742.306 rows=83765 loops=1)
                                             ->  Merge Join  (cost=119357.32..125176.14 rows=26142 width=24) (actual time=525.891..1434.631 rows=127924 loops=1)
                                                   Merge Cond: ((l1.bin = l2.bin) AND (l1.objectid = l2.objectid))
                                                   Join Filter: ((l1.intermine_start <= l2.intermine_end) AND (l2.intermine_start <= l1.intermine_end))
                                                   ->  Sort  (cost=53664.27..53839.28 rows=70005 width=20) (actual time=222.090..290.972 rows=66992 loops=1)
                                                         Sort Key: l1.bin, l1.objectid
                                                         Sort Method:  quicksort  Memory: 8306kB
                                                         ->  Index Scan using locationbin8000__subjectobjectbin on locationbin8000 l1  (cost=0.00..48030.55 rows=70005 width=20) (actual time=0.118..101.963 rows=66992 loops=1)
                                                               Index Cond: (subjecttype = 'org.intermine.model.bio.Gene'::text)
                                                   ->  Sort  (cost=65693.05..65920.84 rows=91116 width=20) (actual time=303.775..589.253 rows=290335 loops=1)
                                                         Sort Key: l2.bin, l2.objectid
                                                         Sort Method:  quicksort  Memory: 10308kB
                                                         ->  Index Scan using locationbin8000__subjectobjectbin on locationbin8000 l2  (cost=0.00..58187.18 rows=91116 width=20) (actual time=0.092..141.536 rows=92616 loops=1)
                                                               Index Cond: (subjecttype = 'org.intermine.model.bio.MRNA'::text)
                                       ->  Hash  (cost=1898.04..1898.04 rows=71604 width=20) (actual time=184.420..184.420 rows=71604 loops=1)
                                             ->  Seq Scan on mrna a2_  (cost=0.00..1898.04 rows=71604 width=20) (actual time=0.014..96.401 rows=71604 loops=1)
                     ->  Index Scan using gene_pkey on gene a1_  (cost=0.00..0.35 rows=1 width=22) (actual time=0.007..0.008 rows=1 loops=1114)
                           Index Cond: (a1_.id = l1.subjectid)
               ->  Index Scan using location_pkey on location a4_  (cost=0.00..2.68 rows=1 width=14) (actual time=0.011..0.012 rows=1 loops=1114)
                     Index Cond: (a4_.id = a1_.chromosomelocationid)
 Total runtime: 2385.049 ms
(37 rows)

Time: 2392.991 ms
                                                                                                           QUERY PLAN                                                                                                            
---------------------------------------------------------------------------------------------------------------------------------------------------------------------------------------------------------------------------------
 Unique  (cost=152144.68..152148.14 rows=154 width=52) (actual time=2325.057..2328.324 rows=949 loops=1)
   ->  Sort  (cost=152144.68..152145.06 rows=154 width=52) (actual time=2325.053..2326.132 rows=1114 loops=1)
         Sort Key: a1_.primaryidentifier, a2_.secondaryidentifier, a4_.intermine_start, a4_.intermine_end, a4_.strand, a1_.id, a2_.id, a4_.id
         Sort Method:  quicksort  Memory: 136kB
         ->  Nested Loop  (cost=129831.84..152139.08 rows=154 width=52) (actual time=2276.227..2322.641 rows=1114 loops=1)
               ->  Nested Loop  (cost=129831.84..151718.78 rows=156 width=42) (actual time=2276.211..2312.351 rows=1114 loops=1)
                     ->  Hash Join  (cost=129831.84..151662.68 rows=156 width=24) (actual time=2276.174..2302.593 rows=1114 loops=1)
                           Hash Cond: (indirect1.bioentities = a2_.id)
                           ->  Nested Loop  (cost=0.00..21594.87 rows=37505 width=4) (actual time=0.111..13.837 rows=4248 loops=1)
                                 ->  Seq Scan on dataset a3_  (cost=0.00..23.93 rows=1 width=4) (actual time=0.078..0.219 rows=1 loops=1)
                                       Filter: (lower(title) ~~ '5'' race (mixed-stage embryos)'::text)
                                 ->  Index Scan using bioentitiesdatasets__datasets on bioentitiesdatasets indirect1  (cost=0.00..21102.12 rows=37505 width=8) (actual time=0.027..5.082 rows=4248 loops=1)
                                       Index Cond: (indirect1.datasets = a3_.id)
                           ->  Hash  (cost=129505.07..129505.07 rows=26142 width=28) (actual time=2276.031..2276.031 rows=83765 loops=1)
                                 ->  Hash Join  (cost=128361.36..129505.07 rows=26142 width=28) (actual time=1784.718..2162.999 rows=83765 loops=1)
                                       Hash Cond: (l2.subjectid = a2_.id)
                                       ->  HashAggregate  (cost=125568.27..125829.69 rows=26142 width=24) (actual time=1607.230..1716.501 rows=83765 loops=1)
                                             ->  Merge Join  (cost=119357.32..125176.14 rows=26142 width=24) (actual time=503.286..1407.083 rows=127924 loops=1)
                                                   Merge Cond: ((l1.bin = l2.bin) AND (l1.objectid = l2.objectid))
                                                   Join Filter: ((l1.intermine_start <= l2.intermine_end) AND (l2.intermine_start <= l1.intermine_end))
                                                   ->  Sort  (cost=53664.27..53839.28 rows=70005 width=20) (actual time=210.760..279.249 rows=66992 loops=1)
                                                         Sort Key: l1.bin, l1.objectid
                                                         Sort Method:  quicksort  Memory: 8306kB
                                                         ->  Index Scan using locationbin8000__subjectobjectbin on locationbin8000 l1  (cost=0.00..48030.55 rows=70005 width=20) (actual time=0.029..93.834 rows=66992 loops=1)
                                                               Index Cond: (subjecttype = 'org.intermine.model.bio.Gene'::text)
                                                   ->  Sort  (cost=65693.05..65920.84 rows=91116 width=20) (actual time=292.501..576.914 rows=290335 loops=1)
                                                         Sort Key: l2.bin, l2.objectid
                                                         Sort Method:  quicksort  Memory: 10308kB
                                                         ->  Index Scan using locationbin8000__subjectobjectbin on locationbin8000 l2  (cost=0.00..58187.18 rows=91116 width=20) (actual time=0.032..129.162 rows=92616 loops=1)
                                                               Index Cond: (subjecttype = 'org.intermine.model.bio.MRNA'::text)
                                       ->  Hash  (cost=1898.04..1898.04 rows=71604 width=20) (actual time=177.440..177.440 rows=71604 loops=1)
                                             ->  Seq Scan on mrna a2_  (cost=0.00..1898.04 rows=71604 width=20) (actual time=0.003..90.591 rows=71604 loops=1)
                     ->  Index Scan using gene_pkey on gene a1_  (cost=0.00..0.35 rows=1 width=22) (actual time=0.003..0.004 rows=1 loops=1114)
                           Index Cond: (a1_.id = l1.subjectid)
               ->  Index Scan using location_pkey on location a4_  (cost=0.00..2.68 rows=1 width=14) (actual time=0.004..0.005 rows=1 loops=1114)
                     Index Cond: (a4_.id = a1_.chromosomelocationid)
 Total runtime: 2332.488 ms
(37 rows)

Time: 2336.295 ms
                                                                                                              QUERY PLAN                                                                                                               
---------------------------------------------------------------------------------------------------------------------------------------------------------------------------------------------------------------------------------------
 Limit  (cost=152144.68..152148.14 rows=154 width=52) (actual time=2335.378..2338.012 rows=500 loops=1)
   ->  Unique  (cost=152144.68..152148.14 rows=154 width=52) (actual time=2335.376..2337.062 rows=500 loops=1)
         ->  Sort  (cost=152144.68..152145.06 rows=154 width=52) (actual time=2335.372..2335.933 rows=577 loops=1)
               Sort Key: a1_.primaryidentifier, a2_.secondaryidentifier, a4_.intermine_start, a4_.intermine_end, a4_.strand, a1_.id, a2_.id, a4_.id
               Sort Method:  quicksort  Memory: 136kB
               ->  Nested Loop  (cost=129831.84..152139.08 rows=154 width=52) (actual time=2286.519..2332.892 rows=1114 loops=1)
                     ->  Nested Loop  (cost=129831.84..151718.78 rows=156 width=42) (actual time=2286.501..2322.609 rows=1114 loops=1)
                           ->  Hash Join  (cost=129831.84..151662.68 rows=156 width=24) (actual time=2286.464..2312.889 rows=1114 loops=1)
                                 Hash Cond: (indirect1.bioentities = a2_.id)
                                 ->  Nested Loop  (cost=0.00..21594.87 rows=37505 width=4) (actual time=0.111..13.746 rows=4248 loops=1)
                                       ->  Seq Scan on dataset a3_  (cost=0.00..23.93 rows=1 width=4) (actual time=0.078..0.219 rows=1 loops=1)
                                             Filter: (lower(title) ~~ '5'' race (mixed-stage embryos)'::text)
                                       ->  Index Scan using bioentitiesdatasets__datasets on bioentitiesdatasets indirect1  (cost=0.00..21102.12 rows=37505 width=8) (actual time=0.027..5.106 rows=4248 loops=1)
                                             Index Cond: (indirect1.datasets = a3_.id)
                                 ->  Hash  (cost=129505.07..129505.07 rows=26142 width=28) (actual time=2286.320..2286.320 rows=83765 loops=1)
                                       ->  Hash Join  (cost=128361.36..129505.07 rows=26142 width=28) (actual time=1792.104..2173.635 rows=83765 loops=1)
                                             Hash Cond: (l2.subjectid = a2_.id)
                                             ->  HashAggregate  (cost=125568.27..125829.69 rows=26142 width=24) (actual time=1614.939..1724.835 rows=83765 loops=1)
                                                   ->  Merge Join  (cost=119357.32..125176.14 rows=26142 width=24) (actual time=499.129..1411.850 rows=127924 loops=1)
                                                         Merge Cond: ((l1.bin = l2.bin) AND (l1.objectid = l2.objectid))
                                                         Join Filter: ((l1.intermine_start <= l2.intermine_end) AND (l2.intermine_start <= l1.intermine_end))
                                                         ->  Sort  (cost=53664.27..53839.28 rows=70005 width=20) (actual time=206.420..276.875 rows=66992 loops=1)
                                                               Sort Key: l1.bin, l1.objectid
                                                               Sort Method:  quicksort  Memory: 8306kB
                                                               ->  Index Scan using locationbin8000__subjectobjectbin on locationbin8000 l1  (cost=0.00..48030.55 rows=70005 width=20) (actual time=0.027..91.149 rows=66992 loops=1)
                                                                     Index Cond: (subjecttype = 'org.intermine.model.bio.Gene'::text)
                                                         ->  Sort  (cost=65693.05..65920.84 rows=91116 width=20) (actual time=292.683..578.304 rows=290335 loops=1)
                                                               Sort Key: l2.bin, l2.objectid
                                                               Sort Method:  quicksort  Memory: 10308kB
                                                               ->  Index Scan using locationbin8000__subjectobjectbin on locationbin8000 l2  (cost=0.00..58187.18 rows=91116 width=20) (actual time=0.031..130.105 rows=92616 loops=1)
                                                                     Index Cond: (subjecttype = 'org.intermine.model.bio.MRNA'::text)
                                             ->  Hash  (cost=1898.04..1898.04 rows=71604 width=20) (actual time=177.117..177.117 rows=71604 loops=1)
                                                   ->  Seq Scan on mrna a2_  (cost=0.00..1898.04 rows=71604 width=20) (actual time=0.003..90.630 rows=71604 loops=1)
                           ->  Index Scan using gene_pkey on gene a1_  (cost=0.00..0.35 rows=1 width=22) (actual time=0.003..0.004 rows=1 loops=1114)
                                 Index Cond: (a1_.id = l1.subjectid)
                     ->  Index Scan using location_pkey on location a4_  (cost=0.00..2.68 rows=1 width=14) (actual time=0.004..0.005 rows=1 loops=1114)
                           Index Cond: (a4_.id = a1_.chromosomelocationid)
 Total runtime: 2341.736 ms
(38 rows)

Time: 2345.660 ms
                                                                                                              QUERY PLAN                                                                                                               
---------------------------------------------------------------------------------------------------------------------------------------------------------------------------------------------------------------------------------------
 Limit  (cost=152144.68..152148.14 rows=154 width=52) (actual time=2330.802..2333.440 rows=500 loops=1)
   ->  Unique  (cost=152144.68..152148.14 rows=154 width=52) (actual time=2330.800..2332.487 rows=500 loops=1)
         ->  Sort  (cost=152144.68..152145.06 rows=154 width=52) (actual time=2330.796..2331.355 rows=577 loops=1)
               Sort Key: a1_.primaryidentifier, a2_.secondaryidentifier, a4_.intermine_start, a4_.intermine_end, a4_.strand, a1_.id, a2_.id, a4_.id
               Sort Method:  quicksort  Memory: 136kB
               ->  Nested Loop  (cost=129831.84..152139.08 rows=154 width=52) (actual time=2282.030..2328.375 rows=1114 loops=1)
                     ->  Nested Loop  (cost=129831.84..151718.78 rows=156 width=42) (actual time=2282.014..2318.064 rows=1114 loops=1)
                           ->  Hash Join  (cost=129831.84..151662.68 rows=156 width=24) (actual time=2281.976..2308.348 rows=1114 loops=1)
                                 Hash Cond: (indirect1.bioentities = a2_.id)
                                 ->  Nested Loop  (cost=0.00..21594.87 rows=37505 width=4) (actual time=0.140..13.723 rows=4248 loops=1)
                                       ->  Seq Scan on dataset a3_  (cost=0.00..23.93 rows=1 width=4) (actual time=0.107..0.249 rows=1 loops=1)
                                             Filter: (lower(title) ~~ '5'' race (mixed-stage embryos)'::text)
                                       ->  Index Scan using bioentitiesdatasets__datasets on bioentitiesdatasets indirect1  (cost=0.00..21102.12 rows=37505 width=8) (actual time=0.028..5.031 rows=4248 loops=1)
                                             Index Cond: (indirect1.datasets = a3_.id)
                                 ->  Hash  (cost=129505.07..129505.07 rows=26142 width=28) (actual time=2281.803..2281.803 rows=83765 loops=1)
                                       ->  Hash Join  (cost=128361.36..129505.07 rows=26142 width=28) (actual time=1789.804..2169.240 rows=83765 loops=1)
                                             Hash Cond: (l2.subjectid = a2_.id)
                                             ->  HashAggregate  (cost=125568.27..125829.69 rows=26142 width=24) (actual time=1612.481..1721.553 rows=83765 loops=1)
                                                   ->  Merge Join  (cost=119357.32..125176.14 rows=26142 width=24) (actual time=499.244..1411.048 rows=127924 loops=1)
                                                         Merge Cond: ((l1.bin = l2.bin) AND (l1.objectid = l2.objectid))
                                                         Join Filter: ((l1.intermine_start <= l2.intermine_end) AND (l2.intermine_start <= l1.intermine_end))
                                                         ->  Sort  (cost=53664.27..53839.28 rows=70005 width=20) (actual time=208.283..279.165 rows=66992 loops=1)
                                                               Sort Key: l1.bin, l1.objectid
                                                               Sort Method:  quicksort  Memory: 8306kB
                                                               ->  Index Scan using locationbin8000__subjectobjectbin on locationbin8000 l1  (cost=0.00..48030.55 rows=70005 width=20) (actual time=0.026..92.388 rows=66992 loops=1)
                                                                     Index Cond: (subjecttype = 'org.intermine.model.bio.Gene'::text)
                                                         ->  Sort  (cost=65693.05..65920.84 rows=91116 width=20) (actual time=290.937..575.891 rows=290335 loops=1)
                                                               Sort Key: l2.bin, l2.objectid
                                                               Sort Method:  quicksort  Memory: 10308kB
                                                               ->  Index Scan using locationbin8000__subjectobjectbin on locationbin8000 l2  (cost=0.00..58187.18 rows=91116 width=20) (actual time=0.036..128.510 rows=92616 loops=1)
                                                                     Index Cond: (subjecttype = 'org.intermine.model.bio.MRNA'::text)
                                             ->  Hash  (cost=1898.04..1898.04 rows=71604 width=20) (actual time=177.274..177.274 rows=71604 loops=1)
                                                   ->  Seq Scan on mrna a2_  (cost=0.00..1898.04 rows=71604 width=20) (actual time=0.003..90.755 rows=71604 loops=1)
                           ->  Index Scan using gene_pkey on gene a1_  (cost=0.00..0.35 rows=1 width=22) (actual time=0.003..0.004 rows=1 loops=1114)
                                 Index Cond: (a1_.id = l1.subjectid)
                     ->  Index Scan using location_pkey on location a4_  (cost=0.00..2.68 rows=1 width=14) (actual time=0.004..0.005 rows=1 loops=1114)
                           Index Cond: (a4_.id = a1_.chromosomelocationid)
 Total runtime: 2337.181 ms
(38 rows)

Time: 2340.977 ms
                                                                                                             QUERY PLAN                                                                                                             
------------------------------------------------------------------------------------------------------------------------------------------------------------------------------------------------------------------------------------
 Unique  (cost=79874.28..79875.38 rows=40 width=66) (actual time=1274.882..1295.148 rows=6492 loops=1)
   ->  Sort  (cost=79874.28..79874.38 rows=40 width=66) (actual time=1274.878..1281.298 rows=6492 loops=1)
         Sort Key: a1_.primaryidentifier, a2_.secondaryidentifier, a4_.intermine_start, a4_.intermine_end, a4_.strand, a5_.primaryidentifier, a1_.id, a2_.id, a4_.id, a5_.id
         Sort Method:  quicksort  Memory: 1105kB
         ->  Nested Loop  (cost=79430.99..79873.22 rows=40 width=66) (actual time=981.033..1257.875 rows=6492 loops=1)
               ->  Nested Loop  (cost=79430.99..79779.94 rows=40 width=55) (actual time=980.959..1201.625 rows=6492 loops=1)
                     ->  Nested Loop  (cost=79430.99..79729.34 rows=40 width=45) (actual time=980.931..1135.949 rows=6492 loops=1)
                           ->  Nested Loop  (cost=79430.99..79717.41 rows=41 width=31) (actual time=980.914..1079.580 rows=6499 loops=1)
                                 ->  Merge Join  (cost=79430.99..79653.56 rows=41 width=12) (actual time=980.798..1010.378 rows=6499 loops=1)
                                       Merge Cond: (indirect1.bioentities = l.lid2)
                                       ->  Sort  (cost=24444.27..24538.03 rows=37505 width=4) (actual time=18.263..22.799 rows=4248 loops=1)
                                             Sort Key: indirect1.bioentities
                                             Sort Method:  quicksort  Memory: 392kB
                                             ->  Nested Loop  (cost=0.00..21594.87 rows=37505 width=4) (actual time=0.107..13.420 rows=4248 loops=1)
                                                   ->  Seq Scan on dataset a3_  (cost=0.00..23.93 rows=1 width=4) (actual time=0.076..0.205 rows=1 loops=1)
                                                         Filter: (lower(title) ~~ '5'' race (mixed-stage embryos)'::text)
                                                   ->  Index Scan using bioentitiesdatasets__datasets on bioentitiesdatasets indirect1  (cost=0.00..21102.12 rows=37505 width=8) (actual time=0.025..4.890 rows=4248 loops=1)
                                                         Index Cond: (indirect1.datasets = a3_.id)
                                       ->  Sort  (cost=54986.72..55004.04 rows=6927 width=8) (actual time=954.232..964.827 rows=9818 loops=1)
                                             Sort Key: l.lid2
                                             Sort Method:  quicksort  Memory: 3480kB
                                             ->  Subquery Scan l  (cost=54406.30..54544.84 rows=6927 width=8) (actual time=754.797..890.923 rows=41453 loops=1)
                                                   ->  HashAggregate  (cost=54406.30..54475.57 rows=6927 width=24) (actual time=754.794..810.555 rows=41453 loops=1)
                                                         ->  Nested Loop  (cost=0.00..54302.40 rows=6927 width=24) (actual time=0.170..679.902 rows=42110 loops=1)
                                                               Join Filter: ((l1.intermine_start <= l2.intermine_end) AND (l2.intermine_start <= l1.intermine_end))
                                                               ->  Index Scan using locationbin8000__subjectobjectbin on locationbin8000 l2  (cost=0.00..5941.16 rows=6686 width=20) (actual time=0.096..19.182 rows=13446 loops=1)
                                                                     Index Cond: (subjecttype = 'org.intermine.model.bio.EST'::text)
                                                               ->  Index Scan using locationbin8000__subjectobjectbin on locationbin8000 l1  (cost=0.00..7.17 rows=3 width=20) (actual time=0.011..0.028 rows=14 loops=13446)
                                                                     Index Cond: ((l1.subjecttype = 'org.intermine.model.bio.Exon'::text) AND (l1.objectid = l2.objectid) AND (l1.bin = l2.bin))
                                 ->  Index Scan using exon_pkey on exon a1_  (cost=0.00..1.54 rows=1 width=23) (actual time=0.005..0.006 rows=1 loops=6499)
                                       Index Cond: (a1_.id = l.lid1)
                           ->  Index Scan using gene_pkey on gene a5_  (cost=0.00..0.28 rows=1 width=18) (actual time=0.003..0.004 rows=1 loops=6499)
                                 Index Cond: (a5_.id = a1_.geneid)
                     ->  Index Scan using location_pkey on location a4_  (cost=0.00..1.25 rows=1 width=14) (actual time=0.005..0.006 rows=1 loops=6492)
                           Index Cond: (a4_.id = a1_.chromosomelocationid)
               ->  Index Scan using est_pkey on est a2_  (cost=0.00..2.32 rows=1 width=19) (actual time=0.003..0.004 rows=1 loops=6492)
                     Index Cond: (a2_.id = l.lid2)
 Total runtime: 1301.414 ms
(38 rows)

Time: 1307.692 ms
                                                                                                             QUERY PLAN                                                                                                             
------------------------------------------------------------------------------------------------------------------------------------------------------------------------------------------------------------------------------------
 Unique  (cost=79874.28..79875.38 rows=40 width=66) (actual time=1219.457..1239.696 rows=6492 loops=1)
   ->  Sort  (cost=79874.28..79874.38 rows=40 width=66) (actual time=1219.453..1225.905 rows=6492 loops=1)
         Sort Key: a1_.primaryidentifier, a2_.secondaryidentifier, a4_.intermine_start, a4_.intermine_end, a4_.strand, a5_.primaryidentifier, a1_.id, a2_.id, a4_.id, a5_.id
         Sort Method:  quicksort  Memory: 1105kB
         ->  Nested Loop  (cost=79430.99..79873.22 rows=40 width=66) (actual time=942.888..1202.634 rows=6492 loops=1)
               ->  Nested Loop  (cost=79430.99..79779.94 rows=40 width=55) (actual time=942.872..1147.642 rows=6492 loops=1)
                     ->  Nested Loop  (cost=79430.99..79729.34 rows=40 width=45) (actual time=942.856..1087.361 rows=6492 loops=1)
                           ->  Nested Loop  (cost=79430.99..79717.41 rows=41 width=31) (actual time=942.841..1032.324 rows=6499 loops=1)
                                 ->  Merge Join  (cost=79430.99..79653.56 rows=41 width=12) (actual time=942.801..972.062 rows=6499 loops=1)
                                       Merge Cond: (indirect1.bioentities = l.lid2)
                                       ->  Sort  (cost=24444.27..24538.03 rows=37505 width=4) (actual time=18.205..22.674 rows=4248 loops=1)
                                             Sort Key: indirect1.bioentities
                                             Sort Method:  quicksort  Memory: 392kB
                                             ->  Nested Loop  (cost=0.00..21594.87 rows=37505 width=4) (actual time=0.106..13.408 rows=4248 loops=1)
                                                   ->  Seq Scan on dataset a3_  (cost=0.00..23.93 rows=1 width=4) (actual time=0.076..0.205 rows=1 loops=1)
                                                         Filter: (lower(title) ~~ '5'' race (mixed-stage embryos)'::text)
                                                   ->  Index Scan using bioentitiesdatasets__datasets on bioentitiesdatasets indirect1  (cost=0.00..21102.12 rows=37505 width=8) (actual time=0.026..4.926 rows=4248 loops=1)
                                                         Index Cond: (indirect1.datasets = a3_.id)
                                       ->  Sort  (cost=54986.72..55004.04 rows=6927 width=8) (actual time=916.368..926.857 rows=9818 loops=1)
                                             Sort Key: l.lid2
                                             Sort Method:  quicksort  Memory: 3480kB
                                             ->  Subquery Scan l  (cost=54406.30..54544.84 rows=6927 width=8) (actual time=717.273..853.638 rows=41453 loops=1)
                                                   ->  HashAggregate  (cost=54406.30..54475.57 rows=6927 width=24) (actual time=717.270..773.373 rows=41453 loops=1)
                                                         ->  Nested Loop  (cost=0.00..54302.40 rows=6927 width=24) (actual time=0.064..645.354 rows=42110 loops=1)
                                                               Join Filter: ((l1.intermine_start <= l2.intermine_end) AND (l2.intermine_start <= l1.intermine_end))
                                                               ->  Index Scan using locationbin8000__subjectobjectbin on locationbin8000 l2  (cost=0.00..5941.16 rows=6686 width=20) (actual time=0.023..17.351 rows=13446 loops=1)
                                                                     Index Cond: (subjecttype = 'org.intermine.model.bio.EST'::text)
                                                               ->  Index Scan using locationbin8000__subjectobjectbin on locationbin8000 l1  (cost=0.00..7.17 rows=3 width=20) (actual time=0.010..0.026 rows=14 loops=13446)
                                                                     Index Cond: ((l1.subjecttype = 'org.intermine.model.bio.Exon'::text) AND (l1.objectid = l2.objectid) AND (l1.bin = l2.bin))
                                 ->  Index Scan using exon_pkey on exon a1_  (cost=0.00..1.54 rows=1 width=23) (actual time=0.004..0.005 rows=1 loops=6499)
                                       Index Cond: (a1_.id = l.lid1)
                           ->  Index Scan using gene_pkey on gene a5_  (cost=0.00..0.28 rows=1 width=18) (actual time=0.003..0.004 rows=1 loops=6499)
                                 Index Cond: (a5_.id = a1_.geneid)
                     ->  Index Scan using location_pkey on location a4_  (cost=0.00..1.25 rows=1 width=14) (actual time=0.004..0.005 rows=1 loops=6492)
                           Index Cond: (a4_.id = a1_.chromosomelocationid)
               ->  Index Scan using est_pkey on est a2_  (cost=0.00..2.32 rows=1 width=19) (actual time=0.003..0.004 rows=1 loops=6492)
                     Index Cond: (a2_.id = l.lid2)
 Total runtime: 1246.104 ms
(38 rows)

Time: 1250.882 ms
                                                                                                                QUERY PLAN                                                                                                                
------------------------------------------------------------------------------------------------------------------------------------------------------------------------------------------------------------------------------------------
 Limit  (cost=79874.28..79875.38 rows=40 width=66) (actual time=1224.267..1226.772 rows=500 loops=1)
   ->  Unique  (cost=79874.28..79875.38 rows=40 width=66) (actual time=1224.265..1225.819 rows=500 loops=1)
         ->  Sort  (cost=79874.28..79874.38 rows=40 width=66) (actual time=1224.261..1224.766 rows=500 loops=1)
               Sort Key: a1_.primaryidentifier, a2_.secondaryidentifier, a4_.intermine_start, a4_.intermine_end, a4_.strand, a5_.primaryidentifier, a1_.id, a2_.id, a4_.id, a5_.id
               Sort Method:  quicksort  Memory: 1105kB
               ->  Nested Loop  (cost=79430.99..79873.22 rows=40 width=66) (actual time=945.254..1207.349 rows=6492 loops=1)
                     ->  Nested Loop  (cost=79430.99..79779.94 rows=40 width=55) (actual time=945.239..1151.669 rows=6492 loops=1)
                           ->  Nested Loop  (cost=79430.99..79729.34 rows=40 width=45) (actual time=945.223..1090.949 rows=6492 loops=1)
                                 ->  Nested Loop  (cost=79430.99..79717.41 rows=41 width=31) (actual time=945.207..1035.344 rows=6499 loops=1)
                                       ->  Merge Join  (cost=79430.99..79653.56 rows=41 width=12) (actual time=945.171..974.858 rows=6499 loops=1)
                                             Merge Cond: (indirect1.bioentities = l.lid2)
                                             ->  Sort  (cost=24444.27..24538.03 rows=37505 width=4) (actual time=18.156..22.669 rows=4248 loops=1)
                                                   Sort Key: indirect1.bioentities
                                                   Sort Method:  quicksort  Memory: 392kB
                                                   ->  Nested Loop  (cost=0.00..21594.87 rows=37505 width=4) (actual time=0.106..13.333 rows=4248 loops=1)
                                                         ->  Seq Scan on dataset a3_  (cost=0.00..23.93 rows=1 width=4) (actual time=0.075..0.197 rows=1 loops=1)
                                                               Filter: (lower(title) ~~ '5'' race (mixed-stage embryos)'::text)
                                                         ->  Index Scan using bioentitiesdatasets__datasets on bioentitiesdatasets indirect1  (cost=0.00..21102.12 rows=37505 width=8) (actual time=0.025..4.877 rows=4248 loops=1)
                                                               Index Cond: (indirect1.datasets = a3_.id)
                                             ->  Sort  (cost=54986.72..55004.04 rows=6927 width=8) (actual time=918.747..929.248 rows=9818 loops=1)
                                                   Sort Key: l.lid2
                                                   Sort Method:  quicksort  Memory: 3480kB
                                                   ->  Subquery Scan l  (cost=54406.30..54544.84 rows=6927 width=8) (actual time=720.292..855.847 rows=41453 loops=1)
                                                         ->  HashAggregate  (cost=54406.30..54475.57 rows=6927 width=24) (actual time=720.289..775.815 rows=41453 loops=1)
                                                               ->  Nested Loop  (cost=0.00..54302.40 rows=6927 width=24) (actual time=0.063..648.362 rows=42110 loops=1)
                                                                     Join Filter: ((l1.intermine_start <= l2.intermine_end) AND (l2.intermine_start <= l1.intermine_end))
                                                                     ->  Index Scan using locationbin8000__subjectobjectbin on locationbin8000 l2  (cost=0.00..5941.16 rows=6686 width=20) (actual time=0.023..16.990 rows=13446 loops=1)
                                                                           Index Cond: (subjecttype = 'org.intermine.model.bio.EST'::text)
                                                                     ->  Index Scan using locationbin8000__subjectobjectbin on locationbin8000 l1  (cost=0.00..7.17 rows=3 width=20) (actual time=0.010..0.026 rows=14 loops=13446)
                                                                           Index Cond: ((l1.subjecttype = 'org.intermine.model.bio.Exon'::text) AND (l1.objectid = l2.objectid) AND (l1.bin = l2.bin))
                                       ->  Index Scan using exon_pkey on exon a1_  (cost=0.00..1.54 rows=1 width=23) (actual time=0.004..0.005 rows=1 loops=6499)
                                             Index Cond: (a1_.id = l.lid1)
                                 ->  Index Scan using gene_pkey on gene a5_  (cost=0.00..0.28 rows=1 width=18) (actual time=0.003..0.004 rows=1 loops=6499)
                                       Index Cond: (a5_.id = a1_.geneid)
                           ->  Index Scan using location_pkey on location a4_  (cost=0.00..1.25 rows=1 width=14) (actual time=0.004..0.005 rows=1 loops=6492)
                                 Index Cond: (a4_.id = a1_.chromosomelocationid)
                     ->  Index Scan using est_pkey on est a2_  (cost=0.00..2.32 rows=1 width=19) (actual time=0.003..0.004 rows=1 loops=6492)
                           Index Cond: (a2_.id = l.lid2)
 Total runtime: 1227.490 ms
(39 rows)

Time: 1232.336 ms
                                                                                                                QUERY PLAN                                                                                                                
------------------------------------------------------------------------------------------------------------------------------------------------------------------------------------------------------------------------------------------
 Limit  (cost=79874.28..79875.38 rows=40 width=66) (actual time=1219.126..1221.651 rows=500 loops=1)
   ->  Unique  (cost=79874.28..79875.38 rows=40 width=66) (actual time=1219.122..1220.695 rows=500 loops=1)
         ->  Sort  (cost=79874.28..79874.38 rows=40 width=66) (actual time=1219.119..1219.607 rows=500 loops=1)
               Sort Key: a1_.primaryidentifier, a2_.secondaryidentifier, a4_.intermine_start, a4_.intermine_end, a4_.strand, a5_.primaryidentifier, a1_.id, a2_.id, a4_.id, a5_.id
               Sort Method:  quicksort  Memory: 1105kB
               ->  Nested Loop  (cost=79430.99..79873.22 rows=40 width=66) (actual time=940.009..1202.163 rows=6492 loops=1)
                     ->  Nested Loop  (cost=79430.99..79779.94 rows=40 width=55) (actual time=939.992..1146.387 rows=6492 loops=1)
                           ->  Nested Loop  (cost=79430.99..79729.34 rows=40 width=45) (actual time=939.977..1085.730 rows=6492 loops=1)
                                 ->  Nested Loop  (cost=79430.99..79717.41 rows=41 width=31) (actual time=939.960..1029.990 rows=6499 loops=1)
                                       ->  Merge Join  (cost=79430.99..79653.56 rows=41 width=12) (actual time=939.923..969.509 rows=6499 loops=1)
                                             Merge Cond: (indirect1.bioentities = l.lid2)
                                             ->  Sort  (cost=24444.27..24538.03 rows=37505 width=4) (actual time=18.263..22.753 rows=4248 loops=1)
                                                   Sort Key: indirect1.bioentities
                                                   Sort Method:  quicksort  Memory: 392kB
                                                   ->  Nested Loop  (cost=0.00..21594.87 rows=37505 width=4) (actual time=0.106..13.433 rows=4248 loops=1)
                                                         ->  Seq Scan on dataset a3_  (cost=0.00..23.93 rows=1 width=4) (actual time=0.076..0.197 rows=1 loops=1)
                                                               Filter: (lower(title) ~~ '5'' race (mixed-stage embryos)'::text)
                                                         ->  Index Scan using bioentitiesdatasets__datasets on bioentitiesdatasets indirect1  (cost=0.00..21102.12 rows=37505 width=8) (actual time=0.025..4.928 rows=4248 loops=1)
                                                               Index Cond: (indirect1.datasets = a3_.id)
                                             ->  Sort  (cost=54986.72..55004.04 rows=6927 width=8) (actual time=913.387..923.963 rows=9818 loops=1)
                                                   Sort Key: l.lid2
                                                   Sort Method:  quicksort  Memory: 3480kB
                                                   ->  Subquery Scan l  (cost=54406.30..54544.84 rows=6927 width=8) (actual time=714.371..850.316 rows=41453 loops=1)
                                                         ->  HashAggregate  (cost=54406.30..54475.57 rows=6927 width=24) (actual time=714.367..770.219 rows=41453 loops=1)
                                                               ->  Nested Loop  (cost=0.00..54302.40 rows=6927 width=24) (actual time=0.063..642.592 rows=42110 loops=1)
                                                                     Join Filter: ((l1.intermine_start <= l2.intermine_end) AND (l2.intermine_start <= l1.intermine_end))
                                                                     ->  Index Scan using locationbin8000__subjectobjectbin on locationbin8000 l2  (cost=0.00..5941.16 rows=6686 width=20) (actual time=0.022..17.137 rows=13446 loops=1)
                                                                           Index Cond: (subjecttype = 'org.intermine.model.bio.EST'::text)
                                                                     ->  Index Scan using locationbin8000__subjectobjectbin on locationbin8000 l1  (cost=0.00..7.17 rows=3 width=20) (actual time=0.010..0.026 rows=14 loops=13446)
                                                                           Index Cond: ((l1.subjecttype = 'org.intermine.model.bio.Exon'::text) AND (l1.objectid = l2.objectid) AND (l1.bin = l2.bin))
                                       ->  Index Scan using exon_pkey on exon a1_  (cost=0.00..1.54 rows=1 width=23) (actual time=0.004..0.005 rows=1 loops=6499)
                                             Index Cond: (a1_.id = l.lid1)
                                 ->  Index Scan using gene_pkey on gene a5_  (cost=0.00..0.28 rows=1 width=18) (actual time=0.003..0.004 rows=1 loops=6499)
                                       Index Cond: (a5_.id = a1_.geneid)
                           ->  Index Scan using location_pkey on location a4_  (cost=0.00..1.25 rows=1 width=14) (actual time=0.004..0.005 rows=1 loops=6492)
                                 Index Cond: (a4_.id = a1_.chromosomelocationid)
                     ->  Index Scan using est_pkey on est a2_  (cost=0.00..2.32 rows=1 width=19) (actual time=0.003..0.004 rows=1 loops=6492)
                           Index Cond: (a2_.id = l.lid2)
 Total runtime: 1222.355 ms
(39 rows)

Time: 1227.186 ms
                                                                                                       QUERY PLAN                                                                                                       
------------------------------------------------------------------------------------------------------------------------------------------------------------------------------------------------------------------------
 Unique  (cost=369215.46..369242.46 rows=2160 width=46) (actual time=16922.392..16945.284 rows=7408 loops=1)
   ->  Sort  (cost=369215.46..369220.86 rows=2160 width=46) (actual time=16922.388..16929.791 rows=7408 loops=1)
         Sort Key: a4_.primaryidentifier, a2_.secondaryidentifier, a2_.id, a4_.id
         Sort Method:  quicksort  Memory: 1228kB
         ->  Nested Loop  (cost=358993.73..369095.83 rows=2160 width=46) (actual time=13051.041..16904.678 rows=7408 loops=1)
               ->  Nested Loop  (cost=358993.73..368394.40 rows=2160 width=32) (actual time=13051.026..16828.409 rows=7408 loops=1)
                     ->  Hash Join  (cost=358993.73..367585.47 rows=2160 width=32) (actual time=13050.718..16084.553 rows=85984 loops=1)
                           Hash Cond: (l2.subjectid = a2_.id)
                           ->  HashAggregate  (cost=332681.94..336290.41 rows=360847 width=24) (actual time=12731.269..14271.624 rows=1119997 loops=1)
                                 ->  Merge Join  (cost=181345.29..327269.24 rows=360847 width=24) (actual time=2659.204..10501.077 rows=1302693 loops=1)
                                       Merge Cond: ((l2.objectid = l1.objectid) AND (l2.bin = l1.bin))
                                       Join Filter: ((l1.intermine_start <= l2.intermine_end) AND (l2.intermine_start <= l1.intermine_end))
                                       ->  Index Scan using locationbin8000__subjectobjectbin on locationbin8000 l2  (cost=0.00..72223.54 rows=125790 width=20) (actual time=0.065..191.588 rows=125416 loops=1)
                                             Index Cond: (subjecttype = 'org.intermine.model.bio.ProteinBindingSite'::text)
                                       ->  Sort  (cost=181345.29..183095.14 rows=699938 width=20) (actual time=2659.111..5450.043 rows=2880457 loops=1)
                                             Sort Key: l1.objectid, l1.bin
                                             Sort Method:  quicksort  Memory: 79318kB
                                             ->  Index Scan using locationbin8000__subjecttypeid on locationbin8000 l1  (cost=0.00..113392.28 rows=699938 width=20) (actual time=0.074..1248.461 rows=700694 loops=1)
                                                   Index Cond: (subjecttype = 'org.intermine.model.bio.GeneFlankingRegion'::text)
                           ->  Hash  (cost=26304.05..26304.05 rows=619 width=32) (actual time=319.383..319.383 rows=6562 loops=1)
                                 ->  Hash Join  (cost=4327.95..26304.05 rows=619 width=32) (actual time=270.146..310.015 rows=6562 loops=1)
                                       Hash Cond: (indirect1.bioentities = a2_.id)
                                       ->  Nested Loop  (cost=0.00..21594.87 rows=37505 width=4) (actual time=0.176..21.386 rows=6562 loops=1)
                                             ->  Seq Scan on dataset a3_  (cost=0.00..23.93 rows=1 width=4) (actual time=0.078..0.215 rows=1 loops=1)
                                                   Filter: (lower(title) ~~ 'adultmale_h3k4me3'::text)
                                             ->  Index Scan using bioentitiesdatasets__datasets on bioentitiesdatasets indirect1  (cost=0.00..21102.12 rows=37505 width=8) (actual time=0.092..8.123 rows=6562 loops=1)
                                                   Index Cond: (indirect1.datasets = a3_.id)
                                       ->  Hash  (cost=3036.31..3036.31 rows=103331 width=28) (actual time=269.903..269.903 rows=103331 loops=1)
                                             ->  Seq Scan on proteinbindingsite a2_  (cost=0.00..3036.31 rows=103331 width=28) (actual time=0.015..138.797 rows=103331 loops=1)
                     ->  Index Scan using geneflankingregion_pkey on geneflankingregion a1_  (cost=0.00..0.36 rows=1 width=8) (actual time=0.006..0.006 rows=0 loops=85984)
                           Index Cond: (a1_.id = l1.subjectid)
                           Filter: ((lower(a1_.distance) ~~ '2.0kb'::text) AND (lower(a1_.direction) ~~ 'upstream'::text))
               ->  Index Scan using gene_pkey on gene a4_  (cost=0.00..0.31 rows=1 width=18) (actual time=0.005..0.006 rows=1 loops=7408)
                     Index Cond: (a4_.id = a1_.geneid)
 Total runtime: 16975.328 ms
(35 rows)

Time: 16981.558 ms
                                                                                                       QUERY PLAN                                                                                                       
------------------------------------------------------------------------------------------------------------------------------------------------------------------------------------------------------------------------
 Unique  (cost=369215.46..369242.46 rows=2160 width=46) (actual time=16672.956..16695.852 rows=7408 loops=1)
   ->  Sort  (cost=369215.46..369220.86 rows=2160 width=46) (actual time=16672.952..16680.375 rows=7408 loops=1)
         Sort Key: a4_.primaryidentifier, a2_.secondaryidentifier, a2_.id, a4_.id
         Sort Method:  quicksort  Memory: 1228kB
         ->  Nested Loop  (cost=358993.73..369095.83 rows=2160 width=46) (actual time=12866.538..16655.586 rows=7408 loops=1)
               ->  Nested Loop  (cost=358993.73..368394.40 rows=2160 width=32) (actual time=12866.523..16580.712 rows=7408 loops=1)
                     ->  Hash Join  (cost=358993.73..367585.47 rows=2160 width=32) (actual time=12866.367..15875.129 rows=85984 loops=1)
                           Hash Cond: (l2.subjectid = a2_.id)
                           ->  HashAggregate  (cost=332681.94..336290.41 rows=360847 width=24) (actual time=12556.493..14088.945 rows=1119997 loops=1)
                                 ->  Merge Join  (cost=181345.29..327269.24 rows=360847 width=24) (actual time=2523.983..10354.972 rows=1302693 loops=1)
                                       Merge Cond: ((l2.objectid = l1.objectid) AND (l2.bin = l1.bin))
                                       Join Filter: ((l1.intermine_start <= l2.intermine_end) AND (l2.intermine_start <= l1.intermine_end))
                                       ->  Index Scan using locationbin8000__subjectobjectbin on locationbin8000 l2  (cost=0.00..72223.54 rows=125790 width=20) (actual time=0.035..171.923 rows=125416 loops=1)
                                             Index Cond: (subjecttype = 'org.intermine.model.bio.ProteinBindingSite'::text)
                                       ->  Sort  (cost=181345.29..183095.14 rows=699938 width=20) (actual time=2523.921..5316.510 rows=2880457 loops=1)
                                             Sort Key: l1.objectid, l1.bin
                                             Sort Method:  quicksort  Memory: 79318kB
                                             ->  Index Scan using locationbin8000__subjecttypeid on locationbin8000 l1  (cost=0.00..113392.28 rows=699938 width=20) (actual time=0.045..1127.315 rows=700694 loops=1)
                                                   Index Cond: (subjecttype = 'org.intermine.model.bio.GeneFlankingRegion'::text)
                           ->  Hash  (cost=26304.05..26304.05 rows=619 width=32) (actual time=309.808..309.808 rows=6562 loops=1)
                                 ->  Hash Join  (cost=4327.95..26304.05 rows=619 width=32) (actual time=261.320..301.247 rows=6562 loops=1)
                                       Hash Cond: (indirect1.bioentities = a2_.id)
                                       ->  Nested Loop  (cost=0.00..21594.87 rows=37505 width=4) (actual time=0.179..21.395 rows=6562 loops=1)
                                             ->  Seq Scan on dataset a3_  (cost=0.00..23.93 rows=1 width=4) (actual time=0.080..0.212 rows=1 loops=1)
                                                   Filter: (lower(title) ~~ 'adultmale_h3k4me3'::text)
                                             ->  Index Scan using bioentitiesdatasets__datasets on bioentitiesdatasets indirect1  (cost=0.00..21102.12 rows=37505 width=8) (actual time=0.093..8.120 rows=6562 loops=1)
                                                   Index Cond: (indirect1.datasets = a3_.id)
                                       ->  Hash  (cost=3036.31..3036.31 rows=103331 width=28) (actual time=261.077..261.077 rows=103331 loops=1)
                                             ->  Seq Scan on proteinbindingsite a2_  (cost=0.00..3036.31 rows=103331 width=28) (actual time=0.014..132.572 rows=103331 loops=1)
                     ->  Index Scan using geneflankingregion_pkey on geneflankingregion a1_  (cost=0.00..0.36 rows=1 width=8) (actual time=0.006..0.006 rows=0 loops=85984)
                           Index Cond: (a1_.id = l1.subjectid)
                           Filter: ((lower(a1_.distance) ~~ '2.0kb'::text) AND (lower(a1_.direction) ~~ 'upstream'::text))
               ->  Index Scan using gene_pkey on gene a4_  (cost=0.00..0.31 rows=1 width=18) (actual time=0.005..0.006 rows=1 loops=7408)
                     Index Cond: (a4_.id = a1_.geneid)
 Total runtime: 16728.288 ms
(35 rows)

Time: 16732.853 ms
                                                                                                          QUERY PLAN                                                                                                          
------------------------------------------------------------------------------------------------------------------------------------------------------------------------------------------------------------------------------
 Limit  (cost=369215.46..369221.71 rows=500 width=46) (actual time=16680.762..16683.243 rows=500 loops=1)
   ->  Unique  (cost=369215.46..369242.46 rows=2160 width=46) (actual time=16680.759..16682.299 rows=500 loops=1)
         ->  Sort  (cost=369215.46..369220.86 rows=2160 width=46) (actual time=16680.754..16681.245 rows=500 loops=1)
               Sort Key: a4_.primaryidentifier, a2_.secondaryidentifier, a2_.id, a4_.id
               Sort Method:  quicksort  Memory: 1228kB
               ->  Nested Loop  (cost=358993.73..369095.83 rows=2160 width=46) (actual time=12876.272..16663.399 rows=7408 loops=1)
                     ->  Nested Loop  (cost=358993.73..368394.40 rows=2160 width=32) (actual time=12876.258..16588.480 rows=7408 loops=1)
                           ->  Hash Join  (cost=358993.73..367585.47 rows=2160 width=32) (actual time=12876.102..15883.751 rows=85984 loops=1)
                                 Hash Cond: (l2.subjectid = a2_.id)
                                 ->  HashAggregate  (cost=332681.94..336290.41 rows=360847 width=24) (actual time=12570.545..14102.649 rows=1119997 loops=1)
                                       ->  Merge Join  (cost=181345.29..327269.24 rows=360847 width=24) (actual time=2503.401..10340.740 rows=1302693 loops=1)
                                             Merge Cond: ((l2.objectid = l1.objectid) AND (l2.bin = l1.bin))
                                             Join Filter: ((l1.intermine_start <= l2.intermine_end) AND (l2.intermine_start <= l1.intermine_end))
                                             ->  Index Scan using locationbin8000__subjectobjectbin on locationbin8000 l2  (cost=0.00..72223.54 rows=125790 width=20) (actual time=0.026..172.032 rows=125416 loops=1)
                                                   Index Cond: (subjecttype = 'org.intermine.model.bio.ProteinBindingSite'::text)
                                             ->  Sort  (cost=181345.29..183095.14 rows=699938 width=20) (actual time=2503.347..5294.720 rows=2880457 loops=1)
                                                   Sort Key: l1.objectid, l1.bin
                                                   Sort Method:  quicksort  Memory: 79318kB
                                                   ->  Index Scan using locationbin8000__subjecttypeid on locationbin8000 l1  (cost=0.00..113392.28 rows=699938 width=20) (actual time=0.018..1093.943 rows=700694 loops=1)
                                                         Index Cond: (subjecttype = 'org.intermine.model.bio.GeneFlankingRegion'::text)
                                 ->  Hash  (cost=26304.05..26304.05 rows=619 width=32) (actual time=305.490..305.490 rows=6562 loops=1)
                                       ->  Hash Join  (cost=4327.95..26304.05 rows=619 width=32) (actual time=257.476..297.052 rows=6562 loops=1)
                                             Hash Cond: (indirect1.bioentities = a2_.id)
                                             ->  Nested Loop  (cost=0.00..21594.87 rows=37505 width=4) (actual time=0.113..21.026 rows=6562 loops=1)
                                                   ->  Seq Scan on dataset a3_  (cost=0.00..23.93 rows=1 width=4) (actual time=0.080..0.208 rows=1 loops=1)
                                                         Filter: (lower(title) ~~ 'adultmale_h3k4me3'::text)
                                                   ->  Index Scan using bioentitiesdatasets__datasets on bioentitiesdatasets indirect1  (cost=0.00..21102.12 rows=37505 width=8) (actual time=0.027..7.732 rows=6562 loops=1)
                                                         Index Cond: (indirect1.datasets = a3_.id)
                                             ->  Hash  (cost=3036.31..3036.31 rows=103331 width=28) (actual time=257.298..257.298 rows=103331 loops=1)
                                                   ->  Seq Scan on proteinbindingsite a2_  (cost=0.00..3036.31 rows=103331 width=28) (actual time=0.004..130.389 rows=103331 loops=1)
                           ->  Index Scan using geneflankingregion_pkey on geneflankingregion a1_  (cost=0.00..0.36 rows=1 width=8) (actual time=0.006..0.006 rows=0 loops=85984)
                                 Index Cond: (a1_.id = l1.subjectid)
                                 Filter: ((lower(a1_.distance) ~~ '2.0kb'::text) AND (lower(a1_.direction) ~~ 'upstream'::text))
                     ->  Index Scan using gene_pkey on gene a4_  (cost=0.00..0.31 rows=1 width=18) (actual time=0.005..0.006 rows=1 loops=7408)
                           Index Cond: (a4_.id = a1_.geneid)
 Total runtime: 16709.098 ms
(36 rows)

Time: 16713.692 ms
                                                                                                          QUERY PLAN                                                                                                          
------------------------------------------------------------------------------------------------------------------------------------------------------------------------------------------------------------------------------
 Limit  (cost=369215.46..369221.71 rows=500 width=46) (actual time=16696.326..16698.808 rows=500 loops=1)
   ->  Unique  (cost=369215.46..369242.46 rows=2160 width=46) (actual time=16696.322..16697.855 rows=500 loops=1)
         ->  Sort  (cost=369215.46..369220.86 rows=2160 width=46) (actual time=16696.318..16696.812 rows=500 loops=1)
               Sort Key: a4_.primaryidentifier, a2_.secondaryidentifier, a2_.id, a4_.id
               Sort Method:  quicksort  Memory: 1228kB
               ->  Nested Loop  (cost=358993.73..369095.83 rows=2160 width=46) (actual time=12881.520..16678.774 rows=7408 loops=1)
                     ->  Nested Loop  (cost=358993.73..368394.40 rows=2160 width=32) (actual time=12881.506..16603.784 rows=7408 loops=1)
                           ->  Hash Join  (cost=358993.73..367585.47 rows=2160 width=32) (actual time=12881.348..15898.026 rows=85984 loops=1)
                                 Hash Cond: (l2.subjectid = a2_.id)
                                 ->  HashAggregate  (cost=332681.94..336290.41 rows=360847 width=24) (actual time=12576.935..14113.444 rows=1119997 loops=1)
                                       ->  Merge Join  (cost=181345.29..327269.24 rows=360847 width=24) (actual time=2509.481..10349.956 rows=1302693 loops=1)
                                             Merge Cond: ((l2.objectid = l1.objectid) AND (l2.bin = l1.bin))
                                             Join Filter: ((l1.intermine_start <= l2.intermine_end) AND (l2.intermine_start <= l1.intermine_end))
                                             ->  Index Scan using locationbin8000__subjectobjectbin on locationbin8000 l2  (cost=0.00..72223.54 rows=125790 width=20) (actual time=0.025..172.688 rows=125416 loops=1)
                                                   Index Cond: (subjecttype = 'org.intermine.model.bio.ProteinBindingSite'::text)
                                             ->  Sort  (cost=181345.29..183095.14 rows=699938 width=20) (actual time=2509.429..5300.981 rows=2880457 loops=1)
                                                   Sort Key: l1.objectid, l1.bin
                                                   Sort Method:  quicksort  Memory: 79318kB
                                                   ->  Index Scan using locationbin8000__subjecttypeid on locationbin8000 l1  (cost=0.00..113392.28 rows=699938 width=20) (actual time=0.018..1100.995 rows=700694 loops=1)
                                                         Index Cond: (subjecttype = 'org.intermine.model.bio.GeneFlankingRegion'::text)
                                 ->  Hash  (cost=26304.05..26304.05 rows=619 width=32) (actual time=304.346..304.346 rows=6562 loops=1)
                                       ->  Hash Join  (cost=4327.95..26304.05 rows=619 width=32) (actual time=256.308..295.905 rows=6562 loops=1)
                                             Hash Cond: (indirect1.bioentities = a2_.id)
                                             ->  Nested Loop  (cost=0.00..21594.87 rows=37505 width=4) (actual time=0.114..21.010 rows=6562 loops=1)
                                                   ->  Seq Scan on dataset a3_  (cost=0.00..23.93 rows=1 width=4) (actual time=0.081..0.209 rows=1 loops=1)
                                                         Filter: (lower(title) ~~ 'adultmale_h3k4me3'::text)
                                                   ->  Index Scan using bioentitiesdatasets__datasets on bioentitiesdatasets indirect1  (cost=0.00..21102.12 rows=37505 width=8) (actual time=0.028..7.747 rows=6562 loops=1)
                                                         Index Cond: (indirect1.datasets = a3_.id)
                                             ->  Hash  (cost=3036.31..3036.31 rows=103331 width=28) (actual time=256.129..256.129 rows=103331 loops=1)
                                                   ->  Seq Scan on proteinbindingsite a2_  (cost=0.00..3036.31 rows=103331 width=28) (actual time=0.003..129.612 rows=103331 loops=1)
                           ->  Index Scan using geneflankingregion_pkey on geneflankingregion a1_  (cost=0.00..0.36 rows=1 width=8) (actual time=0.006..0.006 rows=0 loops=85984)
                                 Index Cond: (a1_.id = l1.subjectid)
                                 Filter: ((lower(a1_.distance) ~~ '2.0kb'::text) AND (lower(a1_.direction) ~~ 'upstream'::text))
                     ->  Index Scan using gene_pkey on gene a4_  (cost=0.00..0.31 rows=1 width=18) (actual time=0.005..0.006 rows=1 loops=7408)
                           Index Cond: (a4_.id = a1_.geneid)
 Total runtime: 16724.801 ms
(36 rows)

Time: 16729.403 ms
                                                                                                          QUERY PLAN                                                                                                          
------------------------------------------------------------------------------------------------------------------------------------------------------------------------------------------------------------------------------
 Unique  (cost=107575.21..107576.65 rows=115 width=37) (actual time=2750.175..2751.197 rows=341 loops=1)
   ->  Sort  (cost=107575.21..107575.50 rows=115 width=37) (actual time=2750.173..2750.506 rows=341 loops=1)
         Sort Key: a4_.primaryidentifier, a2_.secondaryidentifier, a2_.id, a4_.id
         Sort Method:  quicksort  Memory: 51kB
         ->  Nested Loop  (cost=106916.09..107571.28 rows=115 width=37) (actual time=2720.365..2749.522 rows=341 loops=1)
               ->  Nested Loop  (cost=106916.09..107400.07 rows=115 width=26) (actual time=2720.317..2746.537 rows=341 loops=1)
                     ->  Nested Loop  (cost=106916.09..107362.80 rows=115 width=12) (actual time=2720.302..2743.426 rows=341 loops=1)
                           ->  Merge Join  (cost=106916.09..107200.66 rows=115 width=12) (actual time=2720.183..2727.932 rows=2193 loops=1)
                                 Merge Cond: (indirect1.bioentities = l.lid2)
                                 ->  Sort  (cost=24444.27..24538.03 rows=37505 width=4) (actual time=2.595..3.151 rows=546 loops=1)
                                       Sort Key: indirect1.bioentities
                                       Sort Method:  quicksort  Memory: 50kB
                                       ->  Nested Loop  (cost=0.00..21594.87 rows=37505 width=4) (actual time=0.150..1.983 rows=546 loops=1)
                                             ->  Seq Scan on dataset a3_  (cost=0.00..23.93 rows=1 width=4) (actual time=0.074..0.202 rows=1 loops=1)
                                                   Filter: (lower(title) ~~ 'dmg3 rtpcr'::text)
                                             ->  Index Scan using bioentitiesdatasets__datasets on bioentitiesdatasets indirect1  (cost=0.00..21102.12 rows=37505 width=8) (actual time=0.072..0.707 rows=546 loops=1)
                                                   Index Cond: (indirect1.datasets = a3_.id)
                                 ->  Sort  (cost=82471.82..82519.77 rows=19180 width=8) (actual time=2604.721..2663.373 rows=55850 loops=1)
                                       Sort Key: l.lid2
                                       Sort Method:  quicksort  Memory: 13659kB
                                       ->  Subquery Scan l  (cost=80723.82..81107.42 rows=19180 width=8) (actual time=1824.519..2348.200 rows=160316 loops=1)
                                             ->  HashAggregate  (cost=80723.82..80915.62 rows=19180 width=24) (actual time=1824.516..2034.473 rows=160316 loops=1)
                                                   ->  Nested Loop  (cost=0.00..80436.12 rows=19180 width=24) (actual time=0.062..1528.043 rows=173094 loops=1)
                                                         Join Filter: ((l1.intermine_start <= l2.intermine_end) AND (l2.intermine_start <= l1.intermine_end))
                                                         ->  Index Scan using locationbin8000__subjectobjectbin on locationbin8000 l2  (cost=0.00..5941.16 rows=6686 width=20) (actual time=0.021..18.262 rows=13446 loops=1)
                                                               Index Cond: (subjecttype = 'org.intermine.model.bio.EST'::text)
                                                         ->  Index Scan using locationbin8000__subjectobjectbin on locationbin8000 l1  (cost=0.00..10.96 rows=9 width=20) (actual time=0.015..0.058 rows=35 loops=13446)
                                                               Index Cond: ((l1.subjecttype = 'org.intermine.model.bio.GeneFlankingRegion'::text) AND (l1.objectid = l2.objectid) AND (l1.bin = l2.bin))
                           ->  Index Scan using geneflankingregion_pkey on geneflankingregion a1_  (cost=0.00..1.40 rows=1 width=8) (actual time=0.005..0.005 rows=0 loops=2193)
                                 Index Cond: (a1_.id = l.lid1)
                                 Filter: ((lower(a1_.distance) ~~ '5.0kb'::text) AND (lower(a1_.direction) ~~ 'downstream'::text))
                     ->  Index Scan using gene_pkey on gene a4_  (cost=0.00..0.31 rows=1 width=18) (actual time=0.004..0.005 rows=1 loops=341)
                           Index Cond: (a4_.id = a1_.geneid)
               ->  Index Scan using est_pkey on est a2_  (cost=0.00..1.48 rows=1 width=19) (actual time=0.003..0.004 rows=1 loops=341)
                     Index Cond: (a2_.id = l.lid2)
 Total runtime: 2751.831 ms
(36 rows)

Time: 2755.550 ms
                                                                                                          QUERY PLAN                                                                                                          
------------------------------------------------------------------------------------------------------------------------------------------------------------------------------------------------------------------------------
 Unique  (cost=107575.21..107576.65 rows=115 width=37) (actual time=2701.418..2702.442 rows=341 loops=1)
   ->  Sort  (cost=107575.21..107575.50 rows=115 width=37) (actual time=2701.415..2701.743 rows=341 loops=1)
         Sort Key: a4_.primaryidentifier, a2_.secondaryidentifier, a2_.id, a4_.id
         Sort Method:  quicksort  Memory: 51kB
         ->  Nested Loop  (cost=106916.09..107571.28 rows=115 width=37) (actual time=2671.681..2700.781 rows=341 loops=1)
               ->  Nested Loop  (cost=106916.09..107400.07 rows=115 width=26) (actual time=2671.663..2697.865 rows=341 loops=1)
                     ->  Nested Loop  (cost=106916.09..107362.80 rows=115 width=12) (actual time=2671.649..2694.742 rows=341 loops=1)
                           ->  Merge Join  (cost=106916.09..107200.66 rows=115 width=12) (actual time=2671.523..2679.240 rows=2193 loops=1)
                                 Merge Cond: (indirect1.bioentities = l.lid2)
                                 ->  Sort  (cost=24444.27..24538.03 rows=37505 width=4) (actual time=2.517..3.074 rows=546 loops=1)
                                       Sort Key: indirect1.bioentities
                                       Sort Method:  quicksort  Memory: 50kB
                                       ->  Nested Loop  (cost=0.00..21594.87 rows=37505 width=4) (actual time=0.097..1.910 rows=546 loops=1)
                                             ->  Seq Scan on dataset a3_  (cost=0.00..23.93 rows=1 width=4) (actual time=0.073..0.198 rows=1 loops=1)
                                                   Filter: (lower(title) ~~ 'dmg3 rtpcr'::text)
                                             ->  Index Scan using bioentitiesdatasets__datasets on bioentitiesdatasets indirect1  (cost=0.00..21102.12 rows=37505 width=8) (actual time=0.018..0.639 rows=546 loops=1)
                                                   Index Cond: (indirect1.datasets = a3_.id)
                                 ->  Sort  (cost=82471.82..82519.77 rows=19180 width=8) (actual time=2556.284..2614.867 rows=55850 loops=1)
                                       Sort Key: l.lid2
                                       Sort Method:  quicksort  Memory: 13659kB
                                       ->  Subquery Scan l  (cost=80723.82..81107.42 rows=19180 width=8) (actual time=1790.116..2308.376 rows=160316 loops=1)
                                             ->  HashAggregate  (cost=80723.82..80915.62 rows=19180 width=24) (actual time=1790.113..1998.574 rows=160316 loops=1)
                                                   ->  Nested Loop  (cost=0.00..80436.12 rows=19180 width=24) (actual time=0.086..1496.181 rows=173094 loops=1)
                                                         Join Filter: ((l1.intermine_start <= l2.intermine_end) AND (l2.intermine_start <= l1.intermine_end))
                                                         ->  Index Scan using locationbin8000__subjectobjectbin on locationbin8000 l2  (cost=0.00..5941.16 rows=6686 width=20) (actual time=0.061..17.843 rows=13446 loops=1)
                                                               Index Cond: (subjecttype = 'org.intermine.model.bio.EST'::text)
                                                         ->  Index Scan using locationbin8000__subjectobjectbin on locationbin8000 l1  (cost=0.00..10.96 rows=9 width=20) (actual time=0.014..0.056 rows=35 loops=13446)
                                                               Index Cond: ((l1.subjecttype = 'org.intermine.model.bio.GeneFlankingRegion'::text) AND (l1.objectid = l2.objectid) AND (l1.bin = l2.bin))
                           ->  Index Scan using geneflankingregion_pkey on geneflankingregion a1_  (cost=0.00..1.40 rows=1 width=8) (actual time=0.005..0.005 rows=0 loops=2193)
                                 Index Cond: (a1_.id = l.lid1)
                                 Filter: ((lower(a1_.distance) ~~ '5.0kb'::text) AND (lower(a1_.direction) ~~ 'downstream'::text))
                     ->  Index Scan using gene_pkey on gene a4_  (cost=0.00..0.31 rows=1 width=18) (actual time=0.004..0.005 rows=1 loops=341)
                           Index Cond: (a4_.id = a1_.geneid)
               ->  Index Scan using est_pkey on est a2_  (cost=0.00..1.48 rows=1 width=19) (actual time=0.003..0.004 rows=1 loops=341)
                     Index Cond: (a2_.id = l.lid2)
 Total runtime: 2703.072 ms
(36 rows)

Time: 2706.705 ms
                                                                                                             QUERY PLAN                                                                                                             
------------------------------------------------------------------------------------------------------------------------------------------------------------------------------------------------------------------------------------
 Limit  (cost=107575.21..107576.65 rows=115 width=37) (actual time=2712.612..2714.291 rows=341 loops=1)
   ->  Unique  (cost=107575.21..107576.65 rows=115 width=37) (actual time=2712.610..2713.634 rows=341 loops=1)
         ->  Sort  (cost=107575.21..107575.50 rows=115 width=37) (actual time=2712.607..2712.934 rows=341 loops=1)
               Sort Key: a4_.primaryidentifier, a2_.secondaryidentifier, a2_.id, a4_.id
               Sort Method:  quicksort  Memory: 51kB
               ->  Nested Loop  (cost=106916.09..107571.28 rows=115 width=37) (actual time=2682.755..2711.952 rows=341 loops=1)
                     ->  Nested Loop  (cost=106916.09..107400.07 rows=115 width=26) (actual time=2682.739..2709.043 rows=341 loops=1)
                           ->  Nested Loop  (cost=106916.09..107362.80 rows=115 width=12) (actual time=2682.725..2705.897 rows=341 loops=1)
                                 ->  Merge Join  (cost=106916.09..107200.66 rows=115 width=12) (actual time=2682.606..2690.367 rows=2193 loops=1)
                                       Merge Cond: (indirect1.bioentities = l.lid2)
                                       ->  Sort  (cost=24444.27..24538.03 rows=37505 width=4) (actual time=2.552..3.106 rows=546 loops=1)
                                             Sort Key: indirect1.bioentities
                                             Sort Method:  quicksort  Memory: 50kB
                                             ->  Nested Loop  (cost=0.00..21594.87 rows=37505 width=4) (actual time=0.096..1.934 rows=546 loops=1)
                                                   ->  Seq Scan on dataset a3_  (cost=0.00..23.93 rows=1 width=4) (actual time=0.072..0.196 rows=1 loops=1)
                                                         Filter: (lower(title) ~~ 'dmg3 rtpcr'::text)
                                                   ->  Index Scan using bioentitiesdatasets__datasets on bioentitiesdatasets indirect1  (cost=0.00..21102.12 rows=37505 width=8) (actual time=0.019..0.668 rows=546 loops=1)
                                                         Index Cond: (indirect1.datasets = a3_.id)
                                       ->  Sort  (cost=82471.82..82519.77 rows=19180 width=8) (actual time=2567.440..2625.860 rows=55850 loops=1)
                                             Sort Key: l.lid2
                                             Sort Method:  quicksort  Memory: 13659kB
                                             ->  Subquery Scan l  (cost=80723.82..81107.42 rows=19180 width=8) (actual time=1800.042..2318.762 rows=160316 loops=1)
                                                   ->  HashAggregate  (cost=80723.82..80915.62 rows=19180 width=24) (actual time=1800.039..2008.305 rows=160316 loops=1)
                                                         ->  Nested Loop  (cost=0.00..80436.12 rows=19180 width=24) (actual time=0.046..1505.031 rows=173094 loops=1)
                                                               Join Filter: ((l1.intermine_start <= l2.intermine_end) AND (l2.intermine_start <= l1.intermine_end))
                                                               ->  Index Scan using locationbin8000__subjectobjectbin on locationbin8000 l2  (cost=0.00..5941.16 rows=6686 width=20) (actual time=0.023..17.617 rows=13446 loops=1)
                                                                     Index Cond: (subjecttype = 'org.intermine.model.bio.EST'::text)
                                                               ->  Index Scan using locationbin8000__subjectobjectbin on locationbin8000 l1  (cost=0.00..10.96 rows=9 width=20) (actual time=0.014..0.056 rows=35 loops=13446)
                                                                     Index Cond: ((l1.subjecttype = 'org.intermine.model.bio.GeneFlankingRegion'::text) AND (l1.objectid = l2.objectid) AND (l1.bin = l2.bin))
                                 ->  Index Scan using geneflankingregion_pkey on geneflankingregion a1_  (cost=0.00..1.40 rows=1 width=8) (actual time=0.005..0.005 rows=0 loops=2193)
                                       Index Cond: (a1_.id = l.lid1)
                                       Filter: ((lower(a1_.distance) ~~ '5.0kb'::text) AND (lower(a1_.direction) ~~ 'downstream'::text))
                           ->  Index Scan using gene_pkey on gene a4_  (cost=0.00..0.31 rows=1 width=18) (actual time=0.004..0.005 rows=1 loops=341)
                                 Index Cond: (a4_.id = a1_.geneid)
                     ->  Index Scan using est_pkey on est a2_  (cost=0.00..1.48 rows=1 width=19) (actual time=0.003..0.004 rows=1 loops=341)
                           Index Cond: (a2_.id = l.lid2)
 Total runtime: 2714.921 ms
(37 rows)

Time: 2718.572 ms
                                                                                                             QUERY PLAN                                                                                                             
------------------------------------------------------------------------------------------------------------------------------------------------------------------------------------------------------------------------------------
 Limit  (cost=107575.21..107576.65 rows=115 width=37) (actual time=2702.091..2703.748 rows=341 loops=1)
   ->  Unique  (cost=107575.21..107576.65 rows=115 width=37) (actual time=2702.088..2703.094 rows=341 loops=1)
         ->  Sort  (cost=107575.21..107575.50 rows=115 width=37) (actual time=2702.085..2702.402 rows=341 loops=1)
               Sort Key: a4_.primaryidentifier, a2_.secondaryidentifier, a2_.id, a4_.id
               Sort Method:  quicksort  Memory: 51kB
               ->  Nested Loop  (cost=106916.09..107571.28 rows=115 width=37) (actual time=2672.337..2701.449 rows=341 loops=1)
                     ->  Nested Loop  (cost=106916.09..107400.07 rows=115 width=26) (actual time=2672.320..2698.536 rows=341 loops=1)
                           ->  Nested Loop  (cost=106916.09..107362.80 rows=115 width=12) (actual time=2672.306..2695.414 rows=341 loops=1)
                                 ->  Merge Join  (cost=106916.09..107200.66 rows=115 width=12) (actual time=2672.189..2679.997 rows=2193 loops=1)
                                       Merge Cond: (indirect1.bioentities = l.lid2)
                                       ->  Sort  (cost=24444.27..24538.03 rows=37505 width=4) (actual time=2.560..3.115 rows=546 loops=1)
                                             Sort Key: indirect1.bioentities
                                             Sort Method:  quicksort  Memory: 50kB
                                             ->  Nested Loop  (cost=0.00..21594.87 rows=37505 width=4) (actual time=0.097..1.942 rows=546 loops=1)
                                                   ->  Seq Scan on dataset a3_  (cost=0.00..23.93 rows=1 width=4) (actual time=0.073..0.199 rows=1 loops=1)
                                                         Filter: (lower(title) ~~ 'dmg3 rtpcr'::text)
                                                   ->  Index Scan using bioentitiesdatasets__datasets on bioentitiesdatasets indirect1  (cost=0.00..21102.12 rows=37505 width=8) (actual time=0.018..0.639 rows=546 loops=1)
                                                         Index Cond: (indirect1.datasets = a3_.id)
                                       ->  Sort  (cost=82471.82..82519.77 rows=19180 width=8) (actual time=2556.938..2615.487 rows=55850 loops=1)
                                             Sort Key: l.lid2
                                             Sort Method:  quicksort  Memory: 13659kB
                                             ->  Subquery Scan l  (cost=80723.82..81107.42 rows=19180 width=8) (actual time=1791.030..2309.068 rows=160316 loops=1)
                                                   ->  HashAggregate  (cost=80723.82..80915.62 rows=19180 width=24) (actual time=1791.027..1999.400 rows=160316 loops=1)
                                                         ->  Nested Loop  (cost=0.00..80436.12 rows=19180 width=24) (actual time=0.045..1498.716 rows=173094 loops=1)
                                                               Join Filter: ((l1.intermine_start <= l2.intermine_end) AND (l2.intermine_start <= l1.intermine_end))
                                                               ->  Index Scan using locationbin8000__subjectobjectbin on locationbin8000 l2  (cost=0.00..5941.16 rows=6686 width=20) (actual time=0.022..17.688 rows=13446 loops=1)
                                                                     Index Cond: (subjecttype = 'org.intermine.model.bio.EST'::text)
                                                               ->  Index Scan using locationbin8000__subjectobjectbin on locationbin8000 l1  (cost=0.00..10.96 rows=9 width=20) (actual time=0.014..0.056 rows=35 loops=13446)
                                                                     Index Cond: ((l1.subjecttype = 'org.intermine.model.bio.GeneFlankingRegion'::text) AND (l1.objectid = l2.objectid) AND (l1.bin = l2.bin))
                                 ->  Index Scan using geneflankingregion_pkey on geneflankingregion a1_  (cost=0.00..1.40 rows=1 width=8) (actual time=0.004..0.005 rows=0 loops=2193)
                                       Index Cond: (a1_.id = l.lid1)
                                       Filter: ((lower(a1_.distance) ~~ '5.0kb'::text) AND (lower(a1_.direction) ~~ 'downstream'::text))
                           ->  Index Scan using gene_pkey on gene a4_  (cost=0.00..0.31 rows=1 width=18) (actual time=0.004..0.005 rows=1 loops=341)
                                 Index Cond: (a4_.id = a1_.geneid)
                     ->  Index Scan using est_pkey on est a2_  (cost=0.00..1.48 rows=1 width=19) (actual time=0.003..0.004 rows=1 loops=341)
                           Index Cond: (a2_.id = l.lid2)
 Total runtime: 2704.383 ms
(37 rows)

Time: 2708.051 ms
                                                                                                           QUERY PLAN                                                                                                           
--------------------------------------------------------------------------------------------------------------------------------------------------------------------------------------------------------------------------------
 Unique  (cost=1731899.58..1732601.77 rows=25534 width=82) (actual time=129552.722..129684.414 rows=39884 loops=1)
   ->  Sort  (cost=1731899.58..1731963.42 rows=25534 width=82) (actual time=129552.717..129596.074 rows=39884 loops=1)
         Sort Key: a1_.primaryidentifier, a2_.secondaryidentifier, a4_.intermine_start, a4_.intermine_end, a4_.strand, a5_.primaryidentifier, a1_.id, a2_.id, a4_.id, a5_.id
         Sort Method:  quicksort  Memory: 7145kB
         ->  Nested Loop  (cost=1584792.69..1730030.48 rows=25534 width=82) (actual time=112454.213..129413.276 rows=39884 loops=1)
               ->  Hash Join  (cost=1584792.69..1697729.82 rows=25534 width=72) (actual time=112454.167..128929.700 rows=39884 loops=1)
                     Hash Cond: (a1_.geneid = a5_.id)
                     ->  Nested Loop  (cost=1582826.81..1695245.54 rows=26306 width=58) (actual time=112331.401..128664.808 rows=40032 loops=1)
                           ->  Hash Join  (cost=1582826.81..1687464.47 rows=26306 width=39) (actual time=112331.351..128164.356 rows=40032 loops=1)
                                 Hash Cond: (l2.subjectid = a2_.id)
                                 ->  HashAggregate  (cost=1540724.07..1584671.27 rows=4394720 width=24) (actual time=111686.410..118614.508 rows=4677887 loops=1)
                                       ->  Nested Loop  (cost=0.00..1474803.27 rows=4394720 width=24) (actual time=0.096..103081.864 rows=4853004 loops=1)
                                             Join Filter: ((l1.intermine_start <= l2.intermine_end) AND (l2.intermine_start <= l1.intermine_end))
                                             ->  Index Scan using locationbin8000__subjectobjectbin on locationbin8000 l1  (cost=0.00..96019.29 rows=252783 width=20) (actual time=0.031..360.724 rows=257133 loops=1)
                                                   Index Cond: (subjecttype = 'org.intermine.model.bio.Exon'::text)
                                             ->  Index Scan using locationbin8000__subjectobjectbin on locationbin8000 l2  (cost=0.00..4.39 rows=53 width=20) (actual time=0.016..0.211 rows=153 loops=257133)
                                                   Index Cond: ((l2.subjecttype = 'org.intermine.model.bio.TranscriptRegion'::text) AND (l2.objectid = l1.objectid) AND (l2.bin = l1.bin))
                                 ->  Hash  (cost=41801.57..41801.57 rows=24094 width=39) (actual time=643.496..643.496 rows=48827 loops=1)
                                       ->  Nested Loop  (cost=0.00..41801.57 rows=24094 width=39) (actual time=0.252..573.381 rows=48827 loops=1)
                                             ->  Nested Loop  (cost=0.00..21594.87 rows=37505 width=4) (actual time=0.197..156.036 rows=48827 loops=1)
                                                   ->  Seq Scan on dataset a3_  (cost=0.00..23.93 rows=1 width=4) (actual time=0.135..0.213 rows=1 loops=1)
                                                         Filter: (lower(title) ~~ 'dm_s2rp_totalrna_p200_020-022-024_38bp'::text)
                                                   ->  Index Scan using bioentitiesdatasets__datasets on bioentitiesdatasets indirect1  (cost=0.00..21102.12 rows=37505 width=8) (actual time=0.052..58.144 rows=48827 loops=1)
                                                         Index Cond: (indirect1.datasets = a3_.id)
                                             ->  Index Scan using transcriptregion_pkey on transcriptregion a2_  (cost=0.00..0.53 rows=1 width=35) (actual time=0.003..0.004 rows=1 loops=48827)
                                                   Index Cond: (a2_.id = indirect1.bioentities)
                           ->  Index Scan using exon_pkey on exon a1_  (cost=0.00..0.28 rows=1 width=23) (actual time=0.007..0.008 rows=1 loops=40032)
                                 Index Cond: (a1_.id = l1.subjectid)
                     ->  Hash  (cost=1357.61..1357.61 rows=48661 width=18) (actual time=122.727..122.727 rows=48661 loops=1)
                           ->  Seq Scan on gene a5_  (cost=0.00..1357.61 rows=48661 width=18) (actual time=0.033..62.317 rows=48661 loops=1)
               ->  Index Scan using location_pkey on location a4_  (cost=0.00..1.25 rows=1 width=14) (actual time=0.007..0.008 rows=1 loops=39884)
                     Index Cond: (a4_.id = a1_.chromosomelocationid)
 Total runtime: 129765.611 ms
(33 rows)

Time: 129838.552 ms
                                                                                                           QUERY PLAN                                                                                                           
--------------------------------------------------------------------------------------------------------------------------------------------------------------------------------------------------------------------------------
 Unique  (cost=1731899.58..1732601.77 rows=25534 width=82) (actual time=128994.979..129126.953 rows=39884 loops=1)
   ->  Sort  (cost=1731899.58..1731963.42 rows=25534 width=82) (actual time=128994.975..129038.081 rows=39884 loops=1)
         Sort Key: a1_.primaryidentifier, a2_.secondaryidentifier, a4_.intermine_start, a4_.intermine_end, a4_.strand, a5_.primaryidentifier, a1_.id, a2_.id, a4_.id, a5_.id
         Sort Method:  quicksort  Memory: 7145kB
         ->  Nested Loop  (cost=1584792.69..1730030.48 rows=25534 width=82) (actual time=111937.098..128855.959 rows=39884 loops=1)
               ->  Hash Join  (cost=1584792.69..1697729.82 rows=25534 width=72) (actual time=111937.054..128378.015 rows=39884 loops=1)
                     Hash Cond: (a1_.geneid = a5_.id)
                     ->  Nested Loop  (cost=1582826.81..1695245.54 rows=26306 width=58) (actual time=111813.513..128105.799 rows=40032 loops=1)
                           ->  Hash Join  (cost=1582826.81..1687464.47 rows=26306 width=39) (actual time=111813.464..127613.892 rows=40032 loops=1)
                                 Hash Cond: (l2.subjectid = a2_.id)
                                 ->  HashAggregate  (cost=1540724.07..1584671.27 rows=4394720 width=24) (actual time=111170.512..118010.884 rows=4677887 loops=1)
                                       ->  Nested Loop  (cost=0.00..1474803.27 rows=4394720 width=24) (actual time=0.120..102858.175 rows=4853004 loops=1)
                                             Join Filter: ((l1.intermine_start <= l2.intermine_end) AND (l2.intermine_start <= l1.intermine_end))
                                             ->  Index Scan using locationbin8000__subjectobjectbin on locationbin8000 l1  (cost=0.00..96019.29 rows=252783 width=20) (actual time=0.050..358.519 rows=257133 loops=1)
                                                   Index Cond: (subjecttype = 'org.intermine.model.bio.Exon'::text)
                                             ->  Index Scan using locationbin8000__subjectobjectbin on locationbin8000 l2  (cost=0.00..4.39 rows=53 width=20) (actual time=0.016..0.210 rows=153 loops=257133)
                                                   Index Cond: ((l2.subjecttype = 'org.intermine.model.bio.TranscriptRegion'::text) AND (l2.objectid = l1.objectid) AND (l2.bin = l1.bin))
                                 ->  Hash  (cost=41801.57..41801.57 rows=24094 width=39) (actual time=641.478..641.478 rows=48827 loops=1)
                                       ->  Nested Loop  (cost=0.00..41801.57 rows=24094 width=39) (actual time=0.336..571.263 rows=48827 loops=1)
                                             ->  Nested Loop  (cost=0.00..21594.87 rows=37505 width=4) (actual time=0.291..155.281 rows=48827 loops=1)
                                                   ->  Seq Scan on dataset a3_  (cost=0.00..23.93 rows=1 width=4) (actual time=0.212..0.331 rows=1 loops=1)
                                                         Filter: (lower(title) ~~ 'dm_s2rp_totalrna_p200_020-022-024_38bp'::text)
                                                   ->  Index Scan using bioentitiesdatasets__datasets on bioentitiesdatasets indirect1  (cost=0.00..21102.12 rows=37505 width=8) (actual time=0.071..57.656 rows=48827 loops=1)
                                                         Index Cond: (indirect1.datasets = a3_.id)
                                             ->  Index Scan using transcriptregion_pkey on transcriptregion a2_  (cost=0.00..0.53 rows=1 width=35) (actual time=0.003..0.004 rows=1 loops=48827)
                                                   Index Cond: (a2_.id = indirect1.bioentities)
                           ->  Index Scan using exon_pkey on exon a1_  (cost=0.00..0.28 rows=1 width=23) (actual time=0.007..0.008 rows=1 loops=40032)
                                 Index Cond: (a1_.id = l1.subjectid)
                     ->  Hash  (cost=1357.61..1357.61 rows=48661 width=18) (actual time=123.499..123.499 rows=48661 loops=1)
                           ->  Seq Scan on gene a5_  (cost=0.00..1357.61 rows=48661 width=18) (actual time=0.035..62.881 rows=48661 loops=1)
               ->  Index Scan using location_pkey on location a4_  (cost=0.00..1.25 rows=1 width=14) (actual time=0.006..0.008 rows=1 loops=39884)
                     Index Cond: (a4_.id = a1_.chromosomelocationid)
 Total runtime: 129222.171 ms
(33 rows)

Time: 129294.335 ms
                                                                                                              QUERY PLAN                                                                                                              
--------------------------------------------------------------------------------------------------------------------------------------------------------------------------------------------------------------------------------------
 Limit  (cost=1731899.58..1731913.33 rows=500 width=82) (actual time=128561.678..128564.255 rows=500 loops=1)
   ->  Unique  (cost=1731899.58..1732601.77 rows=25534 width=82) (actual time=128561.675..128563.318 rows=500 loops=1)
         ->  Sort  (cost=1731899.58..1731963.42 rows=25534 width=82) (actual time=128561.670..128562.209 rows=500 loops=1)
               Sort Key: a1_.primaryidentifier, a2_.secondaryidentifier, a4_.intermine_start, a4_.intermine_end, a4_.strand, a5_.primaryidentifier, a1_.id, a2_.id, a4_.id, a5_.id
               Sort Method:  quicksort  Memory: 7145kB
               ->  Nested Loop  (cost=1584792.69..1730030.48 rows=25534 width=82) (actual time=111421.064..128422.166 rows=39884 loops=1)
                     ->  Hash Join  (cost=1584792.69..1697729.82 rows=25534 width=72) (actual time=111421.012..127942.608 rows=39884 loops=1)
                           Hash Cond: (a1_.geneid = a5_.id)
                           ->  Nested Loop  (cost=1582826.81..1695245.54 rows=26306 width=58) (actual time=111297.393..127669.866 rows=40032 loops=1)
                                 ->  Hash Join  (cost=1582826.81..1687464.47 rows=26306 width=39) (actual time=111297.341..127177.016 rows=40032 loops=1)
                                       Hash Cond: (l2.subjectid = a2_.id)
                                       ->  HashAggregate  (cost=1540724.07..1584671.27 rows=4394720 width=24) (actual time=110651.953..117540.252 rows=4677887 loops=1)
                                             ->  Nested Loop  (cost=0.00..1474803.27 rows=4394720 width=24) (actual time=0.117..102349.446 rows=4853004 loops=1)
                                                   Join Filter: ((l1.intermine_start <= l2.intermine_end) AND (l2.intermine_start <= l1.intermine_end))
                                                   ->  Index Scan using locationbin8000__subjectobjectbin on locationbin8000 l1  (cost=0.00..96019.29 rows=252783 width=20) (actual time=0.049..357.250 rows=257133 loops=1)
                                                         Index Cond: (subjecttype = 'org.intermine.model.bio.Exon'::text)
                                                   ->  Index Scan using locationbin8000__subjectobjectbin on locationbin8000 l2  (cost=0.00..4.39 rows=53 width=20) (actual time=0.016..0.209 rows=153 loops=257133)
                                                         Index Cond: ((l2.subjecttype = 'org.intermine.model.bio.TranscriptRegion'::text) AND (l2.objectid = l1.objectid) AND (l2.bin = l1.bin))
                                       ->  Hash  (cost=41801.57..41801.57 rows=24094 width=39) (actual time=643.930..643.930 rows=48827 loops=1)
                                             ->  Nested Loop  (cost=0.00..41801.57 rows=24094 width=39) (actual time=0.325..573.566 rows=48827 loops=1)
                                                   ->  Nested Loop  (cost=0.00..21594.87 rows=37505 width=4) (actual time=0.274..155.566 rows=48827 loops=1)
                                                         ->  Seq Scan on dataset a3_  (cost=0.00..23.93 rows=1 width=4) (actual time=0.210..0.325 rows=1 loops=1)
                                                               Filter: (lower(title) ~~ 'dm_s2rp_totalrna_p200_020-022-024_38bp'::text)
                                                         ->  Index Scan using bioentitiesdatasets__datasets on bioentitiesdatasets indirect1  (cost=0.00..21102.12 rows=37505 width=8) (actual time=0.057..57.764 rows=48827 loops=1)
                                                               Index Cond: (indirect1.datasets = a3_.id)
                                                   ->  Index Scan using transcriptregion_pkey on transcriptregion a2_  (cost=0.00..0.53 rows=1 width=35) (actual time=0.003..0.004 rows=1 loops=48827)
                                                         Index Cond: (a2_.id = indirect1.bioentities)
                                 ->  Index Scan using exon_pkey on exon a1_  (cost=0.00..0.28 rows=1 width=23) (actual time=0.007..0.008 rows=1 loops=40032)
                                       Index Cond: (a1_.id = l1.subjectid)
                           ->  Hash  (cost=1357.61..1357.61 rows=48661 width=18) (actual time=123.580..123.580 rows=48661 loops=1)
                                 ->  Seq Scan on gene a5_  (cost=0.00..1357.61 rows=48661 width=18) (actual time=0.037..62.686 rows=48661 loops=1)
                     ->  Index Scan using location_pkey on location a4_  (cost=0.00..1.25 rows=1 width=14) (actual time=0.006..0.008 rows=1 loops=39884)
                           Index Cond: (a4_.id = a1_.chromosomelocationid)
 Total runtime: 128621.244 ms
(34 rows)

Time: 128693.375 ms
                                                                                                              QUERY PLAN                                                                                                              
--------------------------------------------------------------------------------------------------------------------------------------------------------------------------------------------------------------------------------------
 Limit  (cost=1731899.58..1731913.33 rows=500 width=82) (actual time=128464.349..128466.920 rows=500 loops=1)
   ->  Unique  (cost=1731899.58..1732601.77 rows=25534 width=82) (actual time=128464.345..128465.979 rows=500 loops=1)
         ->  Sort  (cost=1731899.58..1731963.42 rows=25534 width=82) (actual time=128464.340..128464.884 rows=500 loops=1)
               Sort Key: a1_.primaryidentifier, a2_.secondaryidentifier, a4_.intermine_start, a4_.intermine_end, a4_.strand, a5_.primaryidentifier, a1_.id, a2_.id, a4_.id, a5_.id
               Sort Method:  quicksort  Memory: 7145kB
               ->  Nested Loop  (cost=1584792.69..1730030.48 rows=25534 width=82) (actual time=111429.953..128325.676 rows=39884 loops=1)
                     ->  Hash Join  (cost=1584792.69..1697729.82 rows=25534 width=72) (actual time=111429.908..127847.520 rows=39884 loops=1)
                           Hash Cond: (a1_.geneid = a5_.id)
                           ->  Nested Loop  (cost=1582826.81..1695245.54 rows=26306 width=58) (actual time=111306.302..127574.970 rows=40032 loops=1)
                                 ->  Hash Join  (cost=1582826.81..1687464.47 rows=26306 width=39) (actual time=111306.255..127083.648 rows=40032 loops=1)
                                       Hash Cond: (l2.subjectid = a2_.id)
                                       ->  HashAggregate  (cost=1540724.07..1584671.27 rows=4394720 width=24) (actual time=110665.384..117499.499 rows=4677887 loops=1)
                                             ->  Nested Loop  (cost=0.00..1474803.27 rows=4394720 width=24) (actual time=0.121..102313.574 rows=4853004 loops=1)
                                                   Join Filter: ((l1.intermine_start <= l2.intermine_end) AND (l2.intermine_start <= l1.intermine_end))
                                                   ->  Index Scan using locationbin8000__subjectobjectbin on locationbin8000 l1  (cost=0.00..96019.29 rows=252783 width=20) (actual time=0.052..357.298 rows=257133 loops=1)
                                                         Index Cond: (subjecttype = 'org.intermine.model.bio.Exon'::text)
                                                   ->  Index Scan using locationbin8000__subjectobjectbin on locationbin8000 l2  (cost=0.00..4.39 rows=53 width=20) (actual time=0.016..0.210 rows=153 loops=257133)
                                                         Index Cond: ((l2.subjecttype = 'org.intermine.model.bio.TranscriptRegion'::text) AND (l2.objectid = l1.objectid) AND (l2.bin = l1.bin))
                                       ->  Hash  (cost=41801.57..41801.57 rows=24094 width=39) (actual time=639.414..639.414 rows=48827 loops=1)
                                             ->  Nested Loop  (cost=0.00..41801.57 rows=24094 width=39) (actual time=0.318..569.111 rows=48827 loops=1)
                                                   ->  Nested Loop  (cost=0.00..21594.87 rows=37505 width=4) (actual time=0.273..155.351 rows=48827 loops=1)
                                                         ->  Seq Scan on dataset a3_  (cost=0.00..23.93 rows=1 width=4) (actual time=0.210..0.325 rows=1 loops=1)
                                                               Filter: (lower(title) ~~ 'dm_s2rp_totalrna_p200_020-022-024_38bp'::text)
                                                         ->  Index Scan using bioentitiesdatasets__datasets on bioentitiesdatasets indirect1  (cost=0.00..21102.12 rows=37505 width=8) (actual time=0.056..57.391 rows=48827 loops=1)
                                                               Index Cond: (indirect1.datasets = a3_.id)
                                                   ->  Index Scan using transcriptregion_pkey on transcriptregion a2_  (cost=0.00..0.53 rows=1 width=35) (actual time=0.003..0.004 rows=1 loops=48827)
                                                         Index Cond: (a2_.id = indirect1.bioentities)
                                 ->  Index Scan using exon_pkey on exon a1_  (cost=0.00..0.28 rows=1 width=23) (actual time=0.007..0.008 rows=1 loops=40032)
                                       Index Cond: (a1_.id = l1.subjectid)
                           ->  Hash  (cost=1357.61..1357.61 rows=48661 width=18) (actual time=123.566..123.566 rows=48661 loops=1)
                                 ->  Seq Scan on gene a5_  (cost=0.00..1357.61 rows=48661 width=18) (actual time=0.035..63.006 rows=48661 loops=1)
                     ->  Index Scan using location_pkey on location a4_  (cost=0.00..1.25 rows=1 width=14) (actual time=0.006..0.008 rows=1 loops=39884)
                           Index Cond: (a4_.id = a1_.chromosomelocationid)
 Total runtime: 128524.010 ms
(34 rows)

Time: 128596.136 ms
                                                                                                     QUERY PLAN                                                                                                     
--------------------------------------------------------------------------------------------------------------------------------------------------------------------------------------------------------------------
 Unique  (cost=3468139.81..3469050.31 rows=72840 width=53) (actual time=410650.191..410706.296 rows=17651 loops=1)
   ->  Sort  (cost=3468139.81..3468321.91 rows=72840 width=53) (actual time=410650.186..410668.639 rows=17651 loops=1)
         Sort Key: a4_.primaryidentifier, a2_.secondaryidentifier, a2_.id, a4_.id
         Sort Method:  quicksort  Memory: 3247kB
         ->  Hash Join  (cost=3171066.12..3462257.09 rows=72840 width=53) (actual time=307357.455..410587.500 rows=17651 loops=1)
               Hash Cond: (l1.subjectid = a1_.id)
               ->  Hash Join  (cost=3155198.16..3444932.33 rows=72840 width=39) (actual time=306789.245..409382.298 rows=301900 loops=1)
                     Hash Cond: (l2.subjectid = a2_.id)
                     ->  HashAggregate  (cost=3113095.42..3234782.06 rows=12168664 width=24) (actual time=306141.658..352148.340 rows=29345747 loops=1)
                           ->  Merge Join  (cost=181345.29..2930565.46 rows=12168664 width=24) (actual time=2625.999..245038.092 rows=30761637 loops=1)
                                 Merge Cond: ((l2.objectid = l1.objectid) AND (l2.bin = l1.bin))
                                 Join Filter: ((l1.intermine_start <= l2.intermine_end) AND (l2.intermine_start <= l1.intermine_end))
                                 ->  Index Scan using locationbin8000__subjectobjectbin on locationbin8000 l2  (cost=0.00..263855.90 rows=4241957 width=20) (actual time=0.054..6141.612 rows=4225937 loops=1)
                                       Index Cond: (subjecttype = 'org.intermine.model.bio.TranscriptRegion'::text)
                                 ->  Sort  (cost=181345.29..183095.14 rows=699938 width=20) (actual time=2625.892..93007.529 rows=93666382 loops=1)
                                       Sort Key: l1.objectid, l1.bin
                                       Sort Method:  quicksort  Memory: 79318kB
                                       ->  Index Scan using locationbin8000__subjecttypeid on locationbin8000 l1  (cost=0.00..113392.28 rows=699938 width=20) (actual time=0.053..1212.502 rows=700694 loops=1)
                                             Index Cond: (subjecttype = 'org.intermine.model.bio.GeneFlankingRegion'::text)
                     ->  Hash  (cost=41801.57..41801.57 rows=24094 width=39) (actual time=647.428..647.428 rows=48827 loops=1)
                           ->  Nested Loop  (cost=0.00..41801.57 rows=24094 width=39) (actual time=0.313..575.550 rows=48827 loops=1)
                                 ->  Nested Loop  (cost=0.00..21594.87 rows=37505 width=4) (actual time=0.268..156.980 rows=48827 loops=1)
                                       ->  Seq Scan on dataset a3_  (cost=0.00..23.93 rows=1 width=4) (actual time=0.209..0.323 rows=1 loops=1)
                                             Filter: (lower(title) ~~ 'dm_s2rp_totalrna_p200_020-022-024_38bp'::text)
                                       ->  Index Scan using bioentitiesdatasets__datasets on bioentitiesdatasets indirect1  (cost=0.00..21102.12 rows=37505 width=8) (actual time=0.051..58.342 rows=48827 loops=1)
                                             Index Cond: (indirect1.datasets = a3_.id)
                                 ->  Index Scan using transcriptregion_pkey on transcriptregion a2_  (cost=0.00..0.53 rows=1 width=35) (actual time=0.003..0.004 rows=1 loops=48827)
                                       Index Cond: (a2_.id = indirect1.bioentities)
               ->  Hash  (cost=15269.67..15269.67 rows=47863 width=22) (actual time=554.831..554.831 rows=47985 loops=1)
                     ->  Hash Join  (cost=3225.65..15269.67 rows=47863 width=22) (actual time=140.590..487.553 rows=47985 loops=1)
                           Hash Cond: (a1_.geneid = a4_.id)
                           ->  Bitmap Heap Scan on geneflankingregion a1_  (cost=1259.78..12346.54 rows=47863 width=8) (actual time=15.791..218.569 rows=47985 loops=1)
                                 Filter: ((lower(distance) ~~ '2.0kb'::text) AND (lower(direction) ~~ 'upstream'::text))
                                 ->  Bitmap Index Scan on geneflankingregion__distance_like  (cost=0.00..1247.81 rows=95938 width=0) (actual time=13.870..13.870 rows=95970 loops=1)
                                       Index Cond: (lower(distance) = '2.0kb'::text)
                           ->  Hash  (cost=1357.61..1357.61 rows=48661 width=18) (actual time=124.746..124.746 rows=48661 loops=1)
                                 ->  Seq Scan on gene a4_  (cost=0.00..1357.61 rows=48661 width=18) (actual time=0.016..62.934 rows=48661 loops=1)
 Total runtime: 411190.169 ms
(38 rows)

Time: 411234.637 ms
                                                                                                     QUERY PLAN                                                                                                     
--------------------------------------------------------------------------------------------------------------------------------------------------------------------------------------------------------------------
 Unique  (cost=3468139.81..3469050.31 rows=72840 width=53) (actual time=409650.701..409706.661 rows=17651 loops=1)
   ->  Sort  (cost=3468139.81..3468321.91 rows=72840 width=53) (actual time=409650.697..409669.098 rows=17651 loops=1)
         Sort Key: a4_.primaryidentifier, a2_.secondaryidentifier, a2_.id, a4_.id
         Sort Method:  quicksort  Memory: 3247kB
         ->  Hash Join  (cost=3171066.12..3462257.09 rows=72840 width=53) (actual time=306703.172..409585.050 rows=17651 loops=1)
               Hash Cond: (l1.subjectid = a1_.id)
               ->  Hash Join  (cost=3155198.16..3444932.33 rows=72840 width=39) (actual time=306134.936..408377.565 rows=301900 loops=1)
                     Hash Cond: (l2.subjectid = a2_.id)
                     ->  HashAggregate  (cost=3113095.42..3234782.06 rows=12168664 width=24) (actual time=305492.434..351255.554 rows=29345747 loops=1)
                           ->  Merge Join  (cost=181345.29..2930565.46 rows=12168664 width=24) (actual time=2625.368..245631.491 rows=30761637 loops=1)
                                 Merge Cond: ((l2.objectid = l1.objectid) AND (l2.bin = l1.bin))
                                 Join Filter: ((l1.intermine_start <= l2.intermine_end) AND (l2.intermine_start <= l1.intermine_end))
                                 ->  Index Scan using locationbin8000__subjectobjectbin on locationbin8000 l2  (cost=0.00..263855.90 rows=4241957 width=20) (actual time=0.061..6155.934 rows=4225937 loops=1)
                                       Index Cond: (subjecttype = 'org.intermine.model.bio.TranscriptRegion'::text)
                                 ->  Sort  (cost=181345.29..183095.14 rows=699938 width=20) (actual time=2625.257..93017.876 rows=93666382 loops=1)
                                       Sort Key: l1.objectid, l1.bin
                                       Sort Method:  quicksort  Memory: 79318kB
                                       ->  Index Scan using locationbin8000__subjecttypeid on locationbin8000 l1  (cost=0.00..113392.28 rows=699938 width=20) (actual time=0.053..1208.278 rows=700694 loops=1)
                                             Index Cond: (subjecttype = 'org.intermine.model.bio.GeneFlankingRegion'::text)
                     ->  Hash  (cost=41801.57..41801.57 rows=24094 width=39) (actual time=642.358..642.358 rows=48827 loops=1)
                           ->  Nested Loop  (cost=0.00..41801.57 rows=24094 width=39) (actual time=0.310..571.476 rows=48827 loops=1)
                                 ->  Nested Loop  (cost=0.00..21594.87 rows=37505 width=4) (actual time=0.265..155.151 rows=48827 loops=1)
                                       ->  Seq Scan on dataset a3_  (cost=0.00..23.93 rows=1 width=4) (actual time=0.205..0.321 rows=1 loops=1)
                                             Filter: (lower(title) ~~ 'dm_s2rp_totalrna_p200_020-022-024_38bp'::text)
                                       ->  Index Scan using bioentitiesdatasets__datasets on bioentitiesdatasets indirect1  (cost=0.00..21102.12 rows=37505 width=8) (actual time=0.054..57.480 rows=48827 loops=1)
                                             Index Cond: (indirect1.datasets = a3_.id)
                                 ->  Index Scan using transcriptregion_pkey on transcriptregion a2_  (cost=0.00..0.53 rows=1 width=35) (actual time=0.003..0.004 rows=1 loops=48827)
                                       Index Cond: (a2_.id = indirect1.bioentities)
               ->  Hash  (cost=15269.67..15269.67 rows=47863 width=22) (actual time=554.981..554.981 rows=47985 loops=1)
                     ->  Hash Join  (cost=3225.65..15269.67 rows=47863 width=22) (actual time=139.993..487.108 rows=47985 loops=1)
                           Hash Cond: (a1_.geneid = a4_.id)
                           ->  Bitmap Heap Scan on geneflankingregion a1_  (cost=1259.78..12346.54 rows=47863 width=8) (actual time=15.732..219.541 rows=47985 loops=1)
                                 Filter: ((lower(distance) ~~ '2.0kb'::text) AND (lower(direction) ~~ 'upstream'::text))
                                 ->  Bitmap Index Scan on geneflankingregion__distance_like  (cost=0.00..1247.81 rows=95938 width=0) (actual time=13.818..13.818 rows=95970 loops=1)
                                       Index Cond: (lower(distance) = '2.0kb'::text)
                           ->  Hash  (cost=1357.61..1357.61 rows=48661 width=18) (actual time=124.205..124.205 rows=48661 loops=1)
                                 ->  Seq Scan on gene a4_  (cost=0.00..1357.61 rows=48661 width=18) (actual time=0.017..62.588 rows=48661 loops=1)
 Total runtime: 410163.940 ms
(38 rows)

Time: 410186.620 ms
                                                                                                        QUERY PLAN                                                                                                        
--------------------------------------------------------------------------------------------------------------------------------------------------------------------------------------------------------------------------
 Limit  (cost=3467343.43..3467344.68 rows=500 width=53) (actual time=409480.857..409482.285 rows=500 loops=1)
   ->  Sort  (cost=3467343.43..3467525.53 rows=72840 width=53) (actual time=409480.853..409481.337 rows=500 loops=1)
         Sort Key: a4_.primaryidentifier, a2_.secondaryidentifier, a2_.id, a4_.id
         Sort Method:  top-N heapsort  Memory: 94kB
         ->  HashAggregate  (cost=3462985.49..3463713.89 rows=72840 width=53) (actual time=409433.055..409455.433 rows=17651 loops=1)
               ->  Hash Join  (cost=3171066.12..3462257.09 rows=72840 width=53) (actual time=306805.968..409365.024 rows=17651 loops=1)
                     Hash Cond: (l1.subjectid = a1_.id)
                     ->  Hash Join  (cost=3155198.16..3444932.33 rows=72840 width=39) (actual time=306242.702..408170.181 rows=301900 loops=1)
                           Hash Cond: (l2.subjectid = a2_.id)
                           ->  HashAggregate  (cost=3113095.42..3234782.06 rows=12168664 width=24) (actual time=305594.856..351300.753 rows=29345747 loops=1)
                                 ->  Merge Join  (cost=181345.29..2930565.46 rows=12168664 width=24) (actual time=2609.246..245269.997 rows=30761637 loops=1)
                                       Merge Cond: ((l2.objectid = l1.objectid) AND (l2.bin = l1.bin))
                                       Join Filter: ((l1.intermine_start <= l2.intermine_end) AND (l2.intermine_start <= l1.intermine_end))
                                       ->  Index Scan using locationbin8000__subjectobjectbin on locationbin8000 l2  (cost=0.00..263855.90 rows=4241957 width=20) (actual time=0.059..6142.914 rows=4225937 loops=1)
                                             Index Cond: (subjecttype = 'org.intermine.model.bio.TranscriptRegion'::text)
                                       ->  Sort  (cost=181345.29..183095.14 rows=699938 width=20) (actual time=2609.135..92978.512 rows=93666382 loops=1)
                                             Sort Key: l1.objectid, l1.bin
                                             Sort Method:  quicksort  Memory: 79318kB
                                             ->  Index Scan using locationbin8000__subjecttypeid on locationbin8000 l1  (cost=0.00..113392.28 rows=699938 width=20) (actual time=0.054..1200.779 rows=700694 loops=1)
                                                   Index Cond: (subjecttype = 'org.intermine.model.bio.GeneFlankingRegion'::text)
                           ->  Hash  (cost=41801.57..41801.57 rows=24094 width=39) (actual time=647.682..647.682 rows=48827 loops=1)
                                 ->  Nested Loop  (cost=0.00..41801.57 rows=24094 width=39) (actual time=0.312..577.148 rows=48827 loops=1)
                                       ->  Nested Loop  (cost=0.00..21594.87 rows=37505 width=4) (actual time=0.268..156.802 rows=48827 loops=1)
                                             ->  Seq Scan on dataset a3_  (cost=0.00..23.93 rows=1 width=4) (actual time=0.207..0.322 rows=1 loops=1)
                                                   Filter: (lower(title) ~~ 'dm_s2rp_totalrna_p200_020-022-024_38bp'::text)
                                             ->  Index Scan using bioentitiesdatasets__datasets on bioentitiesdatasets indirect1  (cost=0.00..21102.12 rows=37505 width=8) (actual time=0.053..58.136 rows=48827 loops=1)
                                                   Index Cond: (indirect1.datasets = a3_.id)
                                       ->  Index Scan using transcriptregion_pkey on transcriptregion a2_  (cost=0.00..0.53 rows=1 width=35) (actual time=0.003..0.005 rows=1 loops=48827)
                                             Index Cond: (a2_.id = indirect1.bioentities)
                     ->  Hash  (cost=15269.67..15269.67 rows=47863 width=22) (actual time=550.019..550.019 rows=47985 loops=1)
                           ->  Hash Join  (cost=3225.65..15269.67 rows=47863 width=22) (actual time=141.756..482.658 rows=47985 loops=1)
                                 Hash Cond: (a1_.geneid = a4_.id)
                                 ->  Bitmap Heap Scan on geneflankingregion a1_  (cost=1259.78..12346.54 rows=47863 width=8) (actual time=16.026..216.915 rows=47985 loops=1)
                                       Filter: ((lower(distance) ~~ '2.0kb'::text) AND (lower(direction) ~~ 'upstream'::text))
                                       ->  Bitmap Index Scan on geneflankingregion__distance_like  (cost=0.00..1247.81 rows=95938 width=0) (actual time=14.085..14.085 rows=95970 loops=1)
                                             Index Cond: (lower(distance) = '2.0kb'::text)
                                 ->  Hash  (cost=1357.61..1357.61 rows=48661 width=18) (actual time=125.674..125.674 rows=48661 loops=1)
                                       ->  Seq Scan on gene a4_  (cost=0.00..1357.61 rows=48661 width=18) (actual time=0.016..62.963 rows=48661 loops=1)
 Total runtime: 409924.461 ms
(39 rows)

Time: 409946.542 ms
                                                                                                        QUERY PLAN                                                                                                        
--------------------------------------------------------------------------------------------------------------------------------------------------------------------------------------------------------------------------
 Limit  (cost=3467343.43..3467344.68 rows=500 width=53) (actual time=409482.767..409484.184 rows=500 loops=1)
   ->  Sort  (cost=3467343.43..3467525.53 rows=72840 width=53) (actual time=409482.762..409483.241 rows=500 loops=1)
         Sort Key: a4_.primaryidentifier, a2_.secondaryidentifier, a2_.id, a4_.id
         Sort Method:  top-N heapsort  Memory: 94kB
         ->  HashAggregate  (cost=3462985.49..3463713.89 rows=72840 width=53) (actual time=409435.194..409457.410 rows=17651 loops=1)
               ->  Hash Join  (cost=3171066.12..3462257.09 rows=72840 width=53) (actual time=306699.899..409366.825 rows=17651 loops=1)
                     Hash Cond: (l1.subjectid = a1_.id)
                     ->  Hash Join  (cost=3155198.16..3444932.33 rows=72840 width=39) (actual time=306138.835..408173.813 rows=301900 loops=1)
                           Hash Cond: (l2.subjectid = a2_.id)
                           ->  HashAggregate  (cost=3113095.42..3234782.06 rows=12168664 width=24) (actual time=305493.836..351225.469 rows=29345747 loops=1)
                                 ->  Merge Join  (cost=181345.29..2930565.46 rows=12168664 width=24) (actual time=2615.549..245070.097 rows=30761637 loops=1)
                                       Merge Cond: ((l2.objectid = l1.objectid) AND (l2.bin = l1.bin))
                                       Join Filter: ((l1.intermine_start <= l2.intermine_end) AND (l2.intermine_start <= l1.intermine_end))
                                       ->  Index Scan using locationbin8000__subjectobjectbin on locationbin8000 l2  (cost=0.00..263855.90 rows=4241957 width=20) (actual time=0.060..6137.460 rows=4225937 loops=1)
                                             Index Cond: (subjecttype = 'org.intermine.model.bio.TranscriptRegion'::text)
                                       ->  Sort  (cost=181345.29..183095.14 rows=699938 width=20) (actual time=2615.438..92981.760 rows=93666382 loops=1)
                                             Sort Key: l1.objectid, l1.bin
                                             Sort Method:  quicksort  Memory: 79318kB
                                             ->  Index Scan using locationbin8000__subjecttypeid on locationbin8000 l1  (cost=0.00..113392.28 rows=699938 width=20) (actual time=0.055..1207.332 rows=700694 loops=1)
                                                   Index Cond: (subjecttype = 'org.intermine.model.bio.GeneFlankingRegion'::text)
                           ->  Hash  (cost=41801.57..41801.57 rows=24094 width=39) (actual time=644.836..644.836 rows=48827 loops=1)
                                 ->  Nested Loop  (cost=0.00..41801.57 rows=24094 width=39) (actual time=0.318..574.281 rows=48827 loops=1)
                                       ->  Nested Loop  (cost=0.00..21594.87 rows=37505 width=4) (actual time=0.272..156.816 rows=48827 loops=1)
                                             ->  Seq Scan on dataset a3_  (cost=0.00..23.93 rows=1 width=4) (actual time=0.212..0.325 rows=1 loops=1)
                                                   Filter: (lower(title) ~~ 'dm_s2rp_totalrna_p200_020-022-024_38bp'::text)
                                             ->  Index Scan using bioentitiesdatasets__datasets on bioentitiesdatasets indirect1  (cost=0.00..21102.12 rows=37505 width=8) (actual time=0.052..58.207 rows=48827 loops=1)
                                                   Index Cond: (indirect1.datasets = a3_.id)
                                       ->  Index Scan using transcriptregion_pkey on transcriptregion a2_  (cost=0.00..0.53 rows=1 width=35) (actual time=0.003..0.004 rows=1 loops=48827)
                                             Index Cond: (a2_.id = indirect1.bioentities)
                     ->  Hash  (cost=15269.67..15269.67 rows=47863 width=22) (actual time=547.818..547.818 rows=47985 loops=1)
                           ->  Hash Join  (cost=3225.65..15269.67 rows=47863 width=22) (actual time=141.553..481.258 rows=47985 loops=1)
                                 Hash Cond: (a1_.geneid = a4_.id)
                                 ->  Bitmap Heap Scan on geneflankingregion a1_  (cost=1259.78..12346.54 rows=47863 width=8) (actual time=16.043..215.883 rows=47985 loops=1)
                                       Filter: ((lower(distance) ~~ '2.0kb'::text) AND (lower(direction) ~~ 'upstream'::text))
                                       ->  Bitmap Index Scan on geneflankingregion__distance_like  (cost=0.00..1247.81 rows=95938 width=0) (actual time=14.109..14.109 rows=95970 loops=1)
                                             Index Cond: (lower(distance) = '2.0kb'::text)
                                 ->  Hash  (cost=1357.61..1357.61 rows=48661 width=18) (actual time=125.454..125.454 rows=48661 loops=1)
                                       ->  Seq Scan on gene a4_  (cost=0.00..1357.61 rows=48661 width=18) (actual time=0.016..62.801 rows=48661 loops=1)
 Total runtime: 409926.226 ms
(39 rows)

Time: 409948.289 ms
                                                                                QUERY PLAN                                                                                
--------------------------------------------------------------------------------------------------------------------------------------------------------------------------
 Sort  (cost=96907.14..96909.41 rows=908 width=4) (actual time=18.520..18.635 rows=118 loops=1)
   Sort Key: a1_.id
   Sort Method:  quicksort  Memory: 30kB
   ->  Nested Loop  (cost=92691.05..96862.52 rows=908 width=4) (actual time=15.093..18.335 rows=118 loops=1)
         ->  HashAggregate  (cost=92691.05..92700.13 rows=908 width=24) (actual time=15.033..15.206 rows=120 loops=1)
               ->  Nested Loop  (cost=33.04..92677.43 rows=908 width=24) (actual time=0.745..14.420 rows=398 loops=1)
                     Join Filter: ((l1.intermine_start <= l2.intermine_end) AND (l2.intermine_start <= l1.intermine_end) AND (l1.objectid = l2.objectid))
                     ->  Index Scan using locationbin8000__subjectid on locationbin8000 l1  (cost=0.00..44.99 rows=27 width=20) (actual time=0.082..0.089 rows=2 loops=1)
                           Index Cond: (232042548 = subjectid)
                     ->  Bitmap Heap Scan on locationbin8000 l2  (cost=33.04..3383.49 rows=2367 width=20) (actual time=0.348..3.966 rows=2680 loops=2)
                           Recheck Cond: (l2.bin = l1.bin)
                           ->  Bitmap Index Scan on locationbin8000__bin  (cost=0.00..32.45 rows=2367 width=0) (actual time=0.323..0.323 rows=2680 loops=2)
                                 Index Cond: (l2.bin = l1.bin)
         ->  Index Scan using locatedsequencefeature_pkey on locatedsequencefeature a1_  (cost=0.00..4.56 rows=1 width=4) (actual time=0.021..0.022 rows=1 loops=120)
               Index Cond: (a1_.id = l2.subjectid)
 Total runtime: 18.848 ms
(16 rows)

Time: 20.942 ms
                                                                                QUERY PLAN                                                                                
--------------------------------------------------------------------------------------------------------------------------------------------------------------------------
 Sort  (cost=96907.14..96909.41 rows=908 width=4) (actual time=15.116..15.229 rows=118 loops=1)
   Sort Key: a1_.id
   Sort Method:  quicksort  Memory: 30kB
   ->  Nested Loop  (cost=92691.05..96862.52 rows=908 width=4) (actual time=13.571..14.939 rows=118 loops=1)
         ->  HashAggregate  (cost=92691.05..92700.13 rows=908 width=24) (actual time=13.556..13.689 rows=120 loops=1)
               ->  Nested Loop  (cost=33.04..92677.43 rows=908 width=24) (actual time=0.482..12.987 rows=398 loops=1)
                     Join Filter: ((l1.intermine_start <= l2.intermine_end) AND (l2.intermine_start <= l1.intermine_end) AND (l1.objectid = l2.objectid))
                     ->  Index Scan using locationbin8000__subjectid on locationbin8000 l1  (cost=0.00..44.99 rows=27 width=20) (actual time=0.011..0.015 rows=2 loops=1)
                           Index Cond: (232042548 = subjectid)
                     ->  Bitmap Heap Scan on locationbin8000 l2  (cost=33.04..3383.49 rows=2367 width=20) (actual time=0.273..3.222 rows=2680 loops=2)
                           Recheck Cond: (l2.bin = l1.bin)
                           ->  Bitmap Index Scan on locationbin8000__bin  (cost=0.00..32.45 rows=2367 width=0) (actual time=0.254..0.254 rows=2680 loops=2)
                                 Index Cond: (l2.bin = l1.bin)
         ->  Index Scan using locatedsequencefeature_pkey on locatedsequencefeature a1_  (cost=0.00..4.56 rows=1 width=4) (actual time=0.005..0.006 rows=1 loops=120)
               Index Cond: (a1_.id = l2.subjectid)
 Total runtime: 15.424 ms
(16 rows)

Time: 16.528 ms
                                                                                   QUERY PLAN                                                                                   
--------------------------------------------------------------------------------------------------------------------------------------------------------------------------------
 Limit  (cost=96907.14..96908.39 rows=500 width=4) (actual time=15.102..15.444 rows=118 loops=1)
   ->  Sort  (cost=96907.14..96909.41 rows=908 width=4) (actual time=15.098..15.216 rows=118 loops=1)
         Sort Key: a1_.id
         Sort Method:  quicksort  Memory: 30kB
         ->  Nested Loop  (cost=92691.05..96862.52 rows=908 width=4) (actual time=13.547..14.922 rows=118 loops=1)
               ->  HashAggregate  (cost=92691.05..92700.13 rows=908 width=24) (actual time=13.532..13.674 rows=120 loops=1)
                     ->  Nested Loop  (cost=33.04..92677.43 rows=908 width=24) (actual time=0.478..12.966 rows=398 loops=1)
                           Join Filter: ((l1.intermine_start <= l2.intermine_end) AND (l2.intermine_start <= l1.intermine_end) AND (l1.objectid = l2.objectid))
                           ->  Index Scan using locationbin8000__subjectid on locationbin8000 l1  (cost=0.00..44.99 rows=27 width=20) (actual time=0.011..0.015 rows=2 loops=1)
                                 Index Cond: (232042548 = subjectid)
                           ->  Bitmap Heap Scan on locationbin8000 l2  (cost=33.04..3383.49 rows=2367 width=20) (actual time=0.271..3.219 rows=2680 loops=2)
                                 Recheck Cond: (l2.bin = l1.bin)
                                 ->  Bitmap Index Scan on locationbin8000__bin  (cost=0.00..32.45 rows=2367 width=0) (actual time=0.252..0.252 rows=2680 loops=2)
                                       Index Cond: (l2.bin = l1.bin)
               ->  Index Scan using locatedsequencefeature_pkey on locatedsequencefeature a1_  (cost=0.00..4.56 rows=1 width=4) (actual time=0.005..0.006 rows=1 loops=120)
                     Index Cond: (a1_.id = l2.subjectid)
 Total runtime: 15.635 ms
(17 rows)

Time: 16.767 ms
                                                                                   QUERY PLAN                                                                                   
--------------------------------------------------------------------------------------------------------------------------------------------------------------------------------
 Limit  (cost=96907.14..96908.39 rows=500 width=4) (actual time=15.135..15.471 rows=118 loops=1)
   ->  Sort  (cost=96907.14..96909.41 rows=908 width=4) (actual time=15.133..15.244 rows=118 loops=1)
         Sort Key: a1_.id
         Sort Method:  quicksort  Memory: 30kB
         ->  Nested Loop  (cost=92691.05..96862.52 rows=908 width=4) (actual time=13.570..14.957 rows=118 loops=1)
               ->  HashAggregate  (cost=92691.05..92700.13 rows=908 width=24) (actual time=13.555..13.699 rows=120 loops=1)
                     ->  Nested Loop  (cost=33.04..92677.43 rows=908 width=24) (actual time=0.477..13.018 rows=398 loops=1)
                           Join Filter: ((l1.intermine_start <= l2.intermine_end) AND (l2.intermine_start <= l1.intermine_end) AND (l1.objectid = l2.objectid))
                           ->  Index Scan using locationbin8000__subjectid on locationbin8000 l1  (cost=0.00..44.99 rows=27 width=20) (actual time=0.011..0.015 rows=2 loops=1)
                                 Index Cond: (232042548 = subjectid)
                           ->  Bitmap Heap Scan on locationbin8000 l2  (cost=33.04..3383.49 rows=2367 width=20) (actual time=0.271..3.210 rows=2680 loops=2)
                                 Recheck Cond: (l2.bin = l1.bin)
                                 ->  Bitmap Index Scan on locationbin8000__bin  (cost=0.00..32.45 rows=2367 width=0) (actual time=0.252..0.252 rows=2680 loops=2)
                                       Index Cond: (l2.bin = l1.bin)
               ->  Index Scan using locatedsequencefeature_pkey on locatedsequencefeature a1_  (cost=0.00..4.56 rows=1 width=4) (actual time=0.005..0.006 rows=1 loops=120)
                     Index Cond: (a1_.id = l2.subjectid)
 Total runtime: 15.662 ms
(17 rows)

Time: 16.778 ms
                                                                                            QUERY PLAN                                                                                            
--------------------------------------------------------------------------------------------------------------------------------------------------------------------------------------------------
 Sort  (cost=170960.77..171055.72 rows=37979 width=46) (actual time=3464.271..3600.551 rows=129835 loops=1)
   Sort Key: a1_.primaryidentifier, a2_.primaryidentifier, a1_.id, a2_.id
   Sort Method:  quicksort  Memory: 15320kB
   ->  Hash Join  (cost=165793.17..168071.91 rows=37979 width=46) (actual time=2111.087..3033.097 rows=129835 loops=1)
         Hash Cond: (l2.subjectid = a2_.id)
         ->  Hash Join  (cost=161465.23..162984.39 rows=37979 width=22) (actual time=1848.410..2392.629 rows=129835 loops=1)
               Hash Cond: (l1.subjectid = a1_.id)
               ->  HashAggregate  (cost=159499.35..159879.14 rows=37979 width=24) (actual time=1725.596..1897.064 rows=129835 loops=1)
                     ->  Merge Join  (cost=102858.30..158929.67 rows=37979 width=24) (actual time=491.464..1481.978 rows=153531 loops=1)
                           Merge Cond: ((l1.objectid = l2.objectid) AND (l1.bin = l2.bin))
                           Join Filter: ((l1.intermine_start <= l2.intermine_end) AND (l2.intermine_start <= l1.intermine_end))
                           ->  Index Scan using locationbin8000__subjectobjectbin on locationbin8000 l1  (cost=0.00..48030.55 rows=70005 width=20) (actual time=0.064..34.302 rows=25368 loops=1)
                                 Index Cond: (subjecttype = 'org.intermine.model.bio.Gene'::text)
                           ->  Sort  (cost=102858.30..103189.23 rows=132373 width=20) (actual time=491.378..838.276 rows=354505 loops=1)
                                 Sort Key: l2.objectid, l2.bin
                                 Sort Method:  quicksort  Memory: 17165kB
                                 ->  Bitmap Heap Scan on locationbin8000 l2  (cost=3107.70..91597.16 rows=132373 width=20) (actual time=35.063..209.185 rows=141060 loops=1)
                                       Recheck Cond: (subjecttype = ANY ('{org.intermine.model.bio.ProteinBindingSite,org.intermine.model.bio.HistoneBindingSite}'::text[]))
                                       ->  Bitmap Index Scan on locationbin8000__subjecttypeid  (cost=0.00..3074.60 rows=132373 width=0) (actual time=34.715..34.715 rows=141060 loops=1)
                                             Index Cond: (subjecttype = ANY ('{org.intermine.model.bio.ProteinBindingSite,org.intermine.model.bio.HistoneBindingSite}'::text[]))
               ->  Hash  (cost=1357.61..1357.61 rows=48661 width=18) (actual time=122.759..122.759 rows=48661 loops=1)
                     ->  Seq Scan on gene a1_  (cost=0.00..1357.61 rows=48661 width=18) (actual time=0.016..61.869 rows=48661 loops=1)
         ->  Hash  (cost=3036.31..3036.31 rows=103331 width=28) (actual time=262.628..262.628 rows=103331 loops=1)
               ->  Seq Scan on proteinbindingsite a2_  (cost=0.00..3036.31 rows=103331 width=28) (actual time=0.032..130.112 rows=103331 loops=1)
 Total runtime: 3727.554 ms
(25 rows)

Time: 3729.482 ms
                                                                                            QUERY PLAN                                                                                            
--------------------------------------------------------------------------------------------------------------------------------------------------------------------------------------------------
 Sort  (cost=170960.77..171055.72 rows=37979 width=46) (actual time=3445.965..3581.519 rows=129835 loops=1)
   Sort Key: a1_.primaryidentifier, a2_.primaryidentifier, a1_.id, a2_.id
   Sort Method:  quicksort  Memory: 15320kB
   ->  Hash Join  (cost=165793.17..168071.91 rows=37979 width=46) (actual time=2086.997..3014.149 rows=129835 loops=1)
         Hash Cond: (l2.subjectid = a2_.id)
         ->  Hash Join  (cost=161465.23..162984.39 rows=37979 width=22) (actual time=1832.053..2380.019 rows=129835 loops=1)
               Hash Cond: (l1.subjectid = a1_.id)
               ->  HashAggregate  (cost=159499.35..159879.14 rows=37979 width=24) (actual time=1710.725..1883.765 rows=129835 loops=1)
                     ->  Merge Join  (cost=102858.30..158929.67 rows=37979 width=24) (actual time=478.419..1467.640 rows=153531 loops=1)
                           Merge Cond: ((l1.objectid = l2.objectid) AND (l1.bin = l2.bin))
                           Join Filter: ((l1.intermine_start <= l2.intermine_end) AND (l2.intermine_start <= l1.intermine_end))
                           ->  Index Scan using locationbin8000__subjectobjectbin on locationbin8000 l1  (cost=0.00..48030.55 rows=70005 width=20) (actual time=0.027..32.965 rows=25368 loops=1)
                                 Index Cond: (subjecttype = 'org.intermine.model.bio.Gene'::text)
                           ->  Sort  (cost=102858.30..103189.23 rows=132373 width=20) (actual time=478.368..825.262 rows=354505 loops=1)
                                 Sort Key: l2.objectid, l2.bin
                                 Sort Method:  quicksort  Memory: 17165kB
                                 ->  Bitmap Heap Scan on locationbin8000 l2  (cost=3107.70..91597.16 rows=132373 width=20) (actual time=26.195..196.855 rows=141060 loops=1)
                                       Recheck Cond: (subjecttype = ANY ('{org.intermine.model.bio.ProteinBindingSite,org.intermine.model.bio.HistoneBindingSite}'::text[]))
                                       ->  Bitmap Index Scan on locationbin8000__subjecttypeid  (cost=0.00..3074.60 rows=132373 width=0) (actual time=25.876..25.876 rows=141060 loops=1)
                                             Index Cond: (subjecttype = ANY ('{org.intermine.model.bio.ProteinBindingSite,org.intermine.model.bio.HistoneBindingSite}'::text[]))
               ->  Hash  (cost=1357.61..1357.61 rows=48661 width=18) (actual time=121.277..121.277 rows=48661 loops=1)
                     ->  Seq Scan on gene a1_  (cost=0.00..1357.61 rows=48661 width=18) (actual time=0.005..62.289 rows=48661 loops=1)
         ->  Hash  (cost=3036.31..3036.31 rows=103331 width=28) (actual time=254.895..254.895 rows=103331 loops=1)
               ->  Seq Scan on proteinbindingsite a2_  (cost=0.00..3036.31 rows=103331 width=28) (actual time=0.010..128.349 rows=103331 loops=1)
 Total runtime: 3709.550 ms
(25 rows)

Time: 3711.427 ms
                                                                                               QUERY PLAN                                                                                               
--------------------------------------------------------------------------------------------------------------------------------------------------------------------------------------------------------
 Limit  (cost=169964.37..169965.62 rows=500 width=46) (actual time=3184.157..3185.585 rows=500 loops=1)
   ->  Sort  (cost=169964.37..170059.31 rows=37979 width=46) (actual time=3184.154..3184.635 rows=500 loops=1)
         Sort Key: a1_.primaryidentifier, a2_.primaryidentifier, a1_.id, a2_.id
         Sort Method:  top-N heapsort  Memory: 74kB
         ->  Hash Join  (cost=165793.17..168071.91 rows=37979 width=46) (actual time=2081.993..3002.089 rows=129835 loops=1)
               Hash Cond: (l2.subjectid = a2_.id)
               ->  Hash Join  (cost=161465.23..162984.39 rows=37979 width=22) (actual time=1826.964..2370.207 rows=129835 loops=1)
                     Hash Cond: (l1.subjectid = a1_.id)
                     ->  HashAggregate  (cost=159499.35..159879.14 rows=37979 width=24) (actual time=1706.525..1878.383 rows=129835 loops=1)
                           ->  Merge Join  (cost=102858.30..158929.67 rows=37979 width=24) (actual time=479.842..1464.477 rows=153531 loops=1)
                                 Merge Cond: ((l1.objectid = l2.objectid) AND (l1.bin = l2.bin))
                                 Join Filter: ((l1.intermine_start <= l2.intermine_end) AND (l2.intermine_start <= l1.intermine_end))
                                 ->  Index Scan using locationbin8000__subjectobjectbin on locationbin8000 l1  (cost=0.00..48030.55 rows=70005 width=20) (actual time=0.035..32.372 rows=25368 loops=1)
                                       Index Cond: (subjecttype = 'org.intermine.model.bio.Gene'::text)
                                 ->  Sort  (cost=102858.30..103189.23 rows=132373 width=20) (actual time=479.782..826.521 rows=354505 loops=1)
                                       Sort Key: l2.objectid, l2.bin
                                       Sort Method:  quicksort  Memory: 17165kB
                                       ->  Bitmap Heap Scan on locationbin8000 l2  (cost=3107.70..91597.16 rows=132373 width=20) (actual time=26.333..198.137 rows=141060 loops=1)
                                             Recheck Cond: (subjecttype = ANY ('{org.intermine.model.bio.ProteinBindingSite,org.intermine.model.bio.HistoneBindingSite}'::text[]))
                                             ->  Bitmap Index Scan on locationbin8000__subjecttypeid  (cost=0.00..3074.60 rows=132373 width=0) (actual time=26.013..26.013 rows=141060 loops=1)
                                                   Index Cond: (subjecttype = ANY ('{org.intermine.model.bio.ProteinBindingSite,org.intermine.model.bio.HistoneBindingSite}'::text[]))
                     ->  Hash  (cost=1357.61..1357.61 rows=48661 width=18) (actual time=120.386..120.386 rows=48661 loops=1)
                           ->  Seq Scan on gene a1_  (cost=0.00..1357.61 rows=48661 width=18) (actual time=0.004..61.840 rows=48661 loops=1)
               ->  Hash  (cost=3036.31..3036.31 rows=103331 width=28) (actual time=254.979..254.979 rows=103331 loops=1)
                     ->  Seq Scan on proteinbindingsite a2_  (cost=0.00..3036.31 rows=103331 width=28) (actual time=0.010..128.649 rows=103331 loops=1)
 Total runtime: 3186.371 ms
(26 rows)

Time: 3192.395 ms
                                                                                               QUERY PLAN                                                                                               
--------------------------------------------------------------------------------------------------------------------------------------------------------------------------------------------------------
 Limit  (cost=169964.37..169965.62 rows=500 width=46) (actual time=3191.528..3192.967 rows=500 loops=1)
   ->  Sort  (cost=169964.37..170059.31 rows=37979 width=46) (actual time=3191.525..3192.004 rows=500 loops=1)
         Sort Key: a1_.primaryidentifier, a2_.primaryidentifier, a1_.id, a2_.id
         Sort Method:  top-N heapsort  Memory: 74kB
         ->  Hash Join  (cost=165793.17..168071.91 rows=37979 width=46) (actual time=2089.058..3008.749 rows=129835 loops=1)
               Hash Cond: (l2.subjectid = a2_.id)
               ->  Hash Join  (cost=161465.23..162984.39 rows=37979 width=22) (actual time=1830.403..2373.779 rows=129835 loops=1)
                     Hash Cond: (l1.subjectid = a1_.id)
                     ->  HashAggregate  (cost=159499.35..159879.14 rows=37979 width=24) (actual time=1708.231..1879.590 rows=129835 loops=1)
                           ->  Merge Join  (cost=102858.30..158929.67 rows=37979 width=24) (actual time=479.675..1464.662 rows=153531 loops=1)
                                 Merge Cond: ((l1.objectid = l2.objectid) AND (l1.bin = l2.bin))
                                 Join Filter: ((l1.intermine_start <= l2.intermine_end) AND (l2.intermine_start <= l1.intermine_end))
                                 ->  Index Scan using locationbin8000__subjectobjectbin on locationbin8000 l1  (cost=0.00..48030.55 rows=70005 width=20) (actual time=0.027..32.482 rows=25368 loops=1)
                                       Index Cond: (subjecttype = 'org.intermine.model.bio.Gene'::text)
                                 ->  Sort  (cost=102858.30..103189.23 rows=132373 width=20) (actual time=479.624..826.637 rows=354505 loops=1)
                                       Sort Key: l2.objectid, l2.bin
                                       Sort Method:  quicksort  Memory: 17165kB
                                       ->  Bitmap Heap Scan on locationbin8000 l2  (cost=3107.70..91597.16 rows=132373 width=20) (actual time=26.458..198.033 rows=141060 loops=1)
                                             Recheck Cond: (subjecttype = ANY ('{org.intermine.model.bio.ProteinBindingSite,org.intermine.model.bio.HistoneBindingSite}'::text[]))
                                             ->  Bitmap Index Scan on locationbin8000__subjecttypeid  (cost=0.00..3074.60 rows=132373 width=0) (actual time=26.137..26.137 rows=141060 loops=1)
                                                   Index Cond: (subjecttype = ANY ('{org.intermine.model.bio.ProteinBindingSite,org.intermine.model.bio.HistoneBindingSite}'::text[]))
                     ->  Hash  (cost=1357.61..1357.61 rows=48661 width=18) (actual time=122.114..122.114 rows=48661 loops=1)
                           ->  Seq Scan on gene a1_  (cost=0.00..1357.61 rows=48661 width=18) (actual time=0.004..61.916 rows=48661 loops=1)
               ->  Hash  (cost=3036.31..3036.31 rows=103331 width=28) (actual time=258.605..258.605 rows=103331 loops=1)
                     ->  Seq Scan on proteinbindingsite a2_  (cost=0.00..3036.31 rows=103331 width=28) (actual time=0.010..128.135 rows=103331 loops=1)
 Total runtime: 3193.769 ms
(26 rows)

Time: 3199.797 ms
                                                                                            QUERY PLAN                                                                                            
--------------------------------------------------------------------------------------------------------------------------------------------------------------------------------------------------
 Sort  (cost=763943.15..765920.87 rows=791085 width=135) (actual time=39676.137..40532.500 rows=800907 loops=1)
   Sort Key: a1_.primaryidentifier, a2_.primaryidentifier, a1_.id, a2_.id
   Sort Method:  quicksort  Memory: 225860kB
   ->  Hash Join  (cost=634033.26..686442.64 rows=791085 width=135) (actual time=28877.939..35361.965 rows=800907 loops=1)
         Hash Cond: (l2.subjectid = a2_.id)
         ->  Hash Join  (cost=430536.79..465146.76 rows=791085 width=49) (actual time=17669.292..21238.293 rows=800907 loops=1)
               Hash Cond: (l1.subjectid = a1_.id)
               ->  HashAggregate  (cost=429080.73..436991.58 rows=791085 width=24) (actual time=17576.349..18729.658 rows=800907 loops=1)
                     ->  Nested Loop  (cost=0.00..417214.46 rows=791085 width=24) (actual time=0.143..16179.140 rows=819048 loops=1)
                           Join Filter: ((l1.intermine_start <= l2.intermine_end) AND (l2.intermine_start <= l1.intermine_end))
                           ->  Index Scan using locationbin8000__subjectobjectbin on locationbin8000 l1  (cost=0.00..34204.96 rows=45503 width=20) (actual time=0.058..71.732 rows=48635 loops=1)
                                 Index Cond: (subjecttype = 'org.intermine.model.bio.IntergenicRegion'::text)
                           ->  Index Scan using locationbin8000__subjectobjectbin on locationbin8000 l2  (cost=0.00..7.36 rows=53 width=20) (actual time=0.015..0.177 rows=122 loops=48635)
                                 Index Cond: ((l2.subjecttype = 'org.intermine.model.bio.TranscriptRegion'::text) AND (l2.objectid = l1.objectid) AND (l2.bin = l1.bin))
               ->  Hash  (cost=1006.58..1006.58 rows=35958 width=45) (actual time=92.896..92.896 rows=35958 loops=1)
                     ->  Seq Scan on intergenicregion a1_  (cost=0.00..1006.58 rows=35958 width=45) (actual time=0.018..45.439 rows=35958 loops=1)
         ->  Hash  (cost=153182.32..153182.32 rows=4025132 width=90) (actual time=11204.820..11204.820 rows=4025132 loops=1)
               ->  Seq Scan on transcriptregion a2_  (cost=0.00..153182.32 rows=4025132 width=90) (actual time=0.039..5250.524 rows=4025132 loops=1)
 Total runtime: 41410.096 ms
(19 rows)

Time: 41412.426 ms
                                                                                            QUERY PLAN                                                                                            
--------------------------------------------------------------------------------------------------------------------------------------------------------------------------------------------------
 Sort  (cost=763943.15..765920.87 rows=791085 width=135) (actual time=39754.881..40612.811 rows=800907 loops=1)
   Sort Key: a1_.primaryidentifier, a2_.primaryidentifier, a1_.id, a2_.id
   Sort Method:  quicksort  Memory: 225860kB
   ->  Hash Join  (cost=634033.26..686442.64 rows=791085 width=135) (actual time=28910.734..35418.673 rows=800907 loops=1)
         Hash Cond: (l2.subjectid = a2_.id)
         ->  Hash Join  (cost=430536.79..465146.76 rows=791085 width=49) (actual time=17708.504..21280.031 rows=800907 loops=1)
               Hash Cond: (l1.subjectid = a1_.id)
               ->  HashAggregate  (cost=429080.73..436991.58 rows=791085 width=24) (actual time=17616.317..18770.940 rows=800907 loops=1)
                     ->  Nested Loop  (cost=0.00..417214.46 rows=791085 width=24) (actual time=0.151..16221.758 rows=819048 loops=1)
                           Join Filter: ((l1.intermine_start <= l2.intermine_end) AND (l2.intermine_start <= l1.intermine_end))
                           ->  Index Scan using locationbin8000__subjectobjectbin on locationbin8000 l1  (cost=0.00..34204.96 rows=45503 width=20) (actual time=0.065..71.784 rows=48635 loops=1)
                                 Index Cond: (subjecttype = 'org.intermine.model.bio.IntergenicRegion'::text)
                           ->  Index Scan using locationbin8000__subjectobjectbin on locationbin8000 l2  (cost=0.00..7.36 rows=53 width=20) (actual time=0.015..0.177 rows=122 loops=48635)
                                 Index Cond: ((l2.subjecttype = 'org.intermine.model.bio.TranscriptRegion'::text) AND (l2.objectid = l1.objectid) AND (l2.bin = l1.bin))
               ->  Hash  (cost=1006.58..1006.58 rows=35958 width=45) (actual time=92.140..92.140 rows=35958 loops=1)
                     ->  Seq Scan on intergenicregion a1_  (cost=0.00..1006.58 rows=35958 width=45) (actual time=0.018..45.105 rows=35958 loops=1)
         ->  Hash  (cost=153182.32..153182.32 rows=4025132 width=90) (actual time=11198.374..11198.374 rows=4025132 loops=1)
               ->  Seq Scan on transcriptregion a2_  (cost=0.00..153182.32 rows=4025132 width=90) (actual time=0.037..5259.468 rows=4025132 loops=1)
 Total runtime: 41487.131 ms
(19 rows)

Time: 41488.807 ms
                                                                                               QUERY PLAN                                                                                               
--------------------------------------------------------------------------------------------------------------------------------------------------------------------------------------------------------
 Limit  (cost=725861.55..725862.80 rows=500 width=135) (actual time=36462.958..36464.386 rows=500 loops=1)
   ->  Sort  (cost=725861.55..727839.26 rows=791085 width=135) (actual time=36462.954..36463.435 rows=500 loops=1)
         Sort Key: a1_.primaryidentifier, a2_.primaryidentifier, a1_.id, a2_.id
         Sort Method:  top-N heapsort  Memory: 150kB
         ->  Hash Join  (cost=634033.26..686442.64 rows=791085 width=135) (actual time=28771.035..35213.986 rows=800907 loops=1)
               Hash Cond: (l2.subjectid = a2_.id)
               ->  Hash Join  (cost=430536.79..465146.76 rows=791085 width=49) (actual time=17620.650..21160.896 rows=800907 loops=1)
                     Hash Cond: (l1.subjectid = a1_.id)
                     ->  HashAggregate  (cost=429080.73..436991.58 rows=791085 width=24) (actual time=17527.000..18665.891 rows=800907 loops=1)
                           ->  Nested Loop  (cost=0.00..417214.46 rows=791085 width=24) (actual time=0.151..16124.574 rows=819048 loops=1)
                                 Join Filter: ((l1.intermine_start <= l2.intermine_end) AND (l2.intermine_start <= l1.intermine_end))
                                 ->  Index Scan using locationbin8000__subjectobjectbin on locationbin8000 l1  (cost=0.00..34204.96 rows=45503 width=20) (actual time=0.066..70.895 rows=48635 loops=1)
                                       Index Cond: (subjecttype = 'org.intermine.model.bio.IntergenicRegion'::text)
                                 ->  Index Scan using locationbin8000__subjectobjectbin on locationbin8000 l2  (cost=0.00..7.36 rows=53 width=20) (actual time=0.015..0.177 rows=122 loops=48635)
                                       Index Cond: ((l2.subjecttype = 'org.intermine.model.bio.TranscriptRegion'::text) AND (l2.objectid = l1.objectid) AND (l2.bin = l1.bin))
                     ->  Hash  (cost=1006.58..1006.58 rows=35958 width=45) (actual time=93.602..93.602 rows=35958 loops=1)
                           ->  Seq Scan on intergenicregion a1_  (cost=0.00..1006.58 rows=35958 width=45) (actual time=0.021..45.966 rows=35958 loops=1)
               ->  Hash  (cost=153182.32..153182.32 rows=4025132 width=90) (actual time=11146.559..11146.559 rows=4025132 loops=1)
                     ->  Seq Scan on transcriptregion a2_  (cost=0.00..153182.32 rows=4025132 width=90) (actual time=0.038..5229.272 rows=4025132 loops=1)
 Total runtime: 36470.469 ms
(20 rows)

Time: 36563.149 ms
                                                                                               QUERY PLAN                                                                                               
--------------------------------------------------------------------------------------------------------------------------------------------------------------------------------------------------------
 Limit  (cost=725861.55..725862.80 rows=500 width=135) (actual time=36506.397..36507.849 rows=500 loops=1)
   ->  Sort  (cost=725861.55..727839.26 rows=791085 width=135) (actual time=36506.393..36506.880 rows=500 loops=1)
         Sort Key: a1_.primaryidentifier, a2_.primaryidentifier, a1_.id, a2_.id
         Sort Method:  top-N heapsort  Memory: 150kB
         ->  Hash Join  (cost=634033.26..686442.64 rows=791085 width=135) (actual time=28808.253..35261.169 rows=800907 loops=1)
               Hash Cond: (l2.subjectid = a2_.id)
               ->  Hash Join  (cost=430536.79..465146.76 rows=791085 width=49) (actual time=17611.601..21162.992 rows=800907 loops=1)
                     Hash Cond: (l1.subjectid = a1_.id)
                     ->  HashAggregate  (cost=429080.73..436991.58 rows=791085 width=24) (actual time=17519.059..18664.511 rows=800907 loops=1)
                           ->  Nested Loop  (cost=0.00..417214.46 rows=791085 width=24) (actual time=0.150..16131.857 rows=819048 loops=1)
                                 Join Filter: ((l1.intermine_start <= l2.intermine_end) AND (l2.intermine_start <= l1.intermine_end))
                                 ->  Index Scan using locationbin8000__subjectobjectbin on locationbin8000 l1  (cost=0.00..34204.96 rows=45503 width=20) (actual time=0.065..71.038 rows=48635 loops=1)
                                       Index Cond: (subjecttype = 'org.intermine.model.bio.IntergenicRegion'::text)
                                 ->  Index Scan using locationbin8000__subjectobjectbin on locationbin8000 l2  (cost=0.00..7.36 rows=53 width=20) (actual time=0.015..0.177 rows=122 loops=48635)
                                       Index Cond: ((l2.subjecttype = 'org.intermine.model.bio.TranscriptRegion'::text) AND (l2.objectid = l1.objectid) AND (l2.bin = l1.bin))
                     ->  Hash  (cost=1006.58..1006.58 rows=35958 width=45) (actual time=92.494..92.494 rows=35958 loops=1)
                           ->  Seq Scan on intergenicregion a1_  (cost=0.00..1006.58 rows=35958 width=45) (actual time=0.018..45.211 rows=35958 loops=1)
               ->  Hash  (cost=153182.32..153182.32 rows=4025132 width=90) (actual time=11192.852..11192.852 rows=4025132 loops=1)
                     ->  Seq Scan on transcriptregion a2_  (cost=0.00..153182.32 rows=4025132 width=90) (actual time=0.038..5259.524 rows=4025132 loops=1)
 Total runtime: 36513.914 ms
(20 rows)

Time: 36606.623 ms
