Testing with size 4000
Timing is on.
SELECT
Time: 144210.680 ms
CREATE INDEX
Time: 16278.736 ms
CREATE INDEX
Time: 65933.451 ms
CREATE INDEX
Time: 15424.171 ms
CREATE INDEX
Time: 15223.186 ms
ANALYZE
Time: 1022.821 ms
                                                                                                            QUERY PLAN                                                                                                             
-----------------------------------------------------------------------------------------------------------------------------------------------------------------------------------------------------------------------------------
 Unique  (cost=185869.37..185872.41 rows=135 width=52) (actual time=2639.264..2642.500 rows=949 loops=1)
   ->  Sort  (cost=185869.37..185869.71 rows=135 width=52) (actual time=2639.261..2640.334 rows=1114 loops=1)
         Sort Key: a1_.primaryidentifier, a2_.secondaryidentifier, a4_.intermine_start, a4_.intermine_end, a4_.strand, a1_.id, a2_.id, a4_.id
         Sort Method:  quicksort  Memory: 136kB
         ->  Nested Loop  (cost=163617.10..185864.60 rows=135 width=52) (actual time=2578.513..2636.746 rows=1114 loops=1)
               ->  Nested Loop  (cost=163617.10..185498.18 rows=136 width=42) (actual time=2578.445..2619.280 rows=1114 loops=1)
                     ->  Hash Join  (cost=163617.10..185447.73 rows=136 width=24) (actual time=2578.338..2605.490 rows=1114 loops=1)
                           Hash Cond: (indirect1.bioentities = a2_.id)
                           ->  Nested Loop  (cost=0.00..21594.87 rows=37505 width=4) (actual time=0.247..14.273 rows=4248 loops=1)
                                 ->  Seq Scan on dataset a3_  (cost=0.00..23.93 rows=1 width=4) (actual time=0.161..0.407 rows=1 loops=1)
                                       Filter: (lower(title) ~~ '5'' race (mixed-stage embryos)'::text)
                                 ->  Index Scan using bioentitiesdatasets__datasets on bioentitiesdatasets indirect1  (cost=0.00..21102.12 rows=37505 width=8) (actual time=0.080..5.412 rows=4248 loops=1)
                                       Index Cond: (indirect1.datasets = a3_.id)
                           ->  Hash  (cost=163332.15..163332.15 rows=22796 width=28) (actual time=2578.062..2578.062 rows=83765 loops=1)
                                 ->  Hash Join  (cost=162334.82..163332.15 rows=22796 width=28) (actual time=2107.173..2465.305 rows=83765 loops=1)
                                       Hash Cond: (l2.subjectid = a2_.id)
                                       ->  HashAggregate  (cost=159541.73..159769.69 rows=22796 width=24) (actual time=1924.789..2034.165 rows=83765 loops=1)
                                             ->  Merge Join  (cost=153956.00..159199.79 rows=22796 width=24) (actual time=715.104..1670.113 rows=170738 loops=1)
                                                   Merge Cond: ((l1.bin = l2.bin) AND (l1.objectid = l2.objectid))
                                                   Join Filter: ((l1.intermine_start <= l2.intermine_end) AND (l2.intermine_start <= l1.intermine_end))
                                                   ->  Sort  (cost=65498.83..65708.06 rows=83692 width=20) (actual time=286.394..374.103 rows=85960 loops=1)
                                                         Sort Key: l1.bin, l1.objectid
                                                         Sort Method:  quicksort  Memory: 9788kB
                                                         ->  Index Scan using locationbin4000__subjectobjectbin on locationbin4000 l1  (cost=0.00..58655.83 rows=83692 width=20) (actual time=0.115..128.923 rows=85960 loops=1)
                                                               Index Cond: (subjecttype = 'org.intermine.model.bio.Gene'::text)
                                                   ->  Sort  (cost=88457.18..88765.97 rows=123518 width=20) (actual time=428.686..695.058 rows=267876 loops=1)
                                                         Sort Key: l2.bin, l2.objectid
                                                         Sort Method:  quicksort  Memory: 13245kB
                                                         ->  Index Scan using locationbin4000__subjectobjectbin on locationbin4000 l2  (cost=0.00..78011.04 rows=123518 width=20) (actual time=0.118..197.509 rows=130211 loops=1)
                                                               Index Cond: (subjecttype = 'org.intermine.model.bio.MRNA'::text)
                                       ->  Hash  (cost=1898.04..1898.04 rows=71604 width=20) (actual time=182.346..182.346 rows=71604 loops=1)
                                             ->  Seq Scan on mrna a2_  (cost=0.00..1898.04 rows=71604 width=20) (actual time=0.015..95.109 rows=71604 loops=1)
                     ->  Index Scan using gene_pkey on gene a1_  (cost=0.00..0.36 rows=1 width=22) (actual time=0.007..0.008 rows=1 loops=1114)
                           Index Cond: (a1_.id = l1.subjectid)
               ->  Index Scan using location_pkey on location a4_  (cost=0.00..2.68 rows=1 width=14) (actual time=0.010..0.011 rows=1 loops=1114)
                     Index Cond: (a4_.id = a1_.chromosomelocationid)
 Total runtime: 2646.859 ms
(37 rows)

Time: 2654.677 ms
                                                                                                            QUERY PLAN                                                                                                             
-----------------------------------------------------------------------------------------------------------------------------------------------------------------------------------------------------------------------------------
 Unique  (cost=185869.37..185872.41 rows=135 width=52) (actual time=2579.678..2582.953 rows=949 loops=1)
   ->  Sort  (cost=185869.37..185869.71 rows=135 width=52) (actual time=2579.675..2580.762 rows=1114 loops=1)
         Sort Key: a1_.primaryidentifier, a2_.secondaryidentifier, a4_.intermine_start, a4_.intermine_end, a4_.strand, a1_.id, a2_.id, a4_.id
         Sort Method:  quicksort  Memory: 136kB
         ->  Nested Loop  (cost=163617.10..185864.60 rows=135 width=52) (actual time=2530.930..2577.286 rows=1114 loops=1)
               ->  Nested Loop  (cost=163617.10..185498.18 rows=136 width=42) (actual time=2530.914..2566.947 rows=1114 loops=1)
                     ->  Hash Join  (cost=163617.10..185447.73 rows=136 width=24) (actual time=2530.876..2557.232 rows=1114 loops=1)
                           Hash Cond: (indirect1.bioentities = a2_.id)
                           ->  Nested Loop  (cost=0.00..21594.87 rows=37505 width=4) (actual time=0.107..13.779 rows=4248 loops=1)
                                 ->  Seq Scan on dataset a3_  (cost=0.00..23.93 rows=1 width=4) (actual time=0.075..0.215 rows=1 loops=1)
                                       Filter: (lower(title) ~~ '5'' race (mixed-stage embryos)'::text)
                                 ->  Index Scan using bioentitiesdatasets__datasets on bioentitiesdatasets indirect1  (cost=0.00..21102.12 rows=37505 width=8) (actual time=0.026..5.075 rows=4248 loops=1)
                                       Index Cond: (indirect1.datasets = a3_.id)
                           ->  Hash  (cost=163332.15..163332.15 rows=22796 width=28) (actual time=2530.742..2530.742 rows=83765 loops=1)
                                 ->  Hash Join  (cost=162334.82..163332.15 rows=22796 width=28) (actual time=2062.401..2418.612 rows=83765 loops=1)
                                       Hash Cond: (l2.subjectid = a2_.id)
                                       ->  HashAggregate  (cost=159541.73..159769.69 rows=22796 width=24) (actual time=1884.743..1993.860 rows=83765 loops=1)
                                             ->  Merge Join  (cost=153956.00..159199.79 rows=22796 width=24) (actual time=674.287..1628.718 rows=170738 loops=1)
                                                   Merge Cond: ((l1.bin = l2.bin) AND (l1.objectid = l2.objectid))
                                                   Join Filter: ((l1.intermine_start <= l2.intermine_end) AND (l2.intermine_start <= l1.intermine_end))
                                                   ->  Sort  (cost=65498.83..65708.06 rows=83692 width=20) (actual time=265.466..353.221 rows=85960 loops=1)
                                                         Sort Key: l1.bin, l1.objectid
                                                         Sort Method:  quicksort  Memory: 9788kB
                                                         ->  Index Scan using locationbin4000__subjectobjectbin on locationbin4000 l1  (cost=0.00..58655.83 rows=83692 width=20) (actual time=0.031..117.742 rows=85960 loops=1)
                                                               Index Cond: (subjecttype = 'org.intermine.model.bio.Gene'::text)
                                                   ->  Sort  (cost=88457.18..88765.97 rows=123518 width=20) (actual time=408.796..674.729 rows=267876 loops=1)
                                                         Sort Key: l2.bin, l2.objectid
                                                         Sort Method:  quicksort  Memory: 13245kB
                                                         ->  Index Scan using locationbin4000__subjectobjectbin on locationbin4000 l2  (cost=0.00..78011.04 rows=123518 width=20) (actual time=0.043..178.593 rows=130211 loops=1)
                                                               Index Cond: (subjecttype = 'org.intermine.model.bio.MRNA'::text)
                                       ->  Hash  (cost=1898.04..1898.04 rows=71604 width=20) (actual time=177.621..177.621 rows=71604 loops=1)
                                             ->  Seq Scan on mrna a2_  (cost=0.00..1898.04 rows=71604 width=20) (actual time=0.003..91.516 rows=71604 loops=1)
                     ->  Index Scan using gene_pkey on gene a1_  (cost=0.00..0.36 rows=1 width=22) (actual time=0.003..0.004 rows=1 loops=1114)
                           Index Cond: (a1_.id = l1.subjectid)
               ->  Index Scan using location_pkey on location a4_  (cost=0.00..2.68 rows=1 width=14) (actual time=0.004..0.005 rows=1 loops=1114)
                     Index Cond: (a4_.id = a1_.chromosomelocationid)
 Total runtime: 2587.240 ms
(37 rows)

Time: 2590.955 ms
                                                                                                               QUERY PLAN                                                                                                                
-----------------------------------------------------------------------------------------------------------------------------------------------------------------------------------------------------------------------------------------
 Limit  (cost=185869.37..185872.41 rows=135 width=52) (actual time=2576.674..2579.300 rows=500 loops=1)
   ->  Unique  (cost=185869.37..185872.41 rows=135 width=52) (actual time=2576.671..2578.347 rows=500 loops=1)
         ->  Sort  (cost=185869.37..185869.71 rows=135 width=52) (actual time=2576.667..2577.226 rows=577 loops=1)
               Sort Key: a1_.primaryidentifier, a2_.secondaryidentifier, a4_.intermine_start, a4_.intermine_end, a4_.strand, a1_.id, a2_.id, a4_.id
               Sort Method:  quicksort  Memory: 136kB
               ->  Nested Loop  (cost=163617.10..185864.60 rows=135 width=52) (actual time=2528.106..2574.260 rows=1114 loops=1)
                     ->  Nested Loop  (cost=163617.10..185498.18 rows=136 width=42) (actual time=2528.090..2563.977 rows=1114 loops=1)
                           ->  Hash Join  (cost=163617.10..185447.73 rows=136 width=24) (actual time=2528.053..2554.233 rows=1114 loops=1)
                                 Hash Cond: (indirect1.bioentities = a2_.id)
                                 ->  Nested Loop  (cost=0.00..21594.87 rows=37505 width=4) (actual time=0.107..13.646 rows=4248 loops=1)
                                       ->  Seq Scan on dataset a3_  (cost=0.00..23.93 rows=1 width=4) (actual time=0.075..0.214 rows=1 loops=1)
                                             Filter: (lower(title) ~~ '5'' race (mixed-stage embryos)'::text)
                                       ->  Index Scan using bioentitiesdatasets__datasets on bioentitiesdatasets indirect1  (cost=0.00..21102.12 rows=37505 width=8) (actual time=0.027..5.012 rows=4248 loops=1)
                                             Index Cond: (indirect1.datasets = a3_.id)
                                 ->  Hash  (cost=163332.15..163332.15 rows=22796 width=28) (actual time=2527.919..2527.919 rows=83765 loops=1)
                                       ->  Hash Join  (cost=162334.82..163332.15 rows=22796 width=28) (actual time=2055.874..2415.139 rows=83765 loops=1)
                                             Hash Cond: (l2.subjectid = a2_.id)
                                             ->  HashAggregate  (cost=159541.73..159769.69 rows=22796 width=24) (actual time=1878.203..1986.999 rows=83765 loops=1)
                                                   ->  Merge Join  (cost=153956.00..159199.79 rows=22796 width=24) (actual time=675.181..1624.258 rows=170738 loops=1)
                                                         Merge Cond: ((l1.bin = l2.bin) AND (l1.objectid = l2.objectid))
                                                         Join Filter: ((l1.intermine_start <= l2.intermine_end) AND (l2.intermine_start <= l1.intermine_end))
                                                         ->  Sort  (cost=65498.83..65708.06 rows=83692 width=20) (actual time=266.470..354.265 rows=85960 loops=1)
                                                               Sort Key: l1.bin, l1.objectid
                                                               Sort Method:  quicksort  Memory: 9788kB
                                                               ->  Index Scan using locationbin4000__subjectobjectbin on locationbin4000 l1  (cost=0.00..58655.83 rows=83692 width=20) (actual time=0.031..118.383 rows=85960 loops=1)
                                                                     Index Cond: (subjecttype = 'org.intermine.model.bio.Gene'::text)
                                                         ->  Sort  (cost=88457.18..88765.97 rows=123518 width=20) (actual time=408.687..674.377 rows=267876 loops=1)
                                                               Sort Key: l2.bin, l2.objectid
                                                               Sort Method:  quicksort  Memory: 13245kB
                                                               ->  Index Scan using locationbin4000__subjectobjectbin on locationbin4000 l2  (cost=0.00..78011.04 rows=123518 width=20) (actual time=0.044..177.819 rows=130211 loops=1)
                                                                     Index Cond: (subjecttype = 'org.intermine.model.bio.MRNA'::text)
                                             ->  Hash  (cost=1898.04..1898.04 rows=71604 width=20) (actual time=177.635..177.635 rows=71604 loops=1)
                                                   ->  Seq Scan on mrna a2_  (cost=0.00..1898.04 rows=71604 width=20) (actual time=0.003..90.417 rows=71604 loops=1)
                           ->  Index Scan using gene_pkey on gene a1_  (cost=0.00..0.36 rows=1 width=22) (actual time=0.003..0.004 rows=1 loops=1114)
                                 Index Cond: (a1_.id = l1.subjectid)
                     ->  Index Scan using location_pkey on location a4_  (cost=0.00..2.68 rows=1 width=14) (actual time=0.004..0.005 rows=1 loops=1114)
                           Index Cond: (a4_.id = a1_.chromosomelocationid)
 Total runtime: 2583.170 ms
(38 rows)

Time: 2586.999 ms
                                                                                                               QUERY PLAN                                                                                                                
-----------------------------------------------------------------------------------------------------------------------------------------------------------------------------------------------------------------------------------------
 Limit  (cost=185869.37..185872.41 rows=135 width=52) (actual time=2577.952..2580.592 rows=500 loops=1)
   ->  Unique  (cost=185869.37..185872.41 rows=135 width=52) (actual time=2577.948..2579.625 rows=500 loops=1)
         ->  Sort  (cost=185869.37..185869.71 rows=135 width=52) (actual time=2577.945..2578.494 rows=577 loops=1)
               Sort Key: a1_.primaryidentifier, a2_.secondaryidentifier, a4_.intermine_start, a4_.intermine_end, a4_.strand, a1_.id, a2_.id, a4_.id
               Sort Method:  quicksort  Memory: 136kB
               ->  Nested Loop  (cost=163617.10..185864.60 rows=135 width=52) (actual time=2529.274..2575.573 rows=1114 loops=1)
                     ->  Nested Loop  (cost=163617.10..185498.18 rows=136 width=42) (actual time=2529.258..2565.193 rows=1114 loops=1)
                           ->  Hash Join  (cost=163617.10..185447.73 rows=136 width=24) (actual time=2529.221..2555.471 rows=1114 loops=1)
                                 Hash Cond: (indirect1.bioentities = a2_.id)
                                 ->  Nested Loop  (cost=0.00..21594.87 rows=37505 width=4) (actual time=0.106..13.673 rows=4248 loops=1)
                                       ->  Seq Scan on dataset a3_  (cost=0.00..23.93 rows=1 width=4) (actual time=0.075..0.214 rows=1 loops=1)
                                             Filter: (lower(title) ~~ '5'' race (mixed-stage embryos)'::text)
                                       ->  Index Scan using bioentitiesdatasets__datasets on bioentitiesdatasets indirect1  (cost=0.00..21102.12 rows=37505 width=8) (actual time=0.026..5.030 rows=4248 loops=1)
                                             Index Cond: (indirect1.datasets = a3_.id)
                                 ->  Hash  (cost=163332.15..163332.15 rows=22796 width=28) (actual time=2529.088..2529.088 rows=83765 loops=1)
                                       ->  Hash Join  (cost=162334.82..163332.15 rows=22796 width=28) (actual time=2060.008..2416.757 rows=83765 loops=1)
                                             Hash Cond: (l2.subjectid = a2_.id)
                                             ->  HashAggregate  (cost=159541.73..159769.69 rows=22796 width=24) (actual time=1883.625..1991.788 rows=83765 loops=1)
                                                   ->  Merge Join  (cost=153956.00..159199.79 rows=22796 width=24) (actual time=676.044..1628.384 rows=170738 loops=1)
                                                         Merge Cond: ((l1.bin = l2.bin) AND (l1.objectid = l2.objectid))
                                                         Join Filter: ((l1.intermine_start <= l2.intermine_end) AND (l2.intermine_start <= l1.intermine_end))
                                                         ->  Sort  (cost=65498.83..65708.06 rows=83692 width=20) (actual time=265.529..353.087 rows=85960 loops=1)
                                                               Sort Key: l1.bin, l1.objectid
                                                               Sort Method:  quicksort  Memory: 9788kB
                                                               ->  Index Scan using locationbin4000__subjectobjectbin on locationbin4000 l1  (cost=0.00..58655.83 rows=83692 width=20) (actual time=0.029..117.521 rows=85960 loops=1)
                                                                     Index Cond: (subjecttype = 'org.intermine.model.bio.Gene'::text)
                                                         ->  Sort  (cost=88457.18..88765.97 rows=123518 width=20) (actual time=410.491..675.721 rows=267876 loops=1)
                                                               Sort Key: l2.bin, l2.objectid
                                                               Sort Method:  quicksort  Memory: 13245kB
                                                               ->  Index Scan using locationbin4000__subjectobjectbin on locationbin4000 l2  (cost=0.00..78011.04 rows=123518 width=20) (actual time=0.040..178.498 rows=130211 loops=1)
                                                                     Index Cond: (subjecttype = 'org.intermine.model.bio.MRNA'::text)
                                             ->  Hash  (cost=1898.04..1898.04 rows=71604 width=20) (actual time=176.347..176.347 rows=71604 loops=1)
                                                   ->  Seq Scan on mrna a2_  (cost=0.00..1898.04 rows=71604 width=20) (actual time=0.003..90.260 rows=71604 loops=1)
                           ->  Index Scan using gene_pkey on gene a1_  (cost=0.00..0.36 rows=1 width=22) (actual time=0.003..0.004 rows=1 loops=1114)
                                 Index Cond: (a1_.id = l1.subjectid)
                     ->  Index Scan using location_pkey on location a4_  (cost=0.00..2.68 rows=1 width=14) (actual time=0.004..0.005 rows=1 loops=1114)
                           Index Cond: (a4_.id = a1_.chromosomelocationid)
 Total runtime: 2584.446 ms
(38 rows)

Time: 2588.192 ms
                                                                                                          QUERY PLAN                                                                                                          
------------------------------------------------------------------------------------------------------------------------------------------------------------------------------------------------------------------------------
 Unique  (cost=90864.48..90865.30 rows=30 width=66) (actual time=1615.628..1635.889 rows=6492 loops=1)
   ->  Sort  (cost=90864.48..90864.55 rows=30 width=66) (actual time=1615.624..1622.044 rows=6492 loops=1)
         Sort Key: a1_.primaryidentifier, a2_.secondaryidentifier, a4_.intermine_start, a4_.intermine_end, a4_.strand, a5_.primaryidentifier, a1_.id, a2_.id, a4_.id, a5_.id
         Sort Method:  quicksort  Memory: 1105kB
         ->  Nested Loop  (cost=68749.78..90863.74 rows=30 width=66) (actual time=692.878..1597.847 rows=6492 loops=1)
               ->  Nested Loop  (cost=68749.78..90784.86 rows=30 width=55) (actual time=692.811..1537.055 rows=6492 loops=1)
                     ->  Nested Loop  (cost=68749.78..90746.91 rows=30 width=45) (actual time=692.786..1467.606 rows=6492 loops=1)
                           ->  Nested Loop  (cost=68749.78..90737.90 rows=31 width=31) (actual time=692.771..1407.932 rows=6499 loops=1)
                                 ->  Hash Join  (cost=68749.78..90683.08 rows=31 width=12) (actual time=692.704..1335.695 rows=6499 loops=1)
                                       Hash Cond: (indirect1.datasets = a3_.id)
                                       ->  Nested Loop  (cost=68745.49..90658.31 rows=5381 width=16) (actual time=657.693..1267.037 rows=41453 loops=1)
                                             ->  HashAggregate  (cost=68745.49..68797.15 rows=5166 width=24) (actual time=610.501..666.329 rows=41453 loops=1)
                                                   ->  Nested Loop  (cost=0.00..68668.00 rows=5166 width=24) (actual time=0.130..538.723 rows=42711 loops=1)
                                                         Join Filter: ((l1.intermine_start <= l2.intermine_end) AND (l2.intermine_start <= l1.intermine_end))
                                                         ->  Index Scan using locationbin4000__subjectobjectbin on locationbin4000 l2  (cost=0.00..7843.11 rows=8833 width=20) (actual time=0.069..22.180 rows=15248 loops=1)
                                                               Index Cond: (subjecttype = 'org.intermine.model.bio.EST'::text)
                                                         ->  Index Scan using locationbin4000__subjectobjectbin on locationbin4000 l1  (cost=0.00..6.85 rows=2 width=20) (actual time=0.011..0.020 rows=8 loops=15248)
                                                               Index Cond: ((l1.subjecttype = 'org.intermine.model.bio.Exon'::text) AND (l1.objectid = l2.objectid) AND (l1.bin = l2.bin))
                                             ->  Index Scan using bioentitiesdatasets__bioentities on bioentitiesdatasets indirect1  (cost=0.00..4.21 rows=1 width=8) (actual time=0.009..0.010 rows=1 loops=41453)
                                                   Index Cond: (indirect1.bioentities = l2.subjectid)
                                       ->  Hash  (cost=4.27..4.27 rows=1 width=4) (actual time=16.400..16.400 rows=1 loops=1)
                                             ->  Index Scan using dataset__title_like on dataset a3_  (cost=0.00..4.27 rows=1 width=4) (actual time=16.392..16.394 rows=1 loops=1)
                                                   Index Cond: (lower(title) = '5'' race (mixed-stage embryos)'::text)
                                                   Filter: (lower(title) ~~ '5'' race (mixed-stage embryos)'::text)
                                 ->  Index Scan using exon_pkey on exon a1_  (cost=0.00..1.76 rows=1 width=23) (actual time=0.006..0.007 rows=1 loops=6499)
                                       Index Cond: (a1_.id = l1.subjectid)
                           ->  Index Scan using gene_pkey on gene a5_  (cost=0.00..0.28 rows=1 width=18) (actual time=0.004..0.005 rows=1 loops=6499)
                                 Index Cond: (a5_.id = a1_.geneid)
                     ->  Index Scan using location_pkey on location a4_  (cost=0.00..1.25 rows=1 width=14) (actual time=0.005..0.006 rows=1 loops=6492)
                           Index Cond: (a4_.id = a1_.chromosomelocationid)
               ->  Index Scan using est_pkey on est a2_  (cost=0.00..2.62 rows=1 width=19) (actual time=0.004..0.005 rows=1 loops=6492)
                     Index Cond: (a2_.id = l2.subjectid)
 Total runtime: 1642.152 ms
(33 rows)

Time: 1648.257 ms
                                                                                                          QUERY PLAN                                                                                                          
------------------------------------------------------------------------------------------------------------------------------------------------------------------------------------------------------------------------------
 Unique  (cost=90864.48..90865.30 rows=30 width=66) (actual time=1295.174..1314.808 rows=6492 loops=1)
   ->  Sort  (cost=90864.48..90864.55 rows=30 width=66) (actual time=1295.169..1301.389 rows=6492 loops=1)
         Sort Key: a1_.primaryidentifier, a2_.secondaryidentifier, a4_.intermine_start, a4_.intermine_end, a4_.strand, a5_.primaryidentifier, a1_.id, a2_.id, a4_.id, a5_.id
         Sort Method:  quicksort  Memory: 1105kB
         ->  Nested Loop  (cost=68749.78..90863.74 rows=30 width=66) (actual time=560.842..1277.588 rows=6492 loops=1)
               ->  Nested Loop  (cost=68749.78..90784.86 rows=30 width=55) (actual time=560.826..1217.329 rows=6492 loops=1)
                     ->  Nested Loop  (cost=68749.78..90746.91 rows=30 width=45) (actual time=560.808..1149.427 rows=6492 loops=1)
                           ->  Nested Loop  (cost=68749.78..90737.90 rows=31 width=31) (actual time=560.791..1088.233 rows=6499 loops=1)
                                 ->  Hash Join  (cost=68749.78..90683.08 rows=31 width=12) (actual time=560.774..1020.706 rows=6499 loops=1)
                                       Hash Cond: (indirect1.datasets = a3_.id)
                                       ->  Nested Loop  (cost=68745.49..90658.31 rows=5381 width=16) (actual time=560.691..970.258 rows=41453 loops=1)
                                             ->  HashAggregate  (cost=68745.49..68797.15 rows=5166 width=24) (actual time=560.673..618.203 rows=41453 loops=1)
                                                   ->  Nested Loop  (cost=0.00..68668.00 rows=5166 width=24) (actual time=0.050..490.968 rows=42711 loops=1)
                                                         Join Filter: ((l1.intermine_start <= l2.intermine_end) AND (l2.intermine_start <= l1.intermine_end))
                                                         ->  Index Scan using locationbin4000__subjectobjectbin on locationbin4000 l2  (cost=0.00..7843.11 rows=8833 width=20) (actual time=0.024..19.847 rows=15248 loops=1)
                                                               Index Cond: (subjecttype = 'org.intermine.model.bio.EST'::text)
                                                         ->  Index Scan using locationbin4000__subjectobjectbin on locationbin4000 l1  (cost=0.00..6.85 rows=2 width=20) (actual time=0.009..0.018 rows=8 loops=15248)
                                                               Index Cond: ((l1.subjecttype = 'org.intermine.model.bio.Exon'::text) AND (l1.objectid = l2.objectid) AND (l1.bin = l2.bin))
                                             ->  Index Scan using bioentitiesdatasets__bioentities on bioentitiesdatasets indirect1  (cost=0.00..4.21 rows=1 width=8) (actual time=0.004..0.005 rows=1 loops=41453)
                                                   Index Cond: (indirect1.bioentities = l2.subjectid)
                                       ->  Hash  (cost=4.27..4.27 rows=1 width=4) (actual time=0.035..0.035 rows=1 loops=1)
                                             ->  Index Scan using dataset__title_like on dataset a3_  (cost=0.00..4.27 rows=1 width=4) (actual time=0.027..0.029 rows=1 loops=1)
                                                   Index Cond: (lower(title) = '5'' race (mixed-stage embryos)'::text)
                                                   Filter: (lower(title) ~~ '5'' race (mixed-stage embryos)'::text)
                                 ->  Index Scan using exon_pkey on exon a1_  (cost=0.00..1.76 rows=1 width=23) (actual time=0.005..0.006 rows=1 loops=6499)
                                       Index Cond: (a1_.id = l1.subjectid)
                           ->  Index Scan using gene_pkey on gene a5_  (cost=0.00..0.28 rows=1 width=18) (actual time=0.004..0.005 rows=1 loops=6499)
                                 Index Cond: (a5_.id = a1_.geneid)
                     ->  Index Scan using location_pkey on location a4_  (cost=0.00..1.25 rows=1 width=14) (actual time=0.005..0.006 rows=1 loops=6492)
                           Index Cond: (a4_.id = a1_.chromosomelocationid)
               ->  Index Scan using est_pkey on est a2_  (cost=0.00..2.62 rows=1 width=19) (actual time=0.004..0.005 rows=1 loops=6492)
                     Index Cond: (a2_.id = l2.subjectid)
 Total runtime: 1320.975 ms
(33 rows)

Time: 1325.832 ms
                                                                                                             QUERY PLAN                                                                                                             
------------------------------------------------------------------------------------------------------------------------------------------------------------------------------------------------------------------------------------
 Limit  (cost=90864.48..90865.30 rows=30 width=66) (actual time=1297.555..1299.959 rows=500 loops=1)
   ->  Unique  (cost=90864.48..90865.30 rows=30 width=66) (actual time=1297.552..1299.065 rows=500 loops=1)
         ->  Sort  (cost=90864.48..90864.55 rows=30 width=66) (actual time=1297.548..1298.028 rows=500 loops=1)
               Sort Key: a1_.primaryidentifier, a2_.secondaryidentifier, a4_.intermine_start, a4_.intermine_end, a4_.strand, a5_.primaryidentifier, a1_.id, a2_.id, a4_.id, a5_.id
               Sort Method:  quicksort  Memory: 1105kB
               ->  Nested Loop  (cost=68749.78..90863.74 rows=30 width=66) (actual time=563.330..1279.880 rows=6492 loops=1)
                     ->  Nested Loop  (cost=68749.78..90784.86 rows=30 width=55) (actual time=563.313..1219.955 rows=6492 loops=1)
                           ->  Nested Loop  (cost=68749.78..90746.91 rows=30 width=45) (actual time=563.296..1152.232 rows=6492 loops=1)
                                 ->  Nested Loop  (cost=68749.78..90737.90 rows=31 width=31) (actual time=563.280..1091.126 rows=6499 loops=1)
                                       ->  Hash Join  (cost=68749.78..90683.08 rows=31 width=12) (actual time=563.264..1023.957 rows=6499 loops=1)
                                             Hash Cond: (indirect1.datasets = a3_.id)
                                             ->  Nested Loop  (cost=68745.49..90658.31 rows=5381 width=16) (actual time=563.183..973.198 rows=41453 loops=1)
                                                   ->  HashAggregate  (cost=68745.49..68797.15 rows=5166 width=24) (actual time=563.165..620.594 rows=41453 loops=1)
                                                         ->  Nested Loop  (cost=0.00..68668.00 rows=5166 width=24) (actual time=0.050..493.248 rows=42711 loops=1)
                                                               Join Filter: ((l1.intermine_start <= l2.intermine_end) AND (l2.intermine_start <= l1.intermine_end))
                                                               ->  Index Scan using locationbin4000__subjectobjectbin on locationbin4000 l2  (cost=0.00..7843.11 rows=8833 width=20) (actual time=0.023..19.966 rows=15248 loops=1)
                                                                     Index Cond: (subjecttype = 'org.intermine.model.bio.EST'::text)
                                                               ->  Index Scan using locationbin4000__subjectobjectbin on locationbin4000 l1  (cost=0.00..6.85 rows=2 width=20) (actual time=0.009..0.018 rows=8 loops=15248)
                                                                     Index Cond: ((l1.subjecttype = 'org.intermine.model.bio.Exon'::text) AND (l1.objectid = l2.objectid) AND (l1.bin = l2.bin))
                                                   ->  Index Scan using bioentitiesdatasets__bioentities on bioentitiesdatasets indirect1  (cost=0.00..4.21 rows=1 width=8) (actual time=0.004..0.005 rows=1 loops=41453)
                                                         Index Cond: (indirect1.bioentities = l2.subjectid)
                                             ->  Hash  (cost=4.27..4.27 rows=1 width=4) (actual time=0.033..0.033 rows=1 loops=1)
                                                   ->  Index Scan using dataset__title_like on dataset a3_  (cost=0.00..4.27 rows=1 width=4) (actual time=0.025..0.026 rows=1 loops=1)
                                                         Index Cond: (lower(title) = '5'' race (mixed-stage embryos)'::text)
                                                         Filter: (lower(title) ~~ '5'' race (mixed-stage embryos)'::text)
                                       ->  Index Scan using exon_pkey on exon a1_  (cost=0.00..1.76 rows=1 width=23) (actual time=0.005..0.006 rows=1 loops=6499)
                                             Index Cond: (a1_.id = l1.subjectid)
                                 ->  Index Scan using gene_pkey on gene a5_  (cost=0.00..0.28 rows=1 width=18) (actual time=0.004..0.005 rows=1 loops=6499)
                                       Index Cond: (a5_.id = a1_.geneid)
                           ->  Index Scan using location_pkey on location a4_  (cost=0.00..1.25 rows=1 width=14) (actual time=0.005..0.006 rows=1 loops=6492)
                                 Index Cond: (a4_.id = a1_.chromosomelocationid)
                     ->  Index Scan using est_pkey on est a2_  (cost=0.00..2.62 rows=1 width=19) (actual time=0.004..0.005 rows=1 loops=6492)
                           Index Cond: (a2_.id = l2.subjectid)
 Total runtime: 1300.652 ms
(34 rows)

Time: 1305.419 ms
                                                                                                             QUERY PLAN                                                                                                             
------------------------------------------------------------------------------------------------------------------------------------------------------------------------------------------------------------------------------------
 Limit  (cost=90864.48..90865.30 rows=30 width=66) (actual time=1299.483..1301.882 rows=500 loops=1)
   ->  Unique  (cost=90864.48..90865.30 rows=30 width=66) (actual time=1299.480..1300.985 rows=500 loops=1)
         ->  Sort  (cost=90864.48..90864.55 rows=30 width=66) (actual time=1299.476..1299.953 rows=500 loops=1)
               Sort Key: a1_.primaryidentifier, a2_.secondaryidentifier, a4_.intermine_start, a4_.intermine_end, a4_.strand, a5_.primaryidentifier, a1_.id, a2_.id, a4_.id, a5_.id
               Sort Method:  quicksort  Memory: 1105kB
               ->  Nested Loop  (cost=68749.78..90863.74 rows=30 width=66) (actual time=563.945..1281.702 rows=6492 loops=1)
                     ->  Nested Loop  (cost=68749.78..90784.86 rows=30 width=55) (actual time=563.929..1221.842 rows=6492 loops=1)
                           ->  Nested Loop  (cost=68749.78..90746.91 rows=30 width=45) (actual time=563.911..1154.076 rows=6492 loops=1)
                                 ->  Nested Loop  (cost=68749.78..90737.90 rows=31 width=31) (actual time=563.896..1092.733 rows=6499 loops=1)
                                       ->  Hash Join  (cost=68749.78..90683.08 rows=31 width=12) (actual time=563.879..1025.398 rows=6499 loops=1)
                                             Hash Cond: (indirect1.datasets = a3_.id)
                                             ->  Nested Loop  (cost=68745.49..90658.31 rows=5381 width=16) (actual time=563.797..974.728 rows=41453 loops=1)
                                                   ->  HashAggregate  (cost=68745.49..68797.15 rows=5166 width=24) (actual time=563.779..621.482 rows=41453 loops=1)
                                                         ->  Nested Loop  (cost=0.00..68668.00 rows=5166 width=24) (actual time=0.050..493.683 rows=42711 loops=1)
                                                               Join Filter: ((l1.intermine_start <= l2.intermine_end) AND (l2.intermine_start <= l1.intermine_end))
                                                               ->  Index Scan using locationbin4000__subjectobjectbin on locationbin4000 l2  (cost=0.00..7843.11 rows=8833 width=20) (actual time=0.023..19.610 rows=15248 loops=1)
                                                                     Index Cond: (subjecttype = 'org.intermine.model.bio.EST'::text)
                                                               ->  Index Scan using locationbin4000__subjectobjectbin on locationbin4000 l1  (cost=0.00..6.85 rows=2 width=20) (actual time=0.009..0.018 rows=8 loops=15248)
                                                                     Index Cond: ((l1.subjecttype = 'org.intermine.model.bio.Exon'::text) AND (l1.objectid = l2.objectid) AND (l1.bin = l2.bin))
                                                   ->  Index Scan using bioentitiesdatasets__bioentities on bioentitiesdatasets indirect1  (cost=0.00..4.21 rows=1 width=8) (actual time=0.004..0.005 rows=1 loops=41453)
                                                         Index Cond: (indirect1.bioentities = l2.subjectid)
                                             ->  Hash  (cost=4.27..4.27 rows=1 width=4) (actual time=0.034..0.034 rows=1 loops=1)
                                                   ->  Index Scan using dataset__title_like on dataset a3_  (cost=0.00..4.27 rows=1 width=4) (actual time=0.026..0.028 rows=1 loops=1)
                                                         Index Cond: (lower(title) = '5'' race (mixed-stage embryos)'::text)
                                                         Filter: (lower(title) ~~ '5'' race (mixed-stage embryos)'::text)
                                       ->  Index Scan using exon_pkey on exon a1_  (cost=0.00..1.76 rows=1 width=23) (actual time=0.005..0.006 rows=1 loops=6499)
                                             Index Cond: (a1_.id = l1.subjectid)
                                 ->  Index Scan using gene_pkey on gene a5_  (cost=0.00..0.28 rows=1 width=18) (actual time=0.004..0.005 rows=1 loops=6499)
                                       Index Cond: (a5_.id = a1_.geneid)
                           ->  Index Scan using location_pkey on location a4_  (cost=0.00..1.25 rows=1 width=14) (actual time=0.005..0.006 rows=1 loops=6492)
                                 Index Cond: (a4_.id = a1_.chromosomelocationid)
                     ->  Index Scan using est_pkey on est a2_  (cost=0.00..2.62 rows=1 width=19) (actual time=0.004..0.005 rows=1 loops=6492)
                           Index Cond: (a2_.id = l2.subjectid)
 Total runtime: 1302.579 ms
(34 rows)

Time: 1307.339 ms
                                                                                                       QUERY PLAN                                                                                                       
------------------------------------------------------------------------------------------------------------------------------------------------------------------------------------------------------------------------
 Unique  (cost=451457.92..451484.29 rows=2110 width=46) (actual time=17444.701..17466.688 rows=7408 loops=1)
   ->  Sort  (cost=451457.92..451463.19 rows=2110 width=46) (actual time=17444.697..17451.912 rows=7408 loops=1)
         Sort Key: a4_.primaryidentifier, a2_.secondaryidentifier, a2_.id, a4_.id
         Sort Method:  quicksort  Memory: 1228kB
         ->  Nested Loop  (cost=441468.57..451341.41 rows=2110 width=46) (actual time=13400.587..17427.344 rows=7408 loops=1)
               ->  Nested Loop  (cost=441468.57..450656.22 rows=2110 width=32) (actual time=13400.569..17345.915 rows=7408 loops=1)
                     ->  Hash Join  (cost=441468.57..449863.13 rows=2110 width=32) (actual time=13400.238..16529.869 rows=85984 loops=1)
                           Hash Cond: (l2.subjectid = a2_.id)
                           ->  HashAggregate  (cost=415156.78..418682.44 rows=352566 width=24) (actual time=13086.051..14748.053 rows=1119997 loops=1)
                                 ->  Merge Join  (cost=240233.58..409868.29 rows=352566 width=24) (actual time=3715.402..10591.142 rows=1484696 loops=1)
                                       Merge Cond: ((l2.objectid = l1.objectid) AND (l2.bin = l1.bin))
                                       Join Filter: ((l1.intermine_start <= l2.intermine_end) AND (l2.intermine_start <= l1.intermine_end))
                                       ->  Index Scan using locationbin4000__subjectobjectbin on locationbin4000 l2  (cost=0.00..97376.50 rows=172723 width=20) (actual time=0.063..234.342 rows=160465 loops=1)
                                             Index Cond: (subjecttype = 'org.intermine.model.bio.ProteinBindingSite'::text)
                                       ->  Sort  (cost=240233.58..242547.74 rows=925665 width=20) (actual time=3715.312..5974.105 rows=2401975 loops=1)
                                             Sort Key: l1.objectid, l1.bin
                                             Sort Method:  quicksort  Memory: 96643kB
                                             ->  Index Scan using locationbin4000__subjecttypeid on locationbin4000 l1  (cost=0.00..148499.57 rows=925665 width=20) (actual time=0.118..1759.201 rows=922448 loops=1)
                                                   Index Cond: (subjecttype = 'org.intermine.model.bio.GeneFlankingRegion'::text)
                           ->  Hash  (cost=26304.05..26304.05 rows=619 width=32) (actual time=314.108..314.108 rows=6562 loops=1)
                                 ->  Hash Join  (cost=4327.95..26304.05 rows=619 width=32) (actual time=264.369..304.962 rows=6562 loops=1)
                                       Hash Cond: (indirect1.bioentities = a2_.id)
                                       ->  Nested Loop  (cost=0.00..21594.87 rows=37505 width=4) (actual time=0.178..20.864 rows=6562 loops=1)
                                             ->  Seq Scan on dataset a3_  (cost=0.00..23.93 rows=1 width=4) (actual time=0.085..0.230 rows=1 loops=1)
                                                   Filter: (lower(title) ~~ 'adultmale_h3k4me3'::text)
                                             ->  Index Scan using bioentitiesdatasets__datasets on bioentitiesdatasets indirect1  (cost=0.00..21102.12 rows=37505 width=8) (actual time=0.087..8.226 rows=6562 loops=1)
                                                   Index Cond: (indirect1.datasets = a3_.id)
                                       ->  Hash  (cost=3036.31..3036.31 rows=103331 width=28) (actual time=264.045..264.045 rows=103331 loops=1)
                                             ->  Seq Scan on proteinbindingsite a2_  (cost=0.00..3036.31 rows=103331 width=28) (actual time=0.021..138.481 rows=103331 loops=1)
                     ->  Index Scan using geneflankingregion_pkey on geneflankingregion a1_  (cost=0.00..0.36 rows=1 width=8) (actual time=0.007..0.007 rows=0 loops=85984)
                           Index Cond: (a1_.id = l1.subjectid)
                           Filter: ((lower(a1_.distance) ~~ '2.0kb'::text) AND (lower(a1_.direction) ~~ 'upstream'::text))
               ->  Index Scan using gene_pkey on gene a4_  (cost=0.00..0.31 rows=1 width=18) (actual time=0.006..0.007 rows=1 loops=7408)
                     Index Cond: (a4_.id = a1_.geneid)
 Total runtime: 17503.502 ms
(35 rows)

Time: 17509.974 ms
                                                                                                       QUERY PLAN                                                                                                       
------------------------------------------------------------------------------------------------------------------------------------------------------------------------------------------------------------------------
 Unique  (cost=451457.92..451484.29 rows=2110 width=46) (actual time=17200.756..17222.814 rows=7408 loops=1)
   ->  Sort  (cost=451457.92..451463.19 rows=2110 width=46) (actual time=17200.752..17207.962 rows=7408 loops=1)
         Sort Key: a4_.primaryidentifier, a2_.secondaryidentifier, a2_.id, a4_.id
         Sort Method:  quicksort  Memory: 1228kB
         ->  Nested Loop  (cost=441468.57..451341.41 rows=2110 width=46) (actual time=13211.477..17183.242 rows=7408 loops=1)
               ->  Nested Loop  (cost=441468.57..450656.22 rows=2110 width=32) (actual time=13211.461..17097.320 rows=7408 loops=1)
                     ->  Hash Join  (cost=441468.57..449863.13 rows=2110 width=32) (actual time=13211.296..16325.678 rows=85984 loops=1)
                           Hash Cond: (l2.subjectid = a2_.id)
                           ->  HashAggregate  (cost=415156.78..418682.44 rows=352566 width=24) (actual time=12903.494..14565.819 rows=1119997 loops=1)
                                 ->  Merge Join  (cost=240233.58..409868.29 rows=352566 width=24) (actual time=3515.535..10393.177 rows=1484696 loops=1)
                                       Merge Cond: ((l2.objectid = l1.objectid) AND (l2.bin = l1.bin))
                                       Join Filter: ((l1.intermine_start <= l2.intermine_end) AND (l2.intermine_start <= l1.intermine_end))
                                       ->  Index Scan using locationbin4000__subjectobjectbin on locationbin4000 l2  (cost=0.00..97376.50 rows=172723 width=20) (actual time=0.053..236.278 rows=160465 loops=1)
                                             Index Cond: (subjecttype = 'org.intermine.model.bio.ProteinBindingSite'::text)
                                       ->  Sort  (cost=240233.58..242547.74 rows=925665 width=20) (actual time=3515.456..5763.396 rows=2401975 loops=1)
                                             Sort Key: l1.objectid, l1.bin
                                             Sort Method:  quicksort  Memory: 96643kB
                                             ->  Index Scan using locationbin4000__subjecttypeid on locationbin4000 l1  (cost=0.00..148499.57 rows=925665 width=20) (actual time=0.058..1570.620 rows=922448 loops=1)
                                                   Index Cond: (subjecttype = 'org.intermine.model.bio.GeneFlankingRegion'::text)
                           ->  Hash  (cost=26304.05..26304.05 rows=619 width=32) (actual time=307.731..307.731 rows=6562 loops=1)
                                 ->  Hash Join  (cost=4327.95..26304.05 rows=619 width=32) (actual time=258.995..299.389 rows=6562 loops=1)
                                       Hash Cond: (indirect1.bioentities = a2_.id)
                                       ->  Nested Loop  (cost=0.00..21594.87 rows=37505 width=4) (actual time=0.167..20.622 rows=6562 loops=1)
                                             ->  Seq Scan on dataset a3_  (cost=0.00..23.93 rows=1 width=4) (actual time=0.084..0.226 rows=1 loops=1)
                                                   Filter: (lower(title) ~~ 'adultmale_h3k4me3'::text)
                                             ->  Index Scan using bioentitiesdatasets__datasets on bioentitiesdatasets indirect1  (cost=0.00..21102.12 rows=37505 width=8) (actual time=0.077..7.972 rows=6562 loops=1)
                                                   Index Cond: (indirect1.datasets = a3_.id)
                                       ->  Hash  (cost=3036.31..3036.31 rows=103331 width=28) (actual time=258.765..258.765 rows=103331 loops=1)
                                             ->  Seq Scan on proteinbindingsite a2_  (cost=0.00..3036.31 rows=103331 width=28) (actual time=0.018..134.176 rows=103331 loops=1)
                     ->  Index Scan using geneflankingregion_pkey on geneflankingregion a1_  (cost=0.00..0.36 rows=1 width=8) (actual time=0.007..0.007 rows=0 loops=85984)
                           Index Cond: (a1_.id = l1.subjectid)
                           Filter: ((lower(a1_.distance) ~~ '2.0kb'::text) AND (lower(a1_.direction) ~~ 'upstream'::text))
               ->  Index Scan using gene_pkey on gene a4_  (cost=0.00..0.31 rows=1 width=18) (actual time=0.006..0.007 rows=1 loops=7408)
                     Index Cond: (a4_.id = a1_.geneid)
 Total runtime: 17261.359 ms
(35 rows)

Time: 17265.903 ms
                                                                                                          QUERY PLAN                                                                                                          
------------------------------------------------------------------------------------------------------------------------------------------------------------------------------------------------------------------------------
 Limit  (cost=451457.92..451464.17 rows=500 width=46) (actual time=17118.395..17120.763 rows=500 loops=1)
   ->  Unique  (cost=451457.92..451484.29 rows=2110 width=46) (actual time=17118.392..17119.860 rows=500 loops=1)
         ->  Sort  (cost=451457.92..451463.19 rows=2110 width=46) (actual time=17118.388..17118.869 rows=500 loops=1)
               Sort Key: a4_.primaryidentifier, a2_.secondaryidentifier, a2_.id, a4_.id
               Sort Method:  quicksort  Memory: 1228kB
               ->  Nested Loop  (cost=441468.57..451341.41 rows=2110 width=46) (actual time=13149.609..17100.865 rows=7408 loops=1)
                     ->  Nested Loop  (cost=441468.57..450656.22 rows=2110 width=32) (actual time=13149.593..17020.688 rows=7408 loops=1)
                           ->  Hash Join  (cost=441468.57..449863.13 rows=2110 width=32) (actual time=13149.429..16252.166 rows=85984 loops=1)
                                 Hash Cond: (l2.subjectid = a2_.id)
                                 ->  HashAggregate  (cost=415156.78..418682.44 rows=352566 width=24) (actual time=12845.428..14500.015 rows=1119997 loops=1)
                                       ->  Merge Join  (cost=240233.58..409868.29 rows=352566 width=24) (actual time=3493.199..10357.438 rows=1484696 loops=1)
                                             Merge Cond: ((l2.objectid = l1.objectid) AND (l2.bin = l1.bin))
                                             Join Filter: ((l1.intermine_start <= l2.intermine_end) AND (l2.intermine_start <= l1.intermine_end))
                                             ->  Index Scan using locationbin4000__subjectobjectbin on locationbin4000 l2  (cost=0.00..97376.50 rows=172723 width=20) (actual time=0.032..221.411 rows=160465 loops=1)
                                                   Index Cond: (subjecttype = 'org.intermine.model.bio.ProteinBindingSite'::text)
                                             ->  Sort  (cost=240233.58..242547.74 rows=925665 width=20) (actual time=3493.142..5737.957 rows=2401975 loops=1)
                                                   Sort Key: l1.objectid, l1.bin
                                                   Sort Method:  quicksort  Memory: 96643kB
                                                   ->  Index Scan using locationbin4000__subjecttypeid on locationbin4000 l1  (cost=0.00..148499.57 rows=925665 width=20) (actual time=0.032..1528.691 rows=922448 loops=1)
                                                         Index Cond: (subjecttype = 'org.intermine.model.bio.GeneFlankingRegion'::text)
                                 ->  Hash  (cost=26304.05..26304.05 rows=619 width=32) (actual time=303.930..303.930 rows=6562 loops=1)
                                       ->  Hash Join  (cost=4327.95..26304.05 rows=619 width=32) (actual time=255.080..295.569 rows=6562 loops=1)
                                             Hash Cond: (indirect1.bioentities = a2_.id)
                                             ->  Nested Loop  (cost=0.00..21594.87 rows=37505 width=4) (actual time=0.162..20.728 rows=6562 loops=1)
                                                   ->  Seq Scan on dataset a3_  (cost=0.00..23.93 rows=1 width=4) (actual time=0.085..0.228 rows=1 loops=1)
                                                         Filter: (lower(title) ~~ 'adultmale_h3k4me3'::text)
                                                   ->  Index Scan using bioentitiesdatasets__datasets on bioentitiesdatasets indirect1  (cost=0.00..21102.12 rows=37505 width=8) (actual time=0.071..7.928 rows=6562 loops=1)
                                                         Index Cond: (indirect1.datasets = a3_.id)
                                             ->  Hash  (cost=3036.31..3036.31 rows=103331 width=28) (actual time=254.855..254.855 rows=103331 loops=1)
                                                   ->  Seq Scan on proteinbindingsite a2_  (cost=0.00..3036.31 rows=103331 width=28) (actual time=0.016..131.950 rows=103331 loops=1)
                           ->  Index Scan using geneflankingregion_pkey on geneflankingregion a1_  (cost=0.00..0.36 rows=1 width=8) (actual time=0.007..0.007 rows=0 loops=85984)
                                 Index Cond: (a1_.id = l1.subjectid)
                                 Filter: ((lower(a1_.distance) ~~ '2.0kb'::text) AND (lower(a1_.direction) ~~ 'upstream'::text))
                     ->  Index Scan using gene_pkey on gene a4_  (cost=0.00..0.31 rows=1 width=18) (actual time=0.005..0.006 rows=1 loops=7408)
                           Index Cond: (a4_.id = a1_.geneid)
 Total runtime: 17153.086 ms
(36 rows)

Time: 17157.671 ms
                                                                                                          QUERY PLAN                                                                                                          
------------------------------------------------------------------------------------------------------------------------------------------------------------------------------------------------------------------------------
 Limit  (cost=451457.92..451464.17 rows=500 width=46) (actual time=17089.962..17092.347 rows=500 loops=1)
   ->  Unique  (cost=451457.92..451484.29 rows=2110 width=46) (actual time=17089.958..17091.442 rows=500 loops=1)
         ->  Sort  (cost=451457.92..451463.19 rows=2110 width=46) (actual time=17089.954..17090.437 rows=500 loops=1)
               Sort Key: a4_.primaryidentifier, a2_.secondaryidentifier, a2_.id, a4_.id
               Sort Method:  quicksort  Memory: 1228kB
               ->  Nested Loop  (cost=441468.57..451341.41 rows=2110 width=46) (actual time=13118.473..17072.616 rows=7408 loops=1)
                     ->  Nested Loop  (cost=441468.57..450656.22 rows=2110 width=32) (actual time=13118.456..16992.300 rows=7408 loops=1)
                           ->  Hash Join  (cost=441468.57..449863.13 rows=2110 width=32) (actual time=13118.284..16222.113 rows=85984 loops=1)
                                 Hash Cond: (l2.subjectid = a2_.id)
                                 ->  HashAggregate  (cost=415156.78..418682.44 rows=352566 width=24) (actual time=12814.929..14469.025 rows=1119997 loops=1)
                                       ->  Merge Join  (cost=240233.58..409868.29 rows=352566 width=24) (actual time=3454.347..10311.759 rows=1484696 loops=1)
                                             Merge Cond: ((l2.objectid = l1.objectid) AND (l2.bin = l1.bin))
                                             Join Filter: ((l1.intermine_start <= l2.intermine_end) AND (l2.intermine_start <= l1.intermine_end))
                                             ->  Index Scan using locationbin4000__subjectobjectbin on locationbin4000 l2  (cost=0.00..97376.50 rows=172723 width=20) (actual time=0.025..220.737 rows=160465 loops=1)
                                                   Index Cond: (subjecttype = 'org.intermine.model.bio.ProteinBindingSite'::text)
                                             ->  Sort  (cost=240233.58..242547.74 rows=925665 width=20) (actual time=3454.297..5699.290 rows=2401975 loops=1)
                                                   Sort Key: l1.objectid, l1.bin
                                                   Sort Method:  quicksort  Memory: 96643kB
                                                   ->  Index Scan using locationbin4000__subjecttypeid on locationbin4000 l1  (cost=0.00..148499.57 rows=925665 width=20) (actual time=0.032..1494.252 rows=922448 loops=1)
                                                         Index Cond: (subjecttype = 'org.intermine.model.bio.GeneFlankingRegion'::text)
                                 ->  Hash  (cost=26304.05..26304.05 rows=619 width=32) (actual time=303.286..303.286 rows=6562 loops=1)
                                       ->  Hash Join  (cost=4327.95..26304.05 rows=619 width=32) (actual time=254.532..295.014 rows=6562 loops=1)
                                             Hash Cond: (indirect1.bioentities = a2_.id)
                                             ->  Nested Loop  (cost=0.00..21594.87 rows=37505 width=4) (actual time=0.116..20.537 rows=6562 loops=1)
                                                   ->  Seq Scan on dataset a3_  (cost=0.00..23.93 rows=1 width=4) (actual time=0.084..0.226 rows=1 loops=1)
                                                         Filter: (lower(title) ~~ 'adultmale_h3k4me3'::text)
                                                   ->  Index Scan using bioentitiesdatasets__datasets on bioentitiesdatasets indirect1  (cost=0.00..21102.12 rows=37505 width=8) (actual time=0.025..7.779 rows=6562 loops=1)
                                                         Index Cond: (indirect1.datasets = a3_.id)
                                             ->  Hash  (cost=3036.31..3036.31 rows=103331 width=28) (actual time=254.353..254.353 rows=103331 loops=1)
                                                   ->  Seq Scan on proteinbindingsite a2_  (cost=0.00..3036.31 rows=103331 width=28) (actual time=0.004..132.108 rows=103331 loops=1)
                           ->  Index Scan using geneflankingregion_pkey on geneflankingregion a1_  (cost=0.00..0.36 rows=1 width=8) (actual time=0.007..0.007 rows=0 loops=85984)
                                 Index Cond: (a1_.id = l1.subjectid)
                                 Filter: ((lower(a1_.distance) ~~ '2.0kb'::text) AND (lower(a1_.direction) ~~ 'upstream'::text))
                     ->  Index Scan using gene_pkey on gene a4_  (cost=0.00..0.31 rows=1 width=18) (actual time=0.005..0.006 rows=1 loops=7408)
                           Index Cond: (a4_.id = a1_.geneid)
 Total runtime: 17125.034 ms
(36 rows)

Time: 17129.635 ms
                                                                                                          QUERY PLAN                                                                                                          
------------------------------------------------------------------------------------------------------------------------------------------------------------------------------------------------------------------------------
 Unique  (cost=121197.43..121198.78 rows=108 width=37) (actual time=2488.667..2489.641 rows=341 loops=1)
   ->  Sort  (cost=121197.43..121197.70 rows=108 width=37) (actual time=2488.664..2488.988 rows=341 loops=1)
         Sort Key: a4_.primaryidentifier, a2_.secondaryidentifier, a2_.id, a4_.id
         Sort Method:  quicksort  Memory: 51kB
         ->  Nested Loop  (cost=120553.94..121193.78 rows=108 width=37) (actual time=2458.472..2488.035 rows=341 loops=1)
               ->  Nested Loop  (cost=120553.94..121026.57 rows=108 width=26) (actual time=2458.407..2485.108 rows=341 loops=1)
                     ->  Nested Loop  (cost=120553.94..120991.58 rows=108 width=12) (actual time=2458.392..2481.875 rows=341 loops=1)
                           ->  Merge Join  (cost=120553.94..120832.70 rows=108 width=12) (actual time=2458.277..2465.732 rows=2193 loops=1)
                                 Merge Cond: (indirect1.bioentities = l.lid2)
                                 ->  Sort  (cost=24444.27..24538.03 rows=37505 width=4) (actual time=2.543..3.082 rows=546 loops=1)
                                       Sort Key: indirect1.bioentities
                                       Sort Method:  quicksort  Memory: 50kB
                                       ->  Nested Loop  (cost=0.00..21594.87 rows=37505 width=4) (actual time=0.143..1.949 rows=546 loops=1)
                                             ->  Seq Scan on dataset a3_  (cost=0.00..23.93 rows=1 width=4) (actual time=0.079..0.219 rows=1 loops=1)
                                                   Filter: (lower(title) ~~ 'dmg3 rtpcr'::text)
                                             ->  Index Scan using bioentitiesdatasets__datasets on bioentitiesdatasets indirect1  (cost=0.00..21102.12 rows=37505 width=8) (actual time=0.058..0.699 rows=546 loops=1)
                                                   Index Cond: (indirect1.datasets = a3_.id)
                                 ->  Sort  (cost=96109.67..96154.75 rows=18030 width=8) (actual time=2347.103..2403.472 rows=55850 loops=1)
                                       Sort Key: l.lid2
                                       Sort Method:  quicksort  Memory: 13659kB
                                       ->  Subquery Scan l  (cost=94474.52..94835.12 rows=18030 width=8) (actual time=1585.929..2098.071 rows=160316 loops=1)
                                             ->  HashAggregate  (cost=94474.52..94654.82 rows=18030 width=24) (actual time=1585.926..1799.737 rows=160316 loops=1)
                                                   ->  Nested Loop  (cost=0.00..94204.07 rows=18030 width=24) (actual time=0.114..1264.026 rows=188259 loops=1)
                                                         Join Filter: ((l1.intermine_start <= l2.intermine_end) AND (l2.intermine_start <= l1.intermine_end))
                                                         ->  Index Scan using locationbin4000__subjectobjectbin on locationbin4000 l2  (cost=0.00..7843.11 rows=8833 width=20) (actual time=0.060..21.204 rows=15248 loops=1)
                                                               Index Cond: (subjecttype = 'org.intermine.model.bio.EST'::text)
                                                         ->  Index Scan using locationbin4000__subjectobjectbin on locationbin4000 l1  (cost=0.00..9.66 rows=6 width=20) (actual time=0.014..0.042 rows=23 loops=15248)
                                                               Index Cond: ((l1.subjecttype = 'org.intermine.model.bio.GeneFlankingRegion'::text) AND (l1.objectid = l2.objectid) AND (l1.bin = l2.bin))
                           ->  Index Scan using geneflankingregion_pkey on geneflankingregion a1_  (cost=0.00..1.46 rows=1 width=8) (actual time=0.005..0.005 rows=0 loops=2193)
                                 Index Cond: (a1_.id = l.lid1)
                                 Filter: ((lower(a1_.distance) ~~ '5.0kb'::text) AND (lower(a1_.direction) ~~ 'downstream'::text))
                     ->  Index Scan using gene_pkey on gene a4_  (cost=0.00..0.31 rows=1 width=18) (actual time=0.004..0.005 rows=1 loops=341)
                           Index Cond: (a4_.id = a1_.geneid)
               ->  Index Scan using est_pkey on est a2_  (cost=0.00..1.54 rows=1 width=19) (actual time=0.003..0.005 rows=1 loops=341)
                     Index Cond: (a2_.id = l.lid2)
 Total runtime: 2490.277 ms
(36 rows)

Time: 2494.144 ms
                                                                                                          QUERY PLAN                                                                                                          
------------------------------------------------------------------------------------------------------------------------------------------------------------------------------------------------------------------------------
 Unique  (cost=121197.43..121198.78 rows=108 width=37) (actual time=2439.438..2440.422 rows=341 loops=1)
   ->  Sort  (cost=121197.43..121197.70 rows=108 width=37) (actual time=2439.435..2439.758 rows=341 loops=1)
         Sort Key: a4_.primaryidentifier, a2_.secondaryidentifier, a2_.id, a4_.id
         Sort Method:  quicksort  Memory: 51kB
         ->  Nested Loop  (cost=120553.94..121193.78 rows=108 width=37) (actual time=2409.269..2438.815 rows=341 loops=1)
               ->  Nested Loop  (cost=120553.94..121026.57 rows=108 width=26) (actual time=2409.251..2435.978 rows=341 loops=1)
                     ->  Nested Loop  (cost=120553.94..120991.58 rows=108 width=12) (actual time=2409.236..2432.744 rows=341 loops=1)
                           ->  Merge Join  (cost=120553.94..120832.70 rows=108 width=12) (actual time=2409.125..2416.599 rows=2193 loops=1)
                                 Merge Cond: (indirect1.bioentities = l.lid2)
                                 ->  Sort  (cost=24444.27..24538.03 rows=37505 width=4) (actual time=2.559..3.102 rows=546 loops=1)
                                       Sort Key: indirect1.bioentities
                                       Sort Method:  quicksort  Memory: 50kB
                                       ->  Nested Loop  (cost=0.00..21594.87 rows=37505 width=4) (actual time=0.144..1.946 rows=546 loops=1)
                                             ->  Seq Scan on dataset a3_  (cost=0.00..23.93 rows=1 width=4) (actual time=0.078..0.219 rows=1 loops=1)
                                                   Filter: (lower(title) ~~ 'dmg3 rtpcr'::text)
                                             ->  Index Scan using bioentitiesdatasets__datasets on bioentitiesdatasets indirect1  (cost=0.00..21102.12 rows=37505 width=8) (actual time=0.060..0.687 rows=546 loops=1)
                                                   Index Cond: (indirect1.datasets = a3_.id)
                                 ->  Sort  (cost=96109.67..96154.75 rows=18030 width=8) (actual time=2298.672..2354.298 rows=55850 loops=1)
                                       Sort Key: l.lid2
                                       Sort Method:  quicksort  Memory: 13659kB
                                       ->  Subquery Scan l  (cost=94474.52..94835.12 rows=18030 width=8) (actual time=1545.561..2057.442 rows=160316 loops=1)
                                             ->  HashAggregate  (cost=94474.52..94654.82 rows=18030 width=24) (actual time=1545.558..1758.856 rows=160316 loops=1)
                                                   ->  Nested Loop  (cost=0.00..94204.07 rows=18030 width=24) (actual time=0.098..1225.697 rows=188259 loops=1)
                                                         Join Filter: ((l1.intermine_start <= l2.intermine_end) AND (l2.intermine_start <= l1.intermine_end))
                                                         ->  Index Scan using locationbin4000__subjectobjectbin on locationbin4000 l2  (cost=0.00..7843.11 rows=8833 width=20) (actual time=0.061..20.600 rows=15248 loops=1)
                                                               Index Cond: (subjecttype = 'org.intermine.model.bio.EST'::text)
                                                         ->  Index Scan using locationbin4000__subjectobjectbin on locationbin4000 l1  (cost=0.00..9.66 rows=6 width=20) (actual time=0.013..0.039 rows=23 loops=15248)
                                                               Index Cond: ((l1.subjecttype = 'org.intermine.model.bio.GeneFlankingRegion'::text) AND (l1.objectid = l2.objectid) AND (l1.bin = l2.bin))
                           ->  Index Scan using geneflankingregion_pkey on geneflankingregion a1_  (cost=0.00..1.46 rows=1 width=8) (actual time=0.005..0.005 rows=0 loops=2193)
                                 Index Cond: (a1_.id = l.lid1)
                                 Filter: ((lower(a1_.distance) ~~ '5.0kb'::text) AND (lower(a1_.direction) ~~ 'downstream'::text))
                     ->  Index Scan using gene_pkey on gene a4_  (cost=0.00..0.31 rows=1 width=18) (actual time=0.004..0.005 rows=1 loops=341)
                           Index Cond: (a4_.id = a1_.geneid)
               ->  Index Scan using est_pkey on est a2_  (cost=0.00..1.54 rows=1 width=19) (actual time=0.003..0.004 rows=1 loops=341)
                     Index Cond: (a2_.id = l.lid2)
 Total runtime: 2441.042 ms
(36 rows)

Time: 2444.830 ms
                                                                                                             QUERY PLAN                                                                                                             
------------------------------------------------------------------------------------------------------------------------------------------------------------------------------------------------------------------------------------
 Limit  (cost=121197.43..121198.78 rows=108 width=37) (actual time=2427.405..2429.010 rows=341 loops=1)
   ->  Unique  (cost=121197.43..121198.78 rows=108 width=37) (actual time=2427.402..2428.387 rows=341 loops=1)
         ->  Sort  (cost=121197.43..121197.70 rows=108 width=37) (actual time=2427.400..2427.722 rows=341 loops=1)
               Sort Key: a4_.primaryidentifier, a2_.secondaryidentifier, a2_.id, a4_.id
               Sort Method:  quicksort  Memory: 51kB
               ->  Nested Loop  (cost=120553.94..121193.78 rows=108 width=37) (actual time=2397.277..2426.756 rows=341 loops=1)
                     ->  Nested Loop  (cost=120553.94..121026.57 rows=108 width=26) (actual time=2397.257..2423.898 rows=341 loops=1)
                           ->  Nested Loop  (cost=120553.94..120991.58 rows=108 width=12) (actual time=2397.241..2420.698 rows=341 loops=1)
                                 ->  Merge Join  (cost=120553.94..120832.70 rows=108 width=12) (actual time=2397.134..2404.631 rows=2193 loops=1)
                                       Merge Cond: (indirect1.bioentities = l.lid2)
                                       ->  Sort  (cost=24444.27..24538.03 rows=37505 width=4) (actual time=2.452..2.991 rows=546 loops=1)
                                             Sort Key: indirect1.bioentities
                                             Sort Method:  quicksort  Memory: 50kB
                                             ->  Nested Loop  (cost=0.00..21594.87 rows=37505 width=4) (actual time=0.103..1.875 rows=546 loops=1)
                                                   ->  Seq Scan on dataset a3_  (cost=0.00..23.93 rows=1 width=4) (actual time=0.079..0.219 rows=1 loops=1)
                                                         Filter: (lower(title) ~~ 'dmg3 rtpcr'::text)
                                                   ->  Index Scan using bioentitiesdatasets__datasets on bioentitiesdatasets indirect1  (cost=0.00..21102.12 rows=37505 width=8) (actual time=0.018..0.619 rows=546 loops=1)
                                                         Index Cond: (indirect1.datasets = a3_.id)
                                       ->  Sort  (cost=96109.67..96154.75 rows=18030 width=8) (actual time=2285.579..2342.041 rows=55850 loops=1)
                                             Sort Key: l.lid2
                                             Sort Method:  quicksort  Memory: 13659kB
                                             ->  Subquery Scan l  (cost=94474.52..94835.12 rows=18030 width=8) (actual time=1533.946..2044.799 rows=160316 loops=1)
                                                   ->  HashAggregate  (cost=94474.52..94654.82 rows=18030 width=24) (actual time=1533.943..1747.149 rows=160316 loops=1)
                                                         ->  Nested Loop  (cost=0.00..94204.07 rows=18030 width=24) (actual time=0.048..1216.384 rows=188259 loops=1)
                                                               Join Filter: ((l1.intermine_start <= l2.intermine_end) AND (l2.intermine_start <= l1.intermine_end))
                                                               ->  Index Scan using locationbin4000__subjectobjectbin on locationbin4000 l2  (cost=0.00..7843.11 rows=8833 width=20) (actual time=0.022..19.652 rows=15248 loops=1)
                                                                     Index Cond: (subjecttype = 'org.intermine.model.bio.EST'::text)
                                                               ->  Index Scan using locationbin4000__subjectobjectbin on locationbin4000 l1  (cost=0.00..9.66 rows=6 width=20) (actual time=0.012..0.039 rows=23 loops=15248)
                                                                     Index Cond: ((l1.subjecttype = 'org.intermine.model.bio.GeneFlankingRegion'::text) AND (l1.objectid = l2.objectid) AND (l1.bin = l2.bin))
                                 ->  Index Scan using geneflankingregion_pkey on geneflankingregion a1_  (cost=0.00..1.46 rows=1 width=8) (actual time=0.005..0.005 rows=0 loops=2193)
                                       Index Cond: (a1_.id = l.lid1)
                                       Filter: ((lower(a1_.distance) ~~ '5.0kb'::text) AND (lower(a1_.direction) ~~ 'downstream'::text))
                           ->  Index Scan using gene_pkey on gene a4_  (cost=0.00..0.31 rows=1 width=18) (actual time=0.004..0.005 rows=1 loops=341)
                                 Index Cond: (a4_.id = a1_.geneid)
                     ->  Index Scan using est_pkey on est a2_  (cost=0.00..1.54 rows=1 width=19) (actual time=0.003..0.004 rows=1 loops=341)
                           Index Cond: (a2_.id = l.lid2)
 Total runtime: 2429.644 ms
(37 rows)

Time: 2433.426 ms
                                                                                                             QUERY PLAN                                                                                                             
------------------------------------------------------------------------------------------------------------------------------------------------------------------------------------------------------------------------------------
 Limit  (cost=121197.43..121198.78 rows=108 width=37) (actual time=2432.640..2434.246 rows=341 loops=1)
   ->  Unique  (cost=121197.43..121198.78 rows=108 width=37) (actual time=2432.636..2433.622 rows=341 loops=1)
         ->  Sort  (cost=121197.43..121197.70 rows=108 width=37) (actual time=2432.633..2432.958 rows=341 loops=1)
               Sort Key: a4_.primaryidentifier, a2_.secondaryidentifier, a2_.id, a4_.id
               Sort Method:  quicksort  Memory: 51kB
               ->  Nested Loop  (cost=120553.94..121193.78 rows=108 width=37) (actual time=2402.602..2431.997 rows=341 loops=1)
                     ->  Nested Loop  (cost=120553.94..121026.57 rows=108 width=26) (actual time=2402.585..2429.150 rows=341 loops=1)
                           ->  Nested Loop  (cost=120553.94..120991.58 rows=108 width=12) (actual time=2402.568..2425.948 rows=341 loops=1)
                                 ->  Merge Join  (cost=120553.94..120832.70 rows=108 width=12) (actual time=2402.458..2409.917 rows=2193 loops=1)
                                       Merge Cond: (indirect1.bioentities = l.lid2)
                                       ->  Sort  (cost=24444.27..24538.03 rows=37505 width=4) (actual time=2.489..3.026 rows=546 loops=1)
                                             Sort Key: indirect1.bioentities
                                             Sort Method:  quicksort  Memory: 50kB
                                             ->  Nested Loop  (cost=0.00..21594.87 rows=37505 width=4) (actual time=0.104..1.875 rows=546 loops=1)
                                                   ->  Seq Scan on dataset a3_  (cost=0.00..23.93 rows=1 width=4) (actual time=0.079..0.219 rows=1 loops=1)
                                                         Filter: (lower(title) ~~ 'dmg3 rtpcr'::text)
                                                   ->  Index Scan using bioentitiesdatasets__datasets on bioentitiesdatasets indirect1  (cost=0.00..21102.12 rows=37505 width=8) (actual time=0.019..0.663 rows=546 loops=1)
                                                         Index Cond: (indirect1.datasets = a3_.id)
                                       ->  Sort  (cost=96109.67..96154.75 rows=18030 width=8) (actual time=2291.582..2347.551 rows=55850 loops=1)
                                             Sort Key: l.lid2
                                             Sort Method:  quicksort  Memory: 13659kB
                                             ->  Subquery Scan l  (cost=94474.52..94835.12 rows=18030 width=8) (actual time=1538.774..2050.455 rows=160316 loops=1)
                                                   ->  HashAggregate  (cost=94474.52..94654.82 rows=18030 width=24) (actual time=1538.771..1752.279 rows=160316 loops=1)
                                                         ->  Nested Loop  (cost=0.00..94204.07 rows=18030 width=24) (actual time=0.048..1218.857 rows=188259 loops=1)
                                                               Join Filter: ((l1.intermine_start <= l2.intermine_end) AND (l2.intermine_start <= l1.intermine_end))
                                                               ->  Index Scan using locationbin4000__subjectobjectbin on locationbin4000 l2  (cost=0.00..7843.11 rows=8833 width=20) (actual time=0.022..19.952 rows=15248 loops=1)
                                                                     Index Cond: (subjecttype = 'org.intermine.model.bio.EST'::text)
                                                               ->  Index Scan using locationbin4000__subjectobjectbin on locationbin4000 l1  (cost=0.00..9.66 rows=6 width=20) (actual time=0.012..0.039 rows=23 loops=15248)
                                                                     Index Cond: ((l1.subjecttype = 'org.intermine.model.bio.GeneFlankingRegion'::text) AND (l1.objectid = l2.objectid) AND (l1.bin = l2.bin))
                                 ->  Index Scan using geneflankingregion_pkey on geneflankingregion a1_  (cost=0.00..1.46 rows=1 width=8) (actual time=0.005..0.005 rows=0 loops=2193)
                                       Index Cond: (a1_.id = l.lid1)
                                       Filter: ((lower(a1_.distance) ~~ '5.0kb'::text) AND (lower(a1_.direction) ~~ 'downstream'::text))
                           ->  Index Scan using gene_pkey on gene a4_  (cost=0.00..0.31 rows=1 width=18) (actual time=0.004..0.005 rows=1 loops=341)
                                 Index Cond: (a4_.id = a1_.geneid)
                     ->  Index Scan using est_pkey on est a2_  (cost=0.00..1.54 rows=1 width=19) (actual time=0.003..0.004 rows=1 loops=341)
                           Index Cond: (a2_.id = l.lid2)
 Total runtime: 2434.876 ms
(37 rows)

Time: 2438.667 ms
                                                                                                           QUERY PLAN                                                                                                           
--------------------------------------------------------------------------------------------------------------------------------------------------------------------------------------------------------------------------------
 Unique  (cost=1570998.05..1571412.23 rows=15061 width=82) (actual time=95584.023..95710.749 rows=39884 loops=1)
   ->  Sort  (cost=1570998.05..1571035.71 rows=15061 width=82) (actual time=95584.018..95625.520 rows=39884 loops=1)
         Sort Key: a1_.primaryidentifier, a2_.secondaryidentifier, a4_.intermine_start, a4_.intermine_end, a4_.strand, a5_.primaryidentifier, a1_.id, a2_.id, a4_.id, a5_.id
         Sort Method:  quicksort  Memory: 7145kB
         ->  Nested Loop  (cost=1484263.80..1569952.93 rows=15061 width=82) (actual time=77489.233..95463.110 rows=39884 loops=1)
               ->  Hash Join  (cost=1484263.80..1550900.68 rows=15061 width=72) (actual time=77489.177..94954.130 rows=39884 loops=1)
                     Hash Cond: (a1_.geneid = a5_.id)
                     ->  Nested Loop  (cost=1482297.93..1548629.03 rows=15516 width=58) (actual time=77367.145..94683.364 rows=40032 loops=1)
                           ->  Hash Join  (cost=1482297.93..1544016.77 rows=15516 width=39) (actual time=77367.075..94161.786 rows=40032 loops=1)
                                 Hash Cond: (l2.subjectid = a2_.id)
                                 ->  HashAggregate  (cost=1440195.19..1466116.74 rows=2592155 width=24) (actual time=76733.977..83736.600 rows=4677887 loops=1)
                                       ->  Merge Join  (cost=752267.87..1401312.86 rows=2592155 width=24) (actual time=13457.860..68276.370 rows=5026492 loops=1)
                                             Merge Cond: ((l1.objectid = l2.objectid) AND (l1.bin = l2.bin))
                                             Join Filter: ((l1.intermine_start <= l2.intermine_end) AND (l2.intermine_start <= l1.intermine_end))
                                             ->  Index Scan using locationbin4000__subjectobjectbin on locationbin4000 l1  (cost=0.00..122807.54 rows=265218 width=20) (actual time=0.033..389.260 rows=265815 loops=1)
                                                   Index Cond: (subjecttype = 'org.intermine.model.bio.Exon'::text)
                                             ->  Sort  (cost=752267.87..763348.43 rows=4432223 width=20) (actual time=13457.802..35621.189 rows=24049882 loops=1)
                                                   Sort Key: l2.objectid, l2.bin
                                                   Sort Method:  quicksort  Memory: 542391kB
                                                   ->  Seq Scan on locationbin4000 l2  (cost=0.00..262959.34 rows=4432223 width=20) (actual time=1689.909..7746.896 rows=4426022 loops=1)
                                                         Filter: (subjecttype = 'org.intermine.model.bio.TranscriptRegion'::text)
                                 ->  Hash  (cost=41801.57..41801.57 rows=24094 width=39) (actual time=631.539..631.539 rows=48827 loops=1)
                                       ->  Nested Loop  (cost=0.00..41801.57 rows=24094 width=39) (actual time=0.285..561.543 rows=48827 loops=1)
                                             ->  Nested Loop  (cost=0.00..21594.87 rows=37505 width=4) (actual time=0.218..152.125 rows=48827 loops=1)
                                                   ->  Seq Scan on dataset a3_  (cost=0.00..23.93 rows=1 width=4) (actual time=0.153..0.233 rows=1 loops=1)
                                                         Filter: (lower(title) ~~ 'dm_s2rp_totalrna_p200_020-022-024_38bp'::text)
                                                   ->  Index Scan using bioentitiesdatasets__datasets on bioentitiesdatasets indirect1  (cost=0.00..21102.12 rows=37505 width=8) (actual time=0.056..57.570 rows=48827 loops=1)
                                                         Index Cond: (indirect1.datasets = a3_.id)
                                             ->  Index Scan using transcriptregion_pkey on transcriptregion a2_  (cost=0.00..0.53 rows=1 width=35) (actual time=0.003..0.004 rows=1 loops=48827)
                                                   Index Cond: (a2_.id = indirect1.bioentities)
                           ->  Index Scan using exon_pkey on exon a1_  (cost=0.00..0.28 rows=1 width=23) (actual time=0.008..0.009 rows=1 loops=40032)
                                 Index Cond: (a1_.id = l1.subjectid)
                     ->  Hash  (cost=1357.61..1357.61 rows=48661 width=18) (actual time=121.988..121.988 rows=48661 loops=1)
                           ->  Seq Scan on gene a5_  (cost=0.00..1357.61 rows=48661 width=18) (actual time=0.030..62.518 rows=48661 loops=1)
               ->  Index Scan using location_pkey on location a4_  (cost=0.00..1.25 rows=1 width=14) (actual time=0.007..0.009 rows=1 loops=39884)
                     Index Cond: (a4_.id = a1_.chromosomelocationid)
 Total runtime: 95879.169 ms
(37 rows)

Time: 95894.345 ms
                                                                                                           QUERY PLAN                                                                                                           
--------------------------------------------------------------------------------------------------------------------------------------------------------------------------------------------------------------------------------
 Unique  (cost=1570998.05..1571412.23 rows=15061 width=82) (actual time=94780.922..94903.975 rows=39884 loops=1)
   ->  Sort  (cost=1570998.05..1571035.71 rows=15061 width=82) (actual time=94780.917..94821.072 rows=39884 loops=1)
         Sort Key: a1_.primaryidentifier, a2_.secondaryidentifier, a4_.intermine_start, a4_.intermine_end, a4_.strand, a5_.primaryidentifier, a1_.id, a2_.id, a4_.id, a5_.id
         Sort Method:  quicksort  Memory: 7145kB
         ->  Nested Loop  (cost=1484263.80..1569952.93 rows=15061 width=82) (actual time=77411.132..94665.308 rows=39884 loops=1)
               ->  Hash Join  (cost=1484263.80..1550900.68 rows=15061 width=72) (actual time=77411.115..94180.515 rows=39884 loops=1)
                     Hash Cond: (a1_.geneid = a5_.id)
                     ->  Nested Loop  (cost=1482297.93..1548629.03 rows=15516 width=58) (actual time=77289.368..93911.561 rows=40032 loops=1)
                           ->  Hash Join  (cost=1482297.93..1544016.77 rows=15516 width=39) (actual time=77289.339..93410.147 rows=40032 loops=1)
                                 Hash Cond: (l2.subjectid = a2_.id)
                                 ->  HashAggregate  (cost=1440195.19..1466116.74 rows=2592155 width=24) (actual time=76662.341..83778.449 rows=4677887 loops=1)
                                       ->  Merge Join  (cost=752267.87..1401312.86 rows=2592155 width=24) (actual time=13413.137..68162.851 rows=5026492 loops=1)
                                             Merge Cond: ((l1.objectid = l2.objectid) AND (l1.bin = l2.bin))
                                             Join Filter: ((l1.intermine_start <= l2.intermine_end) AND (l2.intermine_start <= l1.intermine_end))
                                             ->  Index Scan using locationbin4000__subjectobjectbin on locationbin4000 l1  (cost=0.00..122807.54 rows=265218 width=20) (actual time=0.021..366.354 rows=265815 loops=1)
                                                   Index Cond: (subjecttype = 'org.intermine.model.bio.Exon'::text)
                                             ->  Sort  (cost=752267.87..763348.43 rows=4432223 width=20) (actual time=13413.093..35547.121 rows=24049882 loops=1)
                                                   Sort Key: l2.objectid, l2.bin
                                                   Sort Method:  quicksort  Memory: 542391kB
                                                   ->  Seq Scan on locationbin4000 l2  (cost=0.00..262959.34 rows=4432223 width=20) (actual time=1683.728..7746.451 rows=4426022 loops=1)
                                                         Filter: (subjecttype = 'org.intermine.model.bio.TranscriptRegion'::text)
                                 ->  Hash  (cost=41801.57..41801.57 rows=24094 width=39) (actual time=625.554..625.554 rows=48827 loops=1)
                                       ->  Nested Loop  (cost=0.00..41801.57 rows=24094 width=39) (actual time=0.194..557.257 rows=48827 loops=1)
                                             ->  Nested Loop  (cost=0.00..21594.87 rows=37505 width=4) (actual time=0.176..151.218 rows=48827 loops=1)
                                                   ->  Seq Scan on dataset a3_  (cost=0.00..23.93 rows=1 width=4) (actual time=0.144..0.221 rows=1 loops=1)
                                                         Filter: (lower(title) ~~ 'dm_s2rp_totalrna_p200_020-022-024_38bp'::text)
                                                   ->  Index Scan using bioentitiesdatasets__datasets on bioentitiesdatasets indirect1  (cost=0.00..21102.12 rows=37505 width=8) (actual time=0.024..56.922 rows=48827 loops=1)
                                                         Index Cond: (indirect1.datasets = a3_.id)
                                             ->  Index Scan using transcriptregion_pkey on transcriptregion a2_  (cost=0.00..0.53 rows=1 width=35) (actual time=0.003..0.004 rows=1 loops=48827)
                                                   Index Cond: (a2_.id = indirect1.bioentities)
                           ->  Index Scan using exon_pkey on exon a1_  (cost=0.00..0.28 rows=1 width=23) (actual time=0.007..0.008 rows=1 loops=40032)
                                 Index Cond: (a1_.id = l1.subjectid)
                     ->  Hash  (cost=1357.61..1357.61 rows=48661 width=18) (actual time=121.704..121.704 rows=48661 loops=1)
                           ->  Seq Scan on gene a5_  (cost=0.00..1357.61 rows=48661 width=18) (actual time=0.011..63.468 rows=48661 loops=1)
               ->  Index Scan using location_pkey on location a4_  (cost=0.00..1.25 rows=1 width=14) (actual time=0.007..0.008 rows=1 loops=39884)
                     Index Cond: (a4_.id = a1_.chromosomelocationid)
 Total runtime: 95089.113 ms
(37 rows)

Time: 95095.041 ms
                                                                                                              QUERY PLAN                                                                                                              
--------------------------------------------------------------------------------------------------------------------------------------------------------------------------------------------------------------------------------------
 Limit  (cost=1570998.05..1571011.80 rows=500 width=82) (actual time=94862.641..94865.097 rows=500 loops=1)
   ->  Unique  (cost=1570998.05..1571412.23 rows=15061 width=82) (actual time=94862.636..94864.182 rows=500 loops=1)
         ->  Sort  (cost=1570998.05..1571035.71 rows=15061 width=82) (actual time=94862.632..94863.145 rows=500 loops=1)
               Sort Key: a1_.primaryidentifier, a2_.secondaryidentifier, a4_.intermine_start, a4_.intermine_end, a4_.strand, a5_.primaryidentifier, a1_.id, a2_.id, a4_.id, a5_.id
               Sort Method:  quicksort  Memory: 7145kB
               ->  Nested Loop  (cost=1484263.80..1569952.93 rows=15061 width=82) (actual time=77472.426..94748.405 rows=39884 loops=1)
                     ->  Hash Join  (cost=1484263.80..1550900.68 rows=15061 width=72) (actual time=77472.409..94263.521 rows=39884 loops=1)
                           Hash Cond: (a1_.geneid = a5_.id)
                           ->  Nested Loop  (cost=1482297.93..1548629.03 rows=15516 width=58) (actual time=77350.807..93992.626 rows=40032 loops=1)
                                 ->  Hash Join  (cost=1482297.93..1544016.77 rows=15516 width=39) (actual time=77350.779..93490.641 rows=40032 loops=1)
                                       Hash Cond: (l2.subjectid = a2_.id)
                                       ->  HashAggregate  (cost=1440195.19..1466116.74 rows=2592155 width=24) (actual time=76725.630..83847.449 rows=4677887 loops=1)
                                             ->  Merge Join  (cost=752267.87..1401312.86 rows=2592155 width=24) (actual time=13402.490..68163.654 rows=5026492 loops=1)
                                                   Merge Cond: ((l1.objectid = l2.objectid) AND (l1.bin = l2.bin))
                                                   Join Filter: ((l1.intermine_start <= l2.intermine_end) AND (l2.intermine_start <= l1.intermine_end))
                                                   ->  Index Scan using locationbin4000__subjectobjectbin on locationbin4000 l1  (cost=0.00..122807.54 rows=265218 width=20) (actual time=0.021..359.744 rows=265815 loops=1)
                                                         Index Cond: (subjecttype = 'org.intermine.model.bio.Exon'::text)
                                                   ->  Sort  (cost=752267.87..763348.43 rows=4432223 width=20) (actual time=13402.444..35480.164 rows=24049882 loops=1)
                                                         Sort Key: l2.objectid, l2.bin
                                                         Sort Method:  quicksort  Memory: 542391kB
                                                         ->  Seq Scan on locationbin4000 l2  (cost=0.00..262959.34 rows=4432223 width=20) (actual time=1671.178..7733.968 rows=4426022 loops=1)
                                                               Filter: (subjecttype = 'org.intermine.model.bio.TranscriptRegion'::text)
                                       ->  Hash  (cost=41801.57..41801.57 rows=24094 width=39) (actual time=623.710..623.710 rows=48827 loops=1)
                                             ->  Nested Loop  (cost=0.00..41801.57 rows=24094 width=39) (actual time=0.193..555.797 rows=48827 loops=1)
                                                   ->  Nested Loop  (cost=0.00..21594.87 rows=37505 width=4) (actual time=0.175..151.355 rows=48827 loops=1)
                                                         ->  Seq Scan on dataset a3_  (cost=0.00..23.93 rows=1 width=4) (actual time=0.143..0.219 rows=1 loops=1)
                                                               Filter: (lower(title) ~~ 'dm_s2rp_totalrna_p200_020-022-024_38bp'::text)
                                                         ->  Index Scan using bioentitiesdatasets__datasets on bioentitiesdatasets indirect1  (cost=0.00..21102.12 rows=37505 width=8) (actual time=0.024..57.283 rows=48827 loops=1)
                                                               Index Cond: (indirect1.datasets = a3_.id)
                                                   ->  Index Scan using transcriptregion_pkey on transcriptregion a2_  (cost=0.00..0.53 rows=1 width=35) (actual time=0.003..0.004 rows=1 loops=48827)
                                                         Index Cond: (a2_.id = indirect1.bioentities)
                                 ->  Index Scan using exon_pkey on exon a1_  (cost=0.00..0.28 rows=1 width=23) (actual time=0.007..0.008 rows=1 loops=40032)
                                       Index Cond: (a1_.id = l1.subjectid)
                           ->  Hash  (cost=1357.61..1357.61 rows=48661 width=18) (actual time=121.558..121.558 rows=48661 loops=1)
                                 ->  Seq Scan on gene a5_  (cost=0.00..1357.61 rows=48661 width=18) (actual time=0.010..63.245 rows=48661 loops=1)
                     ->  Index Scan using location_pkey on location a4_  (cost=0.00..1.25 rows=1 width=14) (actual time=0.007..0.008 rows=1 loops=39884)
                           Index Cond: (a4_.id = a1_.chromosomelocationid)
 Total runtime: 95014.575 ms
(38 rows)

Time: 95020.498 ms
                                                                                                              QUERY PLAN                                                                                                              
--------------------------------------------------------------------------------------------------------------------------------------------------------------------------------------------------------------------------------------
 Limit  (cost=1570998.05..1571011.80 rows=500 width=82) (actual time=94766.209..94768.647 rows=500 loops=1)
   ->  Unique  (cost=1570998.05..1571412.23 rows=15061 width=82) (actual time=94766.205..94767.749 rows=500 loops=1)
         ->  Sort  (cost=1570998.05..1571035.71 rows=15061 width=82) (actual time=94766.200..94766.699 rows=500 loops=1)
               Sort Key: a1_.primaryidentifier, a2_.secondaryidentifier, a4_.intermine_start, a4_.intermine_end, a4_.strand, a5_.primaryidentifier, a1_.id, a2_.id, a4_.id, a5_.id
               Sort Method:  quicksort  Memory: 7145kB
               ->  Nested Loop  (cost=1484263.80..1569952.93 rows=15061 width=82) (actual time=77371.457..94650.925 rows=39884 loops=1)
                     ->  Hash Join  (cost=1484263.80..1550900.68 rows=15061 width=72) (actual time=77371.439..94165.993 rows=39884 loops=1)
                           Hash Cond: (a1_.geneid = a5_.id)
                           ->  Nested Loop  (cost=1482297.93..1548629.03 rows=15516 width=58) (actual time=77249.981..93896.220 rows=40032 loops=1)
                                 ->  Hash Join  (cost=1482297.93..1544016.77 rows=15516 width=39) (actual time=77249.953..93393.359 rows=40032 loops=1)
                                       Hash Cond: (l2.subjectid = a2_.id)
                                       ->  HashAggregate  (cost=1440195.19..1466116.74 rows=2592155 width=24) (actual time=76623.317..83744.781 rows=4677887 loops=1)
                                             ->  Merge Join  (cost=752267.87..1401312.86 rows=2592155 width=24) (actual time=13348.908..68073.168 rows=5026492 loops=1)
                                                   Merge Cond: ((l1.objectid = l2.objectid) AND (l1.bin = l2.bin))
                                                   Join Filter: ((l1.intermine_start <= l2.intermine_end) AND (l2.intermine_start <= l1.intermine_end))
                                                   ->  Index Scan using locationbin4000__subjectobjectbin on locationbin4000 l1  (cost=0.00..122807.54 rows=265218 width=20) (actual time=0.021..360.486 rows=265815 loops=1)
                                                         Index Cond: (subjecttype = 'org.intermine.model.bio.Exon'::text)
                                                   ->  Sort  (cost=752267.87..763348.43 rows=4432223 width=20) (actual time=13348.862..35401.936 rows=24049882 loops=1)
                                                         Sort Key: l2.objectid, l2.bin
                                                         Sort Method:  quicksort  Memory: 542391kB
                                                         ->  Seq Scan on locationbin4000 l2  (cost=0.00..262959.34 rows=4432223 width=20) (actual time=1670.455..7681.809 rows=4426022 loops=1)
                                                               Filter: (subjecttype = 'org.intermine.model.bio.TranscriptRegion'::text)
                                       ->  Hash  (cost=41801.57..41801.57 rows=24094 width=39) (actual time=625.193..625.193 rows=48827 loops=1)
                                             ->  Nested Loop  (cost=0.00..41801.57 rows=24094 width=39) (actual time=0.203..557.135 rows=48827 loops=1)
                                                   ->  Nested Loop  (cost=0.00..21594.87 rows=37505 width=4) (actual time=0.185..151.897 rows=48827 loops=1)
                                                         ->  Seq Scan on dataset a3_  (cost=0.00..23.93 rows=1 width=4) (actual time=0.153..0.230 rows=1 loops=1)
                                                               Filter: (lower(title) ~~ 'dm_s2rp_totalrna_p200_020-022-024_38bp'::text)
                                                         ->  Index Scan using bioentitiesdatasets__datasets on bioentitiesdatasets indirect1  (cost=0.00..21102.12 rows=37505 width=8) (actual time=0.024..57.409 rows=48827 loops=1)
                                                               Index Cond: (indirect1.datasets = a3_.id)
                                                   ->  Index Scan using transcriptregion_pkey on transcriptregion a2_  (cost=0.00..0.53 rows=1 width=35) (actual time=0.003..0.004 rows=1 loops=48827)
                                                         Index Cond: (a2_.id = indirect1.bioentities)
                                 ->  Index Scan using exon_pkey on exon a1_  (cost=0.00..0.28 rows=1 width=23) (actual time=0.007..0.008 rows=1 loops=40032)
                                       Index Cond: (a1_.id = l1.subjectid)
                           ->  Hash  (cost=1357.61..1357.61 rows=48661 width=18) (actual time=121.415..121.415 rows=48661 loops=1)
                                 ->  Seq Scan on gene a5_  (cost=0.00..1357.61 rows=48661 width=18) (actual time=0.010..63.165 rows=48661 loops=1)
                     ->  Index Scan using location_pkey on location a4_  (cost=0.00..1.25 rows=1 width=14) (actual time=0.007..0.008 rows=1 loops=39884)
                           Index Cond: (a4_.id = a1_.chromosomelocationid)
 Total runtime: 94918.123 ms
(38 rows)

Time: 94924.033 ms
                                                                                                     QUERY PLAN                                                                                                     
--------------------------------------------------------------------------------------------------------------------------------------------------------------------------------------------------------------------
 Unique  (cost=2805806.62..2806483.56 rows=54155 width=53) (actual time=356992.927..357047.548 rows=17651 loops=1)
   ->  Sort  (cost=2805806.62..2805942.01 rows=54155 width=53) (actual time=356992.921..357011.395 rows=17651 loops=1)
         Sort Key: a4_.primaryidentifier, a2_.secondaryidentifier, a2_.id, a4_.id
         Sort Method:  quicksort  Memory: 3247kB
         ->  Hash Join  (cost=2585054.27..2801548.74 rows=54155 width=53) (actual time=247029.662..356923.901 rows=17651 loops=1)
               Hash Cond: (l1.subjectid = a1_.id)
               ->  Hash Join  (cost=2569186.31..2784597.68 rows=54155 width=39) (actual time=246455.410..355630.919 rows=301900 loops=1)
                     Hash Cond: (l2.subjectid = a2_.id)
                     ->  HashAggregate  (cost=2527083.57..2617555.07 rows=9047150 width=24) (actual time=245828.464..290525.295 rows=29345747 loops=1)
                           ->  Merge Join  (cost=240233.58..2391376.32 rows=9047150 width=24) (actual time=3609.193..182529.607 rows=32185198 loops=1)
                                 Merge Cond: ((l2.objectid = l1.objectid) AND (l2.bin = l1.bin))
                                 Join Filter: ((l1.intermine_start <= l2.intermine_end) AND (l2.intermine_start <= l1.intermine_end))
                                 ->  Index Scan using locationbin4000__subjectobjectbin on locationbin4000 l2  (cost=0.00..296933.75 rows=4432223 width=20) (actual time=0.073..6340.822 rows=4424941 loops=1)
                                       Index Cond: (subjecttype = 'org.intermine.model.bio.TranscriptRegion'::text)
                                 ->  Sort  (cost=240233.58..242547.74 rows=925665 width=20) (actual time=3608.704..64545.105 rows=65626065 loops=1)
                                       Sort Key: l1.objectid, l1.bin
                                       Sort Method:  quicksort  Memory: 96643kB
                                       ->  Index Scan using locationbin4000__subjecttypeid on locationbin4000 l1  (cost=0.00..148499.57 rows=925665 width=20) (actual time=0.061..1620.548 rows=922448 loops=1)
                                             Index Cond: (subjecttype = 'org.intermine.model.bio.GeneFlankingRegion'::text)
                     ->  Hash  (cost=41801.57..41801.57 rows=24094 width=39) (actual time=626.784..626.784 rows=48827 loops=1)
                           ->  Nested Loop  (cost=0.00..41801.57 rows=24094 width=39) (actual time=0.201..557.289 rows=48827 loops=1)
                                 ->  Nested Loop  (cost=0.00..21594.87 rows=37505 width=4) (actual time=0.184..152.270 rows=48827 loops=1)
                                       ->  Seq Scan on dataset a3_  (cost=0.00..23.93 rows=1 width=4) (actual time=0.153..0.232 rows=1 loops=1)
                                             Filter: (lower(title) ~~ 'dm_s2rp_totalrna_p200_020-022-024_38bp'::text)
                                       ->  Index Scan using bioentitiesdatasets__datasets on bioentitiesdatasets indirect1  (cost=0.00..21102.12 rows=37505 width=8) (actual time=0.023..57.619 rows=48827 loops=1)
                                             Index Cond: (indirect1.datasets = a3_.id)
                                 ->  Index Scan using transcriptregion_pkey on transcriptregion a2_  (cost=0.00..0.53 rows=1 width=35) (actual time=0.003..0.004 rows=1 loops=48827)
                                       Index Cond: (a2_.id = indirect1.bioentities)
               ->  Hash  (cost=15269.67..15269.67 rows=47863 width=22) (actual time=559.906..559.906 rows=47985 loops=1)
                     ->  Hash Join  (cost=3225.65..15269.67 rows=47863 width=22) (actual time=139.651..493.478 rows=47985 loops=1)
                           Hash Cond: (a1_.geneid = a4_.id)
                           ->  Bitmap Heap Scan on geneflankingregion a1_  (cost=1259.78..12346.54 rows=47863 width=8) (actual time=16.607..224.962 rows=47985 loops=1)
                                 Filter: ((lower(distance) ~~ '2.0kb'::text) AND (lower(direction) ~~ 'upstream'::text))
                                 ->  Bitmap Index Scan on geneflankingregion__distance_like  (cost=0.00..1247.81 rows=95938 width=0) (actual time=14.784..14.784 rows=95970 loops=1)
                                       Index Cond: (lower(distance) = '2.0kb'::text)
                           ->  Hash  (cost=1357.61..1357.61 rows=48661 width=18) (actual time=122.987..122.987 rows=48661 loops=1)
                                 ->  Seq Scan on gene a4_  (cost=0.00..1357.61 rows=48661 width=18) (actual time=0.009..63.230 rows=48661 loops=1)
 Total runtime: 357564.181 ms
(38 rows)

Time: 357586.371 ms
                                                                                                     QUERY PLAN                                                                                                     
--------------------------------------------------------------------------------------------------------------------------------------------------------------------------------------------------------------------
 Unique  (cost=2805806.62..2806483.56 rows=54155 width=53) (actual time=346662.793..346716.672 rows=17651 loops=1)
   ->  Sort  (cost=2805806.62..2805942.01 rows=54155 width=53) (actual time=346662.788..346680.715 rows=17651 loops=1)
         Sort Key: a4_.primaryidentifier, a2_.secondaryidentifier, a2_.id, a4_.id
         Sort Method:  quicksort  Memory: 3247kB
         ->  Hash Join  (cost=2585054.27..2801548.74 rows=54155 width=53) (actual time=246748.106..346598.605 rows=17651 loops=1)
               Hash Cond: (l1.subjectid = a1_.id)
               ->  Hash Join  (cost=2569186.31..2784597.68 rows=54155 width=39) (actual time=246165.879..345385.313 rows=301900 loops=1)
                     Hash Cond: (l2.subjectid = a2_.id)
                     ->  HashAggregate  (cost=2527083.57..2617555.07 rows=9047150 width=24) (actual time=245538.293..289907.397 rows=29345747 loops=1)
                           ->  Merge Join  (cost=240233.58..2391376.32 rows=9047150 width=24) (actual time=3506.950..182328.061 rows=32185198 loops=1)
                                 Merge Cond: ((l2.objectid = l1.objectid) AND (l2.bin = l1.bin))
                                 Join Filter: ((l1.intermine_start <= l2.intermine_end) AND (l2.intermine_start <= l1.intermine_end))
                                 ->  Index Scan using locationbin4000__subjectobjectbin on locationbin4000 l2  (cost=0.00..296933.75 rows=4432223 width=20) (actual time=0.082..6320.559 rows=4424941 loops=1)
                                       Index Cond: (subjecttype = 'org.intermine.model.bio.TranscriptRegion'::text)
                                 ->  Sort  (cost=240233.58..242547.74 rows=925665 width=20) (actual time=3506.455..64383.906 rows=65626065 loops=1)
                                       Sort Key: l1.objectid, l1.bin
                                       Sort Method:  quicksort  Memory: 96643kB
                                       ->  Index Scan using locationbin4000__subjecttypeid on locationbin4000 l1  (cost=0.00..148499.57 rows=925665 width=20) (actual time=0.073..1628.076 rows=922448 loops=1)
                                             Index Cond: (subjecttype = 'org.intermine.model.bio.GeneFlankingRegion'::text)
                     ->  Hash  (cost=41801.57..41801.57 rows=24094 width=39) (actual time=627.438..627.438 rows=48827 loops=1)
                           ->  Nested Loop  (cost=0.00..41801.57 rows=24094 width=39) (actual time=0.362..558.140 rows=48827 loops=1)
                                 ->  Nested Loop  (cost=0.00..21594.87 rows=37505 width=4) (actual time=0.305..151.633 rows=48827 loops=1)
                                       ->  Seq Scan on dataset a3_  (cost=0.00..23.93 rows=1 width=4) (actual time=0.237..0.371 rows=1 loops=1)
                                             Filter: (lower(title) ~~ 'dm_s2rp_totalrna_p200_020-022-024_38bp'::text)
                                       ->  Index Scan using bioentitiesdatasets__datasets on bioentitiesdatasets indirect1  (cost=0.00..21102.12 rows=37505 width=8) (actual time=0.060..56.770 rows=48827 loops=1)
                                             Index Cond: (indirect1.datasets = a3_.id)
                                 ->  Index Scan using transcriptregion_pkey on transcriptregion a2_  (cost=0.00..0.53 rows=1 width=35) (actual time=0.003..0.004 rows=1 loops=48827)
                                       Index Cond: (a2_.id = indirect1.bioentities)
               ->  Hash  (cost=15269.67..15269.67 rows=47863 width=22) (actual time=569.198..569.198 rows=47985 loops=1)
                     ->  Hash Join  (cost=3225.65..15269.67 rows=47863 width=22) (actual time=139.277..503.058 rows=47985 loops=1)
                           Hash Cond: (a1_.geneid = a4_.id)
                           ->  Bitmap Heap Scan on geneflankingregion a1_  (cost=1259.78..12346.54 rows=47863 width=8) (actual time=16.424..241.152 rows=47985 loops=1)
                                 Filter: ((lower(distance) ~~ '2.0kb'::text) AND (lower(direction) ~~ 'upstream'::text))
                                 ->  Bitmap Index Scan on geneflankingregion__distance_like  (cost=0.00..1247.81 rows=95938 width=0) (actual time=14.589..14.589 rows=95970 loops=1)
                                       Index Cond: (lower(distance) = '2.0kb'::text)
                           ->  Hash  (cost=1357.61..1357.61 rows=48661 width=18) (actual time=122.792..122.792 rows=48661 loops=1)
                                 ->  Seq Scan on gene a4_  (cost=0.00..1357.61 rows=48661 width=18) (actual time=0.019..62.795 rows=48661 loops=1)
 Total runtime: 347199.863 ms
(38 rows)

Time: 347221.264 ms
                                                                                                        QUERY PLAN                                                                                                        
--------------------------------------------------------------------------------------------------------------------------------------------------------------------------------------------------------------------------
 Limit  (cost=2805330.32..2805331.57 rows=500 width=53) (actual time=346040.399..346041.774 rows=500 loops=1)
   ->  Sort  (cost=2805330.32..2805465.71 rows=54155 width=53) (actual time=346040.395..346040.860 rows=500 loops=1)
         Sort Key: a4_.primaryidentifier, a2_.secondaryidentifier, a2_.id, a4_.id
         Sort Method:  top-N heapsort  Memory: 94kB
         ->  HashAggregate  (cost=2802090.29..2802631.84 rows=54155 width=53) (actual time=345993.831..346015.499 rows=17651 loops=1)
               ->  Hash Join  (cost=2585054.27..2801548.74 rows=54155 width=53) (actual time=246692.055..345926.721 rows=17651 loops=1)
                     Hash Cond: (l1.subjectid = a1_.id)
                     ->  Hash Join  (cost=2569186.31..2784597.68 rows=54155 width=39) (actual time=246113.171..344733.512 rows=301900 loops=1)
                           Hash Cond: (l2.subjectid = a2_.id)
                           ->  HashAggregate  (cost=2527083.57..2617555.07 rows=9047150 width=24) (actual time=245485.067..289819.087 rows=29345747 loops=1)
                                 ->  Merge Join  (cost=240233.58..2391376.32 rows=9047150 width=24) (actual time=3526.580..182226.858 rows=32185198 loops=1)
                                       Merge Cond: ((l2.objectid = l1.objectid) AND (l2.bin = l1.bin))
                                       Join Filter: ((l1.intermine_start <= l2.intermine_end) AND (l2.intermine_start <= l1.intermine_end))
                                       ->  Index Scan using locationbin4000__subjectobjectbin on locationbin4000 l2  (cost=0.00..296933.75 rows=4432223 width=20) (actual time=0.069..6303.744 rows=4424941 loops=1)
                                             Index Cond: (subjecttype = 'org.intermine.model.bio.TranscriptRegion'::text)
                                       ->  Sort  (cost=240233.58..242547.74 rows=925665 width=20) (actual time=3526.098..64431.034 rows=65626065 loops=1)
                                             Sort Key: l1.objectid, l1.bin
                                             Sort Method:  quicksort  Memory: 96643kB
                                             ->  Index Scan using locationbin4000__subjecttypeid on locationbin4000 l1  (cost=0.00..148499.57 rows=925665 width=20) (actual time=0.069..1649.242 rows=922448 loops=1)
                                                   Index Cond: (subjecttype = 'org.intermine.model.bio.GeneFlankingRegion'::text)
                           ->  Hash  (cost=41801.57..41801.57 rows=24094 width=39) (actual time=627.940..627.940 rows=48827 loops=1)
                                 ->  Nested Loop  (cost=0.00..41801.57 rows=24094 width=39) (actual time=0.371..558.822 rows=48827 loops=1)
                                       ->  Nested Loop  (cost=0.00..21594.87 rows=37505 width=4) (actual time=0.315..151.417 rows=48827 loops=1)
                                             ->  Seq Scan on dataset a3_  (cost=0.00..23.93 rows=1 width=4) (actual time=0.245..0.378 rows=1 loops=1)
                                                   Filter: (lower(title) ~~ 'dm_s2rp_totalrna_p200_020-022-024_38bp'::text)
                                             ->  Index Scan using bioentitiesdatasets__datasets on bioentitiesdatasets indirect1  (cost=0.00..21102.12 rows=37505 width=8) (actual time=0.061..56.737 rows=48827 loops=1)
                                                   Index Cond: (indirect1.datasets = a3_.id)
                                       ->  Index Scan using transcriptregion_pkey on transcriptregion a2_  (cost=0.00..0.53 rows=1 width=35) (actual time=0.003..0.004 rows=1 loops=48827)
                                             Index Cond: (a2_.id = indirect1.bioentities)
                     ->  Hash  (cost=15269.67..15269.67 rows=47863 width=22) (actual time=565.933..565.933 rows=47985 loops=1)
                           ->  Hash Join  (cost=3225.65..15269.67 rows=47863 width=22) (actual time=139.589..501.094 rows=47985 loops=1)
                                 Hash Cond: (a1_.geneid = a4_.id)
                                 ->  Bitmap Heap Scan on geneflankingregion a1_  (cost=1259.78..12346.54 rows=47863 width=8) (actual time=16.673..240.818 rows=47985 loops=1)
                                       Filter: ((lower(distance) ~~ '2.0kb'::text) AND (lower(direction) ~~ 'upstream'::text))
                                       ->  Bitmap Index Scan on geneflankingregion__distance_like  (cost=0.00..1247.81 rows=95938 width=0) (actual time=14.676..14.676 rows=95970 loops=1)
                                             Index Cond: (lower(distance) = '2.0kb'::text)
                                 ->  Hash  (cost=1357.61..1357.61 rows=48661 width=18) (actual time=122.858..122.858 rows=48661 loops=1)
                                       ->  Seq Scan on gene a4_  (cost=0.00..1357.61 rows=48661 width=18) (actual time=0.020..62.486 rows=48661 loops=1)
 Total runtime: 346508.415 ms
(39 rows)

Time: 346528.987 ms
                                                                                                        QUERY PLAN                                                                                                        
--------------------------------------------------------------------------------------------------------------------------------------------------------------------------------------------------------------------------
 Limit  (cost=2805330.32..2805331.57 rows=500 width=53) (actual time=346316.053..346317.417 rows=500 loops=1)
   ->  Sort  (cost=2805330.32..2805465.71 rows=54155 width=53) (actual time=346316.048..346316.514 rows=500 loops=1)
         Sort Key: a4_.primaryidentifier, a2_.secondaryidentifier, a2_.id, a4_.id
         Sort Method:  top-N heapsort  Memory: 94kB
         ->  HashAggregate  (cost=2802090.29..2802631.84 rows=54155 width=53) (actual time=346269.358..346290.975 rows=17651 loops=1)
               ->  Hash Join  (cost=2585054.27..2801548.74 rows=54155 width=53) (actual time=246465.717..346200.171 rows=17651 loops=1)
                     Hash Cond: (l1.subjectid = a1_.id)
                     ->  Hash Join  (cost=2569186.31..2784597.68 rows=54155 width=39) (actual time=245885.766..345005.547 rows=301900 loops=1)
                           Hash Cond: (l2.subjectid = a2_.id)
                           ->  HashAggregate  (cost=2527083.57..2617555.07 rows=9047150 width=24) (actual time=245254.490..289779.471 rows=29345747 loops=1)
                                 ->  Merge Join  (cost=240233.58..2391376.32 rows=9047150 width=24) (actual time=3525.760..182013.211 rows=32185198 loops=1)
                                       Merge Cond: ((l2.objectid = l1.objectid) AND (l2.bin = l1.bin))
                                       Join Filter: ((l1.intermine_start <= l2.intermine_end) AND (l2.intermine_start <= l1.intermine_end))
                                       ->  Index Scan using locationbin4000__subjectobjectbin on locationbin4000 l2  (cost=0.00..296933.75 rows=4432223 width=20) (actual time=0.071..6301.500 rows=4424941 loops=1)
                                             Index Cond: (subjecttype = 'org.intermine.model.bio.TranscriptRegion'::text)
                                       ->  Sort  (cost=240233.58..242547.74 rows=925665 width=20) (actual time=3525.281..64391.690 rows=65626065 loops=1)
                                             Sort Key: l1.objectid, l1.bin
                                             Sort Method:  quicksort  Memory: 96643kB
                                             ->  Index Scan using locationbin4000__subjecttypeid on locationbin4000 l1  (cost=0.00..148499.57 rows=925665 width=20) (actual time=0.068..1649.240 rows=922448 loops=1)
                                                   Index Cond: (subjecttype = 'org.intermine.model.bio.GeneFlankingRegion'::text)
                           ->  Hash  (cost=41801.57..41801.57 rows=24094 width=39) (actual time=631.120..631.120 rows=48827 loops=1)
                                 ->  Nested Loop  (cost=0.00..41801.57 rows=24094 width=39) (actual time=0.368..562.286 rows=48827 loops=1)
                                       ->  Nested Loop  (cost=0.00..21594.87 rows=37505 width=4) (actual time=0.311..151.858 rows=48827 loops=1)
                                             ->  Seq Scan on dataset a3_  (cost=0.00..23.93 rows=1 width=4) (actual time=0.243..0.372 rows=1 loops=1)
                                                   Filter: (lower(title) ~~ 'dm_s2rp_totalrna_p200_020-022-024_38bp'::text)
                                             ->  Index Scan using bioentitiesdatasets__datasets on bioentitiesdatasets indirect1  (cost=0.00..21102.12 rows=37505 width=8) (actual time=0.059..57.188 rows=48827 loops=1)
                                                   Index Cond: (indirect1.datasets = a3_.id)
                                       ->  Index Scan using transcriptregion_pkey on transcriptregion a2_  (cost=0.00..0.53 rows=1 width=35) (actual time=0.003..0.004 rows=1 loops=48827)
                                             Index Cond: (a2_.id = indirect1.bioentities)
                     ->  Hash  (cost=15269.67..15269.67 rows=47863 width=22) (actual time=567.012..567.012 rows=47985 loops=1)
                           ->  Hash Join  (cost=3225.65..15269.67 rows=47863 width=22) (actual time=140.419..502.138 rows=47985 loops=1)
                                 Hash Cond: (a1_.geneid = a4_.id)
                                 ->  Bitmap Heap Scan on geneflankingregion a1_  (cost=1259.78..12346.54 rows=47863 width=8) (actual time=16.714..241.617 rows=47985 loops=1)
                                       Filter: ((lower(distance) ~~ '2.0kb'::text) AND (lower(direction) ~~ 'upstream'::text))
                                       ->  Bitmap Index Scan on geneflankingregion__distance_like  (cost=0.00..1247.81 rows=95938 width=0) (actual time=14.691..14.691 rows=95970 loops=1)
                                             Index Cond: (lower(distance) = '2.0kb'::text)
                                 ->  Hash  (cost=1357.61..1357.61 rows=48661 width=18) (actual time=123.647..123.647 rows=48661 loops=1)
                                       ->  Seq Scan on gene a4_  (cost=0.00..1357.61 rows=48661 width=18) (actual time=0.020..63.069 rows=48661 loops=1)
 Total runtime: 346784.544 ms
(39 rows)

Time: 346805.162 ms
                                                                                QUERY PLAN                                                                                
--------------------------------------------------------------------------------------------------------------------------------------------------------------------------
 Sort  (cost=130429.81..130432.97 rows=1265 width=4) (actual time=14.184..14.302 rows=118 loops=1)
   Sort Key: a1_.id
   Sort Method:  quicksort  Memory: 30kB
   ->  Nested Loop  (cost=124581.39..130364.63 rows=1265 width=4) (actual time=10.023..14.002 rows=118 loops=1)
         ->  HashAggregate  (cost=124581.39..124594.04 rows=1265 width=24) (actual time=9.949..10.121 rows=120 loops=1)
               ->  Nested Loop  (cost=23.14..124562.42 rows=1265 width=24) (actual time=0.606..9.394 rows=398 loops=1)
                     Join Filter: ((l1.intermine_start <= l2.intermine_end) AND (l2.intermine_start <= l1.intermine_end) AND (l1.objectid = l2.objectid))
                     ->  Index Scan using locationbin4000__subjectid on locationbin4000 l1  (cost=0.00..65.14 rows=53 width=20) (actual time=0.103..0.109 rows=2 loops=1)
                           Index Cond: (232042548 = subjectid)
                     ->  Bitmap Heap Scan on locationbin4000 l2  (cost=23.14..2317.17 rows=1592 width=20) (actual time=0.259..2.639 rows=1622 loops=2)
                           Recheck Cond: (l2.bin = l1.bin)
                           ->  Bitmap Index Scan on locationbin4000__bin  (cost=0.00..22.75 rows=1592 width=0) (actual time=0.237..0.237 rows=1622 loops=2)
                                 Index Cond: (l2.bin = l1.bin)
         ->  Index Scan using locatedsequencefeature_pkey on locatedsequencefeature a1_  (cost=0.00..4.54 rows=1 width=4) (actual time=0.027..0.028 rows=1 loops=120)
               Index Cond: (a1_.id = l2.subjectid)
 Total runtime: 14.511 ms
(16 rows)

Time: 16.703 ms
                                                                                QUERY PLAN                                                                                
--------------------------------------------------------------------------------------------------------------------------------------------------------------------------
 Sort  (cost=130429.81..130432.97 rows=1265 width=4) (actual time=10.183..10.287 rows=118 loops=1)
   Sort Key: a1_.id
   Sort Method:  quicksort  Memory: 30kB
   ->  Nested Loop  (cost=124581.39..130364.63 rows=1265 width=4) (actual time=8.516..10.009 rows=118 loops=1)
         ->  HashAggregate  (cost=124581.39..124594.04 rows=1265 width=24) (actual time=8.501..8.626 rows=120 loops=1)
               ->  Nested Loop  (cost=23.14..124562.42 rows=1265 width=24) (actual time=0.320..7.962 rows=398 loops=1)
                     Join Filter: ((l1.intermine_start <= l2.intermine_end) AND (l2.intermine_start <= l1.intermine_end) AND (l1.objectid = l2.objectid))
                     ->  Index Scan using locationbin4000__subjectid on locationbin4000 l1  (cost=0.00..65.14 rows=53 width=20) (actual time=0.012..0.014 rows=2 loops=1)
                           Index Cond: (232042548 = subjectid)
                     ->  Bitmap Heap Scan on locationbin4000 l2  (cost=23.14..2317.17 rows=1592 width=20) (actual time=0.178..1.956 rows=1622 loops=2)
                           Recheck Cond: (l2.bin = l1.bin)
                           ->  Bitmap Index Scan on locationbin4000__bin  (cost=0.00..22.75 rows=1592 width=0) (actual time=0.163..0.163 rows=1622 loops=2)
                                 Index Cond: (l2.bin = l1.bin)
         ->  Index Scan using locatedsequencefeature_pkey on locatedsequencefeature a1_  (cost=0.00..4.54 rows=1 width=4) (actual time=0.006..0.007 rows=1 loops=120)
               Index Cond: (a1_.id = l2.subjectid)
 Total runtime: 10.485 ms
(16 rows)

Time: 11.675 ms
                                                                                   QUERY PLAN                                                                                   
--------------------------------------------------------------------------------------------------------------------------------------------------------------------------------
 Limit  (cost=130427.66..130428.91 rows=500 width=4) (actual time=10.147..10.470 rows=118 loops=1)
   ->  Sort  (cost=130427.66..130430.83 rows=1265 width=4) (actual time=10.143..10.252 rows=118 loops=1)
         Sort Key: a1_.id
         Sort Method:  quicksort  Memory: 30kB
         ->  Nested Loop  (cost=124581.39..130364.63 rows=1265 width=4) (actual time=8.486..9.972 rows=118 loops=1)
               ->  HashAggregate  (cost=124581.39..124594.04 rows=1265 width=24) (actual time=8.472..8.608 rows=120 loops=1)
                     ->  Nested Loop  (cost=23.14..124562.42 rows=1265 width=24) (actual time=0.320..7.939 rows=398 loops=1)
                           Join Filter: ((l1.intermine_start <= l2.intermine_end) AND (l2.intermine_start <= l1.intermine_end) AND (l1.objectid = l2.objectid))
                           ->  Index Scan using locationbin4000__subjectid on locationbin4000 l1  (cost=0.00..65.14 rows=53 width=20) (actual time=0.013..0.015 rows=2 loops=1)
                                 Index Cond: (232042548 = subjectid)
                           ->  Bitmap Heap Scan on locationbin4000 l2  (cost=23.14..2317.17 rows=1592 width=20) (actual time=0.177..1.955 rows=1622 loops=2)
                                 Recheck Cond: (l2.bin = l1.bin)
                                 ->  Bitmap Index Scan on locationbin4000__bin  (cost=0.00..22.75 rows=1592 width=0) (actual time=0.162..0.162 rows=1622 loops=2)
                                       Index Cond: (l2.bin = l1.bin)
               ->  Index Scan using locatedsequencefeature_pkey on locatedsequencefeature a1_  (cost=0.00..4.54 rows=1 width=4) (actual time=0.006..0.007 rows=1 loops=120)
                     Index Cond: (a1_.id = l2.subjectid)
 Total runtime: 10.660 ms
(17 rows)

Time: 11.854 ms
                                                                                   QUERY PLAN                                                                                   
--------------------------------------------------------------------------------------------------------------------------------------------------------------------------------
 Limit  (cost=130427.66..130428.91 rows=500 width=4) (actual time=10.153..10.477 rows=118 loops=1)
   ->  Sort  (cost=130427.66..130430.83 rows=1265 width=4) (actual time=10.149..10.260 rows=118 loops=1)
         Sort Key: a1_.id
         Sort Method:  quicksort  Memory: 30kB
         ->  Nested Loop  (cost=124581.39..130364.63 rows=1265 width=4) (actual time=8.497..9.987 rows=118 loops=1)
               ->  HashAggregate  (cost=124581.39..124594.04 rows=1265 width=24) (actual time=8.483..8.618 rows=120 loops=1)
                     ->  Nested Loop  (cost=23.14..124562.42 rows=1265 width=24) (actual time=0.313..7.943 rows=398 loops=1)
                           Join Filter: ((l1.intermine_start <= l2.intermine_end) AND (l2.intermine_start <= l1.intermine_end) AND (l1.objectid = l2.objectid))
                           ->  Index Scan using locationbin4000__subjectid on locationbin4000 l1  (cost=0.00..65.14 rows=53 width=20) (actual time=0.013..0.016 rows=2 loops=1)
                                 Index Cond: (232042548 = subjectid)
                           ->  Bitmap Heap Scan on locationbin4000 l2  (cost=23.14..2317.17 rows=1592 width=20) (actual time=0.177..1.963 rows=1622 loops=2)
                                 Recheck Cond: (l2.bin = l1.bin)
                                 ->  Bitmap Index Scan on locationbin4000__bin  (cost=0.00..22.75 rows=1592 width=0) (actual time=0.162..0.162 rows=1622 loops=2)
                                       Index Cond: (l2.bin = l1.bin)
               ->  Index Scan using locatedsequencefeature_pkey on locatedsequencefeature a1_  (cost=0.00..4.54 rows=1 width=4) (actual time=0.006..0.007 rows=1 loops=120)
                     Index Cond: (a1_.id = l2.subjectid)
 Total runtime: 10.664 ms
(17 rows)

Time: 11.856 ms
                                                                                            QUERY PLAN                                                                                            
--------------------------------------------------------------------------------------------------------------------------------------------------------------------------------------------------
 Sort  (cost=214966.05..215049.75 rows=33481 width=46) (actual time=3526.962..3657.265 rows=129835 loops=1)
   Sort Key: a1_.primaryidentifier, a2_.primaryidentifier, a1_.id, a2_.id
   Sort Method:  quicksort  Memory: 15320kB
   ->  Hash Join  (cost=210440.91..212449.77 rows=33481 width=46) (actual time=2195.985..3100.287 rows=129835 loops=1)
         Hash Cond: (l2.subjectid = a2_.id)
         ->  Hash Join  (cost=206112.97..207452.21 rows=33481 width=22) (actual time=1932.537..2460.458 rows=129835 loops=1)
               Hash Cond: (l1.subjectid = a1_.id)
               ->  HashAggregate  (cost=204147.09..204481.90 rows=33481 width=24) (actual time=1810.539..1978.201 rows=129835 loops=1)
                     ->  Merge Join  (cost=137790.75..203644.88 rows=33481 width=24) (actual time=620.206..1533.768 rows=177173 loops=1)
                           Merge Cond: ((l1.objectid = l2.objectid) AND (l1.bin = l2.bin))
                           Join Filter: ((l1.intermine_start <= l2.intermine_end) AND (l2.intermine_start <= l1.intermine_end))
                           ->  Index Scan using locationbin4000__subjectobjectbin on locationbin4000 l1  (cost=0.00..58655.83 rows=83692 width=20) (actual time=0.077..47.487 rows=35709 loops=1)
                                 Index Cond: (subjecttype = 'org.intermine.model.bio.Gene'::text)
                           ->  Sort  (cost=137790.75..138244.29 rows=181415 width=20) (actual time=620.105..913.712 rows=309827 loops=1)
                                 Sort Key: l2.objectid, l2.bin
                                 Sort Method:  quicksort  Memory: 20111kB
                                 ->  Bitmap Heap Scan on locationbin4000 l2  (cost=4218.16..121945.12 rows=181415 width=20) (actual time=45.116..259.991 rows=178777 loops=1)
                                       Recheck Cond: (subjecttype = ANY ('{org.intermine.model.bio.ProteinBindingSite,org.intermine.model.bio.HistoneBindingSite}'::text[]))
                                       ->  Bitmap Index Scan on locationbin4000__subjecttypeid  (cost=0.00..4172.81 rows=181415 width=0) (actual time=44.670..44.670 rows=178777 loops=1)
                                             Index Cond: (subjecttype = ANY ('{org.intermine.model.bio.ProteinBindingSite,org.intermine.model.bio.HistoneBindingSite}'::text[]))
               ->  Hash  (cost=1357.61..1357.61 rows=48661 width=18) (actual time=121.946..121.946 rows=48661 loops=1)
                     ->  Seq Scan on gene a1_  (cost=0.00..1357.61 rows=48661 width=18) (actual time=0.018..63.045 rows=48661 loops=1)
         ->  Hash  (cost=3036.31..3036.31 rows=103331 width=28) (actual time=263.374..263.374 rows=103331 loops=1)
               ->  Seq Scan on proteinbindingsite a2_  (cost=0.00..3036.31 rows=103331 width=28) (actual time=0.027..133.046 rows=103331 loops=1)
 Total runtime: 3780.213 ms
(25 rows)

Time: 3782.290 ms
                                                                                            QUERY PLAN                                                                                            
--------------------------------------------------------------------------------------------------------------------------------------------------------------------------------------------------
 Sort  (cost=214966.05..215049.75 rows=33481 width=46) (actual time=3502.101..3632.447 rows=129835 loops=1)
   Sort Key: a1_.primaryidentifier, a2_.primaryidentifier, a1_.id, a2_.id
   Sort Method:  quicksort  Memory: 15320kB
   ->  Hash Join  (cost=210440.91..212449.77 rows=33481 width=46) (actual time=2172.977..3077.006 rows=129835 loops=1)
         Hash Cond: (l2.subjectid = a2_.id)
         ->  Hash Join  (cost=206112.97..207452.21 rows=33481 width=22) (actual time=1917.812..2445.939 rows=129835 loops=1)
               Hash Cond: (l1.subjectid = a1_.id)
               ->  HashAggregate  (cost=204147.09..204481.90 rows=33481 width=24) (actual time=1797.775..1965.017 rows=129835 loops=1)
                     ->  Merge Join  (cost=137790.75..203644.88 rows=33481 width=24) (actual time=610.637..1522.555 rows=177173 loops=1)
                           Merge Cond: ((l1.objectid = l2.objectid) AND (l1.bin = l2.bin))
                           Join Filter: ((l1.intermine_start <= l2.intermine_end) AND (l2.intermine_start <= l1.intermine_end))
                           ->  Index Scan using locationbin4000__subjectobjectbin on locationbin4000 l1  (cost=0.00..58655.83 rows=83692 width=20) (actual time=0.031..45.867 rows=35709 loops=1)
                                 Index Cond: (subjecttype = 'org.intermine.model.bio.Gene'::text)
                           ->  Sort  (cost=137790.75..138244.29 rows=181415 width=20) (actual time=610.584..904.080 rows=309827 loops=1)
                                 Sort Key: l2.objectid, l2.bin
                                 Sort Method:  quicksort  Memory: 20111kB
                                 ->  Bitmap Heap Scan on locationbin4000 l2  (cost=4218.16..121945.12 rows=181415 width=20) (actual time=33.956..251.505 rows=178777 loops=1)
                                       Recheck Cond: (subjecttype = ANY ('{org.intermine.model.bio.ProteinBindingSite,org.intermine.model.bio.HistoneBindingSite}'::text[]))
                                       ->  Bitmap Index Scan on locationbin4000__subjecttypeid  (cost=0.00..4172.81 rows=181415 width=0) (actual time=33.534..33.534 rows=178777 loops=1)
                                             Index Cond: (subjecttype = ANY ('{org.intermine.model.bio.ProteinBindingSite,org.intermine.model.bio.HistoneBindingSite}'::text[]))
               ->  Hash  (cost=1357.61..1357.61 rows=48661 width=18) (actual time=119.989..119.989 rows=48661 loops=1)
                     ->  Seq Scan on gene a1_  (cost=0.00..1357.61 rows=48661 width=18) (actual time=0.004..63.473 rows=48661 loops=1)
         ->  Hash  (cost=3036.31..3036.31 rows=103331 width=28) (actual time=255.090..255.090 rows=103331 loops=1)
               ->  Seq Scan on proteinbindingsite a2_  (cost=0.00..3036.31 rows=103331 width=28) (actual time=0.009..132.233 rows=103331 loops=1)
 Total runtime: 3755.321 ms
(25 rows)

Time: 3757.294 ms
                                                                                               QUERY PLAN                                                                                               
--------------------------------------------------------------------------------------------------------------------------------------------------------------------------------------------------------
 Limit  (cost=214118.10..214119.35 rows=500 width=46) (actual time=3254.336..3255.700 rows=500 loops=1)
   ->  Sort  (cost=214118.10..214201.80 rows=33481 width=46) (actual time=3254.333..3254.797 rows=500 loops=1)
         Sort Key: a1_.primaryidentifier, a2_.primaryidentifier, a1_.id, a2_.id
         Sort Method:  top-N heapsort  Memory: 74kB
         ->  Hash Join  (cost=210440.91..212449.77 rows=33481 width=46) (actual time=2172.330..3077.350 rows=129835 loops=1)
               Hash Cond: (l2.subjectid = a2_.id)
               ->  Hash Join  (cost=206112.97..207452.21 rows=33481 width=22) (actual time=1918.555..2445.378 rows=129835 loops=1)
                     Hash Cond: (l1.subjectid = a1_.id)
                     ->  HashAggregate  (cost=204147.09..204481.90 rows=33481 width=24) (actual time=1798.989..1966.475 rows=129835 loops=1)
                           ->  Merge Join  (cost=137790.75..203644.88 rows=33481 width=24) (actual time=613.611..1525.480 rows=177173 loops=1)
                                 Merge Cond: ((l1.objectid = l2.objectid) AND (l1.bin = l2.bin))
                                 Join Filter: ((l1.intermine_start <= l2.intermine_end) AND (l2.intermine_start <= l1.intermine_end))
                                 ->  Index Scan using locationbin4000__subjectobjectbin on locationbin4000 l1  (cost=0.00..58655.83 rows=83692 width=20) (actual time=0.031..46.038 rows=35709 loops=1)
                                       Index Cond: (subjecttype = 'org.intermine.model.bio.Gene'::text)
                                 ->  Sort  (cost=137790.75..138244.29 rows=181415 width=20) (actual time=613.557..907.202 rows=309827 loops=1)
                                       Sort Key: l2.objectid, l2.bin
                                       Sort Method:  quicksort  Memory: 20111kB
                                       ->  Bitmap Heap Scan on locationbin4000 l2  (cost=4218.16..121945.12 rows=181415 width=20) (actual time=33.979..253.897 rows=178777 loops=1)
                                             Recheck Cond: (subjecttype = ANY ('{org.intermine.model.bio.ProteinBindingSite,org.intermine.model.bio.HistoneBindingSite}'::text[]))
                                             ->  Bitmap Index Scan on locationbin4000__subjecttypeid  (cost=0.00..4172.81 rows=181415 width=0) (actual time=33.557..33.557 rows=178777 loops=1)
                                                   Index Cond: (subjecttype = ANY ('{org.intermine.model.bio.ProteinBindingSite,org.intermine.model.bio.HistoneBindingSite}'::text[]))
                     ->  Hash  (cost=1357.61..1357.61 rows=48661 width=18) (actual time=119.518..119.518 rows=48661 loops=1)
                           ->  Seq Scan on gene a1_  (cost=0.00..1357.61 rows=48661 width=18) (actual time=0.005..63.152 rows=48661 loops=1)
               ->  Hash  (cost=3036.31..3036.31 rows=103331 width=28) (actual time=253.701..253.701 rows=103331 loops=1)
                     ->  Seq Scan on proteinbindingsite a2_  (cost=0.00..3036.31 rows=103331 width=28) (actual time=0.009..131.240 rows=103331 loops=1)
 Total runtime: 3256.532 ms
(26 rows)

Time: 3262.743 ms
                                                                                               QUERY PLAN                                                                                               
--------------------------------------------------------------------------------------------------------------------------------------------------------------------------------------------------------
 Limit  (cost=214118.10..214119.35 rows=500 width=46) (actual time=3262.867..3264.231 rows=500 loops=1)
   ->  Sort  (cost=214118.10..214201.80 rows=33481 width=46) (actual time=3262.864..3263.328 rows=500 loops=1)
         Sort Key: a1_.primaryidentifier, a2_.primaryidentifier, a1_.id, a2_.id
         Sort Method:  top-N heapsort  Memory: 74kB
         ->  Hash Join  (cost=210440.91..212449.77 rows=33481 width=46) (actual time=2179.544..3085.435 rows=129835 loops=1)
               Hash Cond: (l2.subjectid = a2_.id)
               ->  Hash Join  (cost=206112.97..207452.21 rows=33481 width=22) (actual time=1920.291..2448.507 rows=129835 loops=1)
                     Hash Cond: (l1.subjectid = a1_.id)
                     ->  HashAggregate  (cost=204147.09..204481.90 rows=33481 width=24) (actual time=1798.217..1966.084 rows=129835 loops=1)
                           ->  Merge Join  (cost=137790.75..203644.88 rows=33481 width=24) (actual time=610.841..1525.078 rows=177173 loops=1)
                                 Merge Cond: ((l1.objectid = l2.objectid) AND (l1.bin = l2.bin))
                                 Join Filter: ((l1.intermine_start <= l2.intermine_end) AND (l2.intermine_start <= l1.intermine_end))
                                 ->  Index Scan using locationbin4000__subjectobjectbin on locationbin4000 l1  (cost=0.00..58655.83 rows=83692 width=20) (actual time=0.032..46.395 rows=35709 loops=1)
                                       Index Cond: (subjecttype = 'org.intermine.model.bio.Gene'::text)
                                 ->  Sort  (cost=137790.75..138244.29 rows=181415 width=20) (actual time=610.784..905.041 rows=309827 loops=1)
                                       Sort Key: l2.objectid, l2.bin
                                       Sort Method:  quicksort  Memory: 20111kB
                                       ->  Bitmap Heap Scan on locationbin4000 l2  (cost=4218.16..121945.12 rows=181415 width=20) (actual time=34.392..250.813 rows=178777 loops=1)
                                             Recheck Cond: (subjecttype = ANY ('{org.intermine.model.bio.ProteinBindingSite,org.intermine.model.bio.HistoneBindingSite}'::text[]))
                                             ->  Bitmap Index Scan on locationbin4000__subjecttypeid  (cost=0.00..4172.81 rows=181415 width=0) (actual time=33.968..33.968 rows=178777 loops=1)
                                                   Index Cond: (subjecttype = ANY ('{org.intermine.model.bio.ProteinBindingSite,org.intermine.model.bio.HistoneBindingSite}'::text[]))
                     ->  Hash  (cost=1357.61..1357.61 rows=48661 width=18) (actual time=122.023..122.023 rows=48661 loops=1)
                           ->  Seq Scan on gene a1_  (cost=0.00..1357.61 rows=48661 width=18) (actual time=0.005..63.763 rows=48661 loops=1)
               ->  Hash  (cost=3036.31..3036.31 rows=103331 width=28) (actual time=259.180..259.180 rows=103331 loops=1)
                     ->  Seq Scan on proteinbindingsite a2_  (cost=0.00..3036.31 rows=103331 width=28) (actual time=0.009..131.860 rows=103331 loops=1)
 Total runtime: 3265.067 ms
(26 rows)

Time: 3271.288 ms
                                                                                            QUERY PLAN                                                                                            
--------------------------------------------------------------------------------------------------------------------------------------------------------------------------------------------------
 Sort  (cost=852457.80..854037.35 rows=631819 width=135) (actual time=34340.199..35210.462 rows=800907 loops=1)
   Sort Key: a1_.primaryidentifier, a2_.primaryidentifier, a1_.id, a2_.id
   Sort Method:  quicksort  Memory: 225860kB
   ->  Hash Join  (cost=749726.71..791584.72 rows=631819 width=135) (actual time=23185.119..29523.863 rows=800907 loops=1)
         Hash Cond: (l2.subjectid = a2_.id)
         ->  Hash Join  (cost=546230.24..573872.32 rows=631819 width=49) (actual time=12040.287..15531.180 rows=800907 loops=1)
               Hash Cond: (l1.subjectid = a1_.id)
               ->  HashAggregate  (cost=544774.19..551092.38 rows=631819 width=24) (actual time=11948.978..13100.093 rows=800907 loops=1)
                     ->  Nested Loop  (cost=0.00..535296.90 rows=631819 width=24) (actual time=0.202..10560.713 rows=836362 loops=1)
                           Join Filter: ((l1.intermine_start <= l2.intermine_end) AND (l2.intermine_start <= l1.intermine_end))
                           ->  Index Scan using locationbin4000__subjectobjectbin on locationbin4000 l1  (cost=0.00..47842.95 rows=64645 width=20) (actual time=0.059..90.022 rows=61326 loops=1)
                                 Index Cond: (subjecttype = 'org.intermine.model.bio.IntergenicRegion'::text)
                           ->  Index Scan using locationbin4000__subjectobjectbin on locationbin4000 l2  (cost=0.00..6.98 rows=28 width=20) (actual time=0.014..0.092 rows=60 loops=61326)
                                 Index Cond: ((l2.subjecttype = 'org.intermine.model.bio.TranscriptRegion'::text) AND (l2.objectid = l1.objectid) AND (l2.bin = l1.bin))
               ->  Hash  (cost=1006.58..1006.58 rows=35958 width=45) (actual time=91.264..91.264 rows=35958 loops=1)
                     ->  Seq Scan on intergenicregion a1_  (cost=0.00..1006.58 rows=35958 width=45) (actual time=0.018..45.249 rows=35958 loops=1)
         ->  Hash  (cost=153182.32..153182.32 rows=4025132 width=90) (actual time=11140.961..11140.961 rows=4025132 loops=1)
               ->  Seq Scan on transcriptregion a2_  (cost=0.00..153182.32 rows=4025132 width=90) (actual time=0.036..5272.219 rows=4025132 loops=1)
 Total runtime: 36050.259 ms
(19 rows)

Time: 36052.663 ms
                                                                                            QUERY PLAN                                                                                            
--------------------------------------------------------------------------------------------------------------------------------------------------------------------------------------------------
 Sort  (cost=852457.80..854037.35 rows=631819 width=135) (actual time=34261.154..35129.557 rows=800907 loops=1)
   Sort Key: a1_.primaryidentifier, a2_.primaryidentifier, a1_.id, a2_.id
   Sort Method:  quicksort  Memory: 225860kB
   ->  Hash Join  (cost=749726.71..791584.72 rows=631819 width=135) (actual time=23099.508..29449.952 rows=800907 loops=1)
         Hash Cond: (l2.subjectid = a2_.id)
         ->  Hash Join  (cost=546230.24..573872.32 rows=631819 width=49) (actual time=12092.753..15597.541 rows=800907 loops=1)
               Hash Cond: (l1.subjectid = a1_.id)
               ->  HashAggregate  (cost=544774.19..551092.38 rows=631819 width=24) (actual time=12001.897..13154.918 rows=800907 loops=1)
                     ->  Nested Loop  (cost=0.00..535296.90 rows=631819 width=24) (actual time=0.210..10611.236 rows=836362 loops=1)
                           Join Filter: ((l1.intermine_start <= l2.intermine_end) AND (l2.intermine_start <= l1.intermine_end))
                           ->  Index Scan using locationbin4000__subjectobjectbin on locationbin4000 l1  (cost=0.00..47842.95 rows=64645 width=20) (actual time=0.066..90.611 rows=61326 loops=1)
                                 Index Cond: (subjecttype = 'org.intermine.model.bio.IntergenicRegion'::text)
                           ->  Index Scan using locationbin4000__subjectobjectbin on locationbin4000 l2  (cost=0.00..6.98 rows=28 width=20) (actual time=0.014..0.093 rows=60 loops=61326)
                                 Index Cond: ((l2.subjecttype = 'org.intermine.model.bio.TranscriptRegion'::text) AND (l2.objectid = l1.objectid) AND (l2.bin = l1.bin))
               ->  Hash  (cost=1006.58..1006.58 rows=35958 width=45) (actual time=90.808..90.808 rows=35958 loops=1)
                     ->  Seq Scan on intergenicregion a1_  (cost=0.00..1006.58 rows=35958 width=45) (actual time=0.016..44.732 rows=35958 loops=1)
         ->  Hash  (cost=153182.32..153182.32 rows=4025132 width=90) (actual time=11002.858..11002.858 rows=4025132 loops=1)
               ->  Seq Scan on transcriptregion a2_  (cost=0.00..153182.32 rows=4025132 width=90) (actual time=0.036..5216.308 rows=4025132 loops=1)
 Total runtime: 35969.221 ms
(19 rows)

Time: 35971.005 ms
                                                                                               QUERY PLAN                                                                                               
--------------------------------------------------------------------------------------------------------------------------------------------------------------------------------------------------------
 Limit  (cost=823067.58..823068.83 rows=500 width=135) (actual time=30651.986..30653.363 rows=500 loops=1)
   ->  Sort  (cost=823067.58..824647.13 rows=631819 width=135) (actual time=30651.982..30652.459 rows=500 loops=1)
         Sort Key: a1_.primaryidentifier, a2_.primaryidentifier, a1_.id, a2_.id
         Sort Method:  top-N heapsort  Memory: 150kB
         ->  Hash Join  (cost=749726.71..791584.72 rows=631819 width=135) (actual time=23129.996..29441.146 rows=800907 loops=1)
               Hash Cond: (l2.subjectid = a2_.id)
               ->  Hash Join  (cost=546230.24..573872.32 rows=631819 width=49) (actual time=12117.196..15583.324 rows=800907 loops=1)
                     Hash Cond: (l1.subjectid = a1_.id)
                     ->  HashAggregate  (cost=544774.19..551092.38 rows=631819 width=24) (actual time=12026.920..13162.733 rows=800907 loops=1)
                           ->  Nested Loop  (cost=0.00..535296.90 rows=631819 width=24) (actual time=0.209..10630.865 rows=836362 loops=1)
                                 Join Filter: ((l1.intermine_start <= l2.intermine_end) AND (l2.intermine_start <= l1.intermine_end))
                                 ->  Index Scan using locationbin4000__subjectobjectbin on locationbin4000 l1  (cost=0.00..47842.95 rows=64645 width=20) (actual time=0.066..90.824 rows=61326 loops=1)
                                       Index Cond: (subjecttype = 'org.intermine.model.bio.IntergenicRegion'::text)
                                 ->  Index Scan using locationbin4000__subjectobjectbin on locationbin4000 l2  (cost=0.00..6.98 rows=28 width=20) (actual time=0.014..0.093 rows=60 loops=61326)
                                       Index Cond: ((l2.subjecttype = 'org.intermine.model.bio.TranscriptRegion'::text) AND (l2.objectid = l1.objectid) AND (l2.bin = l1.bin))
                     ->  Hash  (cost=1006.58..1006.58 rows=35958 width=45) (actual time=90.229..90.229 rows=35958 loops=1)
                           ->  Seq Scan on intergenicregion a1_  (cost=0.00..1006.58 rows=35958 width=45) (actual time=0.017..44.158 rows=35958 loops=1)
               ->  Hash  (cost=153182.32..153182.32 rows=4025132 width=90) (actual time=11008.889..11008.889 rows=4025132 loops=1)
                     ->  Seq Scan on transcriptregion a2_  (cost=0.00..153182.32 rows=4025132 width=90) (actual time=0.035..5195.133 rows=4025132 loops=1)
 Total runtime: 30736.237 ms
(20 rows)

Time: 30738.024 ms
                                                                                               QUERY PLAN                                                                                               
--------------------------------------------------------------------------------------------------------------------------------------------------------------------------------------------------------
 Limit  (cost=823067.58..823068.83 rows=500 width=135) (actual time=30528.647..30530.029 rows=500 loops=1)
   ->  Sort  (cost=823067.58..824647.13 rows=631819 width=135) (actual time=30528.643..30529.110 rows=500 loops=1)
         Sort Key: a1_.primaryidentifier, a2_.primaryidentifier, a1_.id, a2_.id
         Sort Method:  top-N heapsort  Memory: 150kB
         ->  Hash Join  (cost=749726.71..791584.72 rows=631819 width=135) (actual time=23011.250..29314.307 rows=800907 loops=1)
               Hash Cond: (l2.subjectid = a2_.id)
               ->  Hash Join  (cost=546230.24..573872.32 rows=631819 width=49) (actual time=12054.553..15523.341 rows=800907 loops=1)
                     Hash Cond: (l1.subjectid = a1_.id)
                     ->  HashAggregate  (cost=544774.19..551092.38 rows=631819 width=24) (actual time=11964.589..13101.102 rows=800907 loops=1)
                           ->  Nested Loop  (cost=0.00..535296.90 rows=631819 width=24) (actual time=0.206..10569.564 rows=836362 loops=1)
                                 Join Filter: ((l1.intermine_start <= l2.intermine_end) AND (l2.intermine_start <= l1.intermine_end))
                                 ->  Index Scan using locationbin4000__subjectobjectbin on locationbin4000 l1  (cost=0.00..47842.95 rows=64645 width=20) (actual time=0.064..90.383 rows=61326 loops=1)
                                       Index Cond: (subjecttype = 'org.intermine.model.bio.IntergenicRegion'::text)
                                 ->  Index Scan using locationbin4000__subjectobjectbin on locationbin4000 l2  (cost=0.00..6.98 rows=28 width=20) (actual time=0.014..0.092 rows=60 loops=61326)
                                       Index Cond: ((l2.subjecttype = 'org.intermine.model.bio.TranscriptRegion'::text) AND (l2.objectid = l1.objectid) AND (l2.bin = l1.bin))
                     ->  Hash  (cost=1006.58..1006.58 rows=35958 width=45) (actual time=89.921..89.921 rows=35958 loops=1)
                           ->  Seq Scan on intergenicregion a1_  (cost=0.00..1006.58 rows=35958 width=45) (actual time=0.017..44.064 rows=35958 loops=1)
               ->  Hash  (cost=153182.32..153182.32 rows=4025132 width=90) (actual time=10952.780..10952.780 rows=4025132 loops=1)
                     ->  Seq Scan on transcriptregion a2_  (cost=0.00..153182.32 rows=4025132 width=90) (actual time=0.034..5158.654 rows=4025132 loops=1)
 Total runtime: 30536.769 ms
(20 rows)

Time: 30614.569 ms
